[2023-08-07T17:08:50.465+0000] {processor.py:157} INFO - Started process (PID=69) to work on /home/airflow/.local/lib/python3.7/site-packages/airflow/example_dags/example_subdag_operator.py
[2023-08-07T17:08:50.466+0000] {processor.py:826} INFO - Processing file /home/airflow/.local/lib/python3.7/site-packages/airflow/example_dags/example_subdag_operator.py for tasks to queue
[2023-08-07T17:08:50.467+0000] {logging_mixin.py:150} INFO - [2023-08-07T17:08:50.467+0000] {dagbag.py:541} INFO - Filling up the DagBag from /home/airflow/.local/lib/python3.7/site-packages/airflow/example_dags/example_subdag_operator.py
[2023-08-07T17:08:50.489+0000] {processor.py:836} INFO - DAG(s) dict_keys(['example_subdag_operator.section-1', 'example_subdag_operator.section-2', 'example_subdag_operator']) retrieved from /home/airflow/.local/lib/python3.7/site-packages/airflow/example_dags/example_subdag_operator.py
[2023-08-07T17:08:50.494+0000] {logging_mixin.py:150} INFO - [2023-08-07T17:08:50.494+0000] {dag.py:2742} INFO - Sync 3 DAGs
[2023-08-07T17:08:50.523+0000] {logging_mixin.py:150} INFO - [2023-08-07T17:08:50.522+0000] {dag.py:3508} INFO - Setting next_dagrun for example_subdag_operator to 2022-01-01T00:00:00+00:00, run_after=2022-01-01T00:00:00+00:00
[2023-08-07T17:08:50.526+0000] {logging_mixin.py:150} INFO - [2023-08-07T17:08:50.526+0000] {dag.py:3508} INFO - Setting next_dagrun for example_subdag_operator.section-1 to None, run_after=None
[2023-08-07T17:08:50.528+0000] {logging_mixin.py:150} INFO - [2023-08-07T17:08:50.527+0000] {dag.py:3508} INFO - Setting next_dagrun for example_subdag_operator.section-2 to None, run_after=None
[2023-08-07T17:08:50.535+0000] {logging_mixin.py:150} INFO - [2023-08-07T17:08:50.535+0000] {dag.py:2742} INFO - Sync 2 DAGs
[2023-08-07T17:08:50.546+0000] {logging_mixin.py:150} INFO - [2023-08-07T17:08:50.546+0000] {dag.py:3508} INFO - Setting next_dagrun for example_subdag_operator.section-1 to None, run_after=None
[2023-08-07T17:08:50.546+0000] {logging_mixin.py:150} INFO - [2023-08-07T17:08:50.546+0000] {dag.py:3508} INFO - Setting next_dagrun for example_subdag_operator.section-2 to None, run_after=None
[2023-08-07T17:08:50.569+0000] {processor.py:179} INFO - Processing /home/airflow/.local/lib/python3.7/site-packages/airflow/example_dags/example_subdag_operator.py took 0.114 seconds
[2023-08-07T17:09:20.988+0000] {processor.py:157} INFO - Started process (PID=131) to work on /home/airflow/.local/lib/python3.7/site-packages/airflow/example_dags/example_subdag_operator.py
[2023-08-07T17:09:20.988+0000] {processor.py:826} INFO - Processing file /home/airflow/.local/lib/python3.7/site-packages/airflow/example_dags/example_subdag_operator.py for tasks to queue
[2023-08-07T17:09:20.989+0000] {logging_mixin.py:150} INFO - [2023-08-07T17:09:20.989+0000] {dagbag.py:541} INFO - Filling up the DagBag from /home/airflow/.local/lib/python3.7/site-packages/airflow/example_dags/example_subdag_operator.py
[2023-08-07T17:09:21.009+0000] {processor.py:836} INFO - DAG(s) dict_keys(['example_subdag_operator.section-1', 'example_subdag_operator.section-2', 'example_subdag_operator']) retrieved from /home/airflow/.local/lib/python3.7/site-packages/airflow/example_dags/example_subdag_operator.py
[2023-08-07T17:09:21.025+0000] {logging_mixin.py:150} INFO - [2023-08-07T17:09:21.024+0000] {dag.py:2742} INFO - Sync 3 DAGs
[2023-08-07T17:09:21.047+0000] {logging_mixin.py:150} INFO - [2023-08-07T17:09:21.046+0000] {dag.py:3508} INFO - Setting next_dagrun for example_subdag_operator to 2022-01-01T00:00:00+00:00, run_after=2022-01-01T00:00:00+00:00
[2023-08-07T17:09:21.050+0000] {logging_mixin.py:150} INFO - [2023-08-07T17:09:21.049+0000] {dag.py:3508} INFO - Setting next_dagrun for example_subdag_operator.section-1 to None, run_after=None
[2023-08-07T17:09:21.051+0000] {logging_mixin.py:150} INFO - [2023-08-07T17:09:21.051+0000] {dag.py:3508} INFO - Setting next_dagrun for example_subdag_operator.section-2 to None, run_after=None
[2023-08-07T17:09:21.058+0000] {logging_mixin.py:150} INFO - [2023-08-07T17:09:21.057+0000] {dag.py:2742} INFO - Sync 2 DAGs
[2023-08-07T17:09:21.063+0000] {logging_mixin.py:150} INFO - [2023-08-07T17:09:21.063+0000] {dag.py:3508} INFO - Setting next_dagrun for example_subdag_operator.section-1 to None, run_after=None
[2023-08-07T17:09:21.063+0000] {logging_mixin.py:150} INFO - [2023-08-07T17:09:21.063+0000] {dag.py:3508} INFO - Setting next_dagrun for example_subdag_operator.section-2 to None, run_after=None
[2023-08-07T17:09:21.075+0000] {processor.py:179} INFO - Processing /home/airflow/.local/lib/python3.7/site-packages/airflow/example_dags/example_subdag_operator.py took 0.090 seconds
[2023-08-07T17:09:51.803+0000] {processor.py:157} INFO - Started process (PID=193) to work on /home/airflow/.local/lib/python3.7/site-packages/airflow/example_dags/example_subdag_operator.py
[2023-08-07T17:09:51.804+0000] {processor.py:826} INFO - Processing file /home/airflow/.local/lib/python3.7/site-packages/airflow/example_dags/example_subdag_operator.py for tasks to queue
[2023-08-07T17:09:51.805+0000] {logging_mixin.py:150} INFO - [2023-08-07T17:09:51.805+0000] {dagbag.py:541} INFO - Filling up the DagBag from /home/airflow/.local/lib/python3.7/site-packages/airflow/example_dags/example_subdag_operator.py
[2023-08-07T17:09:51.832+0000] {processor.py:836} INFO - DAG(s) dict_keys(['example_subdag_operator.section-1', 'example_subdag_operator.section-2', 'example_subdag_operator']) retrieved from /home/airflow/.local/lib/python3.7/site-packages/airflow/example_dags/example_subdag_operator.py
[2023-08-07T17:09:51.847+0000] {logging_mixin.py:150} INFO - [2023-08-07T17:09:51.847+0000] {dag.py:2742} INFO - Sync 3 DAGs
[2023-08-07T17:09:51.870+0000] {logging_mixin.py:150} INFO - [2023-08-07T17:09:51.870+0000] {dag.py:3508} INFO - Setting next_dagrun for example_subdag_operator to 2022-01-01T00:00:00+00:00, run_after=2022-01-01T00:00:00+00:00
[2023-08-07T17:09:51.873+0000] {logging_mixin.py:150} INFO - [2023-08-07T17:09:51.873+0000] {dag.py:3508} INFO - Setting next_dagrun for example_subdag_operator.section-1 to None, run_after=None
[2023-08-07T17:09:51.874+0000] {logging_mixin.py:150} INFO - [2023-08-07T17:09:51.874+0000] {dag.py:3508} INFO - Setting next_dagrun for example_subdag_operator.section-2 to None, run_after=None
[2023-08-07T17:09:51.881+0000] {logging_mixin.py:150} INFO - [2023-08-07T17:09:51.881+0000] {dag.py:2742} INFO - Sync 2 DAGs
[2023-08-07T17:09:51.888+0000] {logging_mixin.py:150} INFO - [2023-08-07T17:09:51.887+0000] {dag.py:3508} INFO - Setting next_dagrun for example_subdag_operator.section-1 to None, run_after=None
[2023-08-07T17:09:51.888+0000] {logging_mixin.py:150} INFO - [2023-08-07T17:09:51.888+0000] {dag.py:3508} INFO - Setting next_dagrun for example_subdag_operator.section-2 to None, run_after=None
[2023-08-07T17:09:51.899+0000] {processor.py:179} INFO - Processing /home/airflow/.local/lib/python3.7/site-packages/airflow/example_dags/example_subdag_operator.py took 0.101 seconds
[2023-08-07T17:10:22.056+0000] {processor.py:157} INFO - Started process (PID=255) to work on /home/airflow/.local/lib/python3.7/site-packages/airflow/example_dags/example_subdag_operator.py
[2023-08-07T17:10:22.057+0000] {processor.py:826} INFO - Processing file /home/airflow/.local/lib/python3.7/site-packages/airflow/example_dags/example_subdag_operator.py for tasks to queue
[2023-08-07T17:10:22.058+0000] {logging_mixin.py:150} INFO - [2023-08-07T17:10:22.057+0000] {dagbag.py:541} INFO - Filling up the DagBag from /home/airflow/.local/lib/python3.7/site-packages/airflow/example_dags/example_subdag_operator.py
[2023-08-07T17:10:22.075+0000] {processor.py:836} INFO - DAG(s) dict_keys(['example_subdag_operator.section-1', 'example_subdag_operator.section-2', 'example_subdag_operator']) retrieved from /home/airflow/.local/lib/python3.7/site-packages/airflow/example_dags/example_subdag_operator.py
[2023-08-07T17:10:22.091+0000] {logging_mixin.py:150} INFO - [2023-08-07T17:10:22.091+0000] {dag.py:2742} INFO - Sync 3 DAGs
[2023-08-07T17:10:22.114+0000] {logging_mixin.py:150} INFO - [2023-08-07T17:10:22.114+0000] {dag.py:3508} INFO - Setting next_dagrun for example_subdag_operator to 2022-01-01T00:00:00+00:00, run_after=2022-01-01T00:00:00+00:00
[2023-08-07T17:10:22.117+0000] {logging_mixin.py:150} INFO - [2023-08-07T17:10:22.117+0000] {dag.py:3508} INFO - Setting next_dagrun for example_subdag_operator.section-1 to None, run_after=None
[2023-08-07T17:10:22.118+0000] {logging_mixin.py:150} INFO - [2023-08-07T17:10:22.118+0000] {dag.py:3508} INFO - Setting next_dagrun for example_subdag_operator.section-2 to None, run_after=None
[2023-08-07T17:10:22.124+0000] {logging_mixin.py:150} INFO - [2023-08-07T17:10:22.124+0000] {dag.py:2742} INFO - Sync 2 DAGs
[2023-08-07T17:10:22.130+0000] {logging_mixin.py:150} INFO - [2023-08-07T17:10:22.129+0000] {dag.py:3508} INFO - Setting next_dagrun for example_subdag_operator.section-1 to None, run_after=None
[2023-08-07T17:10:22.130+0000] {logging_mixin.py:150} INFO - [2023-08-07T17:10:22.130+0000] {dag.py:3508} INFO - Setting next_dagrun for example_subdag_operator.section-2 to None, run_after=None
[2023-08-07T17:10:22.140+0000] {processor.py:179} INFO - Processing /home/airflow/.local/lib/python3.7/site-packages/airflow/example_dags/example_subdag_operator.py took 0.086 seconds
[2023-08-07T17:10:52.377+0000] {processor.py:157} INFO - Started process (PID=317) to work on /home/airflow/.local/lib/python3.7/site-packages/airflow/example_dags/example_subdag_operator.py
[2023-08-07T17:10:52.377+0000] {processor.py:826} INFO - Processing file /home/airflow/.local/lib/python3.7/site-packages/airflow/example_dags/example_subdag_operator.py for tasks to queue
[2023-08-07T17:10:52.378+0000] {logging_mixin.py:150} INFO - [2023-08-07T17:10:52.377+0000] {dagbag.py:541} INFO - Filling up the DagBag from /home/airflow/.local/lib/python3.7/site-packages/airflow/example_dags/example_subdag_operator.py
[2023-08-07T17:10:52.398+0000] {processor.py:836} INFO - DAG(s) dict_keys(['example_subdag_operator.section-1', 'example_subdag_operator.section-2', 'example_subdag_operator']) retrieved from /home/airflow/.local/lib/python3.7/site-packages/airflow/example_dags/example_subdag_operator.py
[2023-08-07T17:10:52.415+0000] {logging_mixin.py:150} INFO - [2023-08-07T17:10:52.415+0000] {dag.py:2742} INFO - Sync 3 DAGs
[2023-08-07T17:10:52.440+0000] {logging_mixin.py:150} INFO - [2023-08-07T17:10:52.440+0000] {dag.py:3508} INFO - Setting next_dagrun for example_subdag_operator to 2022-01-01T00:00:00+00:00, run_after=2022-01-01T00:00:00+00:00
[2023-08-07T17:10:52.444+0000] {logging_mixin.py:150} INFO - [2023-08-07T17:10:52.444+0000] {dag.py:3508} INFO - Setting next_dagrun for example_subdag_operator.section-1 to None, run_after=None
[2023-08-07T17:10:52.445+0000] {logging_mixin.py:150} INFO - [2023-08-07T17:10:52.445+0000] {dag.py:3508} INFO - Setting next_dagrun for example_subdag_operator.section-2 to None, run_after=None
[2023-08-07T17:10:52.453+0000] {logging_mixin.py:150} INFO - [2023-08-07T17:10:52.453+0000] {dag.py:2742} INFO - Sync 2 DAGs
[2023-08-07T17:10:52.459+0000] {logging_mixin.py:150} INFO - [2023-08-07T17:10:52.459+0000] {dag.py:3508} INFO - Setting next_dagrun for example_subdag_operator.section-1 to None, run_after=None
[2023-08-07T17:10:52.460+0000] {logging_mixin.py:150} INFO - [2023-08-07T17:10:52.460+0000] {dag.py:3508} INFO - Setting next_dagrun for example_subdag_operator.section-2 to None, run_after=None
[2023-08-07T17:10:52.472+0000] {processor.py:179} INFO - Processing /home/airflow/.local/lib/python3.7/site-packages/airflow/example_dags/example_subdag_operator.py took 0.097 seconds
[2023-08-07T17:11:23.314+0000] {processor.py:157} INFO - Started process (PID=379) to work on /home/airflow/.local/lib/python3.7/site-packages/airflow/example_dags/example_subdag_operator.py
[2023-08-07T17:11:23.315+0000] {processor.py:826} INFO - Processing file /home/airflow/.local/lib/python3.7/site-packages/airflow/example_dags/example_subdag_operator.py for tasks to queue
[2023-08-07T17:11:23.317+0000] {logging_mixin.py:150} INFO - [2023-08-07T17:11:23.316+0000] {dagbag.py:541} INFO - Filling up the DagBag from /home/airflow/.local/lib/python3.7/site-packages/airflow/example_dags/example_subdag_operator.py
[2023-08-07T17:11:23.346+0000] {processor.py:836} INFO - DAG(s) dict_keys(['example_subdag_operator.section-1', 'example_subdag_operator.section-2', 'example_subdag_operator']) retrieved from /home/airflow/.local/lib/python3.7/site-packages/airflow/example_dags/example_subdag_operator.py
[2023-08-07T17:11:23.362+0000] {logging_mixin.py:150} INFO - [2023-08-07T17:11:23.362+0000] {dag.py:2742} INFO - Sync 3 DAGs
[2023-08-07T17:11:23.384+0000] {logging_mixin.py:150} INFO - [2023-08-07T17:11:23.384+0000] {dag.py:3508} INFO - Setting next_dagrun for example_subdag_operator to 2022-01-01T00:00:00+00:00, run_after=2022-01-01T00:00:00+00:00
[2023-08-07T17:11:23.387+0000] {logging_mixin.py:150} INFO - [2023-08-07T17:11:23.387+0000] {dag.py:3508} INFO - Setting next_dagrun for example_subdag_operator.section-1 to None, run_after=None
[2023-08-07T17:11:23.389+0000] {logging_mixin.py:150} INFO - [2023-08-07T17:11:23.388+0000] {dag.py:3508} INFO - Setting next_dagrun for example_subdag_operator.section-2 to None, run_after=None
[2023-08-07T17:11:23.396+0000] {logging_mixin.py:150} INFO - [2023-08-07T17:11:23.395+0000] {dag.py:2742} INFO - Sync 2 DAGs
[2023-08-07T17:11:23.401+0000] {logging_mixin.py:150} INFO - [2023-08-07T17:11:23.401+0000] {dag.py:3508} INFO - Setting next_dagrun for example_subdag_operator.section-1 to None, run_after=None
[2023-08-07T17:11:23.401+0000] {logging_mixin.py:150} INFO - [2023-08-07T17:11:23.401+0000] {dag.py:3508} INFO - Setting next_dagrun for example_subdag_operator.section-2 to None, run_after=None
[2023-08-07T17:11:23.411+0000] {processor.py:179} INFO - Processing /home/airflow/.local/lib/python3.7/site-packages/airflow/example_dags/example_subdag_operator.py took 0.101 seconds
[2023-08-07T17:11:53.970+0000] {processor.py:157} INFO - Started process (PID=441) to work on /home/airflow/.local/lib/python3.7/site-packages/airflow/example_dags/example_subdag_operator.py
[2023-08-07T17:11:53.971+0000] {processor.py:826} INFO - Processing file /home/airflow/.local/lib/python3.7/site-packages/airflow/example_dags/example_subdag_operator.py for tasks to queue
[2023-08-07T17:11:53.972+0000] {logging_mixin.py:150} INFO - [2023-08-07T17:11:53.972+0000] {dagbag.py:541} INFO - Filling up the DagBag from /home/airflow/.local/lib/python3.7/site-packages/airflow/example_dags/example_subdag_operator.py
[2023-08-07T17:11:53.999+0000] {processor.py:836} INFO - DAG(s) dict_keys(['example_subdag_operator.section-1', 'example_subdag_operator.section-2', 'example_subdag_operator']) retrieved from /home/airflow/.local/lib/python3.7/site-packages/airflow/example_dags/example_subdag_operator.py
[2023-08-07T17:11:54.015+0000] {logging_mixin.py:150} INFO - [2023-08-07T17:11:54.015+0000] {dag.py:2742} INFO - Sync 3 DAGs
[2023-08-07T17:11:54.037+0000] {logging_mixin.py:150} INFO - [2023-08-07T17:11:54.037+0000] {dag.py:3508} INFO - Setting next_dagrun for example_subdag_operator to 2022-01-01T00:00:00+00:00, run_after=2022-01-01T00:00:00+00:00
[2023-08-07T17:11:54.040+0000] {logging_mixin.py:150} INFO - [2023-08-07T17:11:54.040+0000] {dag.py:3508} INFO - Setting next_dagrun for example_subdag_operator.section-1 to None, run_after=None
[2023-08-07T17:11:54.042+0000] {logging_mixin.py:150} INFO - [2023-08-07T17:11:54.042+0000] {dag.py:3508} INFO - Setting next_dagrun for example_subdag_operator.section-2 to None, run_after=None
[2023-08-07T17:11:54.048+0000] {logging_mixin.py:150} INFO - [2023-08-07T17:11:54.048+0000] {dag.py:2742} INFO - Sync 2 DAGs
[2023-08-07T17:11:54.053+0000] {logging_mixin.py:150} INFO - [2023-08-07T17:11:54.053+0000] {dag.py:3508} INFO - Setting next_dagrun for example_subdag_operator.section-1 to None, run_after=None
[2023-08-07T17:11:54.053+0000] {logging_mixin.py:150} INFO - [2023-08-07T17:11:54.053+0000] {dag.py:3508} INFO - Setting next_dagrun for example_subdag_operator.section-2 to None, run_after=None
[2023-08-07T17:11:54.065+0000] {processor.py:179} INFO - Processing /home/airflow/.local/lib/python3.7/site-packages/airflow/example_dags/example_subdag_operator.py took 0.099 seconds
[2023-08-07T17:12:24.806+0000] {processor.py:157} INFO - Started process (PID=503) to work on /home/airflow/.local/lib/python3.7/site-packages/airflow/example_dags/example_subdag_operator.py
[2023-08-07T17:12:24.806+0000] {processor.py:826} INFO - Processing file /home/airflow/.local/lib/python3.7/site-packages/airflow/example_dags/example_subdag_operator.py for tasks to queue
[2023-08-07T17:12:24.807+0000] {logging_mixin.py:150} INFO - [2023-08-07T17:12:24.807+0000] {dagbag.py:541} INFO - Filling up the DagBag from /home/airflow/.local/lib/python3.7/site-packages/airflow/example_dags/example_subdag_operator.py
[2023-08-07T17:12:24.827+0000] {processor.py:836} INFO - DAG(s) dict_keys(['example_subdag_operator.section-1', 'example_subdag_operator.section-2', 'example_subdag_operator']) retrieved from /home/airflow/.local/lib/python3.7/site-packages/airflow/example_dags/example_subdag_operator.py
[2023-08-07T17:12:24.843+0000] {logging_mixin.py:150} INFO - [2023-08-07T17:12:24.842+0000] {dag.py:2742} INFO - Sync 3 DAGs
[2023-08-07T17:12:24.865+0000] {logging_mixin.py:150} INFO - [2023-08-07T17:12:24.865+0000] {dag.py:3508} INFO - Setting next_dagrun for example_subdag_operator to 2022-01-01T00:00:00+00:00, run_after=2022-01-01T00:00:00+00:00
[2023-08-07T17:12:24.869+0000] {logging_mixin.py:150} INFO - [2023-08-07T17:12:24.868+0000] {dag.py:3508} INFO - Setting next_dagrun for example_subdag_operator.section-1 to None, run_after=None
[2023-08-07T17:12:24.870+0000] {logging_mixin.py:150} INFO - [2023-08-07T17:12:24.870+0000] {dag.py:3508} INFO - Setting next_dagrun for example_subdag_operator.section-2 to None, run_after=None
[2023-08-07T17:12:24.876+0000] {logging_mixin.py:150} INFO - [2023-08-07T17:12:24.876+0000] {dag.py:2742} INFO - Sync 2 DAGs
[2023-08-07T17:12:24.882+0000] {logging_mixin.py:150} INFO - [2023-08-07T17:12:24.882+0000] {dag.py:3508} INFO - Setting next_dagrun for example_subdag_operator.section-1 to None, run_after=None
[2023-08-07T17:12:24.883+0000] {logging_mixin.py:150} INFO - [2023-08-07T17:12:24.883+0000] {dag.py:3508} INFO - Setting next_dagrun for example_subdag_operator.section-2 to None, run_after=None
[2023-08-07T17:12:24.892+0000] {processor.py:179} INFO - Processing /home/airflow/.local/lib/python3.7/site-packages/airflow/example_dags/example_subdag_operator.py took 0.089 seconds
[2023-08-07T17:12:55.752+0000] {processor.py:157} INFO - Started process (PID=565) to work on /home/airflow/.local/lib/python3.7/site-packages/airflow/example_dags/example_subdag_operator.py
[2023-08-07T17:12:55.752+0000] {processor.py:826} INFO - Processing file /home/airflow/.local/lib/python3.7/site-packages/airflow/example_dags/example_subdag_operator.py for tasks to queue
[2023-08-07T17:12:55.753+0000] {logging_mixin.py:150} INFO - [2023-08-07T17:12:55.753+0000] {dagbag.py:541} INFO - Filling up the DagBag from /home/airflow/.local/lib/python3.7/site-packages/airflow/example_dags/example_subdag_operator.py
[2023-08-07T17:12:55.772+0000] {processor.py:836} INFO - DAG(s) dict_keys(['example_subdag_operator.section-1', 'example_subdag_operator.section-2', 'example_subdag_operator']) retrieved from /home/airflow/.local/lib/python3.7/site-packages/airflow/example_dags/example_subdag_operator.py
[2023-08-07T17:12:55.788+0000] {logging_mixin.py:150} INFO - [2023-08-07T17:12:55.787+0000] {dag.py:2742} INFO - Sync 3 DAGs
[2023-08-07T17:12:55.810+0000] {logging_mixin.py:150} INFO - [2023-08-07T17:12:55.810+0000] {dag.py:3508} INFO - Setting next_dagrun for example_subdag_operator to 2022-01-01T00:00:00+00:00, run_after=2022-01-01T00:00:00+00:00
[2023-08-07T17:12:55.813+0000] {logging_mixin.py:150} INFO - [2023-08-07T17:12:55.813+0000] {dag.py:3508} INFO - Setting next_dagrun for example_subdag_operator.section-1 to None, run_after=None
[2023-08-07T17:12:55.815+0000] {logging_mixin.py:150} INFO - [2023-08-07T17:12:55.815+0000] {dag.py:3508} INFO - Setting next_dagrun for example_subdag_operator.section-2 to None, run_after=None
[2023-08-07T17:12:55.821+0000] {logging_mixin.py:150} INFO - [2023-08-07T17:12:55.821+0000] {dag.py:2742} INFO - Sync 2 DAGs
[2023-08-07T17:12:55.827+0000] {logging_mixin.py:150} INFO - [2023-08-07T17:12:55.827+0000] {dag.py:3508} INFO - Setting next_dagrun for example_subdag_operator.section-1 to None, run_after=None
[2023-08-07T17:12:55.827+0000] {logging_mixin.py:150} INFO - [2023-08-07T17:12:55.827+0000] {dag.py:3508} INFO - Setting next_dagrun for example_subdag_operator.section-2 to None, run_after=None
[2023-08-07T17:12:55.837+0000] {processor.py:179} INFO - Processing /home/airflow/.local/lib/python3.7/site-packages/airflow/example_dags/example_subdag_operator.py took 0.087 seconds
[2023-08-07T17:13:25.878+0000] {processor.py:157} INFO - Started process (PID=627) to work on /home/airflow/.local/lib/python3.7/site-packages/airflow/example_dags/example_subdag_operator.py
[2023-08-07T17:13:25.878+0000] {processor.py:826} INFO - Processing file /home/airflow/.local/lib/python3.7/site-packages/airflow/example_dags/example_subdag_operator.py for tasks to queue
[2023-08-07T17:13:25.879+0000] {logging_mixin.py:150} INFO - [2023-08-07T17:13:25.879+0000] {dagbag.py:541} INFO - Filling up the DagBag from /home/airflow/.local/lib/python3.7/site-packages/airflow/example_dags/example_subdag_operator.py
[2023-08-07T17:13:25.897+0000] {processor.py:836} INFO - DAG(s) dict_keys(['example_subdag_operator.section-1', 'example_subdag_operator.section-2', 'example_subdag_operator']) retrieved from /home/airflow/.local/lib/python3.7/site-packages/airflow/example_dags/example_subdag_operator.py
[2023-08-07T17:13:25.913+0000] {logging_mixin.py:150} INFO - [2023-08-07T17:13:25.913+0000] {dag.py:2742} INFO - Sync 3 DAGs
[2023-08-07T17:13:25.935+0000] {logging_mixin.py:150} INFO - [2023-08-07T17:13:25.935+0000] {dag.py:3508} INFO - Setting next_dagrun for example_subdag_operator to 2022-01-01T00:00:00+00:00, run_after=2022-01-01T00:00:00+00:00
[2023-08-07T17:13:25.938+0000] {logging_mixin.py:150} INFO - [2023-08-07T17:13:25.938+0000] {dag.py:3508} INFO - Setting next_dagrun for example_subdag_operator.section-1 to None, run_after=None
[2023-08-07T17:13:25.939+0000] {logging_mixin.py:150} INFO - [2023-08-07T17:13:25.939+0000] {dag.py:3508} INFO - Setting next_dagrun for example_subdag_operator.section-2 to None, run_after=None
[2023-08-07T17:13:25.946+0000] {logging_mixin.py:150} INFO - [2023-08-07T17:13:25.946+0000] {dag.py:2742} INFO - Sync 2 DAGs
[2023-08-07T17:13:25.951+0000] {logging_mixin.py:150} INFO - [2023-08-07T17:13:25.950+0000] {dag.py:3508} INFO - Setting next_dagrun for example_subdag_operator.section-1 to None, run_after=None
[2023-08-07T17:13:25.951+0000] {logging_mixin.py:150} INFO - [2023-08-07T17:13:25.951+0000] {dag.py:3508} INFO - Setting next_dagrun for example_subdag_operator.section-2 to None, run_after=None
[2023-08-07T17:13:25.961+0000] {processor.py:179} INFO - Processing /home/airflow/.local/lib/python3.7/site-packages/airflow/example_dags/example_subdag_operator.py took 0.085 seconds
[2023-08-07T17:13:56.666+0000] {processor.py:157} INFO - Started process (PID=689) to work on /home/airflow/.local/lib/python3.7/site-packages/airflow/example_dags/example_subdag_operator.py
[2023-08-07T17:13:56.667+0000] {processor.py:826} INFO - Processing file /home/airflow/.local/lib/python3.7/site-packages/airflow/example_dags/example_subdag_operator.py for tasks to queue
[2023-08-07T17:13:56.668+0000] {logging_mixin.py:150} INFO - [2023-08-07T17:13:56.667+0000] {dagbag.py:541} INFO - Filling up the DagBag from /home/airflow/.local/lib/python3.7/site-packages/airflow/example_dags/example_subdag_operator.py
[2023-08-07T17:13:56.690+0000] {processor.py:836} INFO - DAG(s) dict_keys(['example_subdag_operator.section-1', 'example_subdag_operator.section-2', 'example_subdag_operator']) retrieved from /home/airflow/.local/lib/python3.7/site-packages/airflow/example_dags/example_subdag_operator.py
[2023-08-07T17:13:56.706+0000] {logging_mixin.py:150} INFO - [2023-08-07T17:13:56.706+0000] {dag.py:2742} INFO - Sync 3 DAGs
[2023-08-07T17:13:56.727+0000] {logging_mixin.py:150} INFO - [2023-08-07T17:13:56.727+0000] {dag.py:3508} INFO - Setting next_dagrun for example_subdag_operator to 2022-01-01T00:00:00+00:00, run_after=2022-01-01T00:00:00+00:00
[2023-08-07T17:13:56.731+0000] {logging_mixin.py:150} INFO - [2023-08-07T17:13:56.730+0000] {dag.py:3508} INFO - Setting next_dagrun for example_subdag_operator.section-1 to None, run_after=None
[2023-08-07T17:13:56.732+0000] {logging_mixin.py:150} INFO - [2023-08-07T17:13:56.732+0000] {dag.py:3508} INFO - Setting next_dagrun for example_subdag_operator.section-2 to None, run_after=None
[2023-08-07T17:13:56.738+0000] {logging_mixin.py:150} INFO - [2023-08-07T17:13:56.738+0000] {dag.py:2742} INFO - Sync 2 DAGs
[2023-08-07T17:13:56.744+0000] {logging_mixin.py:150} INFO - [2023-08-07T17:13:56.744+0000] {dag.py:3508} INFO - Setting next_dagrun for example_subdag_operator.section-1 to None, run_after=None
[2023-08-07T17:13:56.745+0000] {logging_mixin.py:150} INFO - [2023-08-07T17:13:56.745+0000] {dag.py:3508} INFO - Setting next_dagrun for example_subdag_operator.section-2 to None, run_after=None
[2023-08-07T17:13:56.758+0000] {processor.py:179} INFO - Processing /home/airflow/.local/lib/python3.7/site-packages/airflow/example_dags/example_subdag_operator.py took 0.094 seconds
[2023-08-07T17:14:27.455+0000] {processor.py:157} INFO - Started process (PID=751) to work on /home/airflow/.local/lib/python3.7/site-packages/airflow/example_dags/example_subdag_operator.py
[2023-08-07T17:14:27.456+0000] {processor.py:826} INFO - Processing file /home/airflow/.local/lib/python3.7/site-packages/airflow/example_dags/example_subdag_operator.py for tasks to queue
[2023-08-07T17:14:27.456+0000] {logging_mixin.py:150} INFO - [2023-08-07T17:14:27.456+0000] {dagbag.py:541} INFO - Filling up the DagBag from /home/airflow/.local/lib/python3.7/site-packages/airflow/example_dags/example_subdag_operator.py
[2023-08-07T17:14:27.483+0000] {processor.py:836} INFO - DAG(s) dict_keys(['example_subdag_operator.section-1', 'example_subdag_operator.section-2', 'example_subdag_operator']) retrieved from /home/airflow/.local/lib/python3.7/site-packages/airflow/example_dags/example_subdag_operator.py
[2023-08-07T17:14:27.518+0000] {logging_mixin.py:150} INFO - [2023-08-07T17:14:27.518+0000] {dag.py:2742} INFO - Sync 3 DAGs
[2023-08-07T17:14:27.541+0000] {logging_mixin.py:150} INFO - [2023-08-07T17:14:27.541+0000] {dag.py:3508} INFO - Setting next_dagrun for example_subdag_operator to 2022-01-01T00:00:00+00:00, run_after=2022-01-01T00:00:00+00:00
[2023-08-07T17:14:27.545+0000] {logging_mixin.py:150} INFO - [2023-08-07T17:14:27.544+0000] {dag.py:3508} INFO - Setting next_dagrun for example_subdag_operator.section-1 to None, run_after=None
[2023-08-07T17:14:27.546+0000] {logging_mixin.py:150} INFO - [2023-08-07T17:14:27.546+0000] {dag.py:3508} INFO - Setting next_dagrun for example_subdag_operator.section-2 to None, run_after=None
[2023-08-07T17:14:27.555+0000] {logging_mixin.py:150} INFO - [2023-08-07T17:14:27.555+0000] {dag.py:2742} INFO - Sync 2 DAGs
[2023-08-07T17:14:27.560+0000] {logging_mixin.py:150} INFO - [2023-08-07T17:14:27.560+0000] {dag.py:3508} INFO - Setting next_dagrun for example_subdag_operator.section-1 to None, run_after=None
[2023-08-07T17:14:27.561+0000] {logging_mixin.py:150} INFO - [2023-08-07T17:14:27.560+0000] {dag.py:3508} INFO - Setting next_dagrun for example_subdag_operator.section-2 to None, run_after=None
[2023-08-07T17:14:27.571+0000] {processor.py:179} INFO - Processing /home/airflow/.local/lib/python3.7/site-packages/airflow/example_dags/example_subdag_operator.py took 0.118 seconds
[2023-08-07T17:14:58.042+0000] {processor.py:157} INFO - Started process (PID=813) to work on /home/airflow/.local/lib/python3.7/site-packages/airflow/example_dags/example_subdag_operator.py
[2023-08-07T17:14:58.044+0000] {processor.py:826} INFO - Processing file /home/airflow/.local/lib/python3.7/site-packages/airflow/example_dags/example_subdag_operator.py for tasks to queue
[2023-08-07T17:14:58.045+0000] {logging_mixin.py:150} INFO - [2023-08-07T17:14:58.044+0000] {dagbag.py:541} INFO - Filling up the DagBag from /home/airflow/.local/lib/python3.7/site-packages/airflow/example_dags/example_subdag_operator.py
[2023-08-07T17:14:58.074+0000] {processor.py:836} INFO - DAG(s) dict_keys(['example_subdag_operator.section-1', 'example_subdag_operator.section-2', 'example_subdag_operator']) retrieved from /home/airflow/.local/lib/python3.7/site-packages/airflow/example_dags/example_subdag_operator.py
[2023-08-07T17:14:58.089+0000] {logging_mixin.py:150} INFO - [2023-08-07T17:14:58.089+0000] {dag.py:2742} INFO - Sync 3 DAGs
[2023-08-07T17:14:58.111+0000] {logging_mixin.py:150} INFO - [2023-08-07T17:14:58.110+0000] {dag.py:3508} INFO - Setting next_dagrun for example_subdag_operator to 2022-01-01T00:00:00+00:00, run_after=2022-01-01T00:00:00+00:00
[2023-08-07T17:14:58.114+0000] {logging_mixin.py:150} INFO - [2023-08-07T17:14:58.114+0000] {dag.py:3508} INFO - Setting next_dagrun for example_subdag_operator.section-1 to None, run_after=None
[2023-08-07T17:14:58.115+0000] {logging_mixin.py:150} INFO - [2023-08-07T17:14:58.115+0000] {dag.py:3508} INFO - Setting next_dagrun for example_subdag_operator.section-2 to None, run_after=None
[2023-08-07T17:14:58.122+0000] {logging_mixin.py:150} INFO - [2023-08-07T17:14:58.122+0000] {dag.py:2742} INFO - Sync 2 DAGs
[2023-08-07T17:14:58.128+0000] {logging_mixin.py:150} INFO - [2023-08-07T17:14:58.127+0000] {dag.py:3508} INFO - Setting next_dagrun for example_subdag_operator.section-1 to None, run_after=None
[2023-08-07T17:14:58.128+0000] {logging_mixin.py:150} INFO - [2023-08-07T17:14:58.128+0000] {dag.py:3508} INFO - Setting next_dagrun for example_subdag_operator.section-2 to None, run_after=None
[2023-08-07T17:14:58.138+0000] {processor.py:179} INFO - Processing /home/airflow/.local/lib/python3.7/site-packages/airflow/example_dags/example_subdag_operator.py took 0.101 seconds
[2023-08-07T17:15:29.071+0000] {processor.py:157} INFO - Started process (PID=875) to work on /home/airflow/.local/lib/python3.7/site-packages/airflow/example_dags/example_subdag_operator.py
[2023-08-07T17:15:29.072+0000] {processor.py:826} INFO - Processing file /home/airflow/.local/lib/python3.7/site-packages/airflow/example_dags/example_subdag_operator.py for tasks to queue
[2023-08-07T17:15:29.073+0000] {logging_mixin.py:150} INFO - [2023-08-07T17:15:29.072+0000] {dagbag.py:541} INFO - Filling up the DagBag from /home/airflow/.local/lib/python3.7/site-packages/airflow/example_dags/example_subdag_operator.py
[2023-08-07T17:15:29.091+0000] {processor.py:836} INFO - DAG(s) dict_keys(['example_subdag_operator.section-1', 'example_subdag_operator.section-2', 'example_subdag_operator']) retrieved from /home/airflow/.local/lib/python3.7/site-packages/airflow/example_dags/example_subdag_operator.py
[2023-08-07T17:15:29.107+0000] {logging_mixin.py:150} INFO - [2023-08-07T17:15:29.107+0000] {dag.py:2742} INFO - Sync 3 DAGs
[2023-08-07T17:15:29.128+0000] {logging_mixin.py:150} INFO - [2023-08-07T17:15:29.128+0000] {dag.py:3508} INFO - Setting next_dagrun for example_subdag_operator to 2022-01-01T00:00:00+00:00, run_after=2022-01-01T00:00:00+00:00
[2023-08-07T17:15:29.131+0000] {logging_mixin.py:150} INFO - [2023-08-07T17:15:29.131+0000] {dag.py:3508} INFO - Setting next_dagrun for example_subdag_operator.section-1 to None, run_after=None
[2023-08-07T17:15:29.132+0000] {logging_mixin.py:150} INFO - [2023-08-07T17:15:29.132+0000] {dag.py:3508} INFO - Setting next_dagrun for example_subdag_operator.section-2 to None, run_after=None
[2023-08-07T17:15:29.139+0000] {logging_mixin.py:150} INFO - [2023-08-07T17:15:29.139+0000] {dag.py:2742} INFO - Sync 2 DAGs
[2023-08-07T17:15:29.145+0000] {logging_mixin.py:150} INFO - [2023-08-07T17:15:29.145+0000] {dag.py:3508} INFO - Setting next_dagrun for example_subdag_operator.section-1 to None, run_after=None
[2023-08-07T17:15:29.145+0000] {logging_mixin.py:150} INFO - [2023-08-07T17:15:29.145+0000] {dag.py:3508} INFO - Setting next_dagrun for example_subdag_operator.section-2 to None, run_after=None
[2023-08-07T17:15:29.155+0000] {processor.py:179} INFO - Processing /home/airflow/.local/lib/python3.7/site-packages/airflow/example_dags/example_subdag_operator.py took 0.085 seconds
[2023-08-07T17:15:59.321+0000] {processor.py:157} INFO - Started process (PID=937) to work on /home/airflow/.local/lib/python3.7/site-packages/airflow/example_dags/example_subdag_operator.py
[2023-08-07T17:15:59.322+0000] {processor.py:826} INFO - Processing file /home/airflow/.local/lib/python3.7/site-packages/airflow/example_dags/example_subdag_operator.py for tasks to queue
[2023-08-07T17:15:59.322+0000] {logging_mixin.py:150} INFO - [2023-08-07T17:15:59.322+0000] {dagbag.py:541} INFO - Filling up the DagBag from /home/airflow/.local/lib/python3.7/site-packages/airflow/example_dags/example_subdag_operator.py
[2023-08-07T17:15:59.341+0000] {processor.py:836} INFO - DAG(s) dict_keys(['example_subdag_operator.section-1', 'example_subdag_operator.section-2', 'example_subdag_operator']) retrieved from /home/airflow/.local/lib/python3.7/site-packages/airflow/example_dags/example_subdag_operator.py
[2023-08-07T17:15:59.356+0000] {logging_mixin.py:150} INFO - [2023-08-07T17:15:59.355+0000] {dag.py:2742} INFO - Sync 3 DAGs
[2023-08-07T17:15:59.379+0000] {logging_mixin.py:150} INFO - [2023-08-07T17:15:59.379+0000] {dag.py:3508} INFO - Setting next_dagrun for example_subdag_operator to 2022-01-01T00:00:00+00:00, run_after=2022-01-01T00:00:00+00:00
[2023-08-07T17:15:59.383+0000] {logging_mixin.py:150} INFO - [2023-08-07T17:15:59.383+0000] {dag.py:3508} INFO - Setting next_dagrun for example_subdag_operator.section-1 to None, run_after=None
[2023-08-07T17:15:59.384+0000] {logging_mixin.py:150} INFO - [2023-08-07T17:15:59.384+0000] {dag.py:3508} INFO - Setting next_dagrun for example_subdag_operator.section-2 to None, run_after=None
[2023-08-07T17:15:59.392+0000] {logging_mixin.py:150} INFO - [2023-08-07T17:15:59.392+0000] {dag.py:2742} INFO - Sync 2 DAGs
[2023-08-07T17:15:59.398+0000] {logging_mixin.py:150} INFO - [2023-08-07T17:15:59.397+0000] {dag.py:3508} INFO - Setting next_dagrun for example_subdag_operator.section-1 to None, run_after=None
[2023-08-07T17:15:59.398+0000] {logging_mixin.py:150} INFO - [2023-08-07T17:15:59.398+0000] {dag.py:3508} INFO - Setting next_dagrun for example_subdag_operator.section-2 to None, run_after=None
[2023-08-07T17:15:59.409+0000] {processor.py:179} INFO - Processing /home/airflow/.local/lib/python3.7/site-packages/airflow/example_dags/example_subdag_operator.py took 0.090 seconds
[2023-08-07T17:16:29.839+0000] {processor.py:157} INFO - Started process (PID=999) to work on /home/airflow/.local/lib/python3.7/site-packages/airflow/example_dags/example_subdag_operator.py
[2023-08-07T17:16:29.840+0000] {processor.py:826} INFO - Processing file /home/airflow/.local/lib/python3.7/site-packages/airflow/example_dags/example_subdag_operator.py for tasks to queue
[2023-08-07T17:16:29.841+0000] {logging_mixin.py:150} INFO - [2023-08-07T17:16:29.840+0000] {dagbag.py:541} INFO - Filling up the DagBag from /home/airflow/.local/lib/python3.7/site-packages/airflow/example_dags/example_subdag_operator.py
[2023-08-07T17:16:29.871+0000] {processor.py:836} INFO - DAG(s) dict_keys(['example_subdag_operator.section-1', 'example_subdag_operator.section-2', 'example_subdag_operator']) retrieved from /home/airflow/.local/lib/python3.7/site-packages/airflow/example_dags/example_subdag_operator.py
[2023-08-07T17:16:29.890+0000] {logging_mixin.py:150} INFO - [2023-08-07T17:16:29.890+0000] {dag.py:2742} INFO - Sync 3 DAGs
[2023-08-07T17:16:29.914+0000] {logging_mixin.py:150} INFO - [2023-08-07T17:16:29.914+0000] {dag.py:3508} INFO - Setting next_dagrun for example_subdag_operator to 2022-01-01T00:00:00+00:00, run_after=2022-01-01T00:00:00+00:00
[2023-08-07T17:16:29.917+0000] {logging_mixin.py:150} INFO - [2023-08-07T17:16:29.917+0000] {dag.py:3508} INFO - Setting next_dagrun for example_subdag_operator.section-1 to None, run_after=None
[2023-08-07T17:16:29.918+0000] {logging_mixin.py:150} INFO - [2023-08-07T17:16:29.918+0000] {dag.py:3508} INFO - Setting next_dagrun for example_subdag_operator.section-2 to None, run_after=None
[2023-08-07T17:16:29.925+0000] {logging_mixin.py:150} INFO - [2023-08-07T17:16:29.925+0000] {dag.py:2742} INFO - Sync 2 DAGs
[2023-08-07T17:16:29.931+0000] {logging_mixin.py:150} INFO - [2023-08-07T17:16:29.930+0000] {dag.py:3508} INFO - Setting next_dagrun for example_subdag_operator.section-1 to None, run_after=None
[2023-08-07T17:16:29.931+0000] {logging_mixin.py:150} INFO - [2023-08-07T17:16:29.931+0000] {dag.py:3508} INFO - Setting next_dagrun for example_subdag_operator.section-2 to None, run_after=None
[2023-08-07T17:16:29.941+0000] {processor.py:179} INFO - Processing /home/airflow/.local/lib/python3.7/site-packages/airflow/example_dags/example_subdag_operator.py took 0.107 seconds
[2023-08-07T17:41:16.670+0000] {processor.py:157} INFO - Started process (PID=68) to work on /home/airflow/.local/lib/python3.7/site-packages/airflow/example_dags/example_subdag_operator.py
[2023-08-07T17:41:16.672+0000] {processor.py:826} INFO - Processing file /home/airflow/.local/lib/python3.7/site-packages/airflow/example_dags/example_subdag_operator.py for tasks to queue
[2023-08-07T17:41:16.673+0000] {logging_mixin.py:150} INFO - [2023-08-07T17:41:16.673+0000] {dagbag.py:541} INFO - Filling up the DagBag from /home/airflow/.local/lib/python3.7/site-packages/airflow/example_dags/example_subdag_operator.py
[2023-08-07T17:41:16.699+0000] {processor.py:836} INFO - DAG(s) dict_keys(['example_subdag_operator.section-1', 'example_subdag_operator.section-2', 'example_subdag_operator']) retrieved from /home/airflow/.local/lib/python3.7/site-packages/airflow/example_dags/example_subdag_operator.py
[2023-08-07T17:41:16.704+0000] {logging_mixin.py:150} INFO - [2023-08-07T17:41:16.704+0000] {dag.py:2742} INFO - Sync 3 DAGs
[2023-08-07T17:41:16.736+0000] {logging_mixin.py:150} INFO - [2023-08-07T17:41:16.735+0000] {dag.py:3508} INFO - Setting next_dagrun for example_subdag_operator to 2022-01-01T00:00:00+00:00, run_after=2022-01-01T00:00:00+00:00
[2023-08-07T17:41:16.740+0000] {logging_mixin.py:150} INFO - [2023-08-07T17:41:16.740+0000] {dag.py:3508} INFO - Setting next_dagrun for example_subdag_operator.section-1 to None, run_after=None
[2023-08-07T17:41:16.742+0000] {logging_mixin.py:150} INFO - [2023-08-07T17:41:16.742+0000] {dag.py:3508} INFO - Setting next_dagrun for example_subdag_operator.section-2 to None, run_after=None
[2023-08-07T17:41:16.753+0000] {logging_mixin.py:150} INFO - [2023-08-07T17:41:16.752+0000] {dag.py:2742} INFO - Sync 2 DAGs
[2023-08-07T17:41:16.763+0000] {logging_mixin.py:150} INFO - [2023-08-07T17:41:16.762+0000] {dag.py:3508} INFO - Setting next_dagrun for example_subdag_operator.section-1 to None, run_after=None
[2023-08-07T17:41:16.763+0000] {logging_mixin.py:150} INFO - [2023-08-07T17:41:16.763+0000] {dag.py:3508} INFO - Setting next_dagrun for example_subdag_operator.section-2 to None, run_after=None
[2023-08-07T17:41:16.777+0000] {processor.py:179} INFO - Processing /home/airflow/.local/lib/python3.7/site-packages/airflow/example_dags/example_subdag_operator.py took 0.111 seconds
[2023-08-07T17:41:47.377+0000] {processor.py:157} INFO - Started process (PID=130) to work on /home/airflow/.local/lib/python3.7/site-packages/airflow/example_dags/example_subdag_operator.py
[2023-08-07T17:41:47.378+0000] {processor.py:826} INFO - Processing file /home/airflow/.local/lib/python3.7/site-packages/airflow/example_dags/example_subdag_operator.py for tasks to queue
[2023-08-07T17:41:47.378+0000] {logging_mixin.py:150} INFO - [2023-08-07T17:41:47.378+0000] {dagbag.py:541} INFO - Filling up the DagBag from /home/airflow/.local/lib/python3.7/site-packages/airflow/example_dags/example_subdag_operator.py
[2023-08-07T17:41:47.404+0000] {processor.py:836} INFO - DAG(s) dict_keys(['example_subdag_operator.section-1', 'example_subdag_operator.section-2', 'example_subdag_operator']) retrieved from /home/airflow/.local/lib/python3.7/site-packages/airflow/example_dags/example_subdag_operator.py
[2023-08-07T17:41:47.422+0000] {logging_mixin.py:150} INFO - [2023-08-07T17:41:47.422+0000] {dag.py:2742} INFO - Sync 3 DAGs
[2023-08-07T17:41:47.448+0000] {logging_mixin.py:150} INFO - [2023-08-07T17:41:47.448+0000] {dag.py:3508} INFO - Setting next_dagrun for example_subdag_operator to 2022-01-01T00:00:00+00:00, run_after=2022-01-01T00:00:00+00:00
[2023-08-07T17:41:47.451+0000] {logging_mixin.py:150} INFO - [2023-08-07T17:41:47.451+0000] {dag.py:3508} INFO - Setting next_dagrun for example_subdag_operator.section-1 to None, run_after=None
[2023-08-07T17:41:47.453+0000] {logging_mixin.py:150} INFO - [2023-08-07T17:41:47.452+0000] {dag.py:3508} INFO - Setting next_dagrun for example_subdag_operator.section-2 to None, run_after=None
[2023-08-07T17:41:47.459+0000] {logging_mixin.py:150} INFO - [2023-08-07T17:41:47.459+0000] {dag.py:2742} INFO - Sync 2 DAGs
[2023-08-07T17:41:47.466+0000] {logging_mixin.py:150} INFO - [2023-08-07T17:41:47.466+0000] {dag.py:3508} INFO - Setting next_dagrun for example_subdag_operator.section-1 to None, run_after=None
[2023-08-07T17:41:47.466+0000] {logging_mixin.py:150} INFO - [2023-08-07T17:41:47.466+0000] {dag.py:3508} INFO - Setting next_dagrun for example_subdag_operator.section-2 to None, run_after=None
[2023-08-07T17:41:47.477+0000] {processor.py:179} INFO - Processing /home/airflow/.local/lib/python3.7/site-packages/airflow/example_dags/example_subdag_operator.py took 0.102 seconds
[2023-08-07T17:42:18.192+0000] {processor.py:157} INFO - Started process (PID=192) to work on /home/airflow/.local/lib/python3.7/site-packages/airflow/example_dags/example_subdag_operator.py
[2023-08-07T17:42:18.192+0000] {processor.py:826} INFO - Processing file /home/airflow/.local/lib/python3.7/site-packages/airflow/example_dags/example_subdag_operator.py for tasks to queue
[2023-08-07T17:42:18.193+0000] {logging_mixin.py:150} INFO - [2023-08-07T17:42:18.193+0000] {dagbag.py:541} INFO - Filling up the DagBag from /home/airflow/.local/lib/python3.7/site-packages/airflow/example_dags/example_subdag_operator.py
[2023-08-07T17:42:18.214+0000] {processor.py:836} INFO - DAG(s) dict_keys(['example_subdag_operator.section-1', 'example_subdag_operator.section-2', 'example_subdag_operator']) retrieved from /home/airflow/.local/lib/python3.7/site-packages/airflow/example_dags/example_subdag_operator.py
[2023-08-07T17:42:18.231+0000] {logging_mixin.py:150} INFO - [2023-08-07T17:42:18.231+0000] {dag.py:2742} INFO - Sync 3 DAGs
[2023-08-07T17:42:18.255+0000] {logging_mixin.py:150} INFO - [2023-08-07T17:42:18.255+0000] {dag.py:3508} INFO - Setting next_dagrun for example_subdag_operator to 2022-01-01T00:00:00+00:00, run_after=2022-01-01T00:00:00+00:00
[2023-08-07T17:42:18.258+0000] {logging_mixin.py:150} INFO - [2023-08-07T17:42:18.258+0000] {dag.py:3508} INFO - Setting next_dagrun for example_subdag_operator.section-1 to None, run_after=None
[2023-08-07T17:42:18.259+0000] {logging_mixin.py:150} INFO - [2023-08-07T17:42:18.259+0000] {dag.py:3508} INFO - Setting next_dagrun for example_subdag_operator.section-2 to None, run_after=None
[2023-08-07T17:42:18.266+0000] {logging_mixin.py:150} INFO - [2023-08-07T17:42:18.266+0000] {dag.py:2742} INFO - Sync 2 DAGs
[2023-08-07T17:42:18.272+0000] {logging_mixin.py:150} INFO - [2023-08-07T17:42:18.272+0000] {dag.py:3508} INFO - Setting next_dagrun for example_subdag_operator.section-1 to None, run_after=None
[2023-08-07T17:42:18.272+0000] {logging_mixin.py:150} INFO - [2023-08-07T17:42:18.272+0000] {dag.py:3508} INFO - Setting next_dagrun for example_subdag_operator.section-2 to None, run_after=None
[2023-08-07T17:42:18.281+0000] {processor.py:179} INFO - Processing /home/airflow/.local/lib/python3.7/site-packages/airflow/example_dags/example_subdag_operator.py took 0.092 seconds
[2023-08-07T17:42:49.096+0000] {processor.py:157} INFO - Started process (PID=254) to work on /home/airflow/.local/lib/python3.7/site-packages/airflow/example_dags/example_subdag_operator.py
[2023-08-07T17:42:49.097+0000] {processor.py:826} INFO - Processing file /home/airflow/.local/lib/python3.7/site-packages/airflow/example_dags/example_subdag_operator.py for tasks to queue
[2023-08-07T17:42:49.098+0000] {logging_mixin.py:150} INFO - [2023-08-07T17:42:49.098+0000] {dagbag.py:541} INFO - Filling up the DagBag from /home/airflow/.local/lib/python3.7/site-packages/airflow/example_dags/example_subdag_operator.py
[2023-08-07T17:42:49.124+0000] {processor.py:836} INFO - DAG(s) dict_keys(['example_subdag_operator.section-1', 'example_subdag_operator.section-2', 'example_subdag_operator']) retrieved from /home/airflow/.local/lib/python3.7/site-packages/airflow/example_dags/example_subdag_operator.py
[2023-08-07T17:42:49.140+0000] {logging_mixin.py:150} INFO - [2023-08-07T17:42:49.140+0000] {dag.py:2742} INFO - Sync 3 DAGs
[2023-08-07T17:42:49.163+0000] {logging_mixin.py:150} INFO - [2023-08-07T17:42:49.163+0000] {dag.py:3508} INFO - Setting next_dagrun for example_subdag_operator to 2022-01-01T00:00:00+00:00, run_after=2022-01-01T00:00:00+00:00
[2023-08-07T17:42:49.167+0000] {logging_mixin.py:150} INFO - [2023-08-07T17:42:49.166+0000] {dag.py:3508} INFO - Setting next_dagrun for example_subdag_operator.section-1 to None, run_after=None
[2023-08-07T17:42:49.168+0000] {logging_mixin.py:150} INFO - [2023-08-07T17:42:49.168+0000] {dag.py:3508} INFO - Setting next_dagrun for example_subdag_operator.section-2 to None, run_after=None
[2023-08-07T17:42:49.175+0000] {logging_mixin.py:150} INFO - [2023-08-07T17:42:49.175+0000] {dag.py:2742} INFO - Sync 2 DAGs
[2023-08-07T17:42:49.181+0000] {logging_mixin.py:150} INFO - [2023-08-07T17:42:49.181+0000] {dag.py:3508} INFO - Setting next_dagrun for example_subdag_operator.section-1 to None, run_after=None
[2023-08-07T17:42:49.181+0000] {logging_mixin.py:150} INFO - [2023-08-07T17:42:49.181+0000] {dag.py:3508} INFO - Setting next_dagrun for example_subdag_operator.section-2 to None, run_after=None
[2023-08-07T17:42:49.192+0000] {processor.py:179} INFO - Processing /home/airflow/.local/lib/python3.7/site-packages/airflow/example_dags/example_subdag_operator.py took 0.100 seconds
[2023-08-07T17:43:20.212+0000] {processor.py:157} INFO - Started process (PID=317) to work on /home/airflow/.local/lib/python3.7/site-packages/airflow/example_dags/example_subdag_operator.py
[2023-08-07T17:43:20.213+0000] {processor.py:826} INFO - Processing file /home/airflow/.local/lib/python3.7/site-packages/airflow/example_dags/example_subdag_operator.py for tasks to queue
[2023-08-07T17:43:20.213+0000] {logging_mixin.py:150} INFO - [2023-08-07T17:43:20.213+0000] {dagbag.py:541} INFO - Filling up the DagBag from /home/airflow/.local/lib/python3.7/site-packages/airflow/example_dags/example_subdag_operator.py
[2023-08-07T17:43:20.231+0000] {processor.py:836} INFO - DAG(s) dict_keys(['example_subdag_operator.section-1', 'example_subdag_operator.section-2', 'example_subdag_operator']) retrieved from /home/airflow/.local/lib/python3.7/site-packages/airflow/example_dags/example_subdag_operator.py
[2023-08-07T17:43:20.246+0000] {logging_mixin.py:150} INFO - [2023-08-07T17:43:20.246+0000] {dag.py:2742} INFO - Sync 3 DAGs
[2023-08-07T17:43:20.269+0000] {logging_mixin.py:150} INFO - [2023-08-07T17:43:20.269+0000] {dag.py:3508} INFO - Setting next_dagrun for example_subdag_operator to 2022-01-01T00:00:00+00:00, run_after=2022-01-01T00:00:00+00:00
[2023-08-07T17:43:20.272+0000] {logging_mixin.py:150} INFO - [2023-08-07T17:43:20.272+0000] {dag.py:3508} INFO - Setting next_dagrun for example_subdag_operator.section-1 to None, run_after=None
[2023-08-07T17:43:20.274+0000] {logging_mixin.py:150} INFO - [2023-08-07T17:43:20.274+0000] {dag.py:3508} INFO - Setting next_dagrun for example_subdag_operator.section-2 to None, run_after=None
[2023-08-07T17:43:20.280+0000] {logging_mixin.py:150} INFO - [2023-08-07T17:43:20.280+0000] {dag.py:2742} INFO - Sync 2 DAGs
[2023-08-07T17:43:20.286+0000] {logging_mixin.py:150} INFO - [2023-08-07T17:43:20.286+0000] {dag.py:3508} INFO - Setting next_dagrun for example_subdag_operator.section-1 to None, run_after=None
[2023-08-07T17:43:20.287+0000] {logging_mixin.py:150} INFO - [2023-08-07T17:43:20.287+0000] {dag.py:3508} INFO - Setting next_dagrun for example_subdag_operator.section-2 to None, run_after=None
[2023-08-07T17:43:20.304+0000] {processor.py:179} INFO - Processing /home/airflow/.local/lib/python3.7/site-packages/airflow/example_dags/example_subdag_operator.py took 0.094 seconds
[2023-08-07T18:11:03.185+0000] {processor.py:157} INFO - Started process (PID=69) to work on /home/airflow/.local/lib/python3.7/site-packages/airflow/example_dags/example_subdag_operator.py
[2023-08-07T18:11:03.186+0000] {processor.py:826} INFO - Processing file /home/airflow/.local/lib/python3.7/site-packages/airflow/example_dags/example_subdag_operator.py for tasks to queue
[2023-08-07T18:11:03.187+0000] {logging_mixin.py:150} INFO - [2023-08-07T18:11:03.186+0000] {dagbag.py:541} INFO - Filling up the DagBag from /home/airflow/.local/lib/python3.7/site-packages/airflow/example_dags/example_subdag_operator.py
[2023-08-07T18:11:03.212+0000] {processor.py:836} INFO - DAG(s) dict_keys(['example_subdag_operator.section-1', 'example_subdag_operator.section-2', 'example_subdag_operator']) retrieved from /home/airflow/.local/lib/python3.7/site-packages/airflow/example_dags/example_subdag_operator.py
[2023-08-07T18:11:03.216+0000] {logging_mixin.py:150} INFO - [2023-08-07T18:11:03.216+0000] {dag.py:2742} INFO - Sync 3 DAGs
[2023-08-07T18:11:03.246+0000] {logging_mixin.py:150} INFO - [2023-08-07T18:11:03.246+0000] {dag.py:3508} INFO - Setting next_dagrun for example_subdag_operator to 2022-01-01T00:00:00+00:00, run_after=2022-01-01T00:00:00+00:00
[2023-08-07T18:11:03.251+0000] {logging_mixin.py:150} INFO - [2023-08-07T18:11:03.251+0000] {dag.py:3508} INFO - Setting next_dagrun for example_subdag_operator.section-1 to None, run_after=None
[2023-08-07T18:11:03.252+0000] {logging_mixin.py:150} INFO - [2023-08-07T18:11:03.252+0000] {dag.py:3508} INFO - Setting next_dagrun for example_subdag_operator.section-2 to None, run_after=None
[2023-08-07T18:11:03.263+0000] {logging_mixin.py:150} INFO - [2023-08-07T18:11:03.263+0000] {dag.py:2742} INFO - Sync 2 DAGs
[2023-08-07T18:11:03.272+0000] {logging_mixin.py:150} INFO - [2023-08-07T18:11:03.272+0000] {dag.py:3508} INFO - Setting next_dagrun for example_subdag_operator.section-1 to None, run_after=None
[2023-08-07T18:11:03.273+0000] {logging_mixin.py:150} INFO - [2023-08-07T18:11:03.273+0000] {dag.py:3508} INFO - Setting next_dagrun for example_subdag_operator.section-2 to None, run_after=None
[2023-08-07T18:11:03.289+0000] {processor.py:179} INFO - Processing /home/airflow/.local/lib/python3.7/site-packages/airflow/example_dags/example_subdag_operator.py took 0.107 seconds
