[2023-08-07T17:08:47.950+0000] {processor.py:157} INFO - Started process (PID=45) to work on /home/airflow/.local/lib/python3.7/site-packages/airflow/example_dags/example_branch_operator_decorator.py
[2023-08-07T17:08:47.950+0000] {processor.py:826} INFO - Processing file /home/airflow/.local/lib/python3.7/site-packages/airflow/example_dags/example_branch_operator_decorator.py for tasks to queue
[2023-08-07T17:08:47.951+0000] {logging_mixin.py:150} INFO - [2023-08-07T17:08:47.951+0000] {dagbag.py:541} INFO - Filling up the DagBag from /home/airflow/.local/lib/python3.7/site-packages/airflow/example_dags/example_branch_operator_decorator.py
[2023-08-07T17:08:47.968+0000] {processor.py:836} INFO - DAG(s) dict_keys(['example_branch_python_operator_decorator']) retrieved from /home/airflow/.local/lib/python3.7/site-packages/airflow/example_dags/example_branch_operator_decorator.py
[2023-08-07T17:08:47.982+0000] {logging_mixin.py:150} INFO - [2023-08-07T17:08:47.982+0000] {dag.py:2742} INFO - Sync 1 DAGs
[2023-08-07T17:08:48.011+0000] {logging_mixin.py:150} INFO - [2023-08-07T17:08:48.011+0000] {dag.py:3508} INFO - Setting next_dagrun for example_branch_python_operator_decorator to 2023-08-06T00:00:00+00:00, run_after=2023-08-07T00:00:00+00:00
[2023-08-07T17:08:48.038+0000] {processor.py:179} INFO - Processing /home/airflow/.local/lib/python3.7/site-packages/airflow/example_dags/example_branch_operator_decorator.py took 0.091 seconds
[2023-08-07T17:09:18.571+0000] {processor.py:157} INFO - Started process (PID=107) to work on /home/airflow/.local/lib/python3.7/site-packages/airflow/example_dags/example_branch_operator_decorator.py
[2023-08-07T17:09:18.572+0000] {processor.py:826} INFO - Processing file /home/airflow/.local/lib/python3.7/site-packages/airflow/example_dags/example_branch_operator_decorator.py for tasks to queue
[2023-08-07T17:09:18.572+0000] {logging_mixin.py:150} INFO - [2023-08-07T17:09:18.572+0000] {dagbag.py:541} INFO - Filling up the DagBag from /home/airflow/.local/lib/python3.7/site-packages/airflow/example_dags/example_branch_operator_decorator.py
[2023-08-07T17:09:18.580+0000] {processor.py:836} INFO - DAG(s) dict_keys(['example_branch_python_operator_decorator']) retrieved from /home/airflow/.local/lib/python3.7/site-packages/airflow/example_dags/example_branch_operator_decorator.py
[2023-08-07T17:09:18.600+0000] {logging_mixin.py:150} INFO - [2023-08-07T17:09:18.600+0000] {dag.py:2742} INFO - Sync 1 DAGs
[2023-08-07T17:09:18.623+0000] {logging_mixin.py:150} INFO - [2023-08-07T17:09:18.623+0000] {dag.py:3508} INFO - Setting next_dagrun for example_branch_python_operator_decorator to 2023-08-06T00:00:00+00:00, run_after=2023-08-07T00:00:00+00:00
[2023-08-07T17:09:18.640+0000] {processor.py:179} INFO - Processing /home/airflow/.local/lib/python3.7/site-packages/airflow/example_dags/example_branch_operator_decorator.py took 0.071 seconds
[2023-08-07T17:09:49.152+0000] {processor.py:157} INFO - Started process (PID=169) to work on /home/airflow/.local/lib/python3.7/site-packages/airflow/example_dags/example_branch_operator_decorator.py
[2023-08-07T17:09:49.154+0000] {processor.py:826} INFO - Processing file /home/airflow/.local/lib/python3.7/site-packages/airflow/example_dags/example_branch_operator_decorator.py for tasks to queue
[2023-08-07T17:09:49.154+0000] {logging_mixin.py:150} INFO - [2023-08-07T17:09:49.154+0000] {dagbag.py:541} INFO - Filling up the DagBag from /home/airflow/.local/lib/python3.7/site-packages/airflow/example_dags/example_branch_operator_decorator.py
[2023-08-07T17:09:49.171+0000] {processor.py:836} INFO - DAG(s) dict_keys(['example_branch_python_operator_decorator']) retrieved from /home/airflow/.local/lib/python3.7/site-packages/airflow/example_dags/example_branch_operator_decorator.py
[2023-08-07T17:09:49.195+0000] {logging_mixin.py:150} INFO - [2023-08-07T17:09:49.195+0000] {dag.py:2742} INFO - Sync 1 DAGs
[2023-08-07T17:09:49.220+0000] {logging_mixin.py:150} INFO - [2023-08-07T17:09:49.220+0000] {dag.py:3508} INFO - Setting next_dagrun for example_branch_python_operator_decorator to 2023-08-06T00:00:00+00:00, run_after=2023-08-07T00:00:00+00:00
[2023-08-07T17:09:49.237+0000] {processor.py:179} INFO - Processing /home/airflow/.local/lib/python3.7/site-packages/airflow/example_dags/example_branch_operator_decorator.py took 0.090 seconds
[2023-08-07T17:10:19.530+0000] {processor.py:157} INFO - Started process (PID=231) to work on /home/airflow/.local/lib/python3.7/site-packages/airflow/example_dags/example_branch_operator_decorator.py
[2023-08-07T17:10:19.530+0000] {processor.py:826} INFO - Processing file /home/airflow/.local/lib/python3.7/site-packages/airflow/example_dags/example_branch_operator_decorator.py for tasks to queue
[2023-08-07T17:10:19.531+0000] {logging_mixin.py:150} INFO - [2023-08-07T17:10:19.530+0000] {dagbag.py:541} INFO - Filling up the DagBag from /home/airflow/.local/lib/python3.7/site-packages/airflow/example_dags/example_branch_operator_decorator.py
[2023-08-07T17:10:19.538+0000] {processor.py:836} INFO - DAG(s) dict_keys(['example_branch_python_operator_decorator']) retrieved from /home/airflow/.local/lib/python3.7/site-packages/airflow/example_dags/example_branch_operator_decorator.py
[2023-08-07T17:10:19.559+0000] {logging_mixin.py:150} INFO - [2023-08-07T17:10:19.559+0000] {dag.py:2742} INFO - Sync 1 DAGs
[2023-08-07T17:10:19.582+0000] {logging_mixin.py:150} INFO - [2023-08-07T17:10:19.582+0000] {dag.py:3508} INFO - Setting next_dagrun for example_branch_python_operator_decorator to 2023-08-06T00:00:00+00:00, run_after=2023-08-07T00:00:00+00:00
[2023-08-07T17:10:19.601+0000] {processor.py:179} INFO - Processing /home/airflow/.local/lib/python3.7/site-packages/airflow/example_dags/example_branch_operator_decorator.py took 0.073 seconds
[2023-08-07T17:10:49.887+0000] {processor.py:157} INFO - Started process (PID=293) to work on /home/airflow/.local/lib/python3.7/site-packages/airflow/example_dags/example_branch_operator_decorator.py
[2023-08-07T17:10:49.887+0000] {processor.py:826} INFO - Processing file /home/airflow/.local/lib/python3.7/site-packages/airflow/example_dags/example_branch_operator_decorator.py for tasks to queue
[2023-08-07T17:10:49.888+0000] {logging_mixin.py:150} INFO - [2023-08-07T17:10:49.888+0000] {dagbag.py:541} INFO - Filling up the DagBag from /home/airflow/.local/lib/python3.7/site-packages/airflow/example_dags/example_branch_operator_decorator.py
[2023-08-07T17:10:49.895+0000] {processor.py:836} INFO - DAG(s) dict_keys(['example_branch_python_operator_decorator']) retrieved from /home/airflow/.local/lib/python3.7/site-packages/airflow/example_dags/example_branch_operator_decorator.py
[2023-08-07T17:10:49.929+0000] {logging_mixin.py:150} INFO - [2023-08-07T17:10:49.929+0000] {dag.py:2742} INFO - Sync 1 DAGs
[2023-08-07T17:10:49.960+0000] {logging_mixin.py:150} INFO - [2023-08-07T17:10:49.960+0000] {dag.py:3508} INFO - Setting next_dagrun for example_branch_python_operator_decorator to 2023-08-06T00:00:00+00:00, run_after=2023-08-07T00:00:00+00:00
[2023-08-07T17:10:49.977+0000] {processor.py:179} INFO - Processing /home/airflow/.local/lib/python3.7/site-packages/airflow/example_dags/example_branch_operator_decorator.py took 0.092 seconds
[2023-08-07T17:11:20.913+0000] {processor.py:157} INFO - Started process (PID=355) to work on /home/airflow/.local/lib/python3.7/site-packages/airflow/example_dags/example_branch_operator_decorator.py
[2023-08-07T17:11:20.914+0000] {processor.py:826} INFO - Processing file /home/airflow/.local/lib/python3.7/site-packages/airflow/example_dags/example_branch_operator_decorator.py for tasks to queue
[2023-08-07T17:11:20.914+0000] {logging_mixin.py:150} INFO - [2023-08-07T17:11:20.914+0000] {dagbag.py:541} INFO - Filling up the DagBag from /home/airflow/.local/lib/python3.7/site-packages/airflow/example_dags/example_branch_operator_decorator.py
[2023-08-07T17:11:20.921+0000] {processor.py:836} INFO - DAG(s) dict_keys(['example_branch_python_operator_decorator']) retrieved from /home/airflow/.local/lib/python3.7/site-packages/airflow/example_dags/example_branch_operator_decorator.py
[2023-08-07T17:11:20.942+0000] {logging_mixin.py:150} INFO - [2023-08-07T17:11:20.941+0000] {dag.py:2742} INFO - Sync 1 DAGs
[2023-08-07T17:11:20.963+0000] {logging_mixin.py:150} INFO - [2023-08-07T17:11:20.963+0000] {dag.py:3508} INFO - Setting next_dagrun for example_branch_python_operator_decorator to 2023-08-06T00:00:00+00:00, run_after=2023-08-07T00:00:00+00:00
[2023-08-07T17:11:20.979+0000] {processor.py:179} INFO - Processing /home/airflow/.local/lib/python3.7/site-packages/airflow/example_dags/example_branch_operator_decorator.py took 0.068 seconds
[2023-08-07T17:11:51.577+0000] {processor.py:157} INFO - Started process (PID=417) to work on /home/airflow/.local/lib/python3.7/site-packages/airflow/example_dags/example_branch_operator_decorator.py
[2023-08-07T17:11:51.578+0000] {processor.py:826} INFO - Processing file /home/airflow/.local/lib/python3.7/site-packages/airflow/example_dags/example_branch_operator_decorator.py for tasks to queue
[2023-08-07T17:11:51.579+0000] {logging_mixin.py:150} INFO - [2023-08-07T17:11:51.578+0000] {dagbag.py:541} INFO - Filling up the DagBag from /home/airflow/.local/lib/python3.7/site-packages/airflow/example_dags/example_branch_operator_decorator.py
[2023-08-07T17:11:51.593+0000] {processor.py:836} INFO - DAG(s) dict_keys(['example_branch_python_operator_decorator']) retrieved from /home/airflow/.local/lib/python3.7/site-packages/airflow/example_dags/example_branch_operator_decorator.py
[2023-08-07T17:11:51.614+0000] {logging_mixin.py:150} INFO - [2023-08-07T17:11:51.614+0000] {dag.py:2742} INFO - Sync 1 DAGs
[2023-08-07T17:11:51.638+0000] {logging_mixin.py:150} INFO - [2023-08-07T17:11:51.638+0000] {dag.py:3508} INFO - Setting next_dagrun for example_branch_python_operator_decorator to 2023-08-06T00:00:00+00:00, run_after=2023-08-07T00:00:00+00:00
[2023-08-07T17:11:51.656+0000] {processor.py:179} INFO - Processing /home/airflow/.local/lib/python3.7/site-packages/airflow/example_dags/example_branch_operator_decorator.py took 0.083 seconds
[2023-08-07T17:12:22.162+0000] {processor.py:157} INFO - Started process (PID=479) to work on /home/airflow/.local/lib/python3.7/site-packages/airflow/example_dags/example_branch_operator_decorator.py
[2023-08-07T17:12:22.163+0000] {processor.py:826} INFO - Processing file /home/airflow/.local/lib/python3.7/site-packages/airflow/example_dags/example_branch_operator_decorator.py for tasks to queue
[2023-08-07T17:12:22.163+0000] {logging_mixin.py:150} INFO - [2023-08-07T17:12:22.163+0000] {dagbag.py:541} INFO - Filling up the DagBag from /home/airflow/.local/lib/python3.7/site-packages/airflow/example_dags/example_branch_operator_decorator.py
[2023-08-07T17:12:22.171+0000] {processor.py:836} INFO - DAG(s) dict_keys(['example_branch_python_operator_decorator']) retrieved from /home/airflow/.local/lib/python3.7/site-packages/airflow/example_dags/example_branch_operator_decorator.py
[2023-08-07T17:12:22.192+0000] {logging_mixin.py:150} INFO - [2023-08-07T17:12:22.192+0000] {dag.py:2742} INFO - Sync 1 DAGs
[2023-08-07T17:12:22.215+0000] {logging_mixin.py:150} INFO - [2023-08-07T17:12:22.215+0000] {dag.py:3508} INFO - Setting next_dagrun for example_branch_python_operator_decorator to 2023-08-06T00:00:00+00:00, run_after=2023-08-07T00:00:00+00:00
[2023-08-07T17:12:22.233+0000] {processor.py:179} INFO - Processing /home/airflow/.local/lib/python3.7/site-packages/airflow/example_dags/example_branch_operator_decorator.py took 0.074 seconds
[2023-08-07T17:12:53.072+0000] {processor.py:157} INFO - Started process (PID=541) to work on /home/airflow/.local/lib/python3.7/site-packages/airflow/example_dags/example_branch_operator_decorator.py
[2023-08-07T17:12:53.072+0000] {processor.py:826} INFO - Processing file /home/airflow/.local/lib/python3.7/site-packages/airflow/example_dags/example_branch_operator_decorator.py for tasks to queue
[2023-08-07T17:12:53.073+0000] {logging_mixin.py:150} INFO - [2023-08-07T17:12:53.073+0000] {dagbag.py:541} INFO - Filling up the DagBag from /home/airflow/.local/lib/python3.7/site-packages/airflow/example_dags/example_branch_operator_decorator.py
[2023-08-07T17:12:53.080+0000] {processor.py:836} INFO - DAG(s) dict_keys(['example_branch_python_operator_decorator']) retrieved from /home/airflow/.local/lib/python3.7/site-packages/airflow/example_dags/example_branch_operator_decorator.py
[2023-08-07T17:12:53.102+0000] {logging_mixin.py:150} INFO - [2023-08-07T17:12:53.101+0000] {dag.py:2742} INFO - Sync 1 DAGs
[2023-08-07T17:12:53.125+0000] {logging_mixin.py:150} INFO - [2023-08-07T17:12:53.125+0000] {dag.py:3508} INFO - Setting next_dagrun for example_branch_python_operator_decorator to 2023-08-06T00:00:00+00:00, run_after=2023-08-07T00:00:00+00:00
[2023-08-07T17:12:53.142+0000] {processor.py:179} INFO - Processing /home/airflow/.local/lib/python3.7/site-packages/airflow/example_dags/example_branch_operator_decorator.py took 0.072 seconds
[2023-08-07T17:13:23.362+0000] {processor.py:157} INFO - Started process (PID=603) to work on /home/airflow/.local/lib/python3.7/site-packages/airflow/example_dags/example_branch_operator_decorator.py
[2023-08-07T17:13:23.364+0000] {processor.py:826} INFO - Processing file /home/airflow/.local/lib/python3.7/site-packages/airflow/example_dags/example_branch_operator_decorator.py for tasks to queue
[2023-08-07T17:13:23.365+0000] {logging_mixin.py:150} INFO - [2023-08-07T17:13:23.364+0000] {dagbag.py:541} INFO - Filling up the DagBag from /home/airflow/.local/lib/python3.7/site-packages/airflow/example_dags/example_branch_operator_decorator.py
[2023-08-07T17:13:23.381+0000] {processor.py:836} INFO - DAG(s) dict_keys(['example_branch_python_operator_decorator']) retrieved from /home/airflow/.local/lib/python3.7/site-packages/airflow/example_dags/example_branch_operator_decorator.py
[2023-08-07T17:13:23.411+0000] {logging_mixin.py:150} INFO - [2023-08-07T17:13:23.411+0000] {dag.py:2742} INFO - Sync 1 DAGs
[2023-08-07T17:13:23.435+0000] {logging_mixin.py:150} INFO - [2023-08-07T17:13:23.435+0000] {dag.py:3508} INFO - Setting next_dagrun for example_branch_python_operator_decorator to 2023-08-06T00:00:00+00:00, run_after=2023-08-07T00:00:00+00:00
[2023-08-07T17:13:23.452+0000] {processor.py:179} INFO - Processing /home/airflow/.local/lib/python3.7/site-packages/airflow/example_dags/example_branch_operator_decorator.py took 0.094 seconds
[2023-08-07T17:13:54.191+0000] {processor.py:157} INFO - Started process (PID=665) to work on /home/airflow/.local/lib/python3.7/site-packages/airflow/example_dags/example_branch_operator_decorator.py
[2023-08-07T17:13:54.192+0000] {processor.py:826} INFO - Processing file /home/airflow/.local/lib/python3.7/site-packages/airflow/example_dags/example_branch_operator_decorator.py for tasks to queue
[2023-08-07T17:13:54.192+0000] {logging_mixin.py:150} INFO - [2023-08-07T17:13:54.192+0000] {dagbag.py:541} INFO - Filling up the DagBag from /home/airflow/.local/lib/python3.7/site-packages/airflow/example_dags/example_branch_operator_decorator.py
[2023-08-07T17:13:54.199+0000] {processor.py:836} INFO - DAG(s) dict_keys(['example_branch_python_operator_decorator']) retrieved from /home/airflow/.local/lib/python3.7/site-packages/airflow/example_dags/example_branch_operator_decorator.py
[2023-08-07T17:13:54.222+0000] {logging_mixin.py:150} INFO - [2023-08-07T17:13:54.222+0000] {dag.py:2742} INFO - Sync 1 DAGs
[2023-08-07T17:13:54.246+0000] {logging_mixin.py:150} INFO - [2023-08-07T17:13:54.246+0000] {dag.py:3508} INFO - Setting next_dagrun for example_branch_python_operator_decorator to 2023-08-06T00:00:00+00:00, run_after=2023-08-07T00:00:00+00:00
[2023-08-07T17:13:54.264+0000] {processor.py:179} INFO - Processing /home/airflow/.local/lib/python3.7/site-packages/airflow/example_dags/example_branch_operator_decorator.py took 0.075 seconds
[2023-08-07T17:14:25.073+0000] {processor.py:157} INFO - Started process (PID=727) to work on /home/airflow/.local/lib/python3.7/site-packages/airflow/example_dags/example_branch_operator_decorator.py
[2023-08-07T17:14:25.074+0000] {processor.py:826} INFO - Processing file /home/airflow/.local/lib/python3.7/site-packages/airflow/example_dags/example_branch_operator_decorator.py for tasks to queue
[2023-08-07T17:14:25.075+0000] {logging_mixin.py:150} INFO - [2023-08-07T17:14:25.075+0000] {dagbag.py:541} INFO - Filling up the DagBag from /home/airflow/.local/lib/python3.7/site-packages/airflow/example_dags/example_branch_operator_decorator.py
[2023-08-07T17:14:25.090+0000] {processor.py:836} INFO - DAG(s) dict_keys(['example_branch_python_operator_decorator']) retrieved from /home/airflow/.local/lib/python3.7/site-packages/airflow/example_dags/example_branch_operator_decorator.py
[2023-08-07T17:14:25.126+0000] {logging_mixin.py:150} INFO - [2023-08-07T17:14:25.125+0000] {dag.py:2742} INFO - Sync 1 DAGs
[2023-08-07T17:14:25.152+0000] {logging_mixin.py:150} INFO - [2023-08-07T17:14:25.152+0000] {dag.py:3508} INFO - Setting next_dagrun for example_branch_python_operator_decorator to 2023-08-06T00:00:00+00:00, run_after=2023-08-07T00:00:00+00:00
[2023-08-07T17:14:25.174+0000] {processor.py:179} INFO - Processing /home/airflow/.local/lib/python3.7/site-packages/airflow/example_dags/example_branch_operator_decorator.py took 0.105 seconds
[2023-08-07T17:14:55.379+0000] {processor.py:157} INFO - Started process (PID=789) to work on /home/airflow/.local/lib/python3.7/site-packages/airflow/example_dags/example_branch_operator_decorator.py
[2023-08-07T17:14:55.380+0000] {processor.py:826} INFO - Processing file /home/airflow/.local/lib/python3.7/site-packages/airflow/example_dags/example_branch_operator_decorator.py for tasks to queue
[2023-08-07T17:14:55.381+0000] {logging_mixin.py:150} INFO - [2023-08-07T17:14:55.381+0000] {dagbag.py:541} INFO - Filling up the DagBag from /home/airflow/.local/lib/python3.7/site-packages/airflow/example_dags/example_branch_operator_decorator.py
[2023-08-07T17:14:55.388+0000] {processor.py:836} INFO - DAG(s) dict_keys(['example_branch_python_operator_decorator']) retrieved from /home/airflow/.local/lib/python3.7/site-packages/airflow/example_dags/example_branch_operator_decorator.py
[2023-08-07T17:14:55.411+0000] {logging_mixin.py:150} INFO - [2023-08-07T17:14:55.411+0000] {dag.py:2742} INFO - Sync 1 DAGs
[2023-08-07T17:14:55.436+0000] {logging_mixin.py:150} INFO - [2023-08-07T17:14:55.435+0000] {dag.py:3508} INFO - Setting next_dagrun for example_branch_python_operator_decorator to 2023-08-06T00:00:00+00:00, run_after=2023-08-07T00:00:00+00:00
[2023-08-07T17:14:55.453+0000] {processor.py:179} INFO - Processing /home/airflow/.local/lib/python3.7/site-packages/airflow/example_dags/example_branch_operator_decorator.py took 0.076 seconds
[2023-08-07T17:15:25.529+0000] {processor.py:157} INFO - Started process (PID=851) to work on /home/airflow/.local/lib/python3.7/site-packages/airflow/example_dags/example_branch_operator_decorator.py
[2023-08-07T17:15:25.530+0000] {processor.py:826} INFO - Processing file /home/airflow/.local/lib/python3.7/site-packages/airflow/example_dags/example_branch_operator_decorator.py for tasks to queue
[2023-08-07T17:15:25.530+0000] {logging_mixin.py:150} INFO - [2023-08-07T17:15:25.530+0000] {dagbag.py:541} INFO - Filling up the DagBag from /home/airflow/.local/lib/python3.7/site-packages/airflow/example_dags/example_branch_operator_decorator.py
[2023-08-07T17:15:25.538+0000] {processor.py:836} INFO - DAG(s) dict_keys(['example_branch_python_operator_decorator']) retrieved from /home/airflow/.local/lib/python3.7/site-packages/airflow/example_dags/example_branch_operator_decorator.py
[2023-08-07T17:15:25.572+0000] {logging_mixin.py:150} INFO - [2023-08-07T17:15:25.572+0000] {dag.py:2742} INFO - Sync 1 DAGs
[2023-08-07T17:15:25.601+0000] {logging_mixin.py:150} INFO - [2023-08-07T17:15:25.601+0000] {dag.py:3508} INFO - Setting next_dagrun for example_branch_python_operator_decorator to 2023-08-06T00:00:00+00:00, run_after=2023-08-07T00:00:00+00:00
[2023-08-07T17:15:25.621+0000] {processor.py:179} INFO - Processing /home/airflow/.local/lib/python3.7/site-packages/airflow/example_dags/example_branch_operator_decorator.py took 0.094 seconds
[2023-08-07T17:15:55.811+0000] {processor.py:157} INFO - Started process (PID=913) to work on /home/airflow/.local/lib/python3.7/site-packages/airflow/example_dags/example_branch_operator_decorator.py
[2023-08-07T17:15:55.812+0000] {processor.py:826} INFO - Processing file /home/airflow/.local/lib/python3.7/site-packages/airflow/example_dags/example_branch_operator_decorator.py for tasks to queue
[2023-08-07T17:15:55.812+0000] {logging_mixin.py:150} INFO - [2023-08-07T17:15:55.812+0000] {dagbag.py:541} INFO - Filling up the DagBag from /home/airflow/.local/lib/python3.7/site-packages/airflow/example_dags/example_branch_operator_decorator.py
[2023-08-07T17:15:55.819+0000] {processor.py:836} INFO - DAG(s) dict_keys(['example_branch_python_operator_decorator']) retrieved from /home/airflow/.local/lib/python3.7/site-packages/airflow/example_dags/example_branch_operator_decorator.py
[2023-08-07T17:15:55.839+0000] {logging_mixin.py:150} INFO - [2023-08-07T17:15:55.839+0000] {dag.py:2742} INFO - Sync 1 DAGs
[2023-08-07T17:15:55.864+0000] {logging_mixin.py:150} INFO - [2023-08-07T17:15:55.863+0000] {dag.py:3508} INFO - Setting next_dagrun for example_branch_python_operator_decorator to 2023-08-06T00:00:00+00:00, run_after=2023-08-07T00:00:00+00:00
[2023-08-07T17:15:55.880+0000] {processor.py:179} INFO - Processing /home/airflow/.local/lib/python3.7/site-packages/airflow/example_dags/example_branch_operator_decorator.py took 0.071 seconds
[2023-08-07T17:16:26.451+0000] {processor.py:157} INFO - Started process (PID=975) to work on /home/airflow/.local/lib/python3.7/site-packages/airflow/example_dags/example_branch_operator_decorator.py
[2023-08-07T17:16:26.451+0000] {processor.py:826} INFO - Processing file /home/airflow/.local/lib/python3.7/site-packages/airflow/example_dags/example_branch_operator_decorator.py for tasks to queue
[2023-08-07T17:16:26.452+0000] {logging_mixin.py:150} INFO - [2023-08-07T17:16:26.452+0000] {dagbag.py:541} INFO - Filling up the DagBag from /home/airflow/.local/lib/python3.7/site-packages/airflow/example_dags/example_branch_operator_decorator.py
[2023-08-07T17:16:26.460+0000] {processor.py:836} INFO - DAG(s) dict_keys(['example_branch_python_operator_decorator']) retrieved from /home/airflow/.local/lib/python3.7/site-packages/airflow/example_dags/example_branch_operator_decorator.py
[2023-08-07T17:16:26.480+0000] {logging_mixin.py:150} INFO - [2023-08-07T17:16:26.480+0000] {dag.py:2742} INFO - Sync 1 DAGs
[2023-08-07T17:16:26.504+0000] {logging_mixin.py:150} INFO - [2023-08-07T17:16:26.504+0000] {dag.py:3508} INFO - Setting next_dagrun for example_branch_python_operator_decorator to 2023-08-06T00:00:00+00:00, run_after=2023-08-07T00:00:00+00:00
[2023-08-07T17:16:26.521+0000] {processor.py:179} INFO - Processing /home/airflow/.local/lib/python3.7/site-packages/airflow/example_dags/example_branch_operator_decorator.py took 0.073 seconds
[2023-08-07T17:41:14.170+0000] {processor.py:157} INFO - Started process (PID=44) to work on /home/airflow/.local/lib/python3.7/site-packages/airflow/example_dags/example_branch_operator_decorator.py
[2023-08-07T17:41:14.171+0000] {processor.py:826} INFO - Processing file /home/airflow/.local/lib/python3.7/site-packages/airflow/example_dags/example_branch_operator_decorator.py for tasks to queue
[2023-08-07T17:41:14.172+0000] {logging_mixin.py:150} INFO - [2023-08-07T17:41:14.172+0000] {dagbag.py:541} INFO - Filling up the DagBag from /home/airflow/.local/lib/python3.7/site-packages/airflow/example_dags/example_branch_operator_decorator.py
[2023-08-07T17:41:14.187+0000] {processor.py:836} INFO - DAG(s) dict_keys(['example_branch_python_operator_decorator']) retrieved from /home/airflow/.local/lib/python3.7/site-packages/airflow/example_dags/example_branch_operator_decorator.py
[2023-08-07T17:41:14.199+0000] {logging_mixin.py:150} INFO - [2023-08-07T17:41:14.199+0000] {dag.py:2742} INFO - Sync 1 DAGs
[2023-08-07T17:41:14.232+0000] {logging_mixin.py:150} INFO - [2023-08-07T17:41:14.232+0000] {dag.py:3508} INFO - Setting next_dagrun for example_branch_python_operator_decorator to 2023-08-06T00:00:00+00:00, run_after=2023-08-07T00:00:00+00:00
[2023-08-07T17:41:14.266+0000] {processor.py:179} INFO - Processing /home/airflow/.local/lib/python3.7/site-packages/airflow/example_dags/example_branch_operator_decorator.py took 0.099 seconds
[2023-08-07T17:41:44.882+0000] {processor.py:157} INFO - Started process (PID=106) to work on /home/airflow/.local/lib/python3.7/site-packages/airflow/example_dags/example_branch_operator_decorator.py
[2023-08-07T17:41:44.883+0000] {processor.py:826} INFO - Processing file /home/airflow/.local/lib/python3.7/site-packages/airflow/example_dags/example_branch_operator_decorator.py for tasks to queue
[2023-08-07T17:41:44.883+0000] {logging_mixin.py:150} INFO - [2023-08-07T17:41:44.883+0000] {dagbag.py:541} INFO - Filling up the DagBag from /home/airflow/.local/lib/python3.7/site-packages/airflow/example_dags/example_branch_operator_decorator.py
[2023-08-07T17:41:44.891+0000] {processor.py:836} INFO - DAG(s) dict_keys(['example_branch_python_operator_decorator']) retrieved from /home/airflow/.local/lib/python3.7/site-packages/airflow/example_dags/example_branch_operator_decorator.py
[2023-08-07T17:41:44.913+0000] {logging_mixin.py:150} INFO - [2023-08-07T17:41:44.913+0000] {dag.py:2742} INFO - Sync 1 DAGs
[2023-08-07T17:41:44.938+0000] {logging_mixin.py:150} INFO - [2023-08-07T17:41:44.937+0000] {dag.py:3508} INFO - Setting next_dagrun for example_branch_python_operator_decorator to 2023-08-06T00:00:00+00:00, run_after=2023-08-07T00:00:00+00:00
[2023-08-07T17:41:44.960+0000] {processor.py:179} INFO - Processing /home/airflow/.local/lib/python3.7/site-packages/airflow/example_dags/example_branch_operator_decorator.py took 0.080 seconds
[2023-08-07T17:42:15.618+0000] {processor.py:157} INFO - Started process (PID=168) to work on /home/airflow/.local/lib/python3.7/site-packages/airflow/example_dags/example_branch_operator_decorator.py
[2023-08-07T17:42:15.618+0000] {processor.py:826} INFO - Processing file /home/airflow/.local/lib/python3.7/site-packages/airflow/example_dags/example_branch_operator_decorator.py for tasks to queue
[2023-08-07T17:42:15.619+0000] {logging_mixin.py:150} INFO - [2023-08-07T17:42:15.619+0000] {dagbag.py:541} INFO - Filling up the DagBag from /home/airflow/.local/lib/python3.7/site-packages/airflow/example_dags/example_branch_operator_decorator.py
[2023-08-07T17:42:15.634+0000] {processor.py:836} INFO - DAG(s) dict_keys(['example_branch_python_operator_decorator']) retrieved from /home/airflow/.local/lib/python3.7/site-packages/airflow/example_dags/example_branch_operator_decorator.py
[2023-08-07T17:42:15.661+0000] {logging_mixin.py:150} INFO - [2023-08-07T17:42:15.661+0000] {dag.py:2742} INFO - Sync 1 DAGs
[2023-08-07T17:42:15.685+0000] {logging_mixin.py:150} INFO - [2023-08-07T17:42:15.685+0000] {dag.py:3508} INFO - Setting next_dagrun for example_branch_python_operator_decorator to 2023-08-06T00:00:00+00:00, run_after=2023-08-07T00:00:00+00:00
[2023-08-07T17:42:15.702+0000] {processor.py:179} INFO - Processing /home/airflow/.local/lib/python3.7/site-packages/airflow/example_dags/example_branch_operator_decorator.py took 0.088 seconds
[2023-08-07T17:42:46.544+0000] {processor.py:157} INFO - Started process (PID=230) to work on /home/airflow/.local/lib/python3.7/site-packages/airflow/example_dags/example_branch_operator_decorator.py
[2023-08-07T17:42:46.545+0000] {processor.py:826} INFO - Processing file /home/airflow/.local/lib/python3.7/site-packages/airflow/example_dags/example_branch_operator_decorator.py for tasks to queue
[2023-08-07T17:42:46.545+0000] {logging_mixin.py:150} INFO - [2023-08-07T17:42:46.545+0000] {dagbag.py:541} INFO - Filling up the DagBag from /home/airflow/.local/lib/python3.7/site-packages/airflow/example_dags/example_branch_operator_decorator.py
[2023-08-07T17:42:46.552+0000] {processor.py:836} INFO - DAG(s) dict_keys(['example_branch_python_operator_decorator']) retrieved from /home/airflow/.local/lib/python3.7/site-packages/airflow/example_dags/example_branch_operator_decorator.py
[2023-08-07T17:42:46.589+0000] {logging_mixin.py:150} INFO - [2023-08-07T17:42:46.589+0000] {dag.py:2742} INFO - Sync 1 DAGs
[2023-08-07T17:42:46.620+0000] {logging_mixin.py:150} INFO - [2023-08-07T17:42:46.619+0000] {dag.py:3508} INFO - Setting next_dagrun for example_branch_python_operator_decorator to 2023-08-06T00:00:00+00:00, run_after=2023-08-07T00:00:00+00:00
[2023-08-07T17:42:46.637+0000] {processor.py:179} INFO - Processing /home/airflow/.local/lib/python3.7/site-packages/airflow/example_dags/example_branch_operator_decorator.py took 0.095 seconds
[2023-08-07T17:43:17.527+0000] {processor.py:157} INFO - Started process (PID=293) to work on /home/airflow/.local/lib/python3.7/site-packages/airflow/example_dags/example_branch_operator_decorator.py
[2023-08-07T17:43:17.528+0000] {processor.py:826} INFO - Processing file /home/airflow/.local/lib/python3.7/site-packages/airflow/example_dags/example_branch_operator_decorator.py for tasks to queue
[2023-08-07T17:43:17.528+0000] {logging_mixin.py:150} INFO - [2023-08-07T17:43:17.528+0000] {dagbag.py:541} INFO - Filling up the DagBag from /home/airflow/.local/lib/python3.7/site-packages/airflow/example_dags/example_branch_operator_decorator.py
[2023-08-07T17:43:17.535+0000] {processor.py:836} INFO - DAG(s) dict_keys(['example_branch_python_operator_decorator']) retrieved from /home/airflow/.local/lib/python3.7/site-packages/airflow/example_dags/example_branch_operator_decorator.py
[2023-08-07T17:43:17.557+0000] {logging_mixin.py:150} INFO - [2023-08-07T17:43:17.557+0000] {dag.py:2742} INFO - Sync 1 DAGs
[2023-08-07T17:43:17.581+0000] {logging_mixin.py:150} INFO - [2023-08-07T17:43:17.581+0000] {dag.py:3508} INFO - Setting next_dagrun for example_branch_python_operator_decorator to 2023-08-06T00:00:00+00:00, run_after=2023-08-07T00:00:00+00:00
[2023-08-07T17:43:17.599+0000] {processor.py:179} INFO - Processing /home/airflow/.local/lib/python3.7/site-packages/airflow/example_dags/example_branch_operator_decorator.py took 0.074 seconds
[2023-08-07T17:43:47.627+0000] {processor.py:157} INFO - Started process (PID=355) to work on /home/airflow/.local/lib/python3.7/site-packages/airflow/example_dags/example_branch_operator_decorator.py
[2023-08-07T17:43:47.628+0000] {processor.py:826} INFO - Processing file /home/airflow/.local/lib/python3.7/site-packages/airflow/example_dags/example_branch_operator_decorator.py for tasks to queue
[2023-08-07T17:43:47.628+0000] {logging_mixin.py:150} INFO - [2023-08-07T17:43:47.628+0000] {dagbag.py:541} INFO - Filling up the DagBag from /home/airflow/.local/lib/python3.7/site-packages/airflow/example_dags/example_branch_operator_decorator.py
[2023-08-07T17:43:47.635+0000] {processor.py:836} INFO - DAG(s) dict_keys(['example_branch_python_operator_decorator']) retrieved from /home/airflow/.local/lib/python3.7/site-packages/airflow/example_dags/example_branch_operator_decorator.py
[2023-08-07T17:43:47.658+0000] {logging_mixin.py:150} INFO - [2023-08-07T17:43:47.657+0000] {dag.py:2742} INFO - Sync 1 DAGs
[2023-08-07T17:43:47.682+0000] {logging_mixin.py:150} INFO - [2023-08-07T17:43:47.681+0000] {dag.py:3508} INFO - Setting next_dagrun for example_branch_python_operator_decorator to 2023-08-06T00:00:00+00:00, run_after=2023-08-07T00:00:00+00:00
[2023-08-07T17:43:47.698+0000] {processor.py:179} INFO - Processing /home/airflow/.local/lib/python3.7/site-packages/airflow/example_dags/example_branch_operator_decorator.py took 0.073 seconds
[2023-08-07T18:11:00.683+0000] {processor.py:157} INFO - Started process (PID=45) to work on /home/airflow/.local/lib/python3.7/site-packages/airflow/example_dags/example_branch_operator_decorator.py
[2023-08-07T18:11:00.683+0000] {processor.py:826} INFO - Processing file /home/airflow/.local/lib/python3.7/site-packages/airflow/example_dags/example_branch_operator_decorator.py for tasks to queue
[2023-08-07T18:11:00.684+0000] {logging_mixin.py:150} INFO - [2023-08-07T18:11:00.684+0000] {dagbag.py:541} INFO - Filling up the DagBag from /home/airflow/.local/lib/python3.7/site-packages/airflow/example_dags/example_branch_operator_decorator.py
[2023-08-07T18:11:00.696+0000] {processor.py:836} INFO - DAG(s) dict_keys(['example_branch_python_operator_decorator']) retrieved from /home/airflow/.local/lib/python3.7/site-packages/airflow/example_dags/example_branch_operator_decorator.py
[2023-08-07T18:11:00.709+0000] {logging_mixin.py:150} INFO - [2023-08-07T18:11:00.709+0000] {dag.py:2742} INFO - Sync 1 DAGs
[2023-08-07T18:11:00.738+0000] {logging_mixin.py:150} INFO - [2023-08-07T18:11:00.738+0000] {dag.py:3508} INFO - Setting next_dagrun for example_branch_python_operator_decorator to 2023-08-06T00:00:00+00:00, run_after=2023-08-07T00:00:00+00:00
[2023-08-07T18:11:00.761+0000] {processor.py:179} INFO - Processing /home/airflow/.local/lib/python3.7/site-packages/airflow/example_dags/example_branch_operator_decorator.py took 0.081 seconds
