[2023-08-07T17:08:50.230+0000] {processor.py:157} INFO - Started process (PID=65) to work on /home/airflow/.local/lib/python3.7/site-packages/airflow/example_dags/example_latest_only.py
[2023-08-07T17:08:50.230+0000] {processor.py:826} INFO - Processing file /home/airflow/.local/lib/python3.7/site-packages/airflow/example_dags/example_latest_only.py for tasks to queue
[2023-08-07T17:08:50.231+0000] {logging_mixin.py:150} INFO - [2023-08-07T17:08:50.231+0000] {dagbag.py:541} INFO - Filling up the DagBag from /home/airflow/.local/lib/python3.7/site-packages/airflow/example_dags/example_latest_only.py
[2023-08-07T17:08:50.241+0000] {processor.py:836} INFO - DAG(s) dict_keys(['latest_only']) retrieved from /home/airflow/.local/lib/python3.7/site-packages/airflow/example_dags/example_latest_only.py
[2023-08-07T17:08:50.252+0000] {logging_mixin.py:150} INFO - [2023-08-07T17:08:50.252+0000] {dag.py:2742} INFO - Sync 1 DAGs
[2023-08-07T17:08:50.297+0000] {logging_mixin.py:150} INFO - [2023-08-07T17:08:50.297+0000] {dag.py:3508} INFO - Setting next_dagrun for latest_only to 2023-08-07T13:08:50.296958+00:00, run_after=2023-08-07T17:08:50.296958+00:00
[2023-08-07T17:08:50.335+0000] {processor.py:179} INFO - Processing /home/airflow/.local/lib/python3.7/site-packages/airflow/example_dags/example_latest_only.py took 0.108 seconds
[2023-08-07T17:09:20.751+0000] {processor.py:157} INFO - Started process (PID=127) to work on /home/airflow/.local/lib/python3.7/site-packages/airflow/example_dags/example_latest_only.py
[2023-08-07T17:09:20.751+0000] {processor.py:826} INFO - Processing file /home/airflow/.local/lib/python3.7/site-packages/airflow/example_dags/example_latest_only.py for tasks to queue
[2023-08-07T17:09:20.752+0000] {logging_mixin.py:150} INFO - [2023-08-07T17:09:20.752+0000] {dagbag.py:541} INFO - Filling up the DagBag from /home/airflow/.local/lib/python3.7/site-packages/airflow/example_dags/example_latest_only.py
[2023-08-07T17:09:20.756+0000] {processor.py:836} INFO - DAG(s) dict_keys(['latest_only']) retrieved from /home/airflow/.local/lib/python3.7/site-packages/airflow/example_dags/example_latest_only.py
[2023-08-07T17:09:20.776+0000] {logging_mixin.py:150} INFO - [2023-08-07T17:09:20.775+0000] {dag.py:2742} INFO - Sync 1 DAGs
[2023-08-07T17:09:20.802+0000] {logging_mixin.py:150} INFO - [2023-08-07T17:09:20.802+0000] {dag.py:3508} INFO - Setting next_dagrun for latest_only to 2023-08-07T13:09:20.802297+00:00, run_after=2023-08-07T17:09:20.802297+00:00
[2023-08-07T17:09:20.822+0000] {processor.py:179} INFO - Processing /home/airflow/.local/lib/python3.7/site-packages/airflow/example_dags/example_latest_only.py took 0.074 seconds
[2023-08-07T17:09:51.626+0000] {processor.py:157} INFO - Started process (PID=189) to work on /home/airflow/.local/lib/python3.7/site-packages/airflow/example_dags/example_latest_only.py
[2023-08-07T17:09:51.627+0000] {processor.py:826} INFO - Processing file /home/airflow/.local/lib/python3.7/site-packages/airflow/example_dags/example_latest_only.py for tasks to queue
[2023-08-07T17:09:51.628+0000] {logging_mixin.py:150} INFO - [2023-08-07T17:09:51.628+0000] {dagbag.py:541} INFO - Filling up the DagBag from /home/airflow/.local/lib/python3.7/site-packages/airflow/example_dags/example_latest_only.py
[2023-08-07T17:09:51.635+0000] {processor.py:836} INFO - DAG(s) dict_keys(['latest_only']) retrieved from /home/airflow/.local/lib/python3.7/site-packages/airflow/example_dags/example_latest_only.py
[2023-08-07T17:09:51.655+0000] {logging_mixin.py:150} INFO - [2023-08-07T17:09:51.655+0000] {dag.py:2742} INFO - Sync 1 DAGs
[2023-08-07T17:09:51.677+0000] {logging_mixin.py:150} INFO - [2023-08-07T17:09:51.677+0000] {dag.py:3508} INFO - Setting next_dagrun for latest_only to 2023-08-07T13:09:51.677440+00:00, run_after=2023-08-07T17:09:51.677440+00:00
[2023-08-07T17:09:51.695+0000] {processor.py:179} INFO - Processing /home/airflow/.local/lib/python3.7/site-packages/airflow/example_dags/example_latest_only.py took 0.073 seconds
[2023-08-07T17:10:21.847+0000] {processor.py:157} INFO - Started process (PID=251) to work on /home/airflow/.local/lib/python3.7/site-packages/airflow/example_dags/example_latest_only.py
[2023-08-07T17:10:21.848+0000] {processor.py:826} INFO - Processing file /home/airflow/.local/lib/python3.7/site-packages/airflow/example_dags/example_latest_only.py for tasks to queue
[2023-08-07T17:10:21.849+0000] {logging_mixin.py:150} INFO - [2023-08-07T17:10:21.848+0000] {dagbag.py:541} INFO - Filling up the DagBag from /home/airflow/.local/lib/python3.7/site-packages/airflow/example_dags/example_latest_only.py
[2023-08-07T17:10:21.856+0000] {processor.py:836} INFO - DAG(s) dict_keys(['latest_only']) retrieved from /home/airflow/.local/lib/python3.7/site-packages/airflow/example_dags/example_latest_only.py
[2023-08-07T17:10:21.888+0000] {logging_mixin.py:150} INFO - [2023-08-07T17:10:21.887+0000] {dag.py:2742} INFO - Sync 1 DAGs
[2023-08-07T17:10:21.914+0000] {logging_mixin.py:150} INFO - [2023-08-07T17:10:21.914+0000] {dag.py:3508} INFO - Setting next_dagrun for latest_only to 2023-08-07T13:10:21.914561+00:00, run_after=2023-08-07T17:10:21.914561+00:00
[2023-08-07T17:10:21.931+0000] {processor.py:179} INFO - Processing /home/airflow/.local/lib/python3.7/site-packages/airflow/example_dags/example_latest_only.py took 0.089 seconds
[2023-08-07T17:10:52.184+0000] {processor.py:157} INFO - Started process (PID=313) to work on /home/airflow/.local/lib/python3.7/site-packages/airflow/example_dags/example_latest_only.py
[2023-08-07T17:10:52.185+0000] {processor.py:826} INFO - Processing file /home/airflow/.local/lib/python3.7/site-packages/airflow/example_dags/example_latest_only.py for tasks to queue
[2023-08-07T17:10:52.186+0000] {logging_mixin.py:150} INFO - [2023-08-07T17:10:52.186+0000] {dagbag.py:541} INFO - Filling up the DagBag from /home/airflow/.local/lib/python3.7/site-packages/airflow/example_dags/example_latest_only.py
[2023-08-07T17:10:52.194+0000] {processor.py:836} INFO - DAG(s) dict_keys(['latest_only']) retrieved from /home/airflow/.local/lib/python3.7/site-packages/airflow/example_dags/example_latest_only.py
[2023-08-07T17:10:52.216+0000] {logging_mixin.py:150} INFO - [2023-08-07T17:10:52.216+0000] {dag.py:2742} INFO - Sync 1 DAGs
[2023-08-07T17:10:52.240+0000] {logging_mixin.py:150} INFO - [2023-08-07T17:10:52.239+0000] {dag.py:3508} INFO - Setting next_dagrun for latest_only to 2023-08-07T13:10:52.239680+00:00, run_after=2023-08-07T17:10:52.239680+00:00
[2023-08-07T17:10:52.257+0000] {processor.py:179} INFO - Processing /home/airflow/.local/lib/python3.7/site-packages/airflow/example_dags/example_latest_only.py took 0.079 seconds
[2023-08-07T17:11:23.142+0000] {processor.py:157} INFO - Started process (PID=375) to work on /home/airflow/.local/lib/python3.7/site-packages/airflow/example_dags/example_latest_only.py
[2023-08-07T17:11:23.142+0000] {processor.py:826} INFO - Processing file /home/airflow/.local/lib/python3.7/site-packages/airflow/example_dags/example_latest_only.py for tasks to queue
[2023-08-07T17:11:23.143+0000] {logging_mixin.py:150} INFO - [2023-08-07T17:11:23.143+0000] {dagbag.py:541} INFO - Filling up the DagBag from /home/airflow/.local/lib/python3.7/site-packages/airflow/example_dags/example_latest_only.py
[2023-08-07T17:11:23.147+0000] {processor.py:836} INFO - DAG(s) dict_keys(['latest_only']) retrieved from /home/airflow/.local/lib/python3.7/site-packages/airflow/example_dags/example_latest_only.py
[2023-08-07T17:11:23.166+0000] {logging_mixin.py:150} INFO - [2023-08-07T17:11:23.166+0000] {dag.py:2742} INFO - Sync 1 DAGs
[2023-08-07T17:11:23.188+0000] {logging_mixin.py:150} INFO - [2023-08-07T17:11:23.188+0000] {dag.py:3508} INFO - Setting next_dagrun for latest_only to 2023-08-07T13:11:23.188095+00:00, run_after=2023-08-07T17:11:23.188095+00:00
[2023-08-07T17:11:23.204+0000] {processor.py:179} INFO - Processing /home/airflow/.local/lib/python3.7/site-packages/airflow/example_dags/example_latest_only.py took 0.064 seconds
[2023-08-07T17:11:53.794+0000] {processor.py:157} INFO - Started process (PID=437) to work on /home/airflow/.local/lib/python3.7/site-packages/airflow/example_dags/example_latest_only.py
[2023-08-07T17:11:53.794+0000] {processor.py:826} INFO - Processing file /home/airflow/.local/lib/python3.7/site-packages/airflow/example_dags/example_latest_only.py for tasks to queue
[2023-08-07T17:11:53.795+0000] {logging_mixin.py:150} INFO - [2023-08-07T17:11:53.795+0000] {dagbag.py:541} INFO - Filling up the DagBag from /home/airflow/.local/lib/python3.7/site-packages/airflow/example_dags/example_latest_only.py
[2023-08-07T17:11:53.799+0000] {processor.py:836} INFO - DAG(s) dict_keys(['latest_only']) retrieved from /home/airflow/.local/lib/python3.7/site-packages/airflow/example_dags/example_latest_only.py
[2023-08-07T17:11:53.816+0000] {logging_mixin.py:150} INFO - [2023-08-07T17:11:53.816+0000] {dag.py:2742} INFO - Sync 1 DAGs
[2023-08-07T17:11:53.838+0000] {logging_mixin.py:150} INFO - [2023-08-07T17:11:53.838+0000] {dag.py:3508} INFO - Setting next_dagrun for latest_only to 2023-08-07T13:11:53.838009+00:00, run_after=2023-08-07T17:11:53.838009+00:00
[2023-08-07T17:11:53.857+0000] {processor.py:179} INFO - Processing /home/airflow/.local/lib/python3.7/site-packages/airflow/example_dags/example_latest_only.py took 0.065 seconds
[2023-08-07T17:12:24.610+0000] {processor.py:157} INFO - Started process (PID=499) to work on /home/airflow/.local/lib/python3.7/site-packages/airflow/example_dags/example_latest_only.py
[2023-08-07T17:12:24.611+0000] {processor.py:826} INFO - Processing file /home/airflow/.local/lib/python3.7/site-packages/airflow/example_dags/example_latest_only.py for tasks to queue
[2023-08-07T17:12:24.612+0000] {logging_mixin.py:150} INFO - [2023-08-07T17:12:24.612+0000] {dagbag.py:541} INFO - Filling up the DagBag from /home/airflow/.local/lib/python3.7/site-packages/airflow/example_dags/example_latest_only.py
[2023-08-07T17:12:24.619+0000] {processor.py:836} INFO - DAG(s) dict_keys(['latest_only']) retrieved from /home/airflow/.local/lib/python3.7/site-packages/airflow/example_dags/example_latest_only.py
[2023-08-07T17:12:24.643+0000] {logging_mixin.py:150} INFO - [2023-08-07T17:12:24.643+0000] {dag.py:2742} INFO - Sync 1 DAGs
[2023-08-07T17:12:24.665+0000] {logging_mixin.py:150} INFO - [2023-08-07T17:12:24.665+0000] {dag.py:3508} INFO - Setting next_dagrun for latest_only to 2023-08-07T13:12:24.665633+00:00, run_after=2023-08-07T17:12:24.665633+00:00
[2023-08-07T17:12:24.682+0000] {processor.py:179} INFO - Processing /home/airflow/.local/lib/python3.7/site-packages/airflow/example_dags/example_latest_only.py took 0.076 seconds
[2023-08-07T17:12:55.455+0000] {processor.py:157} INFO - Started process (PID=561) to work on /home/airflow/.local/lib/python3.7/site-packages/airflow/example_dags/example_latest_only.py
[2023-08-07T17:12:55.457+0000] {processor.py:826} INFO - Processing file /home/airflow/.local/lib/python3.7/site-packages/airflow/example_dags/example_latest_only.py for tasks to queue
[2023-08-07T17:12:55.458+0000] {logging_mixin.py:150} INFO - [2023-08-07T17:12:55.457+0000] {dagbag.py:541} INFO - Filling up the DagBag from /home/airflow/.local/lib/python3.7/site-packages/airflow/example_dags/example_latest_only.py
[2023-08-07T17:12:55.465+0000] {processor.py:836} INFO - DAG(s) dict_keys(['latest_only']) retrieved from /home/airflow/.local/lib/python3.7/site-packages/airflow/example_dags/example_latest_only.py
[2023-08-07T17:12:55.488+0000] {logging_mixin.py:150} INFO - [2023-08-07T17:12:55.488+0000] {dag.py:2742} INFO - Sync 1 DAGs
[2023-08-07T17:12:55.511+0000] {logging_mixin.py:150} INFO - [2023-08-07T17:12:55.511+0000] {dag.py:3508} INFO - Setting next_dagrun for latest_only to 2023-08-07T13:12:55.511264+00:00, run_after=2023-08-07T17:12:55.511264+00:00
[2023-08-07T17:12:55.529+0000] {processor.py:179} INFO - Processing /home/airflow/.local/lib/python3.7/site-packages/airflow/example_dags/example_latest_only.py took 0.079 seconds
[2023-08-07T17:13:25.650+0000] {processor.py:157} INFO - Started process (PID=623) to work on /home/airflow/.local/lib/python3.7/site-packages/airflow/example_dags/example_latest_only.py
[2023-08-07T17:13:25.651+0000] {processor.py:826} INFO - Processing file /home/airflow/.local/lib/python3.7/site-packages/airflow/example_dags/example_latest_only.py for tasks to queue
[2023-08-07T17:13:25.652+0000] {logging_mixin.py:150} INFO - [2023-08-07T17:13:25.652+0000] {dagbag.py:541} INFO - Filling up the DagBag from /home/airflow/.local/lib/python3.7/site-packages/airflow/example_dags/example_latest_only.py
[2023-08-07T17:13:25.657+0000] {processor.py:836} INFO - DAG(s) dict_keys(['latest_only']) retrieved from /home/airflow/.local/lib/python3.7/site-packages/airflow/example_dags/example_latest_only.py
[2023-08-07T17:13:25.678+0000] {logging_mixin.py:150} INFO - [2023-08-07T17:13:25.678+0000] {dag.py:2742} INFO - Sync 1 DAGs
[2023-08-07T17:13:25.702+0000] {logging_mixin.py:150} INFO - [2023-08-07T17:13:25.702+0000] {dag.py:3508} INFO - Setting next_dagrun for latest_only to 2023-08-07T13:13:25.702071+00:00, run_after=2023-08-07T17:13:25.702071+00:00
[2023-08-07T17:13:25.722+0000] {processor.py:179} INFO - Processing /home/airflow/.local/lib/python3.7/site-packages/airflow/example_dags/example_latest_only.py took 0.073 seconds
[2023-08-07T17:13:56.481+0000] {processor.py:157} INFO - Started process (PID=685) to work on /home/airflow/.local/lib/python3.7/site-packages/airflow/example_dags/example_latest_only.py
[2023-08-07T17:13:56.482+0000] {processor.py:826} INFO - Processing file /home/airflow/.local/lib/python3.7/site-packages/airflow/example_dags/example_latest_only.py for tasks to queue
[2023-08-07T17:13:56.483+0000] {logging_mixin.py:150} INFO - [2023-08-07T17:13:56.482+0000] {dagbag.py:541} INFO - Filling up the DagBag from /home/airflow/.local/lib/python3.7/site-packages/airflow/example_dags/example_latest_only.py
[2023-08-07T17:13:56.487+0000] {processor.py:836} INFO - DAG(s) dict_keys(['latest_only']) retrieved from /home/airflow/.local/lib/python3.7/site-packages/airflow/example_dags/example_latest_only.py
[2023-08-07T17:13:56.508+0000] {logging_mixin.py:150} INFO - [2023-08-07T17:13:56.508+0000] {dag.py:2742} INFO - Sync 1 DAGs
[2023-08-07T17:13:56.531+0000] {logging_mixin.py:150} INFO - [2023-08-07T17:13:56.531+0000] {dag.py:3508} INFO - Setting next_dagrun for latest_only to 2023-08-07T13:13:56.531562+00:00, run_after=2023-08-07T17:13:56.531562+00:00
[2023-08-07T17:13:56.554+0000] {processor.py:179} INFO - Processing /home/airflow/.local/lib/python3.7/site-packages/airflow/example_dags/example_latest_only.py took 0.075 seconds
[2023-08-07T17:14:27.290+0000] {processor.py:157} INFO - Started process (PID=747) to work on /home/airflow/.local/lib/python3.7/site-packages/airflow/example_dags/example_latest_only.py
[2023-08-07T17:14:27.291+0000] {processor.py:826} INFO - Processing file /home/airflow/.local/lib/python3.7/site-packages/airflow/example_dags/example_latest_only.py for tasks to queue
[2023-08-07T17:14:27.291+0000] {logging_mixin.py:150} INFO - [2023-08-07T17:14:27.291+0000] {dagbag.py:541} INFO - Filling up the DagBag from /home/airflow/.local/lib/python3.7/site-packages/airflow/example_dags/example_latest_only.py
[2023-08-07T17:14:27.295+0000] {processor.py:836} INFO - DAG(s) dict_keys(['latest_only']) retrieved from /home/airflow/.local/lib/python3.7/site-packages/airflow/example_dags/example_latest_only.py
[2023-08-07T17:14:27.313+0000] {logging_mixin.py:150} INFO - [2023-08-07T17:14:27.312+0000] {dag.py:2742} INFO - Sync 1 DAGs
[2023-08-07T17:14:27.338+0000] {logging_mixin.py:150} INFO - [2023-08-07T17:14:27.338+0000] {dag.py:3508} INFO - Setting next_dagrun for latest_only to 2023-08-07T13:14:27.338193+00:00, run_after=2023-08-07T17:14:27.338193+00:00
[2023-08-07T17:14:27.355+0000] {processor.py:179} INFO - Processing /home/airflow/.local/lib/python3.7/site-packages/airflow/example_dags/example_latest_only.py took 0.067 seconds
[2023-08-07T17:14:57.828+0000] {processor.py:157} INFO - Started process (PID=809) to work on /home/airflow/.local/lib/python3.7/site-packages/airflow/example_dags/example_latest_only.py
[2023-08-07T17:14:57.829+0000] {processor.py:826} INFO - Processing file /home/airflow/.local/lib/python3.7/site-packages/airflow/example_dags/example_latest_only.py for tasks to queue
[2023-08-07T17:14:57.831+0000] {logging_mixin.py:150} INFO - [2023-08-07T17:14:57.830+0000] {dagbag.py:541} INFO - Filling up the DagBag from /home/airflow/.local/lib/python3.7/site-packages/airflow/example_dags/example_latest_only.py
[2023-08-07T17:14:57.839+0000] {processor.py:836} INFO - DAG(s) dict_keys(['latest_only']) retrieved from /home/airflow/.local/lib/python3.7/site-packages/airflow/example_dags/example_latest_only.py
[2023-08-07T17:14:57.863+0000] {logging_mixin.py:150} INFO - [2023-08-07T17:14:57.862+0000] {dag.py:2742} INFO - Sync 1 DAGs
[2023-08-07T17:14:57.887+0000] {logging_mixin.py:150} INFO - [2023-08-07T17:14:57.887+0000] {dag.py:3508} INFO - Setting next_dagrun for latest_only to 2023-08-07T13:14:57.886865+00:00, run_after=2023-08-07T17:14:57.886865+00:00
[2023-08-07T17:14:57.906+0000] {processor.py:179} INFO - Processing /home/airflow/.local/lib/python3.7/site-packages/airflow/example_dags/example_latest_only.py took 0.082 seconds
[2023-08-07T17:15:28.803+0000] {processor.py:157} INFO - Started process (PID=871) to work on /home/airflow/.local/lib/python3.7/site-packages/airflow/example_dags/example_latest_only.py
[2023-08-07T17:15:28.804+0000] {processor.py:826} INFO - Processing file /home/airflow/.local/lib/python3.7/site-packages/airflow/example_dags/example_latest_only.py for tasks to queue
[2023-08-07T17:15:28.804+0000] {logging_mixin.py:150} INFO - [2023-08-07T17:15:28.804+0000] {dagbag.py:541} INFO - Filling up the DagBag from /home/airflow/.local/lib/python3.7/site-packages/airflow/example_dags/example_latest_only.py
[2023-08-07T17:15:28.808+0000] {processor.py:836} INFO - DAG(s) dict_keys(['latest_only']) retrieved from /home/airflow/.local/lib/python3.7/site-packages/airflow/example_dags/example_latest_only.py
[2023-08-07T17:15:28.830+0000] {logging_mixin.py:150} INFO - [2023-08-07T17:15:28.829+0000] {dag.py:2742} INFO - Sync 1 DAGs
[2023-08-07T17:15:28.852+0000] {logging_mixin.py:150} INFO - [2023-08-07T17:15:28.852+0000] {dag.py:3508} INFO - Setting next_dagrun for latest_only to 2023-08-07T13:15:28.852277+00:00, run_after=2023-08-07T17:15:28.852277+00:00
[2023-08-07T17:15:28.869+0000] {processor.py:179} INFO - Processing /home/airflow/.local/lib/python3.7/site-packages/airflow/example_dags/example_latest_only.py took 0.070 seconds
[2023-08-07T17:15:59.134+0000] {processor.py:157} INFO - Started process (PID=933) to work on /home/airflow/.local/lib/python3.7/site-packages/airflow/example_dags/example_latest_only.py
[2023-08-07T17:15:59.134+0000] {processor.py:826} INFO - Processing file /home/airflow/.local/lib/python3.7/site-packages/airflow/example_dags/example_latest_only.py for tasks to queue
[2023-08-07T17:15:59.136+0000] {logging_mixin.py:150} INFO - [2023-08-07T17:15:59.135+0000] {dagbag.py:541} INFO - Filling up the DagBag from /home/airflow/.local/lib/python3.7/site-packages/airflow/example_dags/example_latest_only.py
[2023-08-07T17:15:59.144+0000] {processor.py:836} INFO - DAG(s) dict_keys(['latest_only']) retrieved from /home/airflow/.local/lib/python3.7/site-packages/airflow/example_dags/example_latest_only.py
[2023-08-07T17:15:59.164+0000] {logging_mixin.py:150} INFO - [2023-08-07T17:15:59.164+0000] {dag.py:2742} INFO - Sync 1 DAGs
[2023-08-07T17:15:59.188+0000] {logging_mixin.py:150} INFO - [2023-08-07T17:15:59.187+0000] {dag.py:3508} INFO - Setting next_dagrun for latest_only to 2023-08-07T13:15:59.187696+00:00, run_after=2023-08-07T17:15:59.187696+00:00
[2023-08-07T17:15:59.206+0000] {processor.py:179} INFO - Processing /home/airflow/.local/lib/python3.7/site-packages/airflow/example_dags/example_latest_only.py took 0.077 seconds
[2023-08-07T17:16:29.623+0000] {processor.py:157} INFO - Started process (PID=995) to work on /home/airflow/.local/lib/python3.7/site-packages/airflow/example_dags/example_latest_only.py
[2023-08-07T17:16:29.624+0000] {processor.py:826} INFO - Processing file /home/airflow/.local/lib/python3.7/site-packages/airflow/example_dags/example_latest_only.py for tasks to queue
[2023-08-07T17:16:29.625+0000] {logging_mixin.py:150} INFO - [2023-08-07T17:16:29.625+0000] {dagbag.py:541} INFO - Filling up the DagBag from /home/airflow/.local/lib/python3.7/site-packages/airflow/example_dags/example_latest_only.py
[2023-08-07T17:16:29.633+0000] {processor.py:836} INFO - DAG(s) dict_keys(['latest_only']) retrieved from /home/airflow/.local/lib/python3.7/site-packages/airflow/example_dags/example_latest_only.py
[2023-08-07T17:16:29.655+0000] {logging_mixin.py:150} INFO - [2023-08-07T17:16:29.655+0000] {dag.py:2742} INFO - Sync 1 DAGs
[2023-08-07T17:16:29.676+0000] {logging_mixin.py:150} INFO - [2023-08-07T17:16:29.676+0000] {dag.py:3508} INFO - Setting next_dagrun for latest_only to 2023-08-07T13:16:29.676231+00:00, run_after=2023-08-07T17:16:29.676231+00:00
[2023-08-07T17:16:29.693+0000] {processor.py:179} INFO - Processing /home/airflow/.local/lib/python3.7/site-packages/airflow/example_dags/example_latest_only.py took 0.075 seconds
[2023-08-07T17:41:16.459+0000] {processor.py:157} INFO - Started process (PID=64) to work on /home/airflow/.local/lib/python3.7/site-packages/airflow/example_dags/example_latest_only.py
[2023-08-07T17:41:16.460+0000] {processor.py:826} INFO - Processing file /home/airflow/.local/lib/python3.7/site-packages/airflow/example_dags/example_latest_only.py for tasks to queue
[2023-08-07T17:41:16.461+0000] {logging_mixin.py:150} INFO - [2023-08-07T17:41:16.461+0000] {dagbag.py:541} INFO - Filling up the DagBag from /home/airflow/.local/lib/python3.7/site-packages/airflow/example_dags/example_latest_only.py
[2023-08-07T17:41:16.469+0000] {processor.py:836} INFO - DAG(s) dict_keys(['latest_only']) retrieved from /home/airflow/.local/lib/python3.7/site-packages/airflow/example_dags/example_latest_only.py
[2023-08-07T17:41:16.482+0000] {logging_mixin.py:150} INFO - [2023-08-07T17:41:16.481+0000] {dag.py:2742} INFO - Sync 1 DAGs
[2023-08-07T17:41:16.511+0000] {logging_mixin.py:150} INFO - [2023-08-07T17:41:16.510+0000] {dag.py:3508} INFO - Setting next_dagrun for latest_only to 2023-08-07T13:41:16.510517+00:00, run_after=2023-08-07T17:41:16.510517+00:00
[2023-08-07T17:41:16.532+0000] {processor.py:179} INFO - Processing /home/airflow/.local/lib/python3.7/site-packages/airflow/example_dags/example_latest_only.py took 0.075 seconds
[2023-08-07T17:41:47.074+0000] {processor.py:157} INFO - Started process (PID=126) to work on /home/airflow/.local/lib/python3.7/site-packages/airflow/example_dags/example_latest_only.py
[2023-08-07T17:41:47.075+0000] {processor.py:826} INFO - Processing file /home/airflow/.local/lib/python3.7/site-packages/airflow/example_dags/example_latest_only.py for tasks to queue
[2023-08-07T17:41:47.076+0000] {logging_mixin.py:150} INFO - [2023-08-07T17:41:47.076+0000] {dagbag.py:541} INFO - Filling up the DagBag from /home/airflow/.local/lib/python3.7/site-packages/airflow/example_dags/example_latest_only.py
[2023-08-07T17:41:47.084+0000] {processor.py:836} INFO - DAG(s) dict_keys(['latest_only']) retrieved from /home/airflow/.local/lib/python3.7/site-packages/airflow/example_dags/example_latest_only.py
[2023-08-07T17:41:47.118+0000] {logging_mixin.py:150} INFO - [2023-08-07T17:41:47.118+0000] {dag.py:2742} INFO - Sync 1 DAGs
[2023-08-07T17:41:47.142+0000] {logging_mixin.py:150} INFO - [2023-08-07T17:41:47.141+0000] {dag.py:3508} INFO - Setting next_dagrun for latest_only to 2023-08-07T13:41:47.141727+00:00, run_after=2023-08-07T17:41:47.141727+00:00
[2023-08-07T17:41:47.158+0000] {processor.py:179} INFO - Processing /home/airflow/.local/lib/python3.7/site-packages/airflow/example_dags/example_latest_only.py took 0.088 seconds
[2023-08-07T17:42:17.929+0000] {processor.py:157} INFO - Started process (PID=188) to work on /home/airflow/.local/lib/python3.7/site-packages/airflow/example_dags/example_latest_only.py
[2023-08-07T17:42:17.929+0000] {processor.py:826} INFO - Processing file /home/airflow/.local/lib/python3.7/site-packages/airflow/example_dags/example_latest_only.py for tasks to queue
[2023-08-07T17:42:17.930+0000] {logging_mixin.py:150} INFO - [2023-08-07T17:42:17.930+0000] {dagbag.py:541} INFO - Filling up the DagBag from /home/airflow/.local/lib/python3.7/site-packages/airflow/example_dags/example_latest_only.py
[2023-08-07T17:42:17.934+0000] {processor.py:836} INFO - DAG(s) dict_keys(['latest_only']) retrieved from /home/airflow/.local/lib/python3.7/site-packages/airflow/example_dags/example_latest_only.py
[2023-08-07T17:42:17.953+0000] {logging_mixin.py:150} INFO - [2023-08-07T17:42:17.953+0000] {dag.py:2742} INFO - Sync 1 DAGs
[2023-08-07T17:42:17.975+0000] {logging_mixin.py:150} INFO - [2023-08-07T17:42:17.975+0000] {dag.py:3508} INFO - Setting next_dagrun for latest_only to 2023-08-07T13:42:17.975021+00:00, run_after=2023-08-07T17:42:17.975021+00:00
[2023-08-07T17:42:17.993+0000] {processor.py:179} INFO - Processing /home/airflow/.local/lib/python3.7/site-packages/airflow/example_dags/example_latest_only.py took 0.066 seconds
[2023-08-07T17:42:48.833+0000] {processor.py:157} INFO - Started process (PID=250) to work on /home/airflow/.local/lib/python3.7/site-packages/airflow/example_dags/example_latest_only.py
[2023-08-07T17:42:48.833+0000] {processor.py:826} INFO - Processing file /home/airflow/.local/lib/python3.7/site-packages/airflow/example_dags/example_latest_only.py for tasks to queue
[2023-08-07T17:42:48.834+0000] {logging_mixin.py:150} INFO - [2023-08-07T17:42:48.834+0000] {dagbag.py:541} INFO - Filling up the DagBag from /home/airflow/.local/lib/python3.7/site-packages/airflow/example_dags/example_latest_only.py
[2023-08-07T17:42:48.838+0000] {processor.py:836} INFO - DAG(s) dict_keys(['latest_only']) retrieved from /home/airflow/.local/lib/python3.7/site-packages/airflow/example_dags/example_latest_only.py
[2023-08-07T17:42:48.859+0000] {logging_mixin.py:150} INFO - [2023-08-07T17:42:48.859+0000] {dag.py:2742} INFO - Sync 1 DAGs
[2023-08-07T17:42:48.882+0000] {logging_mixin.py:150} INFO - [2023-08-07T17:42:48.882+0000] {dag.py:3508} INFO - Setting next_dagrun for latest_only to 2023-08-07T13:42:48.882472+00:00, run_after=2023-08-07T17:42:48.882472+00:00
[2023-08-07T17:42:48.900+0000] {processor.py:179} INFO - Processing /home/airflow/.local/lib/python3.7/site-packages/airflow/example_dags/example_latest_only.py took 0.069 seconds
[2023-08-07T17:43:20.012+0000] {processor.py:157} INFO - Started process (PID=313) to work on /home/airflow/.local/lib/python3.7/site-packages/airflow/example_dags/example_latest_only.py
[2023-08-07T17:43:20.013+0000] {processor.py:826} INFO - Processing file /home/airflow/.local/lib/python3.7/site-packages/airflow/example_dags/example_latest_only.py for tasks to queue
[2023-08-07T17:43:20.015+0000] {logging_mixin.py:150} INFO - [2023-08-07T17:43:20.014+0000] {dagbag.py:541} INFO - Filling up the DagBag from /home/airflow/.local/lib/python3.7/site-packages/airflow/example_dags/example_latest_only.py
[2023-08-07T17:43:20.022+0000] {processor.py:836} INFO - DAG(s) dict_keys(['latest_only']) retrieved from /home/airflow/.local/lib/python3.7/site-packages/airflow/example_dags/example_latest_only.py
[2023-08-07T17:43:20.057+0000] {logging_mixin.py:150} INFO - [2023-08-07T17:43:20.056+0000] {dag.py:2742} INFO - Sync 1 DAGs
[2023-08-07T17:43:20.088+0000] {logging_mixin.py:150} INFO - [2023-08-07T17:43:20.088+0000] {dag.py:3508} INFO - Setting next_dagrun for latest_only to 2023-08-07T13:43:20.087950+00:00, run_after=2023-08-07T17:43:20.087950+00:00
[2023-08-07T17:43:20.108+0000] {processor.py:179} INFO - Processing /home/airflow/.local/lib/python3.7/site-packages/airflow/example_dags/example_latest_only.py took 0.100 seconds
[2023-08-07T18:11:02.969+0000] {processor.py:157} INFO - Started process (PID=65) to work on /home/airflow/.local/lib/python3.7/site-packages/airflow/example_dags/example_latest_only.py
[2023-08-07T18:11:02.971+0000] {processor.py:826} INFO - Processing file /home/airflow/.local/lib/python3.7/site-packages/airflow/example_dags/example_latest_only.py for tasks to queue
[2023-08-07T18:11:02.971+0000] {logging_mixin.py:150} INFO - [2023-08-07T18:11:02.971+0000] {dagbag.py:541} INFO - Filling up the DagBag from /home/airflow/.local/lib/python3.7/site-packages/airflow/example_dags/example_latest_only.py
[2023-08-07T18:11:02.981+0000] {processor.py:836} INFO - DAG(s) dict_keys(['latest_only']) retrieved from /home/airflow/.local/lib/python3.7/site-packages/airflow/example_dags/example_latest_only.py
[2023-08-07T18:11:03.001+0000] {logging_mixin.py:150} INFO - [2023-08-07T18:11:03.000+0000] {dag.py:2742} INFO - Sync 1 DAGs
[2023-08-07T18:11:03.033+0000] {logging_mixin.py:150} INFO - [2023-08-07T18:11:03.033+0000] {dag.py:3508} INFO - Setting next_dagrun for latest_only to 2023-08-07T14:11:03.033518+00:00, run_after=2023-08-07T18:11:03.033518+00:00
[2023-08-07T18:11:03.057+0000] {processor.py:179} INFO - Processing /home/airflow/.local/lib/python3.7/site-packages/airflow/example_dags/example_latest_only.py took 0.091 seconds
