[2023-08-07T17:08:47.580+0000] {processor.py:157} INFO - Started process (PID=38) to work on /home/airflow/.local/lib/python3.7/site-packages/airflow/example_dags/example_trigger_target_dag.py
[2023-08-07T17:08:47.580+0000] {processor.py:826} INFO - Processing file /home/airflow/.local/lib/python3.7/site-packages/airflow/example_dags/example_trigger_target_dag.py for tasks to queue
[2023-08-07T17:08:47.581+0000] {logging_mixin.py:150} INFO - [2023-08-07T17:08:47.581+0000] {dagbag.py:541} INFO - Filling up the DagBag from /home/airflow/.local/lib/python3.7/site-packages/airflow/example_dags/example_trigger_target_dag.py
[2023-08-07T17:08:47.600+0000] {processor.py:836} INFO - DAG(s) dict_keys(['example_trigger_target_dag']) retrieved from /home/airflow/.local/lib/python3.7/site-packages/airflow/example_dags/example_trigger_target_dag.py
[2023-08-07T17:08:47.615+0000] {logging_mixin.py:150} INFO - [2023-08-07T17:08:47.615+0000] {dag.py:2742} INFO - Sync 1 DAGs
[2023-08-07T17:08:47.657+0000] {logging_mixin.py:150} INFO - [2023-08-07T17:08:47.657+0000] {dag.py:3508} INFO - Setting next_dagrun for example_trigger_target_dag to None, run_after=None
[2023-08-07T17:08:47.680+0000] {processor.py:179} INFO - Processing /home/airflow/.local/lib/python3.7/site-packages/airflow/example_dags/example_trigger_target_dag.py took 0.110 seconds
[2023-08-07T17:09:18.316+0000] {processor.py:157} INFO - Started process (PID=100) to work on /home/airflow/.local/lib/python3.7/site-packages/airflow/example_dags/example_trigger_target_dag.py
[2023-08-07T17:09:18.317+0000] {processor.py:826} INFO - Processing file /home/airflow/.local/lib/python3.7/site-packages/airflow/example_dags/example_trigger_target_dag.py for tasks to queue
[2023-08-07T17:09:18.318+0000] {logging_mixin.py:150} INFO - [2023-08-07T17:09:18.317+0000] {dagbag.py:541} INFO - Filling up the DagBag from /home/airflow/.local/lib/python3.7/site-packages/airflow/example_dags/example_trigger_target_dag.py
[2023-08-07T17:09:18.321+0000] {processor.py:836} INFO - DAG(s) dict_keys(['example_trigger_target_dag']) retrieved from /home/airflow/.local/lib/python3.7/site-packages/airflow/example_dags/example_trigger_target_dag.py
[2023-08-07T17:09:18.340+0000] {logging_mixin.py:150} INFO - [2023-08-07T17:09:18.340+0000] {dag.py:2742} INFO - Sync 1 DAGs
[2023-08-07T17:09:18.363+0000] {logging_mixin.py:150} INFO - [2023-08-07T17:09:18.363+0000] {dag.py:3508} INFO - Setting next_dagrun for example_trigger_target_dag to None, run_after=None
[2023-08-07T17:09:18.379+0000] {processor.py:179} INFO - Processing /home/airflow/.local/lib/python3.7/site-packages/airflow/example_dags/example_trigger_target_dag.py took 0.065 seconds
[2023-08-07T17:09:48.889+0000] {processor.py:157} INFO - Started process (PID=162) to work on /home/airflow/.local/lib/python3.7/site-packages/airflow/example_dags/example_trigger_target_dag.py
[2023-08-07T17:09:48.890+0000] {processor.py:826} INFO - Processing file /home/airflow/.local/lib/python3.7/site-packages/airflow/example_dags/example_trigger_target_dag.py for tasks to queue
[2023-08-07T17:09:48.891+0000] {logging_mixin.py:150} INFO - [2023-08-07T17:09:48.891+0000] {dagbag.py:541} INFO - Filling up the DagBag from /home/airflow/.local/lib/python3.7/site-packages/airflow/example_dags/example_trigger_target_dag.py
[2023-08-07T17:09:48.899+0000] {processor.py:836} INFO - DAG(s) dict_keys(['example_trigger_target_dag']) retrieved from /home/airflow/.local/lib/python3.7/site-packages/airflow/example_dags/example_trigger_target_dag.py
[2023-08-07T17:09:48.934+0000] {logging_mixin.py:150} INFO - [2023-08-07T17:09:48.934+0000] {dag.py:2742} INFO - Sync 1 DAGs
[2023-08-07T17:09:48.955+0000] {logging_mixin.py:150} INFO - [2023-08-07T17:09:48.955+0000] {dag.py:3508} INFO - Setting next_dagrun for example_trigger_target_dag to None, run_after=None
[2023-08-07T17:09:48.970+0000] {processor.py:179} INFO - Processing /home/airflow/.local/lib/python3.7/site-packages/airflow/example_dags/example_trigger_target_dag.py took 0.086 seconds
[2023-08-07T17:10:19.206+0000] {processor.py:157} INFO - Started process (PID=224) to work on /home/airflow/.local/lib/python3.7/site-packages/airflow/example_dags/example_trigger_target_dag.py
[2023-08-07T17:10:19.207+0000] {processor.py:826} INFO - Processing file /home/airflow/.local/lib/python3.7/site-packages/airflow/example_dags/example_trigger_target_dag.py for tasks to queue
[2023-08-07T17:10:19.207+0000] {logging_mixin.py:150} INFO - [2023-08-07T17:10:19.207+0000] {dagbag.py:541} INFO - Filling up the DagBag from /home/airflow/.local/lib/python3.7/site-packages/airflow/example_dags/example_trigger_target_dag.py
[2023-08-07T17:10:19.211+0000] {processor.py:836} INFO - DAG(s) dict_keys(['example_trigger_target_dag']) retrieved from /home/airflow/.local/lib/python3.7/site-packages/airflow/example_dags/example_trigger_target_dag.py
[2023-08-07T17:10:19.231+0000] {logging_mixin.py:150} INFO - [2023-08-07T17:10:19.230+0000] {dag.py:2742} INFO - Sync 1 DAGs
[2023-08-07T17:10:19.254+0000] {logging_mixin.py:150} INFO - [2023-08-07T17:10:19.254+0000] {dag.py:3508} INFO - Setting next_dagrun for example_trigger_target_dag to None, run_after=None
[2023-08-07T17:10:19.272+0000] {processor.py:179} INFO - Processing /home/airflow/.local/lib/python3.7/site-packages/airflow/example_dags/example_trigger_target_dag.py took 0.068 seconds
[2023-08-07T17:10:49.519+0000] {processor.py:157} INFO - Started process (PID=286) to work on /home/airflow/.local/lib/python3.7/site-packages/airflow/example_dags/example_trigger_target_dag.py
[2023-08-07T17:10:49.520+0000] {processor.py:826} INFO - Processing file /home/airflow/.local/lib/python3.7/site-packages/airflow/example_dags/example_trigger_target_dag.py for tasks to queue
[2023-08-07T17:10:49.521+0000] {logging_mixin.py:150} INFO - [2023-08-07T17:10:49.521+0000] {dagbag.py:541} INFO - Filling up the DagBag from /home/airflow/.local/lib/python3.7/site-packages/airflow/example_dags/example_trigger_target_dag.py
[2023-08-07T17:10:49.529+0000] {processor.py:836} INFO - DAG(s) dict_keys(['example_trigger_target_dag']) retrieved from /home/airflow/.local/lib/python3.7/site-packages/airflow/example_dags/example_trigger_target_dag.py
[2023-08-07T17:10:49.551+0000] {logging_mixin.py:150} INFO - [2023-08-07T17:10:49.550+0000] {dag.py:2742} INFO - Sync 1 DAGs
[2023-08-07T17:10:49.573+0000] {logging_mixin.py:150} INFO - [2023-08-07T17:10:49.573+0000] {dag.py:3508} INFO - Setting next_dagrun for example_trigger_target_dag to None, run_after=None
[2023-08-07T17:10:49.590+0000] {processor.py:179} INFO - Processing /home/airflow/.local/lib/python3.7/site-packages/airflow/example_dags/example_trigger_target_dag.py took 0.074 seconds
[2023-08-07T17:11:20.607+0000] {processor.py:157} INFO - Started process (PID=348) to work on /home/airflow/.local/lib/python3.7/site-packages/airflow/example_dags/example_trigger_target_dag.py
[2023-08-07T17:11:20.607+0000] {processor.py:826} INFO - Processing file /home/airflow/.local/lib/python3.7/site-packages/airflow/example_dags/example_trigger_target_dag.py for tasks to queue
[2023-08-07T17:11:20.608+0000] {logging_mixin.py:150} INFO - [2023-08-07T17:11:20.608+0000] {dagbag.py:541} INFO - Filling up the DagBag from /home/airflow/.local/lib/python3.7/site-packages/airflow/example_dags/example_trigger_target_dag.py
[2023-08-07T17:11:20.612+0000] {processor.py:836} INFO - DAG(s) dict_keys(['example_trigger_target_dag']) retrieved from /home/airflow/.local/lib/python3.7/site-packages/airflow/example_dags/example_trigger_target_dag.py
[2023-08-07T17:11:20.642+0000] {logging_mixin.py:150} INFO - [2023-08-07T17:11:20.642+0000] {dag.py:2742} INFO - Sync 1 DAGs
[2023-08-07T17:11:20.676+0000] {logging_mixin.py:150} INFO - [2023-08-07T17:11:20.676+0000] {dag.py:3508} INFO - Setting next_dagrun for example_trigger_target_dag to None, run_after=None
[2023-08-07T17:11:20.692+0000] {processor.py:179} INFO - Processing /home/airflow/.local/lib/python3.7/site-packages/airflow/example_dags/example_trigger_target_dag.py took 0.088 seconds
[2023-08-07T17:11:51.184+0000] {processor.py:157} INFO - Started process (PID=410) to work on /home/airflow/.local/lib/python3.7/site-packages/airflow/example_dags/example_trigger_target_dag.py
[2023-08-07T17:11:51.184+0000] {processor.py:826} INFO - Processing file /home/airflow/.local/lib/python3.7/site-packages/airflow/example_dags/example_trigger_target_dag.py for tasks to queue
[2023-08-07T17:11:51.185+0000] {logging_mixin.py:150} INFO - [2023-08-07T17:11:51.185+0000] {dagbag.py:541} INFO - Filling up the DagBag from /home/airflow/.local/lib/python3.7/site-packages/airflow/example_dags/example_trigger_target_dag.py
[2023-08-07T17:11:51.188+0000] {processor.py:836} INFO - DAG(s) dict_keys(['example_trigger_target_dag']) retrieved from /home/airflow/.local/lib/python3.7/site-packages/airflow/example_dags/example_trigger_target_dag.py
[2023-08-07T17:11:51.224+0000] {logging_mixin.py:150} INFO - [2023-08-07T17:11:51.224+0000] {dag.py:2742} INFO - Sync 1 DAGs
[2023-08-07T17:11:51.255+0000] {logging_mixin.py:150} INFO - [2023-08-07T17:11:51.255+0000] {dag.py:3508} INFO - Setting next_dagrun for example_trigger_target_dag to None, run_after=None
[2023-08-07T17:11:51.273+0000] {processor.py:179} INFO - Processing /home/airflow/.local/lib/python3.7/site-packages/airflow/example_dags/example_trigger_target_dag.py took 0.091 seconds
[2023-08-07T17:12:21.876+0000] {processor.py:157} INFO - Started process (PID=472) to work on /home/airflow/.local/lib/python3.7/site-packages/airflow/example_dags/example_trigger_target_dag.py
[2023-08-07T17:12:21.877+0000] {processor.py:826} INFO - Processing file /home/airflow/.local/lib/python3.7/site-packages/airflow/example_dags/example_trigger_target_dag.py for tasks to queue
[2023-08-07T17:12:21.878+0000] {logging_mixin.py:150} INFO - [2023-08-07T17:12:21.877+0000] {dagbag.py:541} INFO - Filling up the DagBag from /home/airflow/.local/lib/python3.7/site-packages/airflow/example_dags/example_trigger_target_dag.py
[2023-08-07T17:12:21.884+0000] {processor.py:836} INFO - DAG(s) dict_keys(['example_trigger_target_dag']) retrieved from /home/airflow/.local/lib/python3.7/site-packages/airflow/example_dags/example_trigger_target_dag.py
[2023-08-07T17:12:21.904+0000] {logging_mixin.py:150} INFO - [2023-08-07T17:12:21.903+0000] {dag.py:2742} INFO - Sync 1 DAGs
[2023-08-07T17:12:21.926+0000] {logging_mixin.py:150} INFO - [2023-08-07T17:12:21.926+0000] {dag.py:3508} INFO - Setting next_dagrun for example_trigger_target_dag to None, run_after=None
[2023-08-07T17:12:21.944+0000] {processor.py:179} INFO - Processing /home/airflow/.local/lib/python3.7/site-packages/airflow/example_dags/example_trigger_target_dag.py took 0.073 seconds
[2023-08-07T17:12:52.784+0000] {processor.py:157} INFO - Started process (PID=534) to work on /home/airflow/.local/lib/python3.7/site-packages/airflow/example_dags/example_trigger_target_dag.py
[2023-08-07T17:12:52.785+0000] {processor.py:826} INFO - Processing file /home/airflow/.local/lib/python3.7/site-packages/airflow/example_dags/example_trigger_target_dag.py for tasks to queue
[2023-08-07T17:12:52.785+0000] {logging_mixin.py:150} INFO - [2023-08-07T17:12:52.785+0000] {dagbag.py:541} INFO - Filling up the DagBag from /home/airflow/.local/lib/python3.7/site-packages/airflow/example_dags/example_trigger_target_dag.py
[2023-08-07T17:12:52.789+0000] {processor.py:836} INFO - DAG(s) dict_keys(['example_trigger_target_dag']) retrieved from /home/airflow/.local/lib/python3.7/site-packages/airflow/example_dags/example_trigger_target_dag.py
[2023-08-07T17:12:52.807+0000] {logging_mixin.py:150} INFO - [2023-08-07T17:12:52.807+0000] {dag.py:2742} INFO - Sync 1 DAGs
[2023-08-07T17:12:52.831+0000] {logging_mixin.py:150} INFO - [2023-08-07T17:12:52.831+0000] {dag.py:3508} INFO - Setting next_dagrun for example_trigger_target_dag to None, run_after=None
[2023-08-07T17:12:52.848+0000] {processor.py:179} INFO - Processing /home/airflow/.local/lib/python3.7/site-packages/airflow/example_dags/example_trigger_target_dag.py took 0.066 seconds
[2023-08-07T17:13:22.990+0000] {processor.py:157} INFO - Started process (PID=596) to work on /home/airflow/.local/lib/python3.7/site-packages/airflow/example_dags/example_trigger_target_dag.py
[2023-08-07T17:13:22.991+0000] {processor.py:826} INFO - Processing file /home/airflow/.local/lib/python3.7/site-packages/airflow/example_dags/example_trigger_target_dag.py for tasks to queue
[2023-08-07T17:13:22.992+0000] {logging_mixin.py:150} INFO - [2023-08-07T17:13:22.992+0000] {dagbag.py:541} INFO - Filling up the DagBag from /home/airflow/.local/lib/python3.7/site-packages/airflow/example_dags/example_trigger_target_dag.py
[2023-08-07T17:13:23.000+0000] {processor.py:836} INFO - DAG(s) dict_keys(['example_trigger_target_dag']) retrieved from /home/airflow/.local/lib/python3.7/site-packages/airflow/example_dags/example_trigger_target_dag.py
[2023-08-07T17:13:23.022+0000] {logging_mixin.py:150} INFO - [2023-08-07T17:13:23.022+0000] {dag.py:2742} INFO - Sync 1 DAGs
[2023-08-07T17:13:23.044+0000] {logging_mixin.py:150} INFO - [2023-08-07T17:13:23.044+0000] {dag.py:3508} INFO - Setting next_dagrun for example_trigger_target_dag to None, run_after=None
[2023-08-07T17:13:23.063+0000] {processor.py:179} INFO - Processing /home/airflow/.local/lib/python3.7/site-packages/airflow/example_dags/example_trigger_target_dag.py took 0.078 seconds
[2023-08-07T17:13:53.866+0000] {processor.py:157} INFO - Started process (PID=658) to work on /home/airflow/.local/lib/python3.7/site-packages/airflow/example_dags/example_trigger_target_dag.py
[2023-08-07T17:13:53.867+0000] {processor.py:826} INFO - Processing file /home/airflow/.local/lib/python3.7/site-packages/airflow/example_dags/example_trigger_target_dag.py for tasks to queue
[2023-08-07T17:13:53.868+0000] {logging_mixin.py:150} INFO - [2023-08-07T17:13:53.868+0000] {dagbag.py:541} INFO - Filling up the DagBag from /home/airflow/.local/lib/python3.7/site-packages/airflow/example_dags/example_trigger_target_dag.py
[2023-08-07T17:13:53.876+0000] {processor.py:836} INFO - DAG(s) dict_keys(['example_trigger_target_dag']) retrieved from /home/airflow/.local/lib/python3.7/site-packages/airflow/example_dags/example_trigger_target_dag.py
[2023-08-07T17:13:53.915+0000] {logging_mixin.py:150} INFO - [2023-08-07T17:13:53.915+0000] {dag.py:2742} INFO - Sync 1 DAGs
[2023-08-07T17:13:53.939+0000] {logging_mixin.py:150} INFO - [2023-08-07T17:13:53.939+0000] {dag.py:3508} INFO - Setting next_dagrun for example_trigger_target_dag to None, run_after=None
[2023-08-07T17:13:53.957+0000] {processor.py:179} INFO - Processing /home/airflow/.local/lib/python3.7/site-packages/airflow/example_dags/example_trigger_target_dag.py took 0.096 seconds
[2023-08-07T17:14:24.715+0000] {processor.py:157} INFO - Started process (PID=720) to work on /home/airflow/.local/lib/python3.7/site-packages/airflow/example_dags/example_trigger_target_dag.py
[2023-08-07T17:14:24.715+0000] {processor.py:826} INFO - Processing file /home/airflow/.local/lib/python3.7/site-packages/airflow/example_dags/example_trigger_target_dag.py for tasks to queue
[2023-08-07T17:14:24.716+0000] {logging_mixin.py:150} INFO - [2023-08-07T17:14:24.715+0000] {dagbag.py:541} INFO - Filling up the DagBag from /home/airflow/.local/lib/python3.7/site-packages/airflow/example_dags/example_trigger_target_dag.py
[2023-08-07T17:14:24.719+0000] {processor.py:836} INFO - DAG(s) dict_keys(['example_trigger_target_dag']) retrieved from /home/airflow/.local/lib/python3.7/site-packages/airflow/example_dags/example_trigger_target_dag.py
[2023-08-07T17:14:24.739+0000] {logging_mixin.py:150} INFO - [2023-08-07T17:14:24.739+0000] {dag.py:2742} INFO - Sync 1 DAGs
[2023-08-07T17:14:24.761+0000] {logging_mixin.py:150} INFO - [2023-08-07T17:14:24.761+0000] {dag.py:3508} INFO - Setting next_dagrun for example_trigger_target_dag to None, run_after=None
[2023-08-07T17:14:24.778+0000] {processor.py:179} INFO - Processing /home/airflow/.local/lib/python3.7/site-packages/airflow/example_dags/example_trigger_target_dag.py took 0.065 seconds
[2023-08-07T17:14:54.917+0000] {processor.py:157} INFO - Started process (PID=782) to work on /home/airflow/.local/lib/python3.7/site-packages/airflow/example_dags/example_trigger_target_dag.py
[2023-08-07T17:14:54.918+0000] {processor.py:826} INFO - Processing file /home/airflow/.local/lib/python3.7/site-packages/airflow/example_dags/example_trigger_target_dag.py for tasks to queue
[2023-08-07T17:14:54.920+0000] {logging_mixin.py:150} INFO - [2023-08-07T17:14:54.919+0000] {dagbag.py:541} INFO - Filling up the DagBag from /home/airflow/.local/lib/python3.7/site-packages/airflow/example_dags/example_trigger_target_dag.py
[2023-08-07T17:14:54.928+0000] {processor.py:836} INFO - DAG(s) dict_keys(['example_trigger_target_dag']) retrieved from /home/airflow/.local/lib/python3.7/site-packages/airflow/example_dags/example_trigger_target_dag.py
[2023-08-07T17:14:54.952+0000] {logging_mixin.py:150} INFO - [2023-08-07T17:14:54.952+0000] {dag.py:2742} INFO - Sync 1 DAGs
[2023-08-07T17:14:54.974+0000] {logging_mixin.py:150} INFO - [2023-08-07T17:14:54.974+0000] {dag.py:3508} INFO - Setting next_dagrun for example_trigger_target_dag to None, run_after=None
[2023-08-07T17:14:54.990+0000] {processor.py:179} INFO - Processing /home/airflow/.local/lib/python3.7/site-packages/airflow/example_dags/example_trigger_target_dag.py took 0.078 seconds
[2023-08-07T17:15:25.117+0000] {processor.py:157} INFO - Started process (PID=844) to work on /home/airflow/.local/lib/python3.7/site-packages/airflow/example_dags/example_trigger_target_dag.py
[2023-08-07T17:15:25.118+0000] {processor.py:826} INFO - Processing file /home/airflow/.local/lib/python3.7/site-packages/airflow/example_dags/example_trigger_target_dag.py for tasks to queue
[2023-08-07T17:15:25.119+0000] {logging_mixin.py:150} INFO - [2023-08-07T17:15:25.118+0000] {dagbag.py:541} INFO - Filling up the DagBag from /home/airflow/.local/lib/python3.7/site-packages/airflow/example_dags/example_trigger_target_dag.py
[2023-08-07T17:15:25.127+0000] {processor.py:836} INFO - DAG(s) dict_keys(['example_trigger_target_dag']) retrieved from /home/airflow/.local/lib/python3.7/site-packages/airflow/example_dags/example_trigger_target_dag.py
[2023-08-07T17:15:25.149+0000] {logging_mixin.py:150} INFO - [2023-08-07T17:15:25.149+0000] {dag.py:2742} INFO - Sync 1 DAGs
[2023-08-07T17:15:25.171+0000] {logging_mixin.py:150} INFO - [2023-08-07T17:15:25.171+0000] {dag.py:3508} INFO - Setting next_dagrun for example_trigger_target_dag to None, run_after=None
[2023-08-07T17:15:25.188+0000] {processor.py:179} INFO - Processing /home/airflow/.local/lib/python3.7/site-packages/airflow/example_dags/example_trigger_target_dag.py took 0.076 seconds
[2023-08-07T17:15:55.503+0000] {processor.py:157} INFO - Started process (PID=906) to work on /home/airflow/.local/lib/python3.7/site-packages/airflow/example_dags/example_trigger_target_dag.py
[2023-08-07T17:15:55.504+0000] {processor.py:826} INFO - Processing file /home/airflow/.local/lib/python3.7/site-packages/airflow/example_dags/example_trigger_target_dag.py for tasks to queue
[2023-08-07T17:15:55.505+0000] {logging_mixin.py:150} INFO - [2023-08-07T17:15:55.505+0000] {dagbag.py:541} INFO - Filling up the DagBag from /home/airflow/.local/lib/python3.7/site-packages/airflow/example_dags/example_trigger_target_dag.py
[2023-08-07T17:15:55.513+0000] {processor.py:836} INFO - DAG(s) dict_keys(['example_trigger_target_dag']) retrieved from /home/airflow/.local/lib/python3.7/site-packages/airflow/example_dags/example_trigger_target_dag.py
[2023-08-07T17:15:55.534+0000] {logging_mixin.py:150} INFO - [2023-08-07T17:15:55.534+0000] {dag.py:2742} INFO - Sync 1 DAGs
[2023-08-07T17:15:55.557+0000] {logging_mixin.py:150} INFO - [2023-08-07T17:15:55.557+0000] {dag.py:3508} INFO - Setting next_dagrun for example_trigger_target_dag to None, run_after=None
[2023-08-07T17:15:55.574+0000] {processor.py:179} INFO - Processing /home/airflow/.local/lib/python3.7/site-packages/airflow/example_dags/example_trigger_target_dag.py took 0.075 seconds
[2023-08-07T17:16:26.173+0000] {processor.py:157} INFO - Started process (PID=968) to work on /home/airflow/.local/lib/python3.7/site-packages/airflow/example_dags/example_trigger_target_dag.py
[2023-08-07T17:16:26.174+0000] {processor.py:826} INFO - Processing file /home/airflow/.local/lib/python3.7/site-packages/airflow/example_dags/example_trigger_target_dag.py for tasks to queue
[2023-08-07T17:16:26.175+0000] {logging_mixin.py:150} INFO - [2023-08-07T17:16:26.174+0000] {dagbag.py:541} INFO - Filling up the DagBag from /home/airflow/.local/lib/python3.7/site-packages/airflow/example_dags/example_trigger_target_dag.py
[2023-08-07T17:16:26.181+0000] {processor.py:836} INFO - DAG(s) dict_keys(['example_trigger_target_dag']) retrieved from /home/airflow/.local/lib/python3.7/site-packages/airflow/example_dags/example_trigger_target_dag.py
[2023-08-07T17:16:26.201+0000] {logging_mixin.py:150} INFO - [2023-08-07T17:16:26.201+0000] {dag.py:2742} INFO - Sync 1 DAGs
[2023-08-07T17:16:26.224+0000] {logging_mixin.py:150} INFO - [2023-08-07T17:16:26.224+0000] {dag.py:3508} INFO - Setting next_dagrun for example_trigger_target_dag to None, run_after=None
[2023-08-07T17:16:26.245+0000] {processor.py:179} INFO - Processing /home/airflow/.local/lib/python3.7/site-packages/airflow/example_dags/example_trigger_target_dag.py took 0.075 seconds
[2023-08-07T17:41:13.807+0000] {processor.py:157} INFO - Started process (PID=37) to work on /home/airflow/.local/lib/python3.7/site-packages/airflow/example_dags/example_trigger_target_dag.py
[2023-08-07T17:41:13.807+0000] {processor.py:826} INFO - Processing file /home/airflow/.local/lib/python3.7/site-packages/airflow/example_dags/example_trigger_target_dag.py for tasks to queue
[2023-08-07T17:41:13.808+0000] {logging_mixin.py:150} INFO - [2023-08-07T17:41:13.808+0000] {dagbag.py:541} INFO - Filling up the DagBag from /home/airflow/.local/lib/python3.7/site-packages/airflow/example_dags/example_trigger_target_dag.py
[2023-08-07T17:41:13.817+0000] {processor.py:836} INFO - DAG(s) dict_keys(['example_trigger_target_dag']) retrieved from /home/airflow/.local/lib/python3.7/site-packages/airflow/example_dags/example_trigger_target_dag.py
[2023-08-07T17:41:13.831+0000] {logging_mixin.py:150} INFO - [2023-08-07T17:41:13.831+0000] {dag.py:2742} INFO - Sync 1 DAGs
[2023-08-07T17:41:13.869+0000] {logging_mixin.py:150} INFO - [2023-08-07T17:41:13.869+0000] {dag.py:3508} INFO - Setting next_dagrun for example_trigger_target_dag to None, run_after=None
[2023-08-07T17:41:13.893+0000] {processor.py:179} INFO - Processing /home/airflow/.local/lib/python3.7/site-packages/airflow/example_dags/example_trigger_target_dag.py took 0.090 seconds
[2023-08-07T17:41:44.609+0000] {processor.py:157} INFO - Started process (PID=99) to work on /home/airflow/.local/lib/python3.7/site-packages/airflow/example_dags/example_trigger_target_dag.py
[2023-08-07T17:41:44.610+0000] {processor.py:826} INFO - Processing file /home/airflow/.local/lib/python3.7/site-packages/airflow/example_dags/example_trigger_target_dag.py for tasks to queue
[2023-08-07T17:41:44.611+0000] {logging_mixin.py:150} INFO - [2023-08-07T17:41:44.611+0000] {dagbag.py:541} INFO - Filling up the DagBag from /home/airflow/.local/lib/python3.7/site-packages/airflow/example_dags/example_trigger_target_dag.py
[2023-08-07T17:41:44.619+0000] {processor.py:836} INFO - DAG(s) dict_keys(['example_trigger_target_dag']) retrieved from /home/airflow/.local/lib/python3.7/site-packages/airflow/example_dags/example_trigger_target_dag.py
[2023-08-07T17:41:44.640+0000] {logging_mixin.py:150} INFO - [2023-08-07T17:41:44.640+0000] {dag.py:2742} INFO - Sync 1 DAGs
[2023-08-07T17:41:44.663+0000] {logging_mixin.py:150} INFO - [2023-08-07T17:41:44.663+0000] {dag.py:3508} INFO - Setting next_dagrun for example_trigger_target_dag to None, run_after=None
[2023-08-07T17:41:44.680+0000] {processor.py:179} INFO - Processing /home/airflow/.local/lib/python3.7/site-packages/airflow/example_dags/example_trigger_target_dag.py took 0.076 seconds
[2023-08-07T17:42:15.357+0000] {processor.py:157} INFO - Started process (PID=161) to work on /home/airflow/.local/lib/python3.7/site-packages/airflow/example_dags/example_trigger_target_dag.py
[2023-08-07T17:42:15.358+0000] {processor.py:826} INFO - Processing file /home/airflow/.local/lib/python3.7/site-packages/airflow/example_dags/example_trigger_target_dag.py for tasks to queue
[2023-08-07T17:42:15.359+0000] {logging_mixin.py:150} INFO - [2023-08-07T17:42:15.358+0000] {dagbag.py:541} INFO - Filling up the DagBag from /home/airflow/.local/lib/python3.7/site-packages/airflow/example_dags/example_trigger_target_dag.py
[2023-08-07T17:42:15.365+0000] {processor.py:836} INFO - DAG(s) dict_keys(['example_trigger_target_dag']) retrieved from /home/airflow/.local/lib/python3.7/site-packages/airflow/example_dags/example_trigger_target_dag.py
[2023-08-07T17:42:15.386+0000] {logging_mixin.py:150} INFO - [2023-08-07T17:42:15.386+0000] {dag.py:2742} INFO - Sync 1 DAGs
[2023-08-07T17:42:15.407+0000] {logging_mixin.py:150} INFO - [2023-08-07T17:42:15.407+0000] {dag.py:3508} INFO - Setting next_dagrun for example_trigger_target_dag to None, run_after=None
[2023-08-07T17:42:15.423+0000] {processor.py:179} INFO - Processing /home/airflow/.local/lib/python3.7/site-packages/airflow/example_dags/example_trigger_target_dag.py took 0.071 seconds
[2023-08-07T17:42:46.242+0000] {processor.py:157} INFO - Started process (PID=223) to work on /home/airflow/.local/lib/python3.7/site-packages/airflow/example_dags/example_trigger_target_dag.py
[2023-08-07T17:42:46.243+0000] {processor.py:826} INFO - Processing file /home/airflow/.local/lib/python3.7/site-packages/airflow/example_dags/example_trigger_target_dag.py for tasks to queue
[2023-08-07T17:42:46.244+0000] {logging_mixin.py:150} INFO - [2023-08-07T17:42:46.244+0000] {dagbag.py:541} INFO - Filling up the DagBag from /home/airflow/.local/lib/python3.7/site-packages/airflow/example_dags/example_trigger_target_dag.py
[2023-08-07T17:42:46.253+0000] {processor.py:836} INFO - DAG(s) dict_keys(['example_trigger_target_dag']) retrieved from /home/airflow/.local/lib/python3.7/site-packages/airflow/example_dags/example_trigger_target_dag.py
[2023-08-07T17:42:46.274+0000] {logging_mixin.py:150} INFO - [2023-08-07T17:42:46.274+0000] {dag.py:2742} INFO - Sync 1 DAGs
[2023-08-07T17:42:46.296+0000] {logging_mixin.py:150} INFO - [2023-08-07T17:42:46.295+0000] {dag.py:3508} INFO - Setting next_dagrun for example_trigger_target_dag to None, run_after=None
[2023-08-07T17:42:46.313+0000] {processor.py:179} INFO - Processing /home/airflow/.local/lib/python3.7/site-packages/airflow/example_dags/example_trigger_target_dag.py took 0.076 seconds
[2023-08-07T17:43:17.093+0000] {processor.py:157} INFO - Started process (PID=286) to work on /home/airflow/.local/lib/python3.7/site-packages/airflow/example_dags/example_trigger_target_dag.py
[2023-08-07T17:43:17.094+0000] {processor.py:826} INFO - Processing file /home/airflow/.local/lib/python3.7/site-packages/airflow/example_dags/example_trigger_target_dag.py for tasks to queue
[2023-08-07T17:43:17.094+0000] {logging_mixin.py:150} INFO - [2023-08-07T17:43:17.094+0000] {dagbag.py:541} INFO - Filling up the DagBag from /home/airflow/.local/lib/python3.7/site-packages/airflow/example_dags/example_trigger_target_dag.py
[2023-08-07T17:43:17.098+0000] {processor.py:836} INFO - DAG(s) dict_keys(['example_trigger_target_dag']) retrieved from /home/airflow/.local/lib/python3.7/site-packages/airflow/example_dags/example_trigger_target_dag.py
[2023-08-07T17:43:17.131+0000] {logging_mixin.py:150} INFO - [2023-08-07T17:43:17.131+0000] {dag.py:2742} INFO - Sync 1 DAGs
[2023-08-07T17:43:17.180+0000] {logging_mixin.py:150} INFO - [2023-08-07T17:43:17.180+0000] {dag.py:3508} INFO - Setting next_dagrun for example_trigger_target_dag to None, run_after=None
[2023-08-07T17:43:17.206+0000] {processor.py:179} INFO - Processing /home/airflow/.local/lib/python3.7/site-packages/airflow/example_dags/example_trigger_target_dag.py took 0.115 seconds
[2023-08-07T17:43:47.247+0000] {processor.py:157} INFO - Started process (PID=348) to work on /home/airflow/.local/lib/python3.7/site-packages/airflow/example_dags/example_trigger_target_dag.py
[2023-08-07T17:43:47.247+0000] {processor.py:826} INFO - Processing file /home/airflow/.local/lib/python3.7/site-packages/airflow/example_dags/example_trigger_target_dag.py for tasks to queue
[2023-08-07T17:43:47.248+0000] {logging_mixin.py:150} INFO - [2023-08-07T17:43:47.248+0000] {dagbag.py:541} INFO - Filling up the DagBag from /home/airflow/.local/lib/python3.7/site-packages/airflow/example_dags/example_trigger_target_dag.py
[2023-08-07T17:43:47.251+0000] {processor.py:836} INFO - DAG(s) dict_keys(['example_trigger_target_dag']) retrieved from /home/airflow/.local/lib/python3.7/site-packages/airflow/example_dags/example_trigger_target_dag.py
[2023-08-07T17:43:47.269+0000] {logging_mixin.py:150} INFO - [2023-08-07T17:43:47.269+0000] {dag.py:2742} INFO - Sync 1 DAGs
[2023-08-07T17:43:47.294+0000] {logging_mixin.py:150} INFO - [2023-08-07T17:43:47.294+0000] {dag.py:3508} INFO - Setting next_dagrun for example_trigger_target_dag to None, run_after=None
[2023-08-07T17:43:47.312+0000] {processor.py:179} INFO - Processing /home/airflow/.local/lib/python3.7/site-packages/airflow/example_dags/example_trigger_target_dag.py took 0.067 seconds
[2023-08-07T18:11:00.265+0000] {processor.py:157} INFO - Started process (PID=38) to work on /home/airflow/.local/lib/python3.7/site-packages/airflow/example_dags/example_trigger_target_dag.py
[2023-08-07T18:11:00.266+0000] {processor.py:826} INFO - Processing file /home/airflow/.local/lib/python3.7/site-packages/airflow/example_dags/example_trigger_target_dag.py for tasks to queue
[2023-08-07T18:11:00.266+0000] {logging_mixin.py:150} INFO - [2023-08-07T18:11:00.266+0000] {dagbag.py:541} INFO - Filling up the DagBag from /home/airflow/.local/lib/python3.7/site-packages/airflow/example_dags/example_trigger_target_dag.py
[2023-08-07T18:11:00.274+0000] {processor.py:836} INFO - DAG(s) dict_keys(['example_trigger_target_dag']) retrieved from /home/airflow/.local/lib/python3.7/site-packages/airflow/example_dags/example_trigger_target_dag.py
[2023-08-07T18:11:00.285+0000] {logging_mixin.py:150} INFO - [2023-08-07T18:11:00.285+0000] {dag.py:2742} INFO - Sync 1 DAGs
[2023-08-07T18:11:00.314+0000] {logging_mixin.py:150} INFO - [2023-08-07T18:11:00.313+0000] {dag.py:3508} INFO - Setting next_dagrun for example_trigger_target_dag to None, run_after=None
[2023-08-07T18:11:00.349+0000] {processor.py:179} INFO - Processing /home/airflow/.local/lib/python3.7/site-packages/airflow/example_dags/example_trigger_target_dag.py took 0.087 seconds
