[2023-08-07T17:08:50.693+0000] {processor.py:157} INFO - Started process (PID=74) to work on /home/airflow/.local/lib/python3.7/site-packages/airflow/example_dags/example_dag_decorator.py
[2023-08-07T17:08:50.693+0000] {processor.py:826} INFO - Processing file /home/airflow/.local/lib/python3.7/site-packages/airflow/example_dags/example_dag_decorator.py for tasks to queue
[2023-08-07T17:08:50.694+0000] {logging_mixin.py:150} INFO - [2023-08-07T17:08:50.694+0000] {dagbag.py:541} INFO - Filling up the DagBag from /home/airflow/.local/lib/python3.7/site-packages/airflow/example_dags/example_dag_decorator.py
[2023-08-07T17:08:50.712+0000] {processor.py:836} INFO - DAG(s) dict_keys(['example_dag_decorator']) retrieved from /home/airflow/.local/lib/python3.7/site-packages/airflow/example_dags/example_dag_decorator.py
[2023-08-07T17:08:50.724+0000] {logging_mixin.py:150} INFO - [2023-08-07T17:08:50.724+0000] {dag.py:2742} INFO - Sync 1 DAGs
[2023-08-07T17:08:50.752+0000] {logging_mixin.py:150} INFO - [2023-08-07T17:08:50.752+0000] {dag.py:3508} INFO - Setting next_dagrun for example_dag_decorator to None, run_after=None
[2023-08-07T17:08:50.774+0000] {processor.py:179} INFO - Processing /home/airflow/.local/lib/python3.7/site-packages/airflow/example_dags/example_dag_decorator.py took 0.089 seconds
[2023-08-07T17:09:21.207+0000] {processor.py:157} INFO - Started process (PID=136) to work on /home/airflow/.local/lib/python3.7/site-packages/airflow/example_dags/example_dag_decorator.py
[2023-08-07T17:09:21.208+0000] {processor.py:826} INFO - Processing file /home/airflow/.local/lib/python3.7/site-packages/airflow/example_dags/example_dag_decorator.py for tasks to queue
[2023-08-07T17:09:21.208+0000] {logging_mixin.py:150} INFO - [2023-08-07T17:09:21.208+0000] {dagbag.py:541} INFO - Filling up the DagBag from /home/airflow/.local/lib/python3.7/site-packages/airflow/example_dags/example_dag_decorator.py
[2023-08-07T17:09:21.217+0000] {processor.py:836} INFO - DAG(s) dict_keys(['example_dag_decorator']) retrieved from /home/airflow/.local/lib/python3.7/site-packages/airflow/example_dags/example_dag_decorator.py
[2023-08-07T17:09:21.323+0000] {logging_mixin.py:150} INFO - [2023-08-07T17:09:21.323+0000] {dag.py:2742} INFO - Sync 1 DAGs
[2023-08-07T17:09:21.344+0000] {logging_mixin.py:150} INFO - [2023-08-07T17:09:21.344+0000] {dag.py:3508} INFO - Setting next_dagrun for example_dag_decorator to None, run_after=None
[2023-08-07T17:09:21.362+0000] {processor.py:179} INFO - Processing /home/airflow/.local/lib/python3.7/site-packages/airflow/example_dags/example_dag_decorator.py took 0.157 seconds
[2023-08-07T17:09:52.109+0000] {processor.py:157} INFO - Started process (PID=198) to work on /home/airflow/.local/lib/python3.7/site-packages/airflow/example_dags/example_dag_decorator.py
[2023-08-07T17:09:52.110+0000] {processor.py:826} INFO - Processing file /home/airflow/.local/lib/python3.7/site-packages/airflow/example_dags/example_dag_decorator.py for tasks to queue
[2023-08-07T17:09:52.111+0000] {logging_mixin.py:150} INFO - [2023-08-07T17:09:52.111+0000] {dagbag.py:541} INFO - Filling up the DagBag from /home/airflow/.local/lib/python3.7/site-packages/airflow/example_dags/example_dag_decorator.py
[2023-08-07T17:09:52.132+0000] {processor.py:836} INFO - DAG(s) dict_keys(['example_dag_decorator']) retrieved from /home/airflow/.local/lib/python3.7/site-packages/airflow/example_dags/example_dag_decorator.py
[2023-08-07T17:09:52.238+0000] {logging_mixin.py:150} INFO - [2023-08-07T17:09:52.238+0000] {dag.py:2742} INFO - Sync 1 DAGs
[2023-08-07T17:09:52.260+0000] {logging_mixin.py:150} INFO - [2023-08-07T17:09:52.260+0000] {dag.py:3508} INFO - Setting next_dagrun for example_dag_decorator to None, run_after=None
[2023-08-07T17:09:52.277+0000] {processor.py:179} INFO - Processing /home/airflow/.local/lib/python3.7/site-packages/airflow/example_dags/example_dag_decorator.py took 0.172 seconds
[2023-08-07T17:10:22.366+0000] {processor.py:157} INFO - Started process (PID=260) to work on /home/airflow/.local/lib/python3.7/site-packages/airflow/example_dags/example_dag_decorator.py
[2023-08-07T17:10:22.367+0000] {processor.py:826} INFO - Processing file /home/airflow/.local/lib/python3.7/site-packages/airflow/example_dags/example_dag_decorator.py for tasks to queue
[2023-08-07T17:10:22.368+0000] {logging_mixin.py:150} INFO - [2023-08-07T17:10:22.368+0000] {dagbag.py:541} INFO - Filling up the DagBag from /home/airflow/.local/lib/python3.7/site-packages/airflow/example_dags/example_dag_decorator.py
[2023-08-07T17:10:22.392+0000] {processor.py:836} INFO - DAG(s) dict_keys(['example_dag_decorator']) retrieved from /home/airflow/.local/lib/python3.7/site-packages/airflow/example_dags/example_dag_decorator.py
[2023-08-07T17:10:22.521+0000] {logging_mixin.py:150} INFO - [2023-08-07T17:10:22.521+0000] {dag.py:2742} INFO - Sync 1 DAGs
[2023-08-07T17:10:22.543+0000] {logging_mixin.py:150} INFO - [2023-08-07T17:10:22.543+0000] {dag.py:3508} INFO - Setting next_dagrun for example_dag_decorator to None, run_after=None
[2023-08-07T17:10:22.564+0000] {processor.py:179} INFO - Processing /home/airflow/.local/lib/python3.7/site-packages/airflow/example_dags/example_dag_decorator.py took 0.202 seconds
[2023-08-07T17:10:52.686+0000] {processor.py:157} INFO - Started process (PID=322) to work on /home/airflow/.local/lib/python3.7/site-packages/airflow/example_dags/example_dag_decorator.py
[2023-08-07T17:10:52.687+0000] {processor.py:826} INFO - Processing file /home/airflow/.local/lib/python3.7/site-packages/airflow/example_dags/example_dag_decorator.py for tasks to queue
[2023-08-07T17:10:52.688+0000] {logging_mixin.py:150} INFO - [2023-08-07T17:10:52.687+0000] {dagbag.py:541} INFO - Filling up the DagBag from /home/airflow/.local/lib/python3.7/site-packages/airflow/example_dags/example_dag_decorator.py
[2023-08-07T17:10:52.708+0000] {processor.py:836} INFO - DAG(s) dict_keys(['example_dag_decorator']) retrieved from /home/airflow/.local/lib/python3.7/site-packages/airflow/example_dags/example_dag_decorator.py
[2023-08-07T17:10:52.819+0000] {logging_mixin.py:150} INFO - [2023-08-07T17:10:52.818+0000] {dag.py:2742} INFO - Sync 1 DAGs
[2023-08-07T17:10:52.839+0000] {logging_mixin.py:150} INFO - [2023-08-07T17:10:52.838+0000] {dag.py:3508} INFO - Setting next_dagrun for example_dag_decorator to None, run_after=None
[2023-08-07T17:10:52.857+0000] {processor.py:179} INFO - Processing /home/airflow/.local/lib/python3.7/site-packages/airflow/example_dags/example_dag_decorator.py took 0.175 seconds
[2023-08-07T17:11:23.547+0000] {processor.py:157} INFO - Started process (PID=384) to work on /home/airflow/.local/lib/python3.7/site-packages/airflow/example_dags/example_dag_decorator.py
[2023-08-07T17:11:23.548+0000] {processor.py:826} INFO - Processing file /home/airflow/.local/lib/python3.7/site-packages/airflow/example_dags/example_dag_decorator.py for tasks to queue
[2023-08-07T17:11:23.548+0000] {logging_mixin.py:150} INFO - [2023-08-07T17:11:23.548+0000] {dagbag.py:541} INFO - Filling up the DagBag from /home/airflow/.local/lib/python3.7/site-packages/airflow/example_dags/example_dag_decorator.py
[2023-08-07T17:11:23.557+0000] {processor.py:836} INFO - DAG(s) dict_keys(['example_dag_decorator']) retrieved from /home/airflow/.local/lib/python3.7/site-packages/airflow/example_dags/example_dag_decorator.py
[2023-08-07T17:11:23.666+0000] {logging_mixin.py:150} INFO - [2023-08-07T17:11:23.666+0000] {dag.py:2742} INFO - Sync 1 DAGs
[2023-08-07T17:11:23.690+0000] {logging_mixin.py:150} INFO - [2023-08-07T17:11:23.690+0000] {dag.py:3508} INFO - Setting next_dagrun for example_dag_decorator to None, run_after=None
[2023-08-07T17:11:23.709+0000] {processor.py:179} INFO - Processing /home/airflow/.local/lib/python3.7/site-packages/airflow/example_dags/example_dag_decorator.py took 0.164 seconds
[2023-08-07T17:11:54.230+0000] {processor.py:157} INFO - Started process (PID=446) to work on /home/airflow/.local/lib/python3.7/site-packages/airflow/example_dags/example_dag_decorator.py
[2023-08-07T17:11:54.231+0000] {processor.py:826} INFO - Processing file /home/airflow/.local/lib/python3.7/site-packages/airflow/example_dags/example_dag_decorator.py for tasks to queue
[2023-08-07T17:11:54.231+0000] {logging_mixin.py:150} INFO - [2023-08-07T17:11:54.231+0000] {dagbag.py:541} INFO - Filling up the DagBag from /home/airflow/.local/lib/python3.7/site-packages/airflow/example_dags/example_dag_decorator.py
[2023-08-07T17:11:54.242+0000] {processor.py:836} INFO - DAG(s) dict_keys(['example_dag_decorator']) retrieved from /home/airflow/.local/lib/python3.7/site-packages/airflow/example_dags/example_dag_decorator.py
[2023-08-07T17:11:54.349+0000] {logging_mixin.py:150} INFO - [2023-08-07T17:11:54.349+0000] {dag.py:2742} INFO - Sync 1 DAGs
[2023-08-07T17:11:54.371+0000] {logging_mixin.py:150} INFO - [2023-08-07T17:11:54.370+0000] {dag.py:3508} INFO - Setting next_dagrun for example_dag_decorator to None, run_after=None
[2023-08-07T17:11:54.389+0000] {processor.py:179} INFO - Processing /home/airflow/.local/lib/python3.7/site-packages/airflow/example_dags/example_dag_decorator.py took 0.161 seconds
[2023-08-07T17:12:25.086+0000] {processor.py:157} INFO - Started process (PID=510) to work on /home/airflow/.local/lib/python3.7/site-packages/airflow/example_dags/example_dag_decorator.py
[2023-08-07T17:12:25.087+0000] {processor.py:826} INFO - Processing file /home/airflow/.local/lib/python3.7/site-packages/airflow/example_dags/example_dag_decorator.py for tasks to queue
[2023-08-07T17:12:25.088+0000] {logging_mixin.py:150} INFO - [2023-08-07T17:12:25.087+0000] {dagbag.py:541} INFO - Filling up the DagBag from /home/airflow/.local/lib/python3.7/site-packages/airflow/example_dags/example_dag_decorator.py
[2023-08-07T17:12:25.097+0000] {processor.py:836} INFO - DAG(s) dict_keys(['example_dag_decorator']) retrieved from /home/airflow/.local/lib/python3.7/site-packages/airflow/example_dags/example_dag_decorator.py
[2023-08-07T17:12:25.202+0000] {logging_mixin.py:150} INFO - [2023-08-07T17:12:25.202+0000] {dag.py:2742} INFO - Sync 1 DAGs
[2023-08-07T17:12:25.225+0000] {logging_mixin.py:150} INFO - [2023-08-07T17:12:25.225+0000] {dag.py:3508} INFO - Setting next_dagrun for example_dag_decorator to None, run_after=None
[2023-08-07T17:12:25.256+0000] {processor.py:179} INFO - Processing /home/airflow/.local/lib/python3.7/site-packages/airflow/example_dags/example_dag_decorator.py took 0.172 seconds
[2023-08-07T17:12:56.019+0000] {processor.py:157} INFO - Started process (PID=570) to work on /home/airflow/.local/lib/python3.7/site-packages/airflow/example_dags/example_dag_decorator.py
[2023-08-07T17:12:56.019+0000] {processor.py:826} INFO - Processing file /home/airflow/.local/lib/python3.7/site-packages/airflow/example_dags/example_dag_decorator.py for tasks to queue
[2023-08-07T17:12:56.020+0000] {logging_mixin.py:150} INFO - [2023-08-07T17:12:56.020+0000] {dagbag.py:541} INFO - Filling up the DagBag from /home/airflow/.local/lib/python3.7/site-packages/airflow/example_dags/example_dag_decorator.py
[2023-08-07T17:12:56.030+0000] {processor.py:836} INFO - DAG(s) dict_keys(['example_dag_decorator']) retrieved from /home/airflow/.local/lib/python3.7/site-packages/airflow/example_dags/example_dag_decorator.py
[2023-08-07T17:12:56.144+0000] {logging_mixin.py:150} INFO - [2023-08-07T17:12:56.144+0000] {dag.py:2742} INFO - Sync 1 DAGs
[2023-08-07T17:12:56.168+0000] {logging_mixin.py:150} INFO - [2023-08-07T17:12:56.168+0000] {dag.py:3508} INFO - Setting next_dagrun for example_dag_decorator to None, run_after=None
[2023-08-07T17:12:56.187+0000] {processor.py:179} INFO - Processing /home/airflow/.local/lib/python3.7/site-packages/airflow/example_dags/example_dag_decorator.py took 0.170 seconds
[2023-08-07T17:13:26.202+0000] {processor.py:157} INFO - Started process (PID=634) to work on /home/airflow/.local/lib/python3.7/site-packages/airflow/example_dags/example_dag_decorator.py
[2023-08-07T17:13:26.203+0000] {processor.py:826} INFO - Processing file /home/airflow/.local/lib/python3.7/site-packages/airflow/example_dags/example_dag_decorator.py for tasks to queue
[2023-08-07T17:13:26.203+0000] {logging_mixin.py:150} INFO - [2023-08-07T17:13:26.203+0000] {dagbag.py:541} INFO - Filling up the DagBag from /home/airflow/.local/lib/python3.7/site-packages/airflow/example_dags/example_dag_decorator.py
[2023-08-07T17:13:26.214+0000] {processor.py:836} INFO - DAG(s) dict_keys(['example_dag_decorator']) retrieved from /home/airflow/.local/lib/python3.7/site-packages/airflow/example_dags/example_dag_decorator.py
[2023-08-07T17:13:26.325+0000] {logging_mixin.py:150} INFO - [2023-08-07T17:13:26.324+0000] {dag.py:2742} INFO - Sync 1 DAGs
[2023-08-07T17:13:26.346+0000] {logging_mixin.py:150} INFO - [2023-08-07T17:13:26.345+0000] {dag.py:3508} INFO - Setting next_dagrun for example_dag_decorator to None, run_after=None
[2023-08-07T17:13:26.363+0000] {processor.py:179} INFO - Processing /home/airflow/.local/lib/python3.7/site-packages/airflow/example_dags/example_dag_decorator.py took 0.164 seconds
[2023-08-07T17:13:57.009+0000] {processor.py:157} INFO - Started process (PID=697) to work on /home/airflow/.local/lib/python3.7/site-packages/airflow/example_dags/example_dag_decorator.py
[2023-08-07T17:13:57.009+0000] {processor.py:826} INFO - Processing file /home/airflow/.local/lib/python3.7/site-packages/airflow/example_dags/example_dag_decorator.py for tasks to queue
[2023-08-07T17:13:57.010+0000] {logging_mixin.py:150} INFO - [2023-08-07T17:13:57.010+0000] {dagbag.py:541} INFO - Filling up the DagBag from /home/airflow/.local/lib/python3.7/site-packages/airflow/example_dags/example_dag_decorator.py
[2023-08-07T17:13:57.019+0000] {processor.py:836} INFO - DAG(s) dict_keys(['example_dag_decorator']) retrieved from /home/airflow/.local/lib/python3.7/site-packages/airflow/example_dags/example_dag_decorator.py
[2023-08-07T17:13:57.128+0000] {logging_mixin.py:150} INFO - [2023-08-07T17:13:57.128+0000] {dag.py:2742} INFO - Sync 1 DAGs
[2023-08-07T17:13:57.150+0000] {logging_mixin.py:150} INFO - [2023-08-07T17:13:57.150+0000] {dag.py:3508} INFO - Setting next_dagrun for example_dag_decorator to None, run_after=None
[2023-08-07T17:13:57.179+0000] {processor.py:179} INFO - Processing /home/airflow/.local/lib/python3.7/site-packages/airflow/example_dags/example_dag_decorator.py took 0.173 seconds
[2023-08-07T17:14:27.765+0000] {processor.py:157} INFO - Started process (PID=756) to work on /home/airflow/.local/lib/python3.7/site-packages/airflow/example_dags/example_dag_decorator.py
[2023-08-07T17:14:27.766+0000] {processor.py:826} INFO - Processing file /home/airflow/.local/lib/python3.7/site-packages/airflow/example_dags/example_dag_decorator.py for tasks to queue
[2023-08-07T17:14:27.768+0000] {logging_mixin.py:150} INFO - [2023-08-07T17:14:27.767+0000] {dagbag.py:541} INFO - Filling up the DagBag from /home/airflow/.local/lib/python3.7/site-packages/airflow/example_dags/example_dag_decorator.py
[2023-08-07T17:14:27.790+0000] {processor.py:836} INFO - DAG(s) dict_keys(['example_dag_decorator']) retrieved from /home/airflow/.local/lib/python3.7/site-packages/airflow/example_dags/example_dag_decorator.py
[2023-08-07T17:14:27.914+0000] {logging_mixin.py:150} INFO - [2023-08-07T17:14:27.914+0000] {dag.py:2742} INFO - Sync 1 DAGs
[2023-08-07T17:14:27.938+0000] {logging_mixin.py:150} INFO - [2023-08-07T17:14:27.938+0000] {dag.py:3508} INFO - Setting next_dagrun for example_dag_decorator to None, run_after=None
[2023-08-07T17:14:27.970+0000] {processor.py:179} INFO - Processing /home/airflow/.local/lib/python3.7/site-packages/airflow/example_dags/example_dag_decorator.py took 0.210 seconds
[2023-08-07T17:14:58.313+0000] {processor.py:157} INFO - Started process (PID=818) to work on /home/airflow/.local/lib/python3.7/site-packages/airflow/example_dags/example_dag_decorator.py
[2023-08-07T17:14:58.314+0000] {processor.py:826} INFO - Processing file /home/airflow/.local/lib/python3.7/site-packages/airflow/example_dags/example_dag_decorator.py for tasks to queue
[2023-08-07T17:14:58.314+0000] {logging_mixin.py:150} INFO - [2023-08-07T17:14:58.314+0000] {dagbag.py:541} INFO - Filling up the DagBag from /home/airflow/.local/lib/python3.7/site-packages/airflow/example_dags/example_dag_decorator.py
[2023-08-07T17:14:58.324+0000] {processor.py:836} INFO - DAG(s) dict_keys(['example_dag_decorator']) retrieved from /home/airflow/.local/lib/python3.7/site-packages/airflow/example_dags/example_dag_decorator.py
[2023-08-07T17:14:58.433+0000] {logging_mixin.py:150} INFO - [2023-08-07T17:14:58.433+0000] {dag.py:2742} INFO - Sync 1 DAGs
[2023-08-07T17:14:58.455+0000] {logging_mixin.py:150} INFO - [2023-08-07T17:14:58.455+0000] {dag.py:3508} INFO - Setting next_dagrun for example_dag_decorator to None, run_after=None
[2023-08-07T17:14:58.473+0000] {processor.py:179} INFO - Processing /home/airflow/.local/lib/python3.7/site-packages/airflow/example_dags/example_dag_decorator.py took 0.162 seconds
[2023-08-07T17:15:29.354+0000] {processor.py:157} INFO - Started process (PID=880) to work on /home/airflow/.local/lib/python3.7/site-packages/airflow/example_dags/example_dag_decorator.py
[2023-08-07T17:15:29.354+0000] {processor.py:826} INFO - Processing file /home/airflow/.local/lib/python3.7/site-packages/airflow/example_dags/example_dag_decorator.py for tasks to queue
[2023-08-07T17:15:29.355+0000] {logging_mixin.py:150} INFO - [2023-08-07T17:15:29.355+0000] {dagbag.py:541} INFO - Filling up the DagBag from /home/airflow/.local/lib/python3.7/site-packages/airflow/example_dags/example_dag_decorator.py
[2023-08-07T17:15:29.364+0000] {processor.py:836} INFO - DAG(s) dict_keys(['example_dag_decorator']) retrieved from /home/airflow/.local/lib/python3.7/site-packages/airflow/example_dags/example_dag_decorator.py
[2023-08-07T17:15:29.474+0000] {logging_mixin.py:150} INFO - [2023-08-07T17:15:29.474+0000] {dag.py:2742} INFO - Sync 1 DAGs
[2023-08-07T17:15:29.495+0000] {logging_mixin.py:150} INFO - [2023-08-07T17:15:29.495+0000] {dag.py:3508} INFO - Setting next_dagrun for example_dag_decorator to None, run_after=None
[2023-08-07T17:15:29.516+0000] {processor.py:179} INFO - Processing /home/airflow/.local/lib/python3.7/site-packages/airflow/example_dags/example_dag_decorator.py took 0.164 seconds
[2023-08-07T17:15:59.562+0000] {processor.py:157} INFO - Started process (PID=942) to work on /home/airflow/.local/lib/python3.7/site-packages/airflow/example_dags/example_dag_decorator.py
[2023-08-07T17:15:59.563+0000] {processor.py:826} INFO - Processing file /home/airflow/.local/lib/python3.7/site-packages/airflow/example_dags/example_dag_decorator.py for tasks to queue
[2023-08-07T17:15:59.563+0000] {logging_mixin.py:150} INFO - [2023-08-07T17:15:59.563+0000] {dagbag.py:541} INFO - Filling up the DagBag from /home/airflow/.local/lib/python3.7/site-packages/airflow/example_dags/example_dag_decorator.py
[2023-08-07T17:15:59.573+0000] {processor.py:836} INFO - DAG(s) dict_keys(['example_dag_decorator']) retrieved from /home/airflow/.local/lib/python3.7/site-packages/airflow/example_dags/example_dag_decorator.py
[2023-08-07T17:15:59.678+0000] {logging_mixin.py:150} INFO - [2023-08-07T17:15:59.678+0000] {dag.py:2742} INFO - Sync 1 DAGs
[2023-08-07T17:15:59.701+0000] {logging_mixin.py:150} INFO - [2023-08-07T17:15:59.701+0000] {dag.py:3508} INFO - Setting next_dagrun for example_dag_decorator to None, run_after=None
[2023-08-07T17:15:59.718+0000] {processor.py:179} INFO - Processing /home/airflow/.local/lib/python3.7/site-packages/airflow/example_dags/example_dag_decorator.py took 0.157 seconds
[2023-08-07T17:16:30.103+0000] {processor.py:157} INFO - Started process (PID=1004) to work on /home/airflow/.local/lib/python3.7/site-packages/airflow/example_dags/example_dag_decorator.py
[2023-08-07T17:16:30.104+0000] {processor.py:826} INFO - Processing file /home/airflow/.local/lib/python3.7/site-packages/airflow/example_dags/example_dag_decorator.py for tasks to queue
[2023-08-07T17:16:30.105+0000] {logging_mixin.py:150} INFO - [2023-08-07T17:16:30.104+0000] {dagbag.py:541} INFO - Filling up the DagBag from /home/airflow/.local/lib/python3.7/site-packages/airflow/example_dags/example_dag_decorator.py
[2023-08-07T17:16:30.114+0000] {processor.py:836} INFO - DAG(s) dict_keys(['example_dag_decorator']) retrieved from /home/airflow/.local/lib/python3.7/site-packages/airflow/example_dags/example_dag_decorator.py
[2023-08-07T17:16:30.221+0000] {logging_mixin.py:150} INFO - [2023-08-07T17:16:30.221+0000] {dag.py:2742} INFO - Sync 1 DAGs
[2023-08-07T17:16:30.243+0000] {logging_mixin.py:150} INFO - [2023-08-07T17:16:30.243+0000] {dag.py:3508} INFO - Setting next_dagrun for example_dag_decorator to None, run_after=None
[2023-08-07T17:16:30.261+0000] {processor.py:179} INFO - Processing /home/airflow/.local/lib/python3.7/site-packages/airflow/example_dags/example_dag_decorator.py took 0.160 seconds
[2023-08-07T17:41:16.948+0000] {processor.py:157} INFO - Started process (PID=73) to work on /home/airflow/.local/lib/python3.7/site-packages/airflow/example_dags/example_dag_decorator.py
[2023-08-07T17:41:16.949+0000] {processor.py:826} INFO - Processing file /home/airflow/.local/lib/python3.7/site-packages/airflow/example_dags/example_dag_decorator.py for tasks to queue
[2023-08-07T17:41:16.949+0000] {logging_mixin.py:150} INFO - [2023-08-07T17:41:16.949+0000] {dagbag.py:541} INFO - Filling up the DagBag from /home/airflow/.local/lib/python3.7/site-packages/airflow/example_dags/example_dag_decorator.py
[2023-08-07T17:41:16.964+0000] {processor.py:836} INFO - DAG(s) dict_keys(['example_dag_decorator']) retrieved from /home/airflow/.local/lib/python3.7/site-packages/airflow/example_dags/example_dag_decorator.py
[2023-08-07T17:41:16.976+0000] {logging_mixin.py:150} INFO - [2023-08-07T17:41:16.976+0000] {dag.py:2742} INFO - Sync 1 DAGs
[2023-08-07T17:41:17.006+0000] {logging_mixin.py:150} INFO - [2023-08-07T17:41:17.006+0000] {dag.py:3508} INFO - Setting next_dagrun for example_dag_decorator to None, run_after=None
[2023-08-07T17:41:17.029+0000] {processor.py:179} INFO - Processing /home/airflow/.local/lib/python3.7/site-packages/airflow/example_dags/example_dag_decorator.py took 0.085 seconds
[2023-08-07T17:41:47.613+0000] {processor.py:157} INFO - Started process (PID=135) to work on /home/airflow/.local/lib/python3.7/site-packages/airflow/example_dags/example_dag_decorator.py
[2023-08-07T17:41:47.614+0000] {processor.py:826} INFO - Processing file /home/airflow/.local/lib/python3.7/site-packages/airflow/example_dags/example_dag_decorator.py for tasks to queue
[2023-08-07T17:41:47.615+0000] {logging_mixin.py:150} INFO - [2023-08-07T17:41:47.615+0000] {dagbag.py:541} INFO - Filling up the DagBag from /home/airflow/.local/lib/python3.7/site-packages/airflow/example_dags/example_dag_decorator.py
[2023-08-07T17:41:47.636+0000] {processor.py:836} INFO - DAG(s) dict_keys(['example_dag_decorator']) retrieved from /home/airflow/.local/lib/python3.7/site-packages/airflow/example_dags/example_dag_decorator.py
[2023-08-07T17:41:47.759+0000] {logging_mixin.py:150} INFO - [2023-08-07T17:41:47.759+0000] {dag.py:2742} INFO - Sync 1 DAGs
[2023-08-07T17:41:47.780+0000] {logging_mixin.py:150} INFO - [2023-08-07T17:41:47.780+0000] {dag.py:3508} INFO - Setting next_dagrun for example_dag_decorator to None, run_after=None
[2023-08-07T17:41:47.797+0000] {processor.py:179} INFO - Processing /home/airflow/.local/lib/python3.7/site-packages/airflow/example_dags/example_dag_decorator.py took 0.189 seconds
[2023-08-07T17:42:18.499+0000] {processor.py:157} INFO - Started process (PID=197) to work on /home/airflow/.local/lib/python3.7/site-packages/airflow/example_dags/example_dag_decorator.py
[2023-08-07T17:42:18.500+0000] {processor.py:826} INFO - Processing file /home/airflow/.local/lib/python3.7/site-packages/airflow/example_dags/example_dag_decorator.py for tasks to queue
[2023-08-07T17:42:18.501+0000] {logging_mixin.py:150} INFO - [2023-08-07T17:42:18.501+0000] {dagbag.py:541} INFO - Filling up the DagBag from /home/airflow/.local/lib/python3.7/site-packages/airflow/example_dags/example_dag_decorator.py
[2023-08-07T17:42:18.524+0000] {processor.py:836} INFO - DAG(s) dict_keys(['example_dag_decorator']) retrieved from /home/airflow/.local/lib/python3.7/site-packages/airflow/example_dags/example_dag_decorator.py
[2023-08-07T17:42:18.645+0000] {logging_mixin.py:150} INFO - [2023-08-07T17:42:18.645+0000] {dag.py:2742} INFO - Sync 1 DAGs
[2023-08-07T17:42:18.669+0000] {logging_mixin.py:150} INFO - [2023-08-07T17:42:18.669+0000] {dag.py:3508} INFO - Setting next_dagrun for example_dag_decorator to None, run_after=None
[2023-08-07T17:42:18.686+0000] {processor.py:179} INFO - Processing /home/airflow/.local/lib/python3.7/site-packages/airflow/example_dags/example_dag_decorator.py took 0.191 seconds
[2023-08-07T17:42:49.385+0000] {processor.py:157} INFO - Started process (PID=259) to work on /home/airflow/.local/lib/python3.7/site-packages/airflow/example_dags/example_dag_decorator.py
[2023-08-07T17:42:49.385+0000] {processor.py:826} INFO - Processing file /home/airflow/.local/lib/python3.7/site-packages/airflow/example_dags/example_dag_decorator.py for tasks to queue
[2023-08-07T17:42:49.386+0000] {logging_mixin.py:150} INFO - [2023-08-07T17:42:49.386+0000] {dagbag.py:541} INFO - Filling up the DagBag from /home/airflow/.local/lib/python3.7/site-packages/airflow/example_dags/example_dag_decorator.py
[2023-08-07T17:42:49.397+0000] {processor.py:836} INFO - DAG(s) dict_keys(['example_dag_decorator']) retrieved from /home/airflow/.local/lib/python3.7/site-packages/airflow/example_dags/example_dag_decorator.py
[2023-08-07T17:42:49.506+0000] {logging_mixin.py:150} INFO - [2023-08-07T17:42:49.506+0000] {dag.py:2742} INFO - Sync 1 DAGs
[2023-08-07T17:42:49.527+0000] {logging_mixin.py:150} INFO - [2023-08-07T17:42:49.527+0000] {dag.py:3508} INFO - Setting next_dagrun for example_dag_decorator to None, run_after=None
[2023-08-07T17:42:49.544+0000] {processor.py:179} INFO - Processing /home/airflow/.local/lib/python3.7/site-packages/airflow/example_dags/example_dag_decorator.py took 0.162 seconds
[2023-08-07T17:43:20.531+0000] {processor.py:157} INFO - Started process (PID=322) to work on /home/airflow/.local/lib/python3.7/site-packages/airflow/example_dags/example_dag_decorator.py
[2023-08-07T17:43:20.532+0000] {processor.py:826} INFO - Processing file /home/airflow/.local/lib/python3.7/site-packages/airflow/example_dags/example_dag_decorator.py for tasks to queue
[2023-08-07T17:43:20.532+0000] {logging_mixin.py:150} INFO - [2023-08-07T17:43:20.532+0000] {dagbag.py:541} INFO - Filling up the DagBag from /home/airflow/.local/lib/python3.7/site-packages/airflow/example_dags/example_dag_decorator.py
[2023-08-07T17:43:20.542+0000] {processor.py:836} INFO - DAG(s) dict_keys(['example_dag_decorator']) retrieved from /home/airflow/.local/lib/python3.7/site-packages/airflow/example_dags/example_dag_decorator.py
[2023-08-07T17:43:20.659+0000] {logging_mixin.py:150} INFO - [2023-08-07T17:43:20.659+0000] {dag.py:2742} INFO - Sync 1 DAGs
[2023-08-07T17:43:20.681+0000] {logging_mixin.py:150} INFO - [2023-08-07T17:43:20.681+0000] {dag.py:3508} INFO - Setting next_dagrun for example_dag_decorator to None, run_after=None
[2023-08-07T17:43:20.697+0000] {processor.py:179} INFO - Processing /home/airflow/.local/lib/python3.7/site-packages/airflow/example_dags/example_dag_decorator.py took 0.168 seconds
[2023-08-07T18:11:03.522+0000] {processor.py:157} INFO - Started process (PID=74) to work on /home/airflow/.local/lib/python3.7/site-packages/airflow/example_dags/example_dag_decorator.py
[2023-08-07T18:11:03.523+0000] {processor.py:826} INFO - Processing file /home/airflow/.local/lib/python3.7/site-packages/airflow/example_dags/example_dag_decorator.py for tasks to queue
[2023-08-07T18:11:03.524+0000] {logging_mixin.py:150} INFO - [2023-08-07T18:11:03.523+0000] {dagbag.py:541} INFO - Filling up the DagBag from /home/airflow/.local/lib/python3.7/site-packages/airflow/example_dags/example_dag_decorator.py
[2023-08-07T18:11:03.539+0000] {processor.py:836} INFO - DAG(s) dict_keys(['example_dag_decorator']) retrieved from /home/airflow/.local/lib/python3.7/site-packages/airflow/example_dags/example_dag_decorator.py
[2023-08-07T18:11:03.557+0000] {logging_mixin.py:150} INFO - [2023-08-07T18:11:03.557+0000] {dag.py:2742} INFO - Sync 1 DAGs
[2023-08-07T18:11:03.588+0000] {logging_mixin.py:150} INFO - [2023-08-07T18:11:03.588+0000] {dag.py:3508} INFO - Setting next_dagrun for example_dag_decorator to None, run_after=None
[2023-08-07T18:11:03.608+0000] {processor.py:179} INFO - Processing /home/airflow/.local/lib/python3.7/site-packages/airflow/example_dags/example_dag_decorator.py took 0.089 seconds
