[2023-08-07T17:08:48.284+0000] {processor.py:157} INFO - Started process (PID=49) to work on /home/airflow/.local/lib/python3.7/site-packages/airflow/example_dags/example_datasets.py
[2023-08-07T17:08:48.284+0000] {processor.py:826} INFO - Processing file /home/airflow/.local/lib/python3.7/site-packages/airflow/example_dags/example_datasets.py for tasks to queue
[2023-08-07T17:08:48.285+0000] {logging_mixin.py:150} INFO - [2023-08-07T17:08:48.285+0000] {dagbag.py:541} INFO - Filling up the DagBag from /home/airflow/.local/lib/python3.7/site-packages/airflow/example_dags/example_datasets.py
[2023-08-07T17:08:48.296+0000] {processor.py:836} INFO - DAG(s) dict_keys(['dataset_consumes_unknown_never_scheduled', 'dataset_produces_2', 'dataset_consumes_1_never_scheduled', 'dataset_produces_1', 'dataset_consumes_1', 'dataset_consumes_1_and_2']) retrieved from /home/airflow/.local/lib/python3.7/site-packages/airflow/example_dags/example_datasets.py
[2023-08-07T17:08:48.315+0000] {logging_mixin.py:150} INFO - [2023-08-07T17:08:48.315+0000] {dag.py:2742} INFO - Sync 6 DAGs
[2023-08-07T17:08:48.345+0000] {logging_mixin.py:150} INFO - [2023-08-07T17:08:48.345+0000] {dag.py:3508} INFO - Setting next_dagrun for dataset_consumes_1 to None, run_after=None
[2023-08-07T17:08:48.349+0000] {logging_mixin.py:150} INFO - [2023-08-07T17:08:48.349+0000] {dag.py:3508} INFO - Setting next_dagrun for dataset_consumes_1_and_2 to None, run_after=None
[2023-08-07T17:08:48.350+0000] {logging_mixin.py:150} INFO - [2023-08-07T17:08:48.350+0000] {dag.py:3508} INFO - Setting next_dagrun for dataset_consumes_1_never_scheduled to None, run_after=None
[2023-08-07T17:08:48.352+0000] {logging_mixin.py:150} INFO - [2023-08-07T17:08:48.352+0000] {dag.py:3508} INFO - Setting next_dagrun for dataset_consumes_unknown_never_scheduled to None, run_after=None
[2023-08-07T17:08:48.356+0000] {logging_mixin.py:150} INFO - [2023-08-07T17:08:48.356+0000] {dag.py:3508} INFO - Setting next_dagrun for dataset_produces_1 to 2023-08-06T00:00:00+00:00, run_after=2023-08-07T00:00:00+00:00
[2023-08-07T17:08:48.358+0000] {logging_mixin.py:150} INFO - [2023-08-07T17:08:48.358+0000] {dag.py:3508} INFO - Setting next_dagrun for dataset_produces_2 to None, run_after=None
[2023-08-07T17:08:48.402+0000] {processor.py:179} INFO - Processing /home/airflow/.local/lib/python3.7/site-packages/airflow/example_dags/example_datasets.py took 0.130 seconds
[2023-08-07T17:09:18.801+0000] {processor.py:157} INFO - Started process (PID=111) to work on /home/airflow/.local/lib/python3.7/site-packages/airflow/example_dags/example_datasets.py
[2023-08-07T17:09:18.802+0000] {processor.py:826} INFO - Processing file /home/airflow/.local/lib/python3.7/site-packages/airflow/example_dags/example_datasets.py for tasks to queue
[2023-08-07T17:09:18.802+0000] {logging_mixin.py:150} INFO - [2023-08-07T17:09:18.802+0000] {dagbag.py:541} INFO - Filling up the DagBag from /home/airflow/.local/lib/python3.7/site-packages/airflow/example_dags/example_datasets.py
[2023-08-07T17:09:18.809+0000] {processor.py:836} INFO - DAG(s) dict_keys(['dataset_produces_2', 'dataset_consumes_1_and_2', 'dataset_consumes_1', 'dataset_consumes_unknown_never_scheduled', 'dataset_produces_1', 'dataset_consumes_1_never_scheduled']) retrieved from /home/airflow/.local/lib/python3.7/site-packages/airflow/example_dags/example_datasets.py
[2023-08-07T17:09:18.845+0000] {logging_mixin.py:150} INFO - [2023-08-07T17:09:18.845+0000] {dag.py:2742} INFO - Sync 6 DAGs
[2023-08-07T17:09:18.867+0000] {logging_mixin.py:150} INFO - [2023-08-07T17:09:18.867+0000] {dag.py:3508} INFO - Setting next_dagrun for dataset_consumes_1 to None, run_after=None
[2023-08-07T17:09:18.871+0000] {logging_mixin.py:150} INFO - [2023-08-07T17:09:18.871+0000] {dag.py:3508} INFO - Setting next_dagrun for dataset_consumes_1_and_2 to None, run_after=None
[2023-08-07T17:09:18.872+0000] {logging_mixin.py:150} INFO - [2023-08-07T17:09:18.872+0000] {dag.py:3508} INFO - Setting next_dagrun for dataset_consumes_1_never_scheduled to None, run_after=None
[2023-08-07T17:09:18.874+0000] {logging_mixin.py:150} INFO - [2023-08-07T17:09:18.873+0000] {dag.py:3508} INFO - Setting next_dagrun for dataset_consumes_unknown_never_scheduled to None, run_after=None
[2023-08-07T17:09:18.876+0000] {logging_mixin.py:150} INFO - [2023-08-07T17:09:18.876+0000] {dag.py:3508} INFO - Setting next_dagrun for dataset_produces_1 to 2023-08-06T00:00:00+00:00, run_after=2023-08-07T00:00:00+00:00
[2023-08-07T17:09:18.877+0000] {logging_mixin.py:150} INFO - [2023-08-07T17:09:18.877+0000] {dag.py:3508} INFO - Setting next_dagrun for dataset_produces_2 to None, run_after=None
[2023-08-07T17:09:18.907+0000] {processor.py:179} INFO - Processing /home/airflow/.local/lib/python3.7/site-packages/airflow/example_dags/example_datasets.py took 0.109 seconds
[2023-08-07T17:09:49.429+0000] {processor.py:157} INFO - Started process (PID=173) to work on /home/airflow/.local/lib/python3.7/site-packages/airflow/example_dags/example_datasets.py
[2023-08-07T17:09:49.430+0000] {processor.py:826} INFO - Processing file /home/airflow/.local/lib/python3.7/site-packages/airflow/example_dags/example_datasets.py for tasks to queue
[2023-08-07T17:09:49.431+0000] {logging_mixin.py:150} INFO - [2023-08-07T17:09:49.431+0000] {dagbag.py:541} INFO - Filling up the DagBag from /home/airflow/.local/lib/python3.7/site-packages/airflow/example_dags/example_datasets.py
[2023-08-07T17:09:49.446+0000] {processor.py:836} INFO - DAG(s) dict_keys(['dataset_produces_1', 'dataset_consumes_1', 'dataset_consumes_unknown_never_scheduled', 'dataset_consumes_1_and_2', 'dataset_produces_2', 'dataset_consumes_1_never_scheduled']) retrieved from /home/airflow/.local/lib/python3.7/site-packages/airflow/example_dags/example_datasets.py
[2023-08-07T17:09:49.484+0000] {logging_mixin.py:150} INFO - [2023-08-07T17:09:49.484+0000] {dag.py:2742} INFO - Sync 6 DAGs
[2023-08-07T17:09:49.506+0000] {logging_mixin.py:150} INFO - [2023-08-07T17:09:49.506+0000] {dag.py:3508} INFO - Setting next_dagrun for dataset_consumes_1 to None, run_after=None
[2023-08-07T17:09:49.509+0000] {logging_mixin.py:150} INFO - [2023-08-07T17:09:49.509+0000] {dag.py:3508} INFO - Setting next_dagrun for dataset_consumes_1_and_2 to None, run_after=None
[2023-08-07T17:09:49.511+0000] {logging_mixin.py:150} INFO - [2023-08-07T17:09:49.511+0000] {dag.py:3508} INFO - Setting next_dagrun for dataset_consumes_1_never_scheduled to None, run_after=None
[2023-08-07T17:09:49.512+0000] {logging_mixin.py:150} INFO - [2023-08-07T17:09:49.512+0000] {dag.py:3508} INFO - Setting next_dagrun for dataset_consumes_unknown_never_scheduled to None, run_after=None
[2023-08-07T17:09:49.515+0000] {logging_mixin.py:150} INFO - [2023-08-07T17:09:49.515+0000] {dag.py:3508} INFO - Setting next_dagrun for dataset_produces_1 to 2023-08-06T00:00:00+00:00, run_after=2023-08-07T00:00:00+00:00
[2023-08-07T17:09:49.516+0000] {logging_mixin.py:150} INFO - [2023-08-07T17:09:49.516+0000] {dag.py:3508} INFO - Setting next_dagrun for dataset_produces_2 to None, run_after=None
[2023-08-07T17:09:49.547+0000] {processor.py:179} INFO - Processing /home/airflow/.local/lib/python3.7/site-packages/airflow/example_dags/example_datasets.py took 0.123 seconds
[2023-08-07T17:10:19.775+0000] {processor.py:157} INFO - Started process (PID=235) to work on /home/airflow/.local/lib/python3.7/site-packages/airflow/example_dags/example_datasets.py
[2023-08-07T17:10:19.776+0000] {processor.py:826} INFO - Processing file /home/airflow/.local/lib/python3.7/site-packages/airflow/example_dags/example_datasets.py for tasks to queue
[2023-08-07T17:10:19.778+0000] {logging_mixin.py:150} INFO - [2023-08-07T17:10:19.777+0000] {dagbag.py:541} INFO - Filling up the DagBag from /home/airflow/.local/lib/python3.7/site-packages/airflow/example_dags/example_datasets.py
[2023-08-07T17:10:19.786+0000] {processor.py:836} INFO - DAG(s) dict_keys(['dataset_produces_1', 'dataset_consumes_unknown_never_scheduled', 'dataset_consumes_1_never_scheduled', 'dataset_consumes_1', 'dataset_produces_2', 'dataset_consumes_1_and_2']) retrieved from /home/airflow/.local/lib/python3.7/site-packages/airflow/example_dags/example_datasets.py
[2023-08-07T17:10:19.822+0000] {logging_mixin.py:150} INFO - [2023-08-07T17:10:19.821+0000] {dag.py:2742} INFO - Sync 6 DAGs
[2023-08-07T17:10:19.846+0000] {logging_mixin.py:150} INFO - [2023-08-07T17:10:19.846+0000] {dag.py:3508} INFO - Setting next_dagrun for dataset_consumes_1 to None, run_after=None
[2023-08-07T17:10:19.849+0000] {logging_mixin.py:150} INFO - [2023-08-07T17:10:19.849+0000] {dag.py:3508} INFO - Setting next_dagrun for dataset_consumes_1_and_2 to None, run_after=None
[2023-08-07T17:10:19.851+0000] {logging_mixin.py:150} INFO - [2023-08-07T17:10:19.850+0000] {dag.py:3508} INFO - Setting next_dagrun for dataset_consumes_1_never_scheduled to None, run_after=None
[2023-08-07T17:10:19.852+0000] {logging_mixin.py:150} INFO - [2023-08-07T17:10:19.851+0000] {dag.py:3508} INFO - Setting next_dagrun for dataset_consumes_unknown_never_scheduled to None, run_after=None
[2023-08-07T17:10:19.854+0000] {logging_mixin.py:150} INFO - [2023-08-07T17:10:19.854+0000] {dag.py:3508} INFO - Setting next_dagrun for dataset_produces_1 to 2023-08-06T00:00:00+00:00, run_after=2023-08-07T00:00:00+00:00
[2023-08-07T17:10:19.855+0000] {logging_mixin.py:150} INFO - [2023-08-07T17:10:19.855+0000] {dag.py:3508} INFO - Setting next_dagrun for dataset_produces_2 to None, run_after=None
[2023-08-07T17:10:19.883+0000] {processor.py:179} INFO - Processing /home/airflow/.local/lib/python3.7/site-packages/airflow/example_dags/example_datasets.py took 0.113 seconds
[2023-08-07T17:10:50.095+0000] {processor.py:157} INFO - Started process (PID=297) to work on /home/airflow/.local/lib/python3.7/site-packages/airflow/example_dags/example_datasets.py
[2023-08-07T17:10:50.096+0000] {processor.py:826} INFO - Processing file /home/airflow/.local/lib/python3.7/site-packages/airflow/example_dags/example_datasets.py for tasks to queue
[2023-08-07T17:10:50.096+0000] {logging_mixin.py:150} INFO - [2023-08-07T17:10:50.096+0000] {dagbag.py:541} INFO - Filling up the DagBag from /home/airflow/.local/lib/python3.7/site-packages/airflow/example_dags/example_datasets.py
[2023-08-07T17:10:50.103+0000] {processor.py:836} INFO - DAG(s) dict_keys(['dataset_produces_1', 'dataset_consumes_unknown_never_scheduled', 'dataset_consumes_1_never_scheduled', 'dataset_consumes_1_and_2', 'dataset_produces_2', 'dataset_consumes_1']) retrieved from /home/airflow/.local/lib/python3.7/site-packages/airflow/example_dags/example_datasets.py
[2023-08-07T17:10:50.140+0000] {logging_mixin.py:150} INFO - [2023-08-07T17:10:50.140+0000] {dag.py:2742} INFO - Sync 6 DAGs
[2023-08-07T17:10:50.166+0000] {logging_mixin.py:150} INFO - [2023-08-07T17:10:50.166+0000] {dag.py:3508} INFO - Setting next_dagrun for dataset_consumes_1 to None, run_after=None
[2023-08-07T17:10:50.169+0000] {logging_mixin.py:150} INFO - [2023-08-07T17:10:50.169+0000] {dag.py:3508} INFO - Setting next_dagrun for dataset_consumes_1_and_2 to None, run_after=None
[2023-08-07T17:10:50.171+0000] {logging_mixin.py:150} INFO - [2023-08-07T17:10:50.171+0000] {dag.py:3508} INFO - Setting next_dagrun for dataset_consumes_1_never_scheduled to None, run_after=None
[2023-08-07T17:10:50.172+0000] {logging_mixin.py:150} INFO - [2023-08-07T17:10:50.172+0000] {dag.py:3508} INFO - Setting next_dagrun for dataset_consumes_unknown_never_scheduled to None, run_after=None
[2023-08-07T17:10:50.175+0000] {logging_mixin.py:150} INFO - [2023-08-07T17:10:50.175+0000] {dag.py:3508} INFO - Setting next_dagrun for dataset_produces_1 to 2023-08-06T00:00:00+00:00, run_after=2023-08-07T00:00:00+00:00
[2023-08-07T17:10:50.176+0000] {logging_mixin.py:150} INFO - [2023-08-07T17:10:50.176+0000] {dag.py:3508} INFO - Setting next_dagrun for dataset_produces_2 to None, run_after=None
[2023-08-07T17:10:50.210+0000] {processor.py:179} INFO - Processing /home/airflow/.local/lib/python3.7/site-packages/airflow/example_dags/example_datasets.py took 0.117 seconds
[2023-08-07T17:11:21.144+0000] {processor.py:157} INFO - Started process (PID=359) to work on /home/airflow/.local/lib/python3.7/site-packages/airflow/example_dags/example_datasets.py
[2023-08-07T17:11:21.144+0000] {processor.py:826} INFO - Processing file /home/airflow/.local/lib/python3.7/site-packages/airflow/example_dags/example_datasets.py for tasks to queue
[2023-08-07T17:11:21.145+0000] {logging_mixin.py:150} INFO - [2023-08-07T17:11:21.145+0000] {dagbag.py:541} INFO - Filling up the DagBag from /home/airflow/.local/lib/python3.7/site-packages/airflow/example_dags/example_datasets.py
[2023-08-07T17:11:21.151+0000] {processor.py:836} INFO - DAG(s) dict_keys(['dataset_consumes_1_never_scheduled', 'dataset_consumes_unknown_never_scheduled', 'dataset_consumes_1', 'dataset_consumes_1_and_2', 'dataset_produces_2', 'dataset_produces_1']) retrieved from /home/airflow/.local/lib/python3.7/site-packages/airflow/example_dags/example_datasets.py
[2023-08-07T17:11:21.184+0000] {logging_mixin.py:150} INFO - [2023-08-07T17:11:21.184+0000] {dag.py:2742} INFO - Sync 6 DAGs
[2023-08-07T17:11:21.208+0000] {logging_mixin.py:150} INFO - [2023-08-07T17:11:21.208+0000] {dag.py:3508} INFO - Setting next_dagrun for dataset_consumes_1 to None, run_after=None
[2023-08-07T17:11:21.211+0000] {logging_mixin.py:150} INFO - [2023-08-07T17:11:21.211+0000] {dag.py:3508} INFO - Setting next_dagrun for dataset_consumes_1_and_2 to None, run_after=None
[2023-08-07T17:11:21.213+0000] {logging_mixin.py:150} INFO - [2023-08-07T17:11:21.213+0000] {dag.py:3508} INFO - Setting next_dagrun for dataset_consumes_1_never_scheduled to None, run_after=None
[2023-08-07T17:11:21.214+0000] {logging_mixin.py:150} INFO - [2023-08-07T17:11:21.214+0000] {dag.py:3508} INFO - Setting next_dagrun for dataset_consumes_unknown_never_scheduled to None, run_after=None
[2023-08-07T17:11:21.216+0000] {logging_mixin.py:150} INFO - [2023-08-07T17:11:21.216+0000] {dag.py:3508} INFO - Setting next_dagrun for dataset_produces_1 to 2023-08-06T00:00:00+00:00, run_after=2023-08-07T00:00:00+00:00
[2023-08-07T17:11:21.217+0000] {logging_mixin.py:150} INFO - [2023-08-07T17:11:21.217+0000] {dag.py:3508} INFO - Setting next_dagrun for dataset_produces_2 to None, run_after=None
[2023-08-07T17:11:21.246+0000] {processor.py:179} INFO - Processing /home/airflow/.local/lib/python3.7/site-packages/airflow/example_dags/example_datasets.py took 0.104 seconds
[2023-08-07T17:11:51.837+0000] {processor.py:157} INFO - Started process (PID=421) to work on /home/airflow/.local/lib/python3.7/site-packages/airflow/example_dags/example_datasets.py
[2023-08-07T17:11:51.838+0000] {processor.py:826} INFO - Processing file /home/airflow/.local/lib/python3.7/site-packages/airflow/example_dags/example_datasets.py for tasks to queue
[2023-08-07T17:11:51.839+0000] {logging_mixin.py:150} INFO - [2023-08-07T17:11:51.839+0000] {dagbag.py:541} INFO - Filling up the DagBag from /home/airflow/.local/lib/python3.7/site-packages/airflow/example_dags/example_datasets.py
[2023-08-07T17:11:51.853+0000] {processor.py:836} INFO - DAG(s) dict_keys(['dataset_consumes_1_and_2', 'dataset_consumes_1_never_scheduled', 'dataset_consumes_1', 'dataset_consumes_unknown_never_scheduled', 'dataset_produces_2', 'dataset_produces_1']) retrieved from /home/airflow/.local/lib/python3.7/site-packages/airflow/example_dags/example_datasets.py
[2023-08-07T17:11:51.902+0000] {logging_mixin.py:150} INFO - [2023-08-07T17:11:51.902+0000] {dag.py:2742} INFO - Sync 6 DAGs
[2023-08-07T17:11:51.925+0000] {logging_mixin.py:150} INFO - [2023-08-07T17:11:51.924+0000] {dag.py:3508} INFO - Setting next_dagrun for dataset_consumes_1 to None, run_after=None
[2023-08-07T17:11:51.928+0000] {logging_mixin.py:150} INFO - [2023-08-07T17:11:51.927+0000] {dag.py:3508} INFO - Setting next_dagrun for dataset_consumes_1_and_2 to None, run_after=None
[2023-08-07T17:11:51.929+0000] {logging_mixin.py:150} INFO - [2023-08-07T17:11:51.929+0000] {dag.py:3508} INFO - Setting next_dagrun for dataset_consumes_1_never_scheduled to None, run_after=None
[2023-08-07T17:11:51.930+0000] {logging_mixin.py:150} INFO - [2023-08-07T17:11:51.930+0000] {dag.py:3508} INFO - Setting next_dagrun for dataset_consumes_unknown_never_scheduled to None, run_after=None
[2023-08-07T17:11:51.933+0000] {logging_mixin.py:150} INFO - [2023-08-07T17:11:51.932+0000] {dag.py:3508} INFO - Setting next_dagrun for dataset_produces_1 to 2023-08-06T00:00:00+00:00, run_after=2023-08-07T00:00:00+00:00
[2023-08-07T17:11:51.934+0000] {logging_mixin.py:150} INFO - [2023-08-07T17:11:51.934+0000] {dag.py:3508} INFO - Setting next_dagrun for dataset_produces_2 to None, run_after=None
[2023-08-07T17:11:51.966+0000] {processor.py:179} INFO - Processing /home/airflow/.local/lib/python3.7/site-packages/airflow/example_dags/example_datasets.py took 0.133 seconds
[2023-08-07T17:12:22.482+0000] {processor.py:157} INFO - Started process (PID=483) to work on /home/airflow/.local/lib/python3.7/site-packages/airflow/example_dags/example_datasets.py
[2023-08-07T17:12:22.483+0000] {processor.py:826} INFO - Processing file /home/airflow/.local/lib/python3.7/site-packages/airflow/example_dags/example_datasets.py for tasks to queue
[2023-08-07T17:12:22.483+0000] {logging_mixin.py:150} INFO - [2023-08-07T17:12:22.483+0000] {dagbag.py:541} INFO - Filling up the DagBag from /home/airflow/.local/lib/python3.7/site-packages/airflow/example_dags/example_datasets.py
[2023-08-07T17:12:22.490+0000] {processor.py:836} INFO - DAG(s) dict_keys(['dataset_consumes_1', 'dataset_consumes_1_and_2', 'dataset_consumes_1_never_scheduled', 'dataset_produces_1', 'dataset_produces_2', 'dataset_consumes_unknown_never_scheduled']) retrieved from /home/airflow/.local/lib/python3.7/site-packages/airflow/example_dags/example_datasets.py
[2023-08-07T17:12:22.526+0000] {logging_mixin.py:150} INFO - [2023-08-07T17:12:22.525+0000] {dag.py:2742} INFO - Sync 6 DAGs
[2023-08-07T17:12:22.550+0000] {logging_mixin.py:150} INFO - [2023-08-07T17:12:22.549+0000] {dag.py:3508} INFO - Setting next_dagrun for dataset_consumes_1 to None, run_after=None
[2023-08-07T17:12:22.553+0000] {logging_mixin.py:150} INFO - [2023-08-07T17:12:22.553+0000] {dag.py:3508} INFO - Setting next_dagrun for dataset_consumes_1_and_2 to None, run_after=None
[2023-08-07T17:12:22.557+0000] {logging_mixin.py:150} INFO - [2023-08-07T17:12:22.557+0000] {dag.py:3508} INFO - Setting next_dagrun for dataset_consumes_1_never_scheduled to None, run_after=None
[2023-08-07T17:12:22.559+0000] {logging_mixin.py:150} INFO - [2023-08-07T17:12:22.559+0000] {dag.py:3508} INFO - Setting next_dagrun for dataset_consumes_unknown_never_scheduled to None, run_after=None
[2023-08-07T17:12:22.562+0000] {logging_mixin.py:150} INFO - [2023-08-07T17:12:22.562+0000] {dag.py:3508} INFO - Setting next_dagrun for dataset_produces_1 to 2023-08-06T00:00:00+00:00, run_after=2023-08-07T00:00:00+00:00
[2023-08-07T17:12:22.564+0000] {logging_mixin.py:150} INFO - [2023-08-07T17:12:22.564+0000] {dag.py:3508} INFO - Setting next_dagrun for dataset_produces_2 to None, run_after=None
[2023-08-07T17:12:22.596+0000] {processor.py:179} INFO - Processing /home/airflow/.local/lib/python3.7/site-packages/airflow/example_dags/example_datasets.py took 0.116 seconds
[2023-08-07T17:12:53.347+0000] {processor.py:157} INFO - Started process (PID=545) to work on /home/airflow/.local/lib/python3.7/site-packages/airflow/example_dags/example_datasets.py
[2023-08-07T17:12:53.348+0000] {processor.py:826} INFO - Processing file /home/airflow/.local/lib/python3.7/site-packages/airflow/example_dags/example_datasets.py for tasks to queue
[2023-08-07T17:12:53.349+0000] {logging_mixin.py:150} INFO - [2023-08-07T17:12:53.349+0000] {dagbag.py:541} INFO - Filling up the DagBag from /home/airflow/.local/lib/python3.7/site-packages/airflow/example_dags/example_datasets.py
[2023-08-07T17:12:53.361+0000] {processor.py:836} INFO - DAG(s) dict_keys(['dataset_consumes_1_never_scheduled', 'dataset_consumes_unknown_never_scheduled', 'dataset_consumes_1_and_2', 'dataset_produces_2', 'dataset_consumes_1', 'dataset_produces_1']) retrieved from /home/airflow/.local/lib/python3.7/site-packages/airflow/example_dags/example_datasets.py
[2023-08-07T17:12:53.396+0000] {logging_mixin.py:150} INFO - [2023-08-07T17:12:53.396+0000] {dag.py:2742} INFO - Sync 6 DAGs
[2023-08-07T17:12:53.419+0000] {logging_mixin.py:150} INFO - [2023-08-07T17:12:53.419+0000] {dag.py:3508} INFO - Setting next_dagrun for dataset_consumes_1 to None, run_after=None
[2023-08-07T17:12:53.423+0000] {logging_mixin.py:150} INFO - [2023-08-07T17:12:53.422+0000] {dag.py:3508} INFO - Setting next_dagrun for dataset_consumes_1_and_2 to None, run_after=None
[2023-08-07T17:12:53.424+0000] {logging_mixin.py:150} INFO - [2023-08-07T17:12:53.424+0000] {dag.py:3508} INFO - Setting next_dagrun for dataset_consumes_1_never_scheduled to None, run_after=None
[2023-08-07T17:12:53.425+0000] {logging_mixin.py:150} INFO - [2023-08-07T17:12:53.425+0000] {dag.py:3508} INFO - Setting next_dagrun for dataset_consumes_unknown_never_scheduled to None, run_after=None
[2023-08-07T17:12:53.428+0000] {logging_mixin.py:150} INFO - [2023-08-07T17:12:53.428+0000] {dag.py:3508} INFO - Setting next_dagrun for dataset_produces_1 to 2023-08-06T00:00:00+00:00, run_after=2023-08-07T00:00:00+00:00
[2023-08-07T17:12:53.429+0000] {logging_mixin.py:150} INFO - [2023-08-07T17:12:53.429+0000] {dag.py:3508} INFO - Setting next_dagrun for dataset_produces_2 to None, run_after=None
[2023-08-07T17:12:53.462+0000] {processor.py:179} INFO - Processing /home/airflow/.local/lib/python3.7/site-packages/airflow/example_dags/example_datasets.py took 0.118 seconds
[2023-08-07T17:13:23.721+0000] {processor.py:157} INFO - Started process (PID=607) to work on /home/airflow/.local/lib/python3.7/site-packages/airflow/example_dags/example_datasets.py
[2023-08-07T17:13:23.722+0000] {processor.py:826} INFO - Processing file /home/airflow/.local/lib/python3.7/site-packages/airflow/example_dags/example_datasets.py for tasks to queue
[2023-08-07T17:13:23.723+0000] {logging_mixin.py:150} INFO - [2023-08-07T17:13:23.723+0000] {dagbag.py:541} INFO - Filling up the DagBag from /home/airflow/.local/lib/python3.7/site-packages/airflow/example_dags/example_datasets.py
[2023-08-07T17:13:23.737+0000] {processor.py:836} INFO - DAG(s) dict_keys(['dataset_consumes_1', 'dataset_consumes_unknown_never_scheduled', 'dataset_consumes_1_and_2', 'dataset_consumes_1_never_scheduled', 'dataset_produces_1', 'dataset_produces_2']) retrieved from /home/airflow/.local/lib/python3.7/site-packages/airflow/example_dags/example_datasets.py
[2023-08-07T17:13:23.794+0000] {logging_mixin.py:150} INFO - [2023-08-07T17:13:23.794+0000] {dag.py:2742} INFO - Sync 6 DAGs
[2023-08-07T17:13:23.819+0000] {logging_mixin.py:150} INFO - [2023-08-07T17:13:23.819+0000] {dag.py:3508} INFO - Setting next_dagrun for dataset_consumes_1 to None, run_after=None
[2023-08-07T17:13:23.822+0000] {logging_mixin.py:150} INFO - [2023-08-07T17:13:23.822+0000] {dag.py:3508} INFO - Setting next_dagrun for dataset_consumes_1_and_2 to None, run_after=None
[2023-08-07T17:13:23.824+0000] {logging_mixin.py:150} INFO - [2023-08-07T17:13:23.823+0000] {dag.py:3508} INFO - Setting next_dagrun for dataset_consumes_1_never_scheduled to None, run_after=None
[2023-08-07T17:13:23.825+0000] {logging_mixin.py:150} INFO - [2023-08-07T17:13:23.825+0000] {dag.py:3508} INFO - Setting next_dagrun for dataset_consumes_unknown_never_scheduled to None, run_after=None
[2023-08-07T17:13:23.827+0000] {logging_mixin.py:150} INFO - [2023-08-07T17:13:23.827+0000] {dag.py:3508} INFO - Setting next_dagrun for dataset_produces_1 to 2023-08-06T00:00:00+00:00, run_after=2023-08-07T00:00:00+00:00
[2023-08-07T17:13:23.828+0000] {logging_mixin.py:150} INFO - [2023-08-07T17:13:23.828+0000] {dag.py:3508} INFO - Setting next_dagrun for dataset_produces_2 to None, run_after=None
[2023-08-07T17:13:23.859+0000] {processor.py:179} INFO - Processing /home/airflow/.local/lib/python3.7/site-packages/airflow/example_dags/example_datasets.py took 0.142 seconds
[2023-08-07T17:13:54.433+0000] {processor.py:157} INFO - Started process (PID=669) to work on /home/airflow/.local/lib/python3.7/site-packages/airflow/example_dags/example_datasets.py
[2023-08-07T17:13:54.434+0000] {processor.py:826} INFO - Processing file /home/airflow/.local/lib/python3.7/site-packages/airflow/example_dags/example_datasets.py for tasks to queue
[2023-08-07T17:13:54.435+0000] {logging_mixin.py:150} INFO - [2023-08-07T17:13:54.434+0000] {dagbag.py:541} INFO - Filling up the DagBag from /home/airflow/.local/lib/python3.7/site-packages/airflow/example_dags/example_datasets.py
[2023-08-07T17:13:54.447+0000] {processor.py:836} INFO - DAG(s) dict_keys(['dataset_consumes_unknown_never_scheduled', 'dataset_produces_2', 'dataset_consumes_1_never_scheduled', 'dataset_consumes_1_and_2', 'dataset_produces_1', 'dataset_consumes_1']) retrieved from /home/airflow/.local/lib/python3.7/site-packages/airflow/example_dags/example_datasets.py
[2023-08-07T17:13:54.482+0000] {logging_mixin.py:150} INFO - [2023-08-07T17:13:54.482+0000] {dag.py:2742} INFO - Sync 6 DAGs
[2023-08-07T17:13:54.505+0000] {logging_mixin.py:150} INFO - [2023-08-07T17:13:54.505+0000] {dag.py:3508} INFO - Setting next_dagrun for dataset_consumes_1 to None, run_after=None
[2023-08-07T17:13:54.509+0000] {logging_mixin.py:150} INFO - [2023-08-07T17:13:54.509+0000] {dag.py:3508} INFO - Setting next_dagrun for dataset_consumes_1_and_2 to None, run_after=None
[2023-08-07T17:13:54.510+0000] {logging_mixin.py:150} INFO - [2023-08-07T17:13:54.510+0000] {dag.py:3508} INFO - Setting next_dagrun for dataset_consumes_1_never_scheduled to None, run_after=None
[2023-08-07T17:13:54.511+0000] {logging_mixin.py:150} INFO - [2023-08-07T17:13:54.511+0000] {dag.py:3508} INFO - Setting next_dagrun for dataset_consumes_unknown_never_scheduled to None, run_after=None
[2023-08-07T17:13:54.514+0000] {logging_mixin.py:150} INFO - [2023-08-07T17:13:54.514+0000] {dag.py:3508} INFO - Setting next_dagrun for dataset_produces_1 to 2023-08-06T00:00:00+00:00, run_after=2023-08-07T00:00:00+00:00
[2023-08-07T17:13:54.515+0000] {logging_mixin.py:150} INFO - [2023-08-07T17:13:54.515+0000] {dag.py:3508} INFO - Setting next_dagrun for dataset_produces_2 to None, run_after=None
[2023-08-07T17:13:54.546+0000] {processor.py:179} INFO - Processing /home/airflow/.local/lib/python3.7/site-packages/airflow/example_dags/example_datasets.py took 0.117 seconds
[2023-08-07T17:14:25.344+0000] {processor.py:157} INFO - Started process (PID=731) to work on /home/airflow/.local/lib/python3.7/site-packages/airflow/example_dags/example_datasets.py
[2023-08-07T17:14:25.345+0000] {processor.py:826} INFO - Processing file /home/airflow/.local/lib/python3.7/site-packages/airflow/example_dags/example_datasets.py for tasks to queue
[2023-08-07T17:14:25.346+0000] {logging_mixin.py:150} INFO - [2023-08-07T17:14:25.346+0000] {dagbag.py:541} INFO - Filling up the DagBag from /home/airflow/.local/lib/python3.7/site-packages/airflow/example_dags/example_datasets.py
[2023-08-07T17:14:25.361+0000] {processor.py:836} INFO - DAG(s) dict_keys(['dataset_consumes_1_and_2', 'dataset_consumes_1_never_scheduled', 'dataset_produces_2', 'dataset_produces_1', 'dataset_consumes_unknown_never_scheduled', 'dataset_consumes_1']) retrieved from /home/airflow/.local/lib/python3.7/site-packages/airflow/example_dags/example_datasets.py
[2023-08-07T17:14:25.410+0000] {logging_mixin.py:150} INFO - [2023-08-07T17:14:25.409+0000] {dag.py:2742} INFO - Sync 6 DAGs
[2023-08-07T17:14:25.435+0000] {logging_mixin.py:150} INFO - [2023-08-07T17:14:25.435+0000] {dag.py:3508} INFO - Setting next_dagrun for dataset_consumes_1 to None, run_after=None
[2023-08-07T17:14:25.438+0000] {logging_mixin.py:150} INFO - [2023-08-07T17:14:25.438+0000] {dag.py:3508} INFO - Setting next_dagrun for dataset_consumes_1_and_2 to None, run_after=None
[2023-08-07T17:14:25.439+0000] {logging_mixin.py:150} INFO - [2023-08-07T17:14:25.439+0000] {dag.py:3508} INFO - Setting next_dagrun for dataset_consumes_1_never_scheduled to None, run_after=None
[2023-08-07T17:14:25.441+0000] {logging_mixin.py:150} INFO - [2023-08-07T17:14:25.441+0000] {dag.py:3508} INFO - Setting next_dagrun for dataset_consumes_unknown_never_scheduled to None, run_after=None
[2023-08-07T17:14:25.443+0000] {logging_mixin.py:150} INFO - [2023-08-07T17:14:25.443+0000] {dag.py:3508} INFO - Setting next_dagrun for dataset_produces_1 to 2023-08-06T00:00:00+00:00, run_after=2023-08-07T00:00:00+00:00
[2023-08-07T17:14:25.445+0000] {logging_mixin.py:150} INFO - [2023-08-07T17:14:25.445+0000] {dag.py:3508} INFO - Setting next_dagrun for dataset_produces_2 to None, run_after=None
[2023-08-07T17:14:25.475+0000] {processor.py:179} INFO - Processing /home/airflow/.local/lib/python3.7/site-packages/airflow/example_dags/example_datasets.py took 0.136 seconds
[2023-08-07T17:14:55.728+0000] {processor.py:157} INFO - Started process (PID=794) to work on /home/airflow/.local/lib/python3.7/site-packages/airflow/example_dags/example_datasets.py
[2023-08-07T17:14:55.728+0000] {processor.py:826} INFO - Processing file /home/airflow/.local/lib/python3.7/site-packages/airflow/example_dags/example_datasets.py for tasks to queue
[2023-08-07T17:14:55.729+0000] {logging_mixin.py:150} INFO - [2023-08-07T17:14:55.729+0000] {dagbag.py:541} INFO - Filling up the DagBag from /home/airflow/.local/lib/python3.7/site-packages/airflow/example_dags/example_datasets.py
[2023-08-07T17:14:55.735+0000] {processor.py:836} INFO - DAG(s) dict_keys(['dataset_produces_2', 'dataset_consumes_1', 'dataset_consumes_1_never_scheduled', 'dataset_produces_1', 'dataset_consumes_unknown_never_scheduled', 'dataset_consumes_1_and_2']) retrieved from /home/airflow/.local/lib/python3.7/site-packages/airflow/example_dags/example_datasets.py
[2023-08-07T17:14:55.770+0000] {logging_mixin.py:150} INFO - [2023-08-07T17:14:55.769+0000] {dag.py:2742} INFO - Sync 6 DAGs
[2023-08-07T17:14:55.795+0000] {logging_mixin.py:150} INFO - [2023-08-07T17:14:55.795+0000] {dag.py:3508} INFO - Setting next_dagrun for dataset_consumes_1 to None, run_after=None
[2023-08-07T17:14:55.798+0000] {logging_mixin.py:150} INFO - [2023-08-07T17:14:55.798+0000] {dag.py:3508} INFO - Setting next_dagrun for dataset_consumes_1_and_2 to None, run_after=None
[2023-08-07T17:14:55.799+0000] {logging_mixin.py:150} INFO - [2023-08-07T17:14:55.799+0000] {dag.py:3508} INFO - Setting next_dagrun for dataset_consumes_1_never_scheduled to None, run_after=None
[2023-08-07T17:14:55.801+0000] {logging_mixin.py:150} INFO - [2023-08-07T17:14:55.800+0000] {dag.py:3508} INFO - Setting next_dagrun for dataset_consumes_unknown_never_scheduled to None, run_after=None
[2023-08-07T17:14:55.803+0000] {logging_mixin.py:150} INFO - [2023-08-07T17:14:55.803+0000] {dag.py:3508} INFO - Setting next_dagrun for dataset_produces_1 to 2023-08-06T00:00:00+00:00, run_after=2023-08-07T00:00:00+00:00
[2023-08-07T17:14:55.804+0000] {logging_mixin.py:150} INFO - [2023-08-07T17:14:55.804+0000] {dag.py:3508} INFO - Setting next_dagrun for dataset_produces_2 to None, run_after=None
[2023-08-07T17:14:55.836+0000] {processor.py:179} INFO - Processing /home/airflow/.local/lib/python3.7/site-packages/airflow/example_dags/example_datasets.py took 0.110 seconds
[2023-08-07T17:15:25.860+0000] {processor.py:157} INFO - Started process (PID=856) to work on /home/airflow/.local/lib/python3.7/site-packages/airflow/example_dags/example_datasets.py
[2023-08-07T17:15:25.861+0000] {processor.py:826} INFO - Processing file /home/airflow/.local/lib/python3.7/site-packages/airflow/example_dags/example_datasets.py for tasks to queue
[2023-08-07T17:15:25.862+0000] {logging_mixin.py:150} INFO - [2023-08-07T17:15:25.861+0000] {dagbag.py:541} INFO - Filling up the DagBag from /home/airflow/.local/lib/python3.7/site-packages/airflow/example_dags/example_datasets.py
[2023-08-07T17:15:25.873+0000] {processor.py:836} INFO - DAG(s) dict_keys(['dataset_consumes_1_never_scheduled', 'dataset_consumes_unknown_never_scheduled', 'dataset_produces_2', 'dataset_consumes_1', 'dataset_consumes_1_and_2', 'dataset_produces_1']) retrieved from /home/airflow/.local/lib/python3.7/site-packages/airflow/example_dags/example_datasets.py
[2023-08-07T17:15:25.910+0000] {logging_mixin.py:150} INFO - [2023-08-07T17:15:25.910+0000] {dag.py:2742} INFO - Sync 6 DAGs
[2023-08-07T17:15:25.935+0000] {logging_mixin.py:150} INFO - [2023-08-07T17:15:25.935+0000] {dag.py:3508} INFO - Setting next_dagrun for dataset_consumes_1 to None, run_after=None
[2023-08-07T17:15:25.939+0000] {logging_mixin.py:150} INFO - [2023-08-07T17:15:25.938+0000] {dag.py:3508} INFO - Setting next_dagrun for dataset_consumes_1_and_2 to None, run_after=None
[2023-08-07T17:15:25.940+0000] {logging_mixin.py:150} INFO - [2023-08-07T17:15:25.940+0000] {dag.py:3508} INFO - Setting next_dagrun for dataset_consumes_1_never_scheduled to None, run_after=None
[2023-08-07T17:15:25.941+0000] {logging_mixin.py:150} INFO - [2023-08-07T17:15:25.941+0000] {dag.py:3508} INFO - Setting next_dagrun for dataset_consumes_unknown_never_scheduled to None, run_after=None
[2023-08-07T17:15:25.944+0000] {logging_mixin.py:150} INFO - [2023-08-07T17:15:25.943+0000] {dag.py:3508} INFO - Setting next_dagrun for dataset_produces_1 to 2023-08-06T00:00:00+00:00, run_after=2023-08-07T00:00:00+00:00
[2023-08-07T17:15:25.945+0000] {logging_mixin.py:150} INFO - [2023-08-07T17:15:25.945+0000] {dag.py:3508} INFO - Setting next_dagrun for dataset_produces_2 to None, run_after=None
[2023-08-07T17:15:25.979+0000] {processor.py:179} INFO - Processing /home/airflow/.local/lib/python3.7/site-packages/airflow/example_dags/example_datasets.py took 0.123 seconds
[2023-08-07T17:15:56.089+0000] {processor.py:157} INFO - Started process (PID=918) to work on /home/airflow/.local/lib/python3.7/site-packages/airflow/example_dags/example_datasets.py
[2023-08-07T17:15:56.089+0000] {processor.py:826} INFO - Processing file /home/airflow/.local/lib/python3.7/site-packages/airflow/example_dags/example_datasets.py for tasks to queue
[2023-08-07T17:15:56.090+0000] {logging_mixin.py:150} INFO - [2023-08-07T17:15:56.090+0000] {dagbag.py:541} INFO - Filling up the DagBag from /home/airflow/.local/lib/python3.7/site-packages/airflow/example_dags/example_datasets.py
[2023-08-07T17:15:56.103+0000] {processor.py:836} INFO - DAG(s) dict_keys(['dataset_produces_2', 'dataset_consumes_1_and_2', 'dataset_produces_1', 'dataset_consumes_1_never_scheduled', 'dataset_consumes_1', 'dataset_consumes_unknown_never_scheduled']) retrieved from /home/airflow/.local/lib/python3.7/site-packages/airflow/example_dags/example_datasets.py
[2023-08-07T17:15:56.151+0000] {logging_mixin.py:150} INFO - [2023-08-07T17:15:56.151+0000] {dag.py:2742} INFO - Sync 6 DAGs
[2023-08-07T17:15:56.175+0000] {logging_mixin.py:150} INFO - [2023-08-07T17:15:56.175+0000] {dag.py:3508} INFO - Setting next_dagrun for dataset_consumes_1 to None, run_after=None
[2023-08-07T17:15:56.179+0000] {logging_mixin.py:150} INFO - [2023-08-07T17:15:56.179+0000] {dag.py:3508} INFO - Setting next_dagrun for dataset_consumes_1_and_2 to None, run_after=None
[2023-08-07T17:15:56.180+0000] {logging_mixin.py:150} INFO - [2023-08-07T17:15:56.180+0000] {dag.py:3508} INFO - Setting next_dagrun for dataset_consumes_1_never_scheduled to None, run_after=None
[2023-08-07T17:15:56.181+0000] {logging_mixin.py:150} INFO - [2023-08-07T17:15:56.181+0000] {dag.py:3508} INFO - Setting next_dagrun for dataset_consumes_unknown_never_scheduled to None, run_after=None
[2023-08-07T17:15:56.184+0000] {logging_mixin.py:150} INFO - [2023-08-07T17:15:56.184+0000] {dag.py:3508} INFO - Setting next_dagrun for dataset_produces_1 to 2023-08-06T00:00:00+00:00, run_after=2023-08-07T00:00:00+00:00
[2023-08-07T17:15:56.185+0000] {logging_mixin.py:150} INFO - [2023-08-07T17:15:56.185+0000] {dag.py:3508} INFO - Setting next_dagrun for dataset_produces_2 to None, run_after=None
[2023-08-07T17:15:56.220+0000] {processor.py:179} INFO - Processing /home/airflow/.local/lib/python3.7/site-packages/airflow/example_dags/example_datasets.py took 0.135 seconds
[2023-08-07T17:16:26.683+0000] {processor.py:157} INFO - Started process (PID=979) to work on /home/airflow/.local/lib/python3.7/site-packages/airflow/example_dags/example_datasets.py
[2023-08-07T17:16:26.684+0000] {processor.py:826} INFO - Processing file /home/airflow/.local/lib/python3.7/site-packages/airflow/example_dags/example_datasets.py for tasks to queue
[2023-08-07T17:16:26.685+0000] {logging_mixin.py:150} INFO - [2023-08-07T17:16:26.684+0000] {dagbag.py:541} INFO - Filling up the DagBag from /home/airflow/.local/lib/python3.7/site-packages/airflow/example_dags/example_datasets.py
[2023-08-07T17:16:26.691+0000] {processor.py:836} INFO - DAG(s) dict_keys(['dataset_produces_2', 'dataset_produces_1', 'dataset_consumes_1_never_scheduled', 'dataset_consumes_unknown_never_scheduled', 'dataset_consumes_1_and_2', 'dataset_consumes_1']) retrieved from /home/airflow/.local/lib/python3.7/site-packages/airflow/example_dags/example_datasets.py
[2023-08-07T17:16:26.726+0000] {logging_mixin.py:150} INFO - [2023-08-07T17:16:26.726+0000] {dag.py:2742} INFO - Sync 6 DAGs
[2023-08-07T17:16:26.750+0000] {logging_mixin.py:150} INFO - [2023-08-07T17:16:26.750+0000] {dag.py:3508} INFO - Setting next_dagrun for dataset_consumes_1 to None, run_after=None
[2023-08-07T17:16:26.754+0000] {logging_mixin.py:150} INFO - [2023-08-07T17:16:26.754+0000] {dag.py:3508} INFO - Setting next_dagrun for dataset_consumes_1_and_2 to None, run_after=None
[2023-08-07T17:16:26.755+0000] {logging_mixin.py:150} INFO - [2023-08-07T17:16:26.755+0000] {dag.py:3508} INFO - Setting next_dagrun for dataset_consumes_1_never_scheduled to None, run_after=None
[2023-08-07T17:16:26.757+0000] {logging_mixin.py:150} INFO - [2023-08-07T17:16:26.756+0000] {dag.py:3508} INFO - Setting next_dagrun for dataset_consumes_unknown_never_scheduled to None, run_after=None
[2023-08-07T17:16:26.759+0000] {logging_mixin.py:150} INFO - [2023-08-07T17:16:26.759+0000] {dag.py:3508} INFO - Setting next_dagrun for dataset_produces_1 to 2023-08-06T00:00:00+00:00, run_after=2023-08-07T00:00:00+00:00
[2023-08-07T17:16:26.761+0000] {logging_mixin.py:150} INFO - [2023-08-07T17:16:26.760+0000] {dag.py:3508} INFO - Setting next_dagrun for dataset_produces_2 to None, run_after=None
[2023-08-07T17:16:26.792+0000] {processor.py:179} INFO - Processing /home/airflow/.local/lib/python3.7/site-packages/airflow/example_dags/example_datasets.py took 0.112 seconds
[2023-08-07T17:41:14.436+0000] {processor.py:157} INFO - Started process (PID=48) to work on /home/airflow/.local/lib/python3.7/site-packages/airflow/example_dags/example_datasets.py
[2023-08-07T17:41:14.437+0000] {processor.py:826} INFO - Processing file /home/airflow/.local/lib/python3.7/site-packages/airflow/example_dags/example_datasets.py for tasks to queue
[2023-08-07T17:41:14.437+0000] {logging_mixin.py:150} INFO - [2023-08-07T17:41:14.437+0000] {dagbag.py:541} INFO - Filling up the DagBag from /home/airflow/.local/lib/python3.7/site-packages/airflow/example_dags/example_datasets.py
[2023-08-07T17:41:14.451+0000] {processor.py:836} INFO - DAG(s) dict_keys(['dataset_consumes_1', 'dataset_produces_1', 'dataset_produces_2', 'dataset_consumes_1_and_2', 'dataset_consumes_unknown_never_scheduled', 'dataset_consumes_1_never_scheduled']) retrieved from /home/airflow/.local/lib/python3.7/site-packages/airflow/example_dags/example_datasets.py
[2023-08-07T17:41:14.473+0000] {logging_mixin.py:150} INFO - [2023-08-07T17:41:14.473+0000] {dag.py:2742} INFO - Sync 6 DAGs
[2023-08-07T17:41:14.503+0000] {logging_mixin.py:150} INFO - [2023-08-07T17:41:14.502+0000] {dag.py:3508} INFO - Setting next_dagrun for dataset_consumes_1 to None, run_after=None
[2023-08-07T17:41:14.507+0000] {logging_mixin.py:150} INFO - [2023-08-07T17:41:14.507+0000] {dag.py:3508} INFO - Setting next_dagrun for dataset_consumes_1_and_2 to None, run_after=None
[2023-08-07T17:41:14.509+0000] {logging_mixin.py:150} INFO - [2023-08-07T17:41:14.508+0000] {dag.py:3508} INFO - Setting next_dagrun for dataset_consumes_1_never_scheduled to None, run_after=None
[2023-08-07T17:41:14.510+0000] {logging_mixin.py:150} INFO - [2023-08-07T17:41:14.510+0000] {dag.py:3508} INFO - Setting next_dagrun for dataset_consumes_unknown_never_scheduled to None, run_after=None
[2023-08-07T17:41:14.516+0000] {logging_mixin.py:150} INFO - [2023-08-07T17:41:14.515+0000] {dag.py:3508} INFO - Setting next_dagrun for dataset_produces_1 to 2023-08-06T00:00:00+00:00, run_after=2023-08-07T00:00:00+00:00
[2023-08-07T17:41:14.518+0000] {logging_mixin.py:150} INFO - [2023-08-07T17:41:14.517+0000] {dag.py:3508} INFO - Setting next_dagrun for dataset_produces_2 to None, run_after=None
[2023-08-07T17:41:14.565+0000] {processor.py:179} INFO - Processing /home/airflow/.local/lib/python3.7/site-packages/airflow/example_dags/example_datasets.py took 0.132 seconds
[2023-08-07T17:41:45.138+0000] {processor.py:157} INFO - Started process (PID=110) to work on /home/airflow/.local/lib/python3.7/site-packages/airflow/example_dags/example_datasets.py
[2023-08-07T17:41:45.139+0000] {processor.py:826} INFO - Processing file /home/airflow/.local/lib/python3.7/site-packages/airflow/example_dags/example_datasets.py for tasks to queue
[2023-08-07T17:41:45.140+0000] {logging_mixin.py:150} INFO - [2023-08-07T17:41:45.140+0000] {dagbag.py:541} INFO - Filling up the DagBag from /home/airflow/.local/lib/python3.7/site-packages/airflow/example_dags/example_datasets.py
[2023-08-07T17:41:45.155+0000] {processor.py:836} INFO - DAG(s) dict_keys(['dataset_produces_2', 'dataset_produces_1', 'dataset_consumes_1', 'dataset_consumes_1_never_scheduled', 'dataset_consumes_unknown_never_scheduled', 'dataset_consumes_1_and_2']) retrieved from /home/airflow/.local/lib/python3.7/site-packages/airflow/example_dags/example_datasets.py
[2023-08-07T17:41:45.206+0000] {logging_mixin.py:150} INFO - [2023-08-07T17:41:45.206+0000] {dag.py:2742} INFO - Sync 6 DAGs
[2023-08-07T17:41:45.229+0000] {logging_mixin.py:150} INFO - [2023-08-07T17:41:45.229+0000] {dag.py:3508} INFO - Setting next_dagrun for dataset_consumes_1 to None, run_after=None
[2023-08-07T17:41:45.233+0000] {logging_mixin.py:150} INFO - [2023-08-07T17:41:45.233+0000] {dag.py:3508} INFO - Setting next_dagrun for dataset_consumes_1_and_2 to None, run_after=None
[2023-08-07T17:41:45.234+0000] {logging_mixin.py:150} INFO - [2023-08-07T17:41:45.234+0000] {dag.py:3508} INFO - Setting next_dagrun for dataset_consumes_1_never_scheduled to None, run_after=None
[2023-08-07T17:41:45.235+0000] {logging_mixin.py:150} INFO - [2023-08-07T17:41:45.235+0000] {dag.py:3508} INFO - Setting next_dagrun for dataset_consumes_unknown_never_scheduled to None, run_after=None
[2023-08-07T17:41:45.237+0000] {logging_mixin.py:150} INFO - [2023-08-07T17:41:45.237+0000] {dag.py:3508} INFO - Setting next_dagrun for dataset_produces_1 to 2023-08-06T00:00:00+00:00, run_after=2023-08-07T00:00:00+00:00
[2023-08-07T17:41:45.238+0000] {logging_mixin.py:150} INFO - [2023-08-07T17:41:45.238+0000] {dag.py:3508} INFO - Setting next_dagrun for dataset_produces_2 to None, run_after=None
[2023-08-07T17:41:45.270+0000] {processor.py:179} INFO - Processing /home/airflow/.local/lib/python3.7/site-packages/airflow/example_dags/example_datasets.py took 0.137 seconds
[2023-08-07T17:42:15.858+0000] {processor.py:157} INFO - Started process (PID=172) to work on /home/airflow/.local/lib/python3.7/site-packages/airflow/example_dags/example_datasets.py
[2023-08-07T17:42:15.858+0000] {processor.py:826} INFO - Processing file /home/airflow/.local/lib/python3.7/site-packages/airflow/example_dags/example_datasets.py for tasks to queue
[2023-08-07T17:42:15.859+0000] {logging_mixin.py:150} INFO - [2023-08-07T17:42:15.859+0000] {dagbag.py:541} INFO - Filling up the DagBag from /home/airflow/.local/lib/python3.7/site-packages/airflow/example_dags/example_datasets.py
[2023-08-07T17:42:15.865+0000] {processor.py:836} INFO - DAG(s) dict_keys(['dataset_produces_2', 'dataset_consumes_1', 'dataset_produces_1', 'dataset_consumes_1_never_scheduled', 'dataset_consumes_1_and_2', 'dataset_consumes_unknown_never_scheduled']) retrieved from /home/airflow/.local/lib/python3.7/site-packages/airflow/example_dags/example_datasets.py
[2023-08-07T17:42:15.920+0000] {logging_mixin.py:150} INFO - [2023-08-07T17:42:15.920+0000] {dag.py:2742} INFO - Sync 6 DAGs
[2023-08-07T17:42:15.943+0000] {logging_mixin.py:150} INFO - [2023-08-07T17:42:15.943+0000] {dag.py:3508} INFO - Setting next_dagrun for dataset_consumes_1 to None, run_after=None
[2023-08-07T17:42:15.947+0000] {logging_mixin.py:150} INFO - [2023-08-07T17:42:15.946+0000] {dag.py:3508} INFO - Setting next_dagrun for dataset_consumes_1_and_2 to None, run_after=None
[2023-08-07T17:42:15.948+0000] {logging_mixin.py:150} INFO - [2023-08-07T17:42:15.948+0000] {dag.py:3508} INFO - Setting next_dagrun for dataset_consumes_1_never_scheduled to None, run_after=None
[2023-08-07T17:42:15.949+0000] {logging_mixin.py:150} INFO - [2023-08-07T17:42:15.949+0000] {dag.py:3508} INFO - Setting next_dagrun for dataset_consumes_unknown_never_scheduled to None, run_after=None
[2023-08-07T17:42:15.951+0000] {logging_mixin.py:150} INFO - [2023-08-07T17:42:15.951+0000] {dag.py:3508} INFO - Setting next_dagrun for dataset_produces_1 to 2023-08-06T00:00:00+00:00, run_after=2023-08-07T00:00:00+00:00
[2023-08-07T17:42:15.953+0000] {logging_mixin.py:150} INFO - [2023-08-07T17:42:15.953+0000] {dag.py:3508} INFO - Setting next_dagrun for dataset_produces_2 to None, run_after=None
[2023-08-07T17:42:15.981+0000] {processor.py:179} INFO - Processing /home/airflow/.local/lib/python3.7/site-packages/airflow/example_dags/example_datasets.py took 0.126 seconds
[2023-08-07T17:42:46.827+0000] {processor.py:157} INFO - Started process (PID=234) to work on /home/airflow/.local/lib/python3.7/site-packages/airflow/example_dags/example_datasets.py
[2023-08-07T17:42:46.828+0000] {processor.py:826} INFO - Processing file /home/airflow/.local/lib/python3.7/site-packages/airflow/example_dags/example_datasets.py for tasks to queue
[2023-08-07T17:42:46.829+0000] {logging_mixin.py:150} INFO - [2023-08-07T17:42:46.828+0000] {dagbag.py:541} INFO - Filling up the DagBag from /home/airflow/.local/lib/python3.7/site-packages/airflow/example_dags/example_datasets.py
[2023-08-07T17:42:46.842+0000] {processor.py:836} INFO - DAG(s) dict_keys(['dataset_produces_2', 'dataset_consumes_1_and_2', 'dataset_consumes_1', 'dataset_consumes_unknown_never_scheduled', 'dataset_consumes_1_never_scheduled', 'dataset_produces_1']) retrieved from /home/airflow/.local/lib/python3.7/site-packages/airflow/example_dags/example_datasets.py
[2023-08-07T17:42:46.881+0000] {logging_mixin.py:150} INFO - [2023-08-07T17:42:46.881+0000] {dag.py:2742} INFO - Sync 6 DAGs
[2023-08-07T17:42:46.905+0000] {logging_mixin.py:150} INFO - [2023-08-07T17:42:46.905+0000] {dag.py:3508} INFO - Setting next_dagrun for dataset_consumes_1 to None, run_after=None
[2023-08-07T17:42:46.909+0000] {logging_mixin.py:150} INFO - [2023-08-07T17:42:46.908+0000] {dag.py:3508} INFO - Setting next_dagrun for dataset_consumes_1_and_2 to None, run_after=None
[2023-08-07T17:42:46.910+0000] {logging_mixin.py:150} INFO - [2023-08-07T17:42:46.910+0000] {dag.py:3508} INFO - Setting next_dagrun for dataset_consumes_1_never_scheduled to None, run_after=None
[2023-08-07T17:42:46.911+0000] {logging_mixin.py:150} INFO - [2023-08-07T17:42:46.911+0000] {dag.py:3508} INFO - Setting next_dagrun for dataset_consumes_unknown_never_scheduled to None, run_after=None
[2023-08-07T17:42:46.914+0000] {logging_mixin.py:150} INFO - [2023-08-07T17:42:46.913+0000] {dag.py:3508} INFO - Setting next_dagrun for dataset_produces_1 to 2023-08-06T00:00:00+00:00, run_after=2023-08-07T00:00:00+00:00
[2023-08-07T17:42:46.915+0000] {logging_mixin.py:150} INFO - [2023-08-07T17:42:46.915+0000] {dag.py:3508} INFO - Setting next_dagrun for dataset_produces_2 to None, run_after=None
[2023-08-07T17:42:46.946+0000] {processor.py:179} INFO - Processing /home/airflow/.local/lib/python3.7/site-packages/airflow/example_dags/example_datasets.py took 0.123 seconds
[2023-08-07T17:43:17.758+0000] {processor.py:157} INFO - Started process (PID=297) to work on /home/airflow/.local/lib/python3.7/site-packages/airflow/example_dags/example_datasets.py
[2023-08-07T17:43:17.758+0000] {processor.py:826} INFO - Processing file /home/airflow/.local/lib/python3.7/site-packages/airflow/example_dags/example_datasets.py for tasks to queue
[2023-08-07T17:43:17.759+0000] {logging_mixin.py:150} INFO - [2023-08-07T17:43:17.759+0000] {dagbag.py:541} INFO - Filling up the DagBag from /home/airflow/.local/lib/python3.7/site-packages/airflow/example_dags/example_datasets.py
[2023-08-07T17:43:17.765+0000] {processor.py:836} INFO - DAG(s) dict_keys(['dataset_consumes_1_never_scheduled', 'dataset_produces_2', 'dataset_produces_1', 'dataset_consumes_unknown_never_scheduled', 'dataset_consumes_1_and_2', 'dataset_consumes_1']) retrieved from /home/airflow/.local/lib/python3.7/site-packages/airflow/example_dags/example_datasets.py
[2023-08-07T17:43:17.798+0000] {logging_mixin.py:150} INFO - [2023-08-07T17:43:17.798+0000] {dag.py:2742} INFO - Sync 6 DAGs
[2023-08-07T17:43:17.822+0000] {logging_mixin.py:150} INFO - [2023-08-07T17:43:17.822+0000] {dag.py:3508} INFO - Setting next_dagrun for dataset_consumes_1 to None, run_after=None
[2023-08-07T17:43:17.825+0000] {logging_mixin.py:150} INFO - [2023-08-07T17:43:17.825+0000] {dag.py:3508} INFO - Setting next_dagrun for dataset_consumes_1_and_2 to None, run_after=None
[2023-08-07T17:43:17.827+0000] {logging_mixin.py:150} INFO - [2023-08-07T17:43:17.826+0000] {dag.py:3508} INFO - Setting next_dagrun for dataset_consumes_1_never_scheduled to None, run_after=None
[2023-08-07T17:43:17.828+0000] {logging_mixin.py:150} INFO - [2023-08-07T17:43:17.827+0000] {dag.py:3508} INFO - Setting next_dagrun for dataset_consumes_unknown_never_scheduled to None, run_after=None
[2023-08-07T17:43:17.830+0000] {logging_mixin.py:150} INFO - [2023-08-07T17:43:17.830+0000] {dag.py:3508} INFO - Setting next_dagrun for dataset_produces_1 to 2023-08-06T00:00:00+00:00, run_after=2023-08-07T00:00:00+00:00
[2023-08-07T17:43:17.832+0000] {logging_mixin.py:150} INFO - [2023-08-07T17:43:17.832+0000] {dag.py:3508} INFO - Setting next_dagrun for dataset_produces_2 to None, run_after=None
[2023-08-07T17:43:17.876+0000] {processor.py:179} INFO - Processing /home/airflow/.local/lib/python3.7/site-packages/airflow/example_dags/example_datasets.py took 0.121 seconds
[2023-08-07T17:43:47.922+0000] {processor.py:157} INFO - Started process (PID=359) to work on /home/airflow/.local/lib/python3.7/site-packages/airflow/example_dags/example_datasets.py
[2023-08-07T17:43:47.922+0000] {processor.py:826} INFO - Processing file /home/airflow/.local/lib/python3.7/site-packages/airflow/example_dags/example_datasets.py for tasks to queue
[2023-08-07T17:43:47.923+0000] {logging_mixin.py:150} INFO - [2023-08-07T17:43:47.923+0000] {dagbag.py:541} INFO - Filling up the DagBag from /home/airflow/.local/lib/python3.7/site-packages/airflow/example_dags/example_datasets.py
[2023-08-07T17:43:47.929+0000] {processor.py:836} INFO - DAG(s) dict_keys(['dataset_consumes_1_and_2', 'dataset_consumes_1_never_scheduled', 'dataset_produces_2', 'dataset_consumes_unknown_never_scheduled', 'dataset_consumes_1', 'dataset_produces_1']) retrieved from /home/airflow/.local/lib/python3.7/site-packages/airflow/example_dags/example_datasets.py
[2023-08-07T17:43:47.975+0000] {logging_mixin.py:150} INFO - [2023-08-07T17:43:47.975+0000] {dag.py:2742} INFO - Sync 6 DAGs
[2023-08-07T17:43:47.999+0000] {logging_mixin.py:150} INFO - [2023-08-07T17:43:47.999+0000] {dag.py:3508} INFO - Setting next_dagrun for dataset_consumes_1 to None, run_after=None
[2023-08-07T17:43:48.002+0000] {logging_mixin.py:150} INFO - [2023-08-07T17:43:48.002+0000] {dag.py:3508} INFO - Setting next_dagrun for dataset_consumes_1_and_2 to None, run_after=None
[2023-08-07T17:43:48.004+0000] {logging_mixin.py:150} INFO - [2023-08-07T17:43:48.004+0000] {dag.py:3508} INFO - Setting next_dagrun for dataset_consumes_1_never_scheduled to None, run_after=None
[2023-08-07T17:43:48.005+0000] {logging_mixin.py:150} INFO - [2023-08-07T17:43:48.005+0000] {dag.py:3508} INFO - Setting next_dagrun for dataset_consumes_unknown_never_scheduled to None, run_after=None
[2023-08-07T17:43:48.007+0000] {logging_mixin.py:150} INFO - [2023-08-07T17:43:48.007+0000] {dag.py:3508} INFO - Setting next_dagrun for dataset_produces_1 to 2023-08-06T00:00:00+00:00, run_after=2023-08-07T00:00:00+00:00
[2023-08-07T17:43:48.009+0000] {logging_mixin.py:150} INFO - [2023-08-07T17:43:48.009+0000] {dag.py:3508} INFO - Setting next_dagrun for dataset_produces_2 to None, run_after=None
[2023-08-07T17:43:48.040+0000] {processor.py:179} INFO - Processing /home/airflow/.local/lib/python3.7/site-packages/airflow/example_dags/example_datasets.py took 0.120 seconds
[2023-08-07T18:11:00.933+0000] {processor.py:157} INFO - Started process (PID=49) to work on /home/airflow/.local/lib/python3.7/site-packages/airflow/example_dags/example_datasets.py
[2023-08-07T18:11:00.934+0000] {processor.py:826} INFO - Processing file /home/airflow/.local/lib/python3.7/site-packages/airflow/example_dags/example_datasets.py for tasks to queue
[2023-08-07T18:11:00.935+0000] {logging_mixin.py:150} INFO - [2023-08-07T18:11:00.935+0000] {dagbag.py:541} INFO - Filling up the DagBag from /home/airflow/.local/lib/python3.7/site-packages/airflow/example_dags/example_datasets.py
[2023-08-07T18:11:00.949+0000] {processor.py:836} INFO - DAG(s) dict_keys(['dataset_produces_2', 'dataset_produces_1', 'dataset_consumes_1', 'dataset_consumes_unknown_never_scheduled', 'dataset_consumes_1_never_scheduled', 'dataset_consumes_1_and_2']) retrieved from /home/airflow/.local/lib/python3.7/site-packages/airflow/example_dags/example_datasets.py
[2023-08-07T18:11:00.968+0000] {logging_mixin.py:150} INFO - [2023-08-07T18:11:00.968+0000] {dag.py:2742} INFO - Sync 6 DAGs
[2023-08-07T18:11:01.000+0000] {logging_mixin.py:150} INFO - [2023-08-07T18:11:01.000+0000] {dag.py:3508} INFO - Setting next_dagrun for dataset_consumes_1 to None, run_after=None
[2023-08-07T18:11:01.004+0000] {logging_mixin.py:150} INFO - [2023-08-07T18:11:01.004+0000] {dag.py:3508} INFO - Setting next_dagrun for dataset_consumes_1_and_2 to None, run_after=None
[2023-08-07T18:11:01.006+0000] {logging_mixin.py:150} INFO - [2023-08-07T18:11:01.006+0000] {dag.py:3508} INFO - Setting next_dagrun for dataset_consumes_1_never_scheduled to None, run_after=None
[2023-08-07T18:11:01.007+0000] {logging_mixin.py:150} INFO - [2023-08-07T18:11:01.007+0000] {dag.py:3508} INFO - Setting next_dagrun for dataset_consumes_unknown_never_scheduled to None, run_after=None
[2023-08-07T18:11:01.012+0000] {logging_mixin.py:150} INFO - [2023-08-07T18:11:01.012+0000] {dag.py:3508} INFO - Setting next_dagrun for dataset_produces_1 to 2023-08-06T00:00:00+00:00, run_after=2023-08-07T00:00:00+00:00
[2023-08-07T18:11:01.020+0000] {logging_mixin.py:150} INFO - [2023-08-07T18:11:01.020+0000] {dag.py:3508} INFO - Setting next_dagrun for dataset_produces_2 to None, run_after=None
[2023-08-07T18:11:01.062+0000] {processor.py:179} INFO - Processing /home/airflow/.local/lib/python3.7/site-packages/airflow/example_dags/example_datasets.py took 0.131 seconds
