[2023-08-07T17:08:47.550+0000] {processor.py:157} INFO - Started process (PID=37) to work on /home/airflow/.local/lib/python3.7/site-packages/airflow/example_dags/example_branch_python_dop_operator_3.py
[2023-08-07T17:08:47.551+0000] {processor.py:826} INFO - Processing file /home/airflow/.local/lib/python3.7/site-packages/airflow/example_dags/example_branch_python_dop_operator_3.py for tasks to queue
[2023-08-07T17:08:47.552+0000] {logging_mixin.py:150} INFO - [2023-08-07T17:08:47.551+0000] {dagbag.py:541} INFO - Filling up the DagBag from /home/airflow/.local/lib/python3.7/site-packages/airflow/example_dags/example_branch_python_dop_operator_3.py
[2023-08-07T17:08:47.561+0000] {processor.py:836} INFO - DAG(s) dict_keys(['example_branch_dop_operator_v3']) retrieved from /home/airflow/.local/lib/python3.7/site-packages/airflow/example_dags/example_branch_python_dop_operator_3.py
[2023-08-07T17:08:47.573+0000] {logging_mixin.py:150} INFO - [2023-08-07T17:08:47.573+0000] {dag.py:2742} INFO - Sync 1 DAGs
[2023-08-07T17:08:47.624+0000] {logging_mixin.py:150} INFO - [2023-08-07T17:08:47.624+0000] {dag.py:3508} INFO - Setting next_dagrun for example_branch_dop_operator_v3 to 2023-08-07T17:07:00+00:00, run_after=2023-08-07T17:08:00+00:00
[2023-08-07T17:08:47.649+0000] {processor.py:179} INFO - Processing /home/airflow/.local/lib/python3.7/site-packages/airflow/example_dags/example_branch_python_dop_operator_3.py took 0.101 seconds
[2023-08-07T17:09:18.221+0000] {processor.py:157} INFO - Started process (PID=99) to work on /home/airflow/.local/lib/python3.7/site-packages/airflow/example_dags/example_branch_python_dop_operator_3.py
[2023-08-07T17:09:18.221+0000] {processor.py:826} INFO - Processing file /home/airflow/.local/lib/python3.7/site-packages/airflow/example_dags/example_branch_python_dop_operator_3.py for tasks to queue
[2023-08-07T17:09:18.222+0000] {logging_mixin.py:150} INFO - [2023-08-07T17:09:18.221+0000] {dagbag.py:541} INFO - Filling up the DagBag from /home/airflow/.local/lib/python3.7/site-packages/airflow/example_dags/example_branch_python_dop_operator_3.py
[2023-08-07T17:09:18.227+0000] {processor.py:836} INFO - DAG(s) dict_keys(['example_branch_dop_operator_v3']) retrieved from /home/airflow/.local/lib/python3.7/site-packages/airflow/example_dags/example_branch_python_dop_operator_3.py
[2023-08-07T17:09:18.247+0000] {logging_mixin.py:150} INFO - [2023-08-07T17:09:18.246+0000] {dag.py:2742} INFO - Sync 1 DAGs
[2023-08-07T17:09:18.274+0000] {logging_mixin.py:150} INFO - [2023-08-07T17:09:18.274+0000] {dag.py:3508} INFO - Setting next_dagrun for example_branch_dop_operator_v3 to 2023-08-07T17:08:00+00:00, run_after=2023-08-07T17:09:00+00:00
[2023-08-07T17:09:18.299+0000] {processor.py:179} INFO - Processing /home/airflow/.local/lib/python3.7/site-packages/airflow/example_dags/example_branch_python_dop_operator_3.py took 0.080 seconds
[2023-08-07T17:09:48.774+0000] {processor.py:157} INFO - Started process (PID=161) to work on /home/airflow/.local/lib/python3.7/site-packages/airflow/example_dags/example_branch_python_dop_operator_3.py
[2023-08-07T17:09:48.775+0000] {processor.py:826} INFO - Processing file /home/airflow/.local/lib/python3.7/site-packages/airflow/example_dags/example_branch_python_dop_operator_3.py for tasks to queue
[2023-08-07T17:09:48.775+0000] {logging_mixin.py:150} INFO - [2023-08-07T17:09:48.775+0000] {dagbag.py:541} INFO - Filling up the DagBag from /home/airflow/.local/lib/python3.7/site-packages/airflow/example_dags/example_branch_python_dop_operator_3.py
[2023-08-07T17:09:48.781+0000] {processor.py:836} INFO - DAG(s) dict_keys(['example_branch_dop_operator_v3']) retrieved from /home/airflow/.local/lib/python3.7/site-packages/airflow/example_dags/example_branch_python_dop_operator_3.py
[2023-08-07T17:09:48.817+0000] {logging_mixin.py:150} INFO - [2023-08-07T17:09:48.817+0000] {dag.py:2742} INFO - Sync 1 DAGs
[2023-08-07T17:09:48.853+0000] {logging_mixin.py:150} INFO - [2023-08-07T17:09:48.853+0000] {dag.py:3508} INFO - Setting next_dagrun for example_branch_dop_operator_v3 to 2023-08-07T17:08:00+00:00, run_after=2023-08-07T17:09:00+00:00
[2023-08-07T17:09:48.870+0000] {processor.py:179} INFO - Processing /home/airflow/.local/lib/python3.7/site-packages/airflow/example_dags/example_branch_python_dop_operator_3.py took 0.098 seconds
[2023-08-07T17:10:19.106+0000] {processor.py:157} INFO - Started process (PID=223) to work on /home/airflow/.local/lib/python3.7/site-packages/airflow/example_dags/example_branch_python_dop_operator_3.py
[2023-08-07T17:10:19.107+0000] {processor.py:826} INFO - Processing file /home/airflow/.local/lib/python3.7/site-packages/airflow/example_dags/example_branch_python_dop_operator_3.py for tasks to queue
[2023-08-07T17:10:19.108+0000] {logging_mixin.py:150} INFO - [2023-08-07T17:10:19.107+0000] {dagbag.py:541} INFO - Filling up the DagBag from /home/airflow/.local/lib/python3.7/site-packages/airflow/example_dags/example_branch_python_dop_operator_3.py
[2023-08-07T17:10:19.121+0000] {processor.py:836} INFO - DAG(s) dict_keys(['example_branch_dop_operator_v3']) retrieved from /home/airflow/.local/lib/python3.7/site-packages/airflow/example_dags/example_branch_python_dop_operator_3.py
[2023-08-07T17:10:19.143+0000] {logging_mixin.py:150} INFO - [2023-08-07T17:10:19.143+0000] {dag.py:2742} INFO - Sync 1 DAGs
[2023-08-07T17:10:19.170+0000] {logging_mixin.py:150} INFO - [2023-08-07T17:10:19.170+0000] {dag.py:3508} INFO - Setting next_dagrun for example_branch_dop_operator_v3 to 2023-08-07T17:09:00+00:00, run_after=2023-08-07T17:10:00+00:00
[2023-08-07T17:10:19.187+0000] {processor.py:179} INFO - Processing /home/airflow/.local/lib/python3.7/site-packages/airflow/example_dags/example_branch_python_dop_operator_3.py took 0.086 seconds
[2023-08-07T17:10:49.390+0000] {processor.py:157} INFO - Started process (PID=285) to work on /home/airflow/.local/lib/python3.7/site-packages/airflow/example_dags/example_branch_python_dop_operator_3.py
[2023-08-07T17:10:49.391+0000] {processor.py:826} INFO - Processing file /home/airflow/.local/lib/python3.7/site-packages/airflow/example_dags/example_branch_python_dop_operator_3.py for tasks to queue
[2023-08-07T17:10:49.392+0000] {logging_mixin.py:150} INFO - [2023-08-07T17:10:49.392+0000] {dagbag.py:541} INFO - Filling up the DagBag from /home/airflow/.local/lib/python3.7/site-packages/airflow/example_dags/example_branch_python_dop_operator_3.py
[2023-08-07T17:10:49.406+0000] {processor.py:836} INFO - DAG(s) dict_keys(['example_branch_dop_operator_v3']) retrieved from /home/airflow/.local/lib/python3.7/site-packages/airflow/example_dags/example_branch_python_dop_operator_3.py
[2023-08-07T17:10:49.442+0000] {logging_mixin.py:150} INFO - [2023-08-07T17:10:49.442+0000] {dag.py:2742} INFO - Sync 1 DAGs
[2023-08-07T17:10:49.473+0000] {logging_mixin.py:150} INFO - [2023-08-07T17:10:49.473+0000] {dag.py:3508} INFO - Setting next_dagrun for example_branch_dop_operator_v3 to 2023-08-07T17:09:00+00:00, run_after=2023-08-07T17:10:00+00:00
[2023-08-07T17:10:49.497+0000] {processor.py:179} INFO - Processing /home/airflow/.local/lib/python3.7/site-packages/airflow/example_dags/example_branch_python_dop_operator_3.py took 0.112 seconds
[2023-08-07T17:11:20.506+0000] {processor.py:157} INFO - Started process (PID=347) to work on /home/airflow/.local/lib/python3.7/site-packages/airflow/example_dags/example_branch_python_dop_operator_3.py
[2023-08-07T17:11:20.511+0000] {processor.py:826} INFO - Processing file /home/airflow/.local/lib/python3.7/site-packages/airflow/example_dags/example_branch_python_dop_operator_3.py for tasks to queue
[2023-08-07T17:11:20.512+0000] {logging_mixin.py:150} INFO - [2023-08-07T17:11:20.512+0000] {dagbag.py:541} INFO - Filling up the DagBag from /home/airflow/.local/lib/python3.7/site-packages/airflow/example_dags/example_branch_python_dop_operator_3.py
[2023-08-07T17:11:20.527+0000] {processor.py:836} INFO - DAG(s) dict_keys(['example_branch_dop_operator_v3']) retrieved from /home/airflow/.local/lib/python3.7/site-packages/airflow/example_dags/example_branch_python_dop_operator_3.py
[2023-08-07T17:11:20.549+0000] {logging_mixin.py:150} INFO - [2023-08-07T17:11:20.549+0000] {dag.py:2742} INFO - Sync 1 DAGs
[2023-08-07T17:11:20.575+0000] {logging_mixin.py:150} INFO - [2023-08-07T17:11:20.575+0000] {dag.py:3508} INFO - Setting next_dagrun for example_branch_dop_operator_v3 to 2023-08-07T17:10:00+00:00, run_after=2023-08-07T17:11:00+00:00
[2023-08-07T17:11:20.592+0000] {processor.py:179} INFO - Processing /home/airflow/.local/lib/python3.7/site-packages/airflow/example_dags/example_branch_python_dop_operator_3.py took 0.090 seconds
[2023-08-07T17:11:51.081+0000] {processor.py:157} INFO - Started process (PID=409) to work on /home/airflow/.local/lib/python3.7/site-packages/airflow/example_dags/example_branch_python_dop_operator_3.py
[2023-08-07T17:11:51.088+0000] {processor.py:826} INFO - Processing file /home/airflow/.local/lib/python3.7/site-packages/airflow/example_dags/example_branch_python_dop_operator_3.py for tasks to queue
[2023-08-07T17:11:51.089+0000] {logging_mixin.py:150} INFO - [2023-08-07T17:11:51.089+0000] {dagbag.py:541} INFO - Filling up the DagBag from /home/airflow/.local/lib/python3.7/site-packages/airflow/example_dags/example_branch_python_dop_operator_3.py
[2023-08-07T17:11:51.102+0000] {processor.py:836} INFO - DAG(s) dict_keys(['example_branch_dop_operator_v3']) retrieved from /home/airflow/.local/lib/python3.7/site-packages/airflow/example_dags/example_branch_python_dop_operator_3.py
[2023-08-07T17:11:51.124+0000] {logging_mixin.py:150} INFO - [2023-08-07T17:11:51.124+0000] {dag.py:2742} INFO - Sync 1 DAGs
[2023-08-07T17:11:51.152+0000] {logging_mixin.py:150} INFO - [2023-08-07T17:11:51.151+0000] {dag.py:3508} INFO - Setting next_dagrun for example_branch_dop_operator_v3 to 2023-08-07T17:10:00+00:00, run_after=2023-08-07T17:11:00+00:00
[2023-08-07T17:11:51.169+0000] {processor.py:179} INFO - Processing /home/airflow/.local/lib/python3.7/site-packages/airflow/example_dags/example_branch_python_dop_operator_3.py took 0.092 seconds
[2023-08-07T17:12:21.781+0000] {processor.py:157} INFO - Started process (PID=471) to work on /home/airflow/.local/lib/python3.7/site-packages/airflow/example_dags/example_branch_python_dop_operator_3.py
[2023-08-07T17:12:21.783+0000] {processor.py:826} INFO - Processing file /home/airflow/.local/lib/python3.7/site-packages/airflow/example_dags/example_branch_python_dop_operator_3.py for tasks to queue
[2023-08-07T17:12:21.784+0000] {logging_mixin.py:150} INFO - [2023-08-07T17:12:21.783+0000] {dagbag.py:541} INFO - Filling up the DagBag from /home/airflow/.local/lib/python3.7/site-packages/airflow/example_dags/example_branch_python_dop_operator_3.py
[2023-08-07T17:12:21.794+0000] {processor.py:836} INFO - DAG(s) dict_keys(['example_branch_dop_operator_v3']) retrieved from /home/airflow/.local/lib/python3.7/site-packages/airflow/example_dags/example_branch_python_dop_operator_3.py
[2023-08-07T17:12:21.815+0000] {logging_mixin.py:150} INFO - [2023-08-07T17:12:21.815+0000] {dag.py:2742} INFO - Sync 1 DAGs
[2023-08-07T17:12:21.842+0000] {logging_mixin.py:150} INFO - [2023-08-07T17:12:21.841+0000] {dag.py:3508} INFO - Setting next_dagrun for example_branch_dop_operator_v3 to 2023-08-07T17:11:00+00:00, run_after=2023-08-07T17:12:00+00:00
[2023-08-07T17:12:21.860+0000] {processor.py:179} INFO - Processing /home/airflow/.local/lib/python3.7/site-packages/airflow/example_dags/example_branch_python_dop_operator_3.py took 0.082 seconds
[2023-08-07T17:12:52.681+0000] {processor.py:157} INFO - Started process (PID=533) to work on /home/airflow/.local/lib/python3.7/site-packages/airflow/example_dags/example_branch_python_dop_operator_3.py
[2023-08-07T17:12:52.688+0000] {processor.py:826} INFO - Processing file /home/airflow/.local/lib/python3.7/site-packages/airflow/example_dags/example_branch_python_dop_operator_3.py for tasks to queue
[2023-08-07T17:12:52.689+0000] {logging_mixin.py:150} INFO - [2023-08-07T17:12:52.689+0000] {dagbag.py:541} INFO - Filling up the DagBag from /home/airflow/.local/lib/python3.7/site-packages/airflow/example_dags/example_branch_python_dop_operator_3.py
[2023-08-07T17:12:52.701+0000] {processor.py:836} INFO - DAG(s) dict_keys(['example_branch_dop_operator_v3']) retrieved from /home/airflow/.local/lib/python3.7/site-packages/airflow/example_dags/example_branch_python_dop_operator_3.py
[2023-08-07T17:12:52.724+0000] {logging_mixin.py:150} INFO - [2023-08-07T17:12:52.723+0000] {dag.py:2742} INFO - Sync 1 DAGs
[2023-08-07T17:12:52.750+0000] {logging_mixin.py:150} INFO - [2023-08-07T17:12:52.750+0000] {dag.py:3508} INFO - Setting next_dagrun for example_branch_dop_operator_v3 to 2023-08-07T17:11:00+00:00, run_after=2023-08-07T17:12:00+00:00
[2023-08-07T17:12:52.770+0000] {processor.py:179} INFO - Processing /home/airflow/.local/lib/python3.7/site-packages/airflow/example_dags/example_branch_python_dop_operator_3.py took 0.091 seconds
[2023-08-07T17:13:22.896+0000] {processor.py:157} INFO - Started process (PID=595) to work on /home/airflow/.local/lib/python3.7/site-packages/airflow/example_dags/example_branch_python_dop_operator_3.py
[2023-08-07T17:13:22.896+0000] {processor.py:826} INFO - Processing file /home/airflow/.local/lib/python3.7/site-packages/airflow/example_dags/example_branch_python_dop_operator_3.py for tasks to queue
[2023-08-07T17:13:22.897+0000] {logging_mixin.py:150} INFO - [2023-08-07T17:13:22.897+0000] {dagbag.py:541} INFO - Filling up the DagBag from /home/airflow/.local/lib/python3.7/site-packages/airflow/example_dags/example_branch_python_dop_operator_3.py
[2023-08-07T17:13:22.902+0000] {processor.py:836} INFO - DAG(s) dict_keys(['example_branch_dop_operator_v3']) retrieved from /home/airflow/.local/lib/python3.7/site-packages/airflow/example_dags/example_branch_python_dop_operator_3.py
[2023-08-07T17:13:22.923+0000] {logging_mixin.py:150} INFO - [2023-08-07T17:13:22.923+0000] {dag.py:2742} INFO - Sync 1 DAGs
[2023-08-07T17:13:22.950+0000] {logging_mixin.py:150} INFO - [2023-08-07T17:13:22.950+0000] {dag.py:3508} INFO - Setting next_dagrun for example_branch_dop_operator_v3 to 2023-08-07T17:12:00+00:00, run_after=2023-08-07T17:13:00+00:00
[2023-08-07T17:13:22.968+0000] {processor.py:179} INFO - Processing /home/airflow/.local/lib/python3.7/site-packages/airflow/example_dags/example_branch_python_dop_operator_3.py took 0.075 seconds
[2023-08-07T17:13:53.737+0000] {processor.py:157} INFO - Started process (PID=657) to work on /home/airflow/.local/lib/python3.7/site-packages/airflow/example_dags/example_branch_python_dop_operator_3.py
[2023-08-07T17:13:53.738+0000] {processor.py:826} INFO - Processing file /home/airflow/.local/lib/python3.7/site-packages/airflow/example_dags/example_branch_python_dop_operator_3.py for tasks to queue
[2023-08-07T17:13:53.739+0000] {logging_mixin.py:150} INFO - [2023-08-07T17:13:53.739+0000] {dagbag.py:541} INFO - Filling up the DagBag from /home/airflow/.local/lib/python3.7/site-packages/airflow/example_dags/example_branch_python_dop_operator_3.py
[2023-08-07T17:13:53.751+0000] {processor.py:836} INFO - DAG(s) dict_keys(['example_branch_dop_operator_v3']) retrieved from /home/airflow/.local/lib/python3.7/site-packages/airflow/example_dags/example_branch_python_dop_operator_3.py
[2023-08-07T17:13:53.789+0000] {logging_mixin.py:150} INFO - [2023-08-07T17:13:53.789+0000] {dag.py:2742} INFO - Sync 1 DAGs
[2023-08-07T17:13:53.825+0000] {logging_mixin.py:150} INFO - [2023-08-07T17:13:53.825+0000] {dag.py:3508} INFO - Setting next_dagrun for example_branch_dop_operator_v3 to 2023-08-07T17:12:00+00:00, run_after=2023-08-07T17:13:00+00:00
[2023-08-07T17:13:53.842+0000] {processor.py:179} INFO - Processing /home/airflow/.local/lib/python3.7/site-packages/airflow/example_dags/example_branch_python_dop_operator_3.py took 0.110 seconds
[2023-08-07T17:14:24.602+0000] {processor.py:157} INFO - Started process (PID=719) to work on /home/airflow/.local/lib/python3.7/site-packages/airflow/example_dags/example_branch_python_dop_operator_3.py
[2023-08-07T17:14:24.605+0000] {processor.py:826} INFO - Processing file /home/airflow/.local/lib/python3.7/site-packages/airflow/example_dags/example_branch_python_dop_operator_3.py for tasks to queue
[2023-08-07T17:14:24.606+0000] {logging_mixin.py:150} INFO - [2023-08-07T17:14:24.606+0000] {dagbag.py:541} INFO - Filling up the DagBag from /home/airflow/.local/lib/python3.7/site-packages/airflow/example_dags/example_branch_python_dop_operator_3.py
[2023-08-07T17:14:24.621+0000] {processor.py:836} INFO - DAG(s) dict_keys(['example_branch_dop_operator_v3']) retrieved from /home/airflow/.local/lib/python3.7/site-packages/airflow/example_dags/example_branch_python_dop_operator_3.py
[2023-08-07T17:14:24.656+0000] {logging_mixin.py:150} INFO - [2023-08-07T17:14:24.656+0000] {dag.py:2742} INFO - Sync 1 DAGs
[2023-08-07T17:14:24.682+0000] {logging_mixin.py:150} INFO - [2023-08-07T17:14:24.682+0000] {dag.py:3508} INFO - Setting next_dagrun for example_branch_dop_operator_v3 to 2023-08-07T17:13:00+00:00, run_after=2023-08-07T17:14:00+00:00
[2023-08-07T17:14:24.698+0000] {processor.py:179} INFO - Processing /home/airflow/.local/lib/python3.7/site-packages/airflow/example_dags/example_branch_python_dop_operator_3.py took 0.101 seconds
[2023-08-07T17:14:54.776+0000] {processor.py:157} INFO - Started process (PID=780) to work on /home/airflow/.local/lib/python3.7/site-packages/airflow/example_dags/example_branch_python_dop_operator_3.py
[2023-08-07T17:14:54.787+0000] {processor.py:826} INFO - Processing file /home/airflow/.local/lib/python3.7/site-packages/airflow/example_dags/example_branch_python_dop_operator_3.py for tasks to queue
[2023-08-07T17:14:54.788+0000] {logging_mixin.py:150} INFO - [2023-08-07T17:14:54.788+0000] {dagbag.py:541} INFO - Filling up the DagBag from /home/airflow/.local/lib/python3.7/site-packages/airflow/example_dags/example_branch_python_dop_operator_3.py
[2023-08-07T17:14:54.803+0000] {processor.py:836} INFO - DAG(s) dict_keys(['example_branch_dop_operator_v3']) retrieved from /home/airflow/.local/lib/python3.7/site-packages/airflow/example_dags/example_branch_python_dop_operator_3.py
[2023-08-07T17:14:54.843+0000] {logging_mixin.py:150} INFO - [2023-08-07T17:14:54.843+0000] {dag.py:2742} INFO - Sync 1 DAGs
[2023-08-07T17:14:54.871+0000] {logging_mixin.py:150} INFO - [2023-08-07T17:14:54.871+0000] {dag.py:3508} INFO - Setting next_dagrun for example_branch_dop_operator_v3 to 2023-08-07T17:13:00+00:00, run_after=2023-08-07T17:14:00+00:00
[2023-08-07T17:14:54.889+0000] {processor.py:179} INFO - Processing /home/airflow/.local/lib/python3.7/site-packages/airflow/example_dags/example_branch_python_dop_operator_3.py took 0.118 seconds
[2023-08-07T17:15:24.992+0000] {processor.py:157} INFO - Started process (PID=842) to work on /home/airflow/.local/lib/python3.7/site-packages/airflow/example_dags/example_branch_python_dop_operator_3.py
[2023-08-07T17:15:25.003+0000] {processor.py:826} INFO - Processing file /home/airflow/.local/lib/python3.7/site-packages/airflow/example_dags/example_branch_python_dop_operator_3.py for tasks to queue
[2023-08-07T17:15:25.005+0000] {logging_mixin.py:150} INFO - [2023-08-07T17:15:25.004+0000] {dagbag.py:541} INFO - Filling up the DagBag from /home/airflow/.local/lib/python3.7/site-packages/airflow/example_dags/example_branch_python_dop_operator_3.py
[2023-08-07T17:15:25.019+0000] {processor.py:836} INFO - DAG(s) dict_keys(['example_branch_dop_operator_v3']) retrieved from /home/airflow/.local/lib/python3.7/site-packages/airflow/example_dags/example_branch_python_dop_operator_3.py
[2023-08-07T17:15:25.042+0000] {logging_mixin.py:150} INFO - [2023-08-07T17:15:25.042+0000] {dag.py:2742} INFO - Sync 1 DAGs
[2023-08-07T17:15:25.068+0000] {logging_mixin.py:150} INFO - [2023-08-07T17:15:25.068+0000] {dag.py:3508} INFO - Setting next_dagrun for example_branch_dop_operator_v3 to 2023-08-07T17:14:00+00:00, run_after=2023-08-07T17:15:00+00:00
[2023-08-07T17:15:25.085+0000] {processor.py:179} INFO - Processing /home/airflow/.local/lib/python3.7/site-packages/airflow/example_dags/example_branch_python_dop_operator_3.py took 0.098 seconds
[2023-08-07T17:15:55.401+0000] {processor.py:157} INFO - Started process (PID=905) to work on /home/airflow/.local/lib/python3.7/site-packages/airflow/example_dags/example_branch_python_dop_operator_3.py
[2023-08-07T17:15:55.402+0000] {processor.py:826} INFO - Processing file /home/airflow/.local/lib/python3.7/site-packages/airflow/example_dags/example_branch_python_dop_operator_3.py for tasks to queue
[2023-08-07T17:15:55.403+0000] {logging_mixin.py:150} INFO - [2023-08-07T17:15:55.403+0000] {dagbag.py:541} INFO - Filling up the DagBag from /home/airflow/.local/lib/python3.7/site-packages/airflow/example_dags/example_branch_python_dop_operator_3.py
[2023-08-07T17:15:55.417+0000] {processor.py:836} INFO - DAG(s) dict_keys(['example_branch_dop_operator_v3']) retrieved from /home/airflow/.local/lib/python3.7/site-packages/airflow/example_dags/example_branch_python_dop_operator_3.py
[2023-08-07T17:15:55.440+0000] {logging_mixin.py:150} INFO - [2023-08-07T17:15:55.439+0000] {dag.py:2742} INFO - Sync 1 DAGs
[2023-08-07T17:15:55.466+0000] {logging_mixin.py:150} INFO - [2023-08-07T17:15:55.466+0000] {dag.py:3508} INFO - Setting next_dagrun for example_branch_dop_operator_v3 to 2023-08-07T17:14:00+00:00, run_after=2023-08-07T17:15:00+00:00
[2023-08-07T17:15:55.482+0000] {processor.py:179} INFO - Processing /home/airflow/.local/lib/python3.7/site-packages/airflow/example_dags/example_branch_python_dop_operator_3.py took 0.086 seconds
[2023-08-07T17:16:26.077+0000] {processor.py:157} INFO - Started process (PID=967) to work on /home/airflow/.local/lib/python3.7/site-packages/airflow/example_dags/example_branch_python_dop_operator_3.py
[2023-08-07T17:16:26.083+0000] {processor.py:826} INFO - Processing file /home/airflow/.local/lib/python3.7/site-packages/airflow/example_dags/example_branch_python_dop_operator_3.py for tasks to queue
[2023-08-07T17:16:26.084+0000] {logging_mixin.py:150} INFO - [2023-08-07T17:16:26.084+0000] {dagbag.py:541} INFO - Filling up the DagBag from /home/airflow/.local/lib/python3.7/site-packages/airflow/example_dags/example_branch_python_dop_operator_3.py
[2023-08-07T17:16:26.090+0000] {processor.py:836} INFO - DAG(s) dict_keys(['example_branch_dop_operator_v3']) retrieved from /home/airflow/.local/lib/python3.7/site-packages/airflow/example_dags/example_branch_python_dop_operator_3.py
[2023-08-07T17:16:26.109+0000] {logging_mixin.py:150} INFO - [2023-08-07T17:16:26.109+0000] {dag.py:2742} INFO - Sync 1 DAGs
[2023-08-07T17:16:26.136+0000] {logging_mixin.py:150} INFO - [2023-08-07T17:16:26.136+0000] {dag.py:3508} INFO - Setting next_dagrun for example_branch_dop_operator_v3 to 2023-08-07T17:15:00+00:00, run_after=2023-08-07T17:16:00+00:00
[2023-08-07T17:16:26.154+0000] {processor.py:179} INFO - Processing /home/airflow/.local/lib/python3.7/site-packages/airflow/example_dags/example_branch_python_dop_operator_3.py took 0.079 seconds
[2023-08-07T17:41:13.686+0000] {processor.py:157} INFO - Started process (PID=36) to work on /home/airflow/.local/lib/python3.7/site-packages/airflow/example_dags/example_branch_python_dop_operator_3.py
[2023-08-07T17:41:13.686+0000] {processor.py:826} INFO - Processing file /home/airflow/.local/lib/python3.7/site-packages/airflow/example_dags/example_branch_python_dop_operator_3.py for tasks to queue
[2023-08-07T17:41:13.687+0000] {logging_mixin.py:150} INFO - [2023-08-07T17:41:13.687+0000] {dagbag.py:541} INFO - Filling up the DagBag from /home/airflow/.local/lib/python3.7/site-packages/airflow/example_dags/example_branch_python_dop_operator_3.py
[2023-08-07T17:41:13.697+0000] {processor.py:836} INFO - DAG(s) dict_keys(['example_branch_dop_operator_v3']) retrieved from /home/airflow/.local/lib/python3.7/site-packages/airflow/example_dags/example_branch_python_dop_operator_3.py
[2023-08-07T17:41:13.713+0000] {logging_mixin.py:150} INFO - [2023-08-07T17:41:13.712+0000] {dag.py:2742} INFO - Sync 1 DAGs
[2023-08-07T17:41:13.753+0000] {logging_mixin.py:150} INFO - [2023-08-07T17:41:13.753+0000] {dag.py:3508} INFO - Setting next_dagrun for example_branch_dop_operator_v3 to 2023-08-07T17:40:00+00:00, run_after=2023-08-07T17:41:00+00:00
[2023-08-07T17:41:13.778+0000] {processor.py:179} INFO - Processing /home/airflow/.local/lib/python3.7/site-packages/airflow/example_dags/example_branch_python_dop_operator_3.py took 0.095 seconds
[2023-08-07T17:41:44.536+0000] {processor.py:157} INFO - Started process (PID=98) to work on /home/airflow/.local/lib/python3.7/site-packages/airflow/example_dags/example_branch_python_dop_operator_3.py
[2023-08-07T17:41:44.537+0000] {processor.py:826} INFO - Processing file /home/airflow/.local/lib/python3.7/site-packages/airflow/example_dags/example_branch_python_dop_operator_3.py for tasks to queue
[2023-08-07T17:41:44.537+0000] {logging_mixin.py:150} INFO - [2023-08-07T17:41:44.537+0000] {dagbag.py:541} INFO - Filling up the DagBag from /home/airflow/.local/lib/python3.7/site-packages/airflow/example_dags/example_branch_python_dop_operator_3.py
[2023-08-07T17:41:44.543+0000] {processor.py:836} INFO - DAG(s) dict_keys(['example_branch_dop_operator_v3']) retrieved from /home/airflow/.local/lib/python3.7/site-packages/airflow/example_dags/example_branch_python_dop_operator_3.py
[2023-08-07T17:41:44.573+0000] {logging_mixin.py:150} INFO - [2023-08-07T17:41:44.573+0000] {dag.py:2742} INFO - Sync 1 DAGs
[2023-08-07T17:41:44.610+0000] {logging_mixin.py:150} INFO - [2023-08-07T17:41:44.610+0000] {dag.py:3508} INFO - Setting next_dagrun for example_branch_dop_operator_v3 to 2023-08-07T17:40:00+00:00, run_after=2023-08-07T17:41:00+00:00
[2023-08-07T17:41:44.629+0000] {processor.py:179} INFO - Processing /home/airflow/.local/lib/python3.7/site-packages/airflow/example_dags/example_branch_python_dop_operator_3.py took 0.094 seconds
[2023-08-07T17:42:15.273+0000] {processor.py:157} INFO - Started process (PID=160) to work on /home/airflow/.local/lib/python3.7/site-packages/airflow/example_dags/example_branch_python_dop_operator_3.py
[2023-08-07T17:42:15.274+0000] {processor.py:826} INFO - Processing file /home/airflow/.local/lib/python3.7/site-packages/airflow/example_dags/example_branch_python_dop_operator_3.py for tasks to queue
[2023-08-07T17:42:15.275+0000] {logging_mixin.py:150} INFO - [2023-08-07T17:42:15.274+0000] {dagbag.py:541} INFO - Filling up the DagBag from /home/airflow/.local/lib/python3.7/site-packages/airflow/example_dags/example_branch_python_dop_operator_3.py
[2023-08-07T17:42:15.285+0000] {processor.py:836} INFO - DAG(s) dict_keys(['example_branch_dop_operator_v3']) retrieved from /home/airflow/.local/lib/python3.7/site-packages/airflow/example_dags/example_branch_python_dop_operator_3.py
[2023-08-07T17:42:15.305+0000] {logging_mixin.py:150} INFO - [2023-08-07T17:42:15.305+0000] {dag.py:2742} INFO - Sync 1 DAGs
[2023-08-07T17:42:15.333+0000] {logging_mixin.py:150} INFO - [2023-08-07T17:42:15.333+0000] {dag.py:3508} INFO - Setting next_dagrun for example_branch_dop_operator_v3 to 2023-08-07T17:41:00+00:00, run_after=2023-08-07T17:42:00+00:00
[2023-08-07T17:42:15.352+0000] {processor.py:179} INFO - Processing /home/airflow/.local/lib/python3.7/site-packages/airflow/example_dags/example_branch_python_dop_operator_3.py took 0.083 seconds
[2023-08-07T17:42:46.165+0000] {processor.py:157} INFO - Started process (PID=222) to work on /home/airflow/.local/lib/python3.7/site-packages/airflow/example_dags/example_branch_python_dop_operator_3.py
[2023-08-07T17:42:46.166+0000] {processor.py:826} INFO - Processing file /home/airflow/.local/lib/python3.7/site-packages/airflow/example_dags/example_branch_python_dop_operator_3.py for tasks to queue
[2023-08-07T17:42:46.167+0000] {logging_mixin.py:150} INFO - [2023-08-07T17:42:46.167+0000] {dagbag.py:541} INFO - Filling up the DagBag from /home/airflow/.local/lib/python3.7/site-packages/airflow/example_dags/example_branch_python_dop_operator_3.py
[2023-08-07T17:42:46.180+0000] {processor.py:836} INFO - DAG(s) dict_keys(['example_branch_dop_operator_v3']) retrieved from /home/airflow/.local/lib/python3.7/site-packages/airflow/example_dags/example_branch_python_dop_operator_3.py
[2023-08-07T17:42:46.202+0000] {logging_mixin.py:150} INFO - [2023-08-07T17:42:46.202+0000] {dag.py:2742} INFO - Sync 1 DAGs
[2023-08-07T17:42:46.230+0000] {logging_mixin.py:150} INFO - [2023-08-07T17:42:46.230+0000] {dag.py:3508} INFO - Setting next_dagrun for example_branch_dop_operator_v3 to 2023-08-07T17:41:00+00:00, run_after=2023-08-07T17:42:00+00:00
[2023-08-07T17:42:46.246+0000] {processor.py:179} INFO - Processing /home/airflow/.local/lib/python3.7/site-packages/airflow/example_dags/example_branch_python_dop_operator_3.py took 0.086 seconds
[2023-08-07T17:43:17.004+0000] {processor.py:157} INFO - Started process (PID=285) to work on /home/airflow/.local/lib/python3.7/site-packages/airflow/example_dags/example_branch_python_dop_operator_3.py
[2023-08-07T17:43:17.004+0000] {processor.py:826} INFO - Processing file /home/airflow/.local/lib/python3.7/site-packages/airflow/example_dags/example_branch_python_dop_operator_3.py for tasks to queue
[2023-08-07T17:43:17.005+0000] {logging_mixin.py:150} INFO - [2023-08-07T17:43:17.005+0000] {dagbag.py:541} INFO - Filling up the DagBag from /home/airflow/.local/lib/python3.7/site-packages/airflow/example_dags/example_branch_python_dop_operator_3.py
[2023-08-07T17:43:17.011+0000] {processor.py:836} INFO - DAG(s) dict_keys(['example_branch_dop_operator_v3']) retrieved from /home/airflow/.local/lib/python3.7/site-packages/airflow/example_dags/example_branch_python_dop_operator_3.py
[2023-08-07T17:43:17.032+0000] {logging_mixin.py:150} INFO - [2023-08-07T17:43:17.032+0000] {dag.py:2742} INFO - Sync 1 DAGs
[2023-08-07T17:43:17.060+0000] {logging_mixin.py:150} INFO - [2023-08-07T17:43:17.060+0000] {dag.py:3508} INFO - Setting next_dagrun for example_branch_dop_operator_v3 to 2023-08-07T17:42:00+00:00, run_after=2023-08-07T17:43:00+00:00
[2023-08-07T17:43:17.077+0000] {processor.py:179} INFO - Processing /home/airflow/.local/lib/python3.7/site-packages/airflow/example_dags/example_branch_python_dop_operator_3.py took 0.076 seconds
[2023-08-07T17:43:47.156+0000] {processor.py:157} INFO - Started process (PID=347) to work on /home/airflow/.local/lib/python3.7/site-packages/airflow/example_dags/example_branch_python_dop_operator_3.py
[2023-08-07T17:43:47.157+0000] {processor.py:826} INFO - Processing file /home/airflow/.local/lib/python3.7/site-packages/airflow/example_dags/example_branch_python_dop_operator_3.py for tasks to queue
[2023-08-07T17:43:47.157+0000] {logging_mixin.py:150} INFO - [2023-08-07T17:43:47.157+0000] {dagbag.py:541} INFO - Filling up the DagBag from /home/airflow/.local/lib/python3.7/site-packages/airflow/example_dags/example_branch_python_dop_operator_3.py
[2023-08-07T17:43:47.163+0000] {processor.py:836} INFO - DAG(s) dict_keys(['example_branch_dop_operator_v3']) retrieved from /home/airflow/.local/lib/python3.7/site-packages/airflow/example_dags/example_branch_python_dop_operator_3.py
[2023-08-07T17:43:47.183+0000] {logging_mixin.py:150} INFO - [2023-08-07T17:43:47.183+0000] {dag.py:2742} INFO - Sync 1 DAGs
[2023-08-07T17:43:47.209+0000] {logging_mixin.py:150} INFO - [2023-08-07T17:43:47.209+0000] {dag.py:3508} INFO - Setting next_dagrun for example_branch_dop_operator_v3 to 2023-08-07T17:42:00+00:00, run_after=2023-08-07T17:43:00+00:00
[2023-08-07T17:43:47.228+0000] {processor.py:179} INFO - Processing /home/airflow/.local/lib/python3.7/site-packages/airflow/example_dags/example_branch_python_dop_operator_3.py took 0.074 seconds
[2023-08-07T18:11:00.163+0000] {processor.py:157} INFO - Started process (PID=37) to work on /home/airflow/.local/lib/python3.7/site-packages/airflow/example_dags/example_branch_python_dop_operator_3.py
[2023-08-07T18:11:00.164+0000] {processor.py:826} INFO - Processing file /home/airflow/.local/lib/python3.7/site-packages/airflow/example_dags/example_branch_python_dop_operator_3.py for tasks to queue
[2023-08-07T18:11:00.164+0000] {logging_mixin.py:150} INFO - [2023-08-07T18:11:00.164+0000] {dagbag.py:541} INFO - Filling up the DagBag from /home/airflow/.local/lib/python3.7/site-packages/airflow/example_dags/example_branch_python_dop_operator_3.py
[2023-08-07T18:11:00.177+0000] {processor.py:836} INFO - DAG(s) dict_keys(['example_branch_dop_operator_v3']) retrieved from /home/airflow/.local/lib/python3.7/site-packages/airflow/example_dags/example_branch_python_dop_operator_3.py
[2023-08-07T18:11:00.190+0000] {logging_mixin.py:150} INFO - [2023-08-07T18:11:00.190+0000] {dag.py:2742} INFO - Sync 1 DAGs
[2023-08-07T18:11:00.223+0000] {logging_mixin.py:150} INFO - [2023-08-07T18:11:00.223+0000] {dag.py:3508} INFO - Setting next_dagrun for example_branch_dop_operator_v3 to 2023-08-07T18:10:00+00:00, run_after=2023-08-07T18:11:00+00:00
[2023-08-07T18:11:00.243+0000] {processor.py:179} INFO - Processing /home/airflow/.local/lib/python3.7/site-packages/airflow/example_dags/example_branch_python_dop_operator_3.py took 0.083 seconds
