[2023-08-07T17:08:50.235+0000] {processor.py:157} INFO - Started process (PID=66) to work on /home/airflow/.local/lib/python3.7/site-packages/airflow/example_dags/example_python_operator.py
[2023-08-07T17:08:50.236+0000] {processor.py:826} INFO - Processing file /home/airflow/.local/lib/python3.7/site-packages/airflow/example_dags/example_python_operator.py for tasks to queue
[2023-08-07T17:08:50.237+0000] {logging_mixin.py:150} INFO - [2023-08-07T17:08:50.237+0000] {dagbag.py:541} INFO - Filling up the DagBag from /home/airflow/.local/lib/python3.7/site-packages/airflow/example_dags/example_python_operator.py
[2023-08-07T17:08:50.250+0000] {processor.py:836} INFO - DAG(s) dict_keys(['example_python_operator']) retrieved from /home/airflow/.local/lib/python3.7/site-packages/airflow/example_dags/example_python_operator.py
[2023-08-07T17:08:50.263+0000] {logging_mixin.py:150} INFO - [2023-08-07T17:08:50.263+0000] {dag.py:2742} INFO - Sync 1 DAGs
[2023-08-07T17:08:50.295+0000] {logging_mixin.py:150} INFO - [2023-08-07T17:08:50.295+0000] {dag.py:3508} INFO - Setting next_dagrun for example_python_operator to None, run_after=None
[2023-08-07T17:08:50.326+0000] {processor.py:179} INFO - Processing /home/airflow/.local/lib/python3.7/site-packages/airflow/example_dags/example_python_operator.py took 0.093 seconds
[2023-08-07T17:09:20.792+0000] {processor.py:157} INFO - Started process (PID=128) to work on /home/airflow/.local/lib/python3.7/site-packages/airflow/example_dags/example_python_operator.py
[2023-08-07T17:09:20.793+0000] {processor.py:826} INFO - Processing file /home/airflow/.local/lib/python3.7/site-packages/airflow/example_dags/example_python_operator.py for tasks to queue
[2023-08-07T17:09:20.793+0000] {logging_mixin.py:150} INFO - [2023-08-07T17:09:20.793+0000] {dagbag.py:541} INFO - Filling up the DagBag from /home/airflow/.local/lib/python3.7/site-packages/airflow/example_dags/example_python_operator.py
[2023-08-07T17:09:20.802+0000] {processor.py:836} INFO - DAG(s) dict_keys(['example_python_operator']) retrieved from /home/airflow/.local/lib/python3.7/site-packages/airflow/example_dags/example_python_operator.py
[2023-08-07T17:09:20.932+0000] {logging_mixin.py:150} INFO - [2023-08-07T17:09:20.932+0000] {dag.py:2742} INFO - Sync 1 DAGs
[2023-08-07T17:09:20.953+0000] {logging_mixin.py:150} INFO - [2023-08-07T17:09:20.953+0000] {dag.py:3508} INFO - Setting next_dagrun for example_python_operator to None, run_after=None
[2023-08-07T17:09:20.972+0000] {processor.py:179} INFO - Processing /home/airflow/.local/lib/python3.7/site-packages/airflow/example_dags/example_python_operator.py took 0.182 seconds
[2023-08-07T17:09:51.638+0000] {processor.py:157} INFO - Started process (PID=190) to work on /home/airflow/.local/lib/python3.7/site-packages/airflow/example_dags/example_python_operator.py
[2023-08-07T17:09:51.638+0000] {processor.py:826} INFO - Processing file /home/airflow/.local/lib/python3.7/site-packages/airflow/example_dags/example_python_operator.py for tasks to queue
[2023-08-07T17:09:51.639+0000] {logging_mixin.py:150} INFO - [2023-08-07T17:09:51.639+0000] {dagbag.py:541} INFO - Filling up the DagBag from /home/airflow/.local/lib/python3.7/site-packages/airflow/example_dags/example_python_operator.py
[2023-08-07T17:09:51.646+0000] {processor.py:836} INFO - DAG(s) dict_keys(['example_python_operator']) retrieved from /home/airflow/.local/lib/python3.7/site-packages/airflow/example_dags/example_python_operator.py
[2023-08-07T17:09:51.687+0000] {logging_mixin.py:150} INFO - [2023-08-07T17:09:51.687+0000] {dag.py:2742} INFO - Sync 1 DAGs
[2023-08-07T17:09:51.716+0000] {logging_mixin.py:150} INFO - [2023-08-07T17:09:51.716+0000] {dag.py:3508} INFO - Setting next_dagrun for example_python_operator to None, run_after=None
[2023-08-07T17:09:51.734+0000] {processor.py:179} INFO - Processing /home/airflow/.local/lib/python3.7/site-packages/airflow/example_dags/example_python_operator.py took 0.099 seconds
[2023-08-07T17:10:21.898+0000] {processor.py:157} INFO - Started process (PID=252) to work on /home/airflow/.local/lib/python3.7/site-packages/airflow/example_dags/example_python_operator.py
[2023-08-07T17:10:21.898+0000] {processor.py:826} INFO - Processing file /home/airflow/.local/lib/python3.7/site-packages/airflow/example_dags/example_python_operator.py for tasks to queue
[2023-08-07T17:10:21.899+0000] {logging_mixin.py:150} INFO - [2023-08-07T17:10:21.899+0000] {dagbag.py:541} INFO - Filling up the DagBag from /home/airflow/.local/lib/python3.7/site-packages/airflow/example_dags/example_python_operator.py
[2023-08-07T17:10:21.906+0000] {processor.py:836} INFO - DAG(s) dict_keys(['example_python_operator']) retrieved from /home/airflow/.local/lib/python3.7/site-packages/airflow/example_dags/example_python_operator.py
[2023-08-07T17:10:21.928+0000] {logging_mixin.py:150} INFO - [2023-08-07T17:10:21.928+0000] {dag.py:2742} INFO - Sync 1 DAGs
[2023-08-07T17:10:21.951+0000] {logging_mixin.py:150} INFO - [2023-08-07T17:10:21.951+0000] {dag.py:3508} INFO - Setting next_dagrun for example_python_operator to None, run_after=None
[2023-08-07T17:10:21.968+0000] {processor.py:179} INFO - Processing /home/airflow/.local/lib/python3.7/site-packages/airflow/example_dags/example_python_operator.py took 0.072 seconds
[2023-08-07T17:10:52.230+0000] {processor.py:157} INFO - Started process (PID=314) to work on /home/airflow/.local/lib/python3.7/site-packages/airflow/example_dags/example_python_operator.py
[2023-08-07T17:10:52.232+0000] {processor.py:826} INFO - Processing file /home/airflow/.local/lib/python3.7/site-packages/airflow/example_dags/example_python_operator.py for tasks to queue
[2023-08-07T17:10:52.233+0000] {logging_mixin.py:150} INFO - [2023-08-07T17:10:52.233+0000] {dagbag.py:541} INFO - Filling up the DagBag from /home/airflow/.local/lib/python3.7/site-packages/airflow/example_dags/example_python_operator.py
[2023-08-07T17:10:52.241+0000] {processor.py:836} INFO - DAG(s) dict_keys(['example_python_operator']) retrieved from /home/airflow/.local/lib/python3.7/site-packages/airflow/example_dags/example_python_operator.py
[2023-08-07T17:10:52.262+0000] {logging_mixin.py:150} INFO - [2023-08-07T17:10:52.262+0000] {dag.py:2742} INFO - Sync 1 DAGs
[2023-08-07T17:10:52.287+0000] {logging_mixin.py:150} INFO - [2023-08-07T17:10:52.287+0000] {dag.py:3508} INFO - Setting next_dagrun for example_python_operator to None, run_after=None
[2023-08-07T17:10:52.303+0000] {processor.py:179} INFO - Processing /home/airflow/.local/lib/python3.7/site-packages/airflow/example_dags/example_python_operator.py took 0.078 seconds
[2023-08-07T17:11:23.187+0000] {processor.py:157} INFO - Started process (PID=376) to work on /home/airflow/.local/lib/python3.7/site-packages/airflow/example_dags/example_python_operator.py
[2023-08-07T17:11:23.187+0000] {processor.py:826} INFO - Processing file /home/airflow/.local/lib/python3.7/site-packages/airflow/example_dags/example_python_operator.py for tasks to queue
[2023-08-07T17:11:23.188+0000] {logging_mixin.py:150} INFO - [2023-08-07T17:11:23.188+0000] {dagbag.py:541} INFO - Filling up the DagBag from /home/airflow/.local/lib/python3.7/site-packages/airflow/example_dags/example_python_operator.py
[2023-08-07T17:11:23.195+0000] {processor.py:836} INFO - DAG(s) dict_keys(['example_python_operator']) retrieved from /home/airflow/.local/lib/python3.7/site-packages/airflow/example_dags/example_python_operator.py
[2023-08-07T17:11:23.216+0000] {logging_mixin.py:150} INFO - [2023-08-07T17:11:23.216+0000] {dag.py:2742} INFO - Sync 1 DAGs
[2023-08-07T17:11:23.239+0000] {logging_mixin.py:150} INFO - [2023-08-07T17:11:23.239+0000] {dag.py:3508} INFO - Setting next_dagrun for example_python_operator to None, run_after=None
[2023-08-07T17:11:23.255+0000] {processor.py:179} INFO - Processing /home/airflow/.local/lib/python3.7/site-packages/airflow/example_dags/example_python_operator.py took 0.070 seconds
[2023-08-07T17:11:53.859+0000] {processor.py:157} INFO - Started process (PID=438) to work on /home/airflow/.local/lib/python3.7/site-packages/airflow/example_dags/example_python_operator.py
[2023-08-07T17:11:53.860+0000] {processor.py:826} INFO - Processing file /home/airflow/.local/lib/python3.7/site-packages/airflow/example_dags/example_python_operator.py for tasks to queue
[2023-08-07T17:11:53.861+0000] {logging_mixin.py:150} INFO - [2023-08-07T17:11:53.861+0000] {dagbag.py:541} INFO - Filling up the DagBag from /home/airflow/.local/lib/python3.7/site-packages/airflow/example_dags/example_python_operator.py
[2023-08-07T17:11:53.869+0000] {processor.py:836} INFO - DAG(s) dict_keys(['example_python_operator']) retrieved from /home/airflow/.local/lib/python3.7/site-packages/airflow/example_dags/example_python_operator.py
[2023-08-07T17:11:53.892+0000] {logging_mixin.py:150} INFO - [2023-08-07T17:11:53.891+0000] {dag.py:2742} INFO - Sync 1 DAGs
[2023-08-07T17:11:53.913+0000] {logging_mixin.py:150} INFO - [2023-08-07T17:11:53.913+0000] {dag.py:3508} INFO - Setting next_dagrun for example_python_operator to None, run_after=None
[2023-08-07T17:11:53.930+0000] {processor.py:179} INFO - Processing /home/airflow/.local/lib/python3.7/site-packages/airflow/example_dags/example_python_operator.py took 0.075 seconds
[2023-08-07T17:12:24.702+0000] {processor.py:157} INFO - Started process (PID=500) to work on /home/airflow/.local/lib/python3.7/site-packages/airflow/example_dags/example_python_operator.py
[2023-08-07T17:12:24.703+0000] {processor.py:826} INFO - Processing file /home/airflow/.local/lib/python3.7/site-packages/airflow/example_dags/example_python_operator.py for tasks to queue
[2023-08-07T17:12:24.704+0000] {logging_mixin.py:150} INFO - [2023-08-07T17:12:24.704+0000] {dagbag.py:541} INFO - Filling up the DagBag from /home/airflow/.local/lib/python3.7/site-packages/airflow/example_dags/example_python_operator.py
[2023-08-07T17:12:24.723+0000] {processor.py:836} INFO - DAG(s) dict_keys(['example_python_operator']) retrieved from /home/airflow/.local/lib/python3.7/site-packages/airflow/example_dags/example_python_operator.py
[2023-08-07T17:12:24.750+0000] {logging_mixin.py:150} INFO - [2023-08-07T17:12:24.750+0000] {dag.py:2742} INFO - Sync 1 DAGs
[2023-08-07T17:12:24.772+0000] {logging_mixin.py:150} INFO - [2023-08-07T17:12:24.772+0000] {dag.py:3508} INFO - Setting next_dagrun for example_python_operator to None, run_after=None
[2023-08-07T17:12:24.791+0000] {processor.py:179} INFO - Processing /home/airflow/.local/lib/python3.7/site-packages/airflow/example_dags/example_python_operator.py took 0.094 seconds
[2023-08-07T17:12:55.538+0000] {processor.py:157} INFO - Started process (PID=562) to work on /home/airflow/.local/lib/python3.7/site-packages/airflow/example_dags/example_python_operator.py
[2023-08-07T17:12:55.539+0000] {processor.py:826} INFO - Processing file /home/airflow/.local/lib/python3.7/site-packages/airflow/example_dags/example_python_operator.py for tasks to queue
[2023-08-07T17:12:55.539+0000] {logging_mixin.py:150} INFO - [2023-08-07T17:12:55.539+0000] {dagbag.py:541} INFO - Filling up the DagBag from /home/airflow/.local/lib/python3.7/site-packages/airflow/example_dags/example_python_operator.py
[2023-08-07T17:12:55.547+0000] {processor.py:836} INFO - DAG(s) dict_keys(['example_python_operator']) retrieved from /home/airflow/.local/lib/python3.7/site-packages/airflow/example_dags/example_python_operator.py
[2023-08-07T17:12:55.591+0000] {logging_mixin.py:150} INFO - [2023-08-07T17:12:55.591+0000] {dag.py:2742} INFO - Sync 1 DAGs
[2023-08-07T17:12:55.620+0000] {logging_mixin.py:150} INFO - [2023-08-07T17:12:55.620+0000] {dag.py:3508} INFO - Setting next_dagrun for example_python_operator to None, run_after=None
[2023-08-07T17:12:55.637+0000] {processor.py:179} INFO - Processing /home/airflow/.local/lib/python3.7/site-packages/airflow/example_dags/example_python_operator.py took 0.101 seconds
[2023-08-07T17:13:25.707+0000] {processor.py:157} INFO - Started process (PID=624) to work on /home/airflow/.local/lib/python3.7/site-packages/airflow/example_dags/example_python_operator.py
[2023-08-07T17:13:25.708+0000] {processor.py:826} INFO - Processing file /home/airflow/.local/lib/python3.7/site-packages/airflow/example_dags/example_python_operator.py for tasks to queue
[2023-08-07T17:13:25.708+0000] {logging_mixin.py:150} INFO - [2023-08-07T17:13:25.708+0000] {dagbag.py:541} INFO - Filling up the DagBag from /home/airflow/.local/lib/python3.7/site-packages/airflow/example_dags/example_python_operator.py
[2023-08-07T17:13:25.716+0000] {processor.py:836} INFO - DAG(s) dict_keys(['example_python_operator']) retrieved from /home/airflow/.local/lib/python3.7/site-packages/airflow/example_dags/example_python_operator.py
[2023-08-07T17:13:25.739+0000] {logging_mixin.py:150} INFO - [2023-08-07T17:13:25.739+0000] {dag.py:2742} INFO - Sync 1 DAGs
[2023-08-07T17:13:25.762+0000] {logging_mixin.py:150} INFO - [2023-08-07T17:13:25.762+0000] {dag.py:3508} INFO - Setting next_dagrun for example_python_operator to None, run_after=None
[2023-08-07T17:13:25.778+0000] {processor.py:179} INFO - Processing /home/airflow/.local/lib/python3.7/site-packages/airflow/example_dags/example_python_operator.py took 0.073 seconds
[2023-08-07T17:13:56.562+0000] {processor.py:157} INFO - Started process (PID=686) to work on /home/airflow/.local/lib/python3.7/site-packages/airflow/example_dags/example_python_operator.py
[2023-08-07T17:13:56.563+0000] {processor.py:826} INFO - Processing file /home/airflow/.local/lib/python3.7/site-packages/airflow/example_dags/example_python_operator.py for tasks to queue
[2023-08-07T17:13:56.563+0000] {logging_mixin.py:150} INFO - [2023-08-07T17:13:56.563+0000] {dagbag.py:541} INFO - Filling up the DagBag from /home/airflow/.local/lib/python3.7/site-packages/airflow/example_dags/example_python_operator.py
[2023-08-07T17:13:56.572+0000] {processor.py:836} INFO - DAG(s) dict_keys(['example_python_operator']) retrieved from /home/airflow/.local/lib/python3.7/site-packages/airflow/example_dags/example_python_operator.py
[2023-08-07T17:13:56.593+0000] {logging_mixin.py:150} INFO - [2023-08-07T17:13:56.593+0000] {dag.py:2742} INFO - Sync 1 DAGs
[2023-08-07T17:13:56.618+0000] {logging_mixin.py:150} INFO - [2023-08-07T17:13:56.617+0000] {dag.py:3508} INFO - Setting next_dagrun for example_python_operator to None, run_after=None
[2023-08-07T17:13:56.636+0000] {processor.py:179} INFO - Processing /home/airflow/.local/lib/python3.7/site-packages/airflow/example_dags/example_python_operator.py took 0.077 seconds
[2023-08-07T17:14:27.351+0000] {processor.py:157} INFO - Started process (PID=748) to work on /home/airflow/.local/lib/python3.7/site-packages/airflow/example_dags/example_python_operator.py
[2023-08-07T17:14:27.352+0000] {processor.py:826} INFO - Processing file /home/airflow/.local/lib/python3.7/site-packages/airflow/example_dags/example_python_operator.py for tasks to queue
[2023-08-07T17:14:27.352+0000] {logging_mixin.py:150} INFO - [2023-08-07T17:14:27.352+0000] {dagbag.py:541} INFO - Filling up the DagBag from /home/airflow/.local/lib/python3.7/site-packages/airflow/example_dags/example_python_operator.py
[2023-08-07T17:14:27.359+0000] {processor.py:836} INFO - DAG(s) dict_keys(['example_python_operator']) retrieved from /home/airflow/.local/lib/python3.7/site-packages/airflow/example_dags/example_python_operator.py
[2023-08-07T17:14:27.380+0000] {logging_mixin.py:150} INFO - [2023-08-07T17:14:27.379+0000] {dag.py:2742} INFO - Sync 1 DAGs
[2023-08-07T17:14:27.403+0000] {logging_mixin.py:150} INFO - [2023-08-07T17:14:27.403+0000] {dag.py:3508} INFO - Setting next_dagrun for example_python_operator to None, run_after=None
[2023-08-07T17:14:27.420+0000] {processor.py:179} INFO - Processing /home/airflow/.local/lib/python3.7/site-packages/airflow/example_dags/example_python_operator.py took 0.071 seconds
[2023-08-07T17:14:57.916+0000] {processor.py:157} INFO - Started process (PID=810) to work on /home/airflow/.local/lib/python3.7/site-packages/airflow/example_dags/example_python_operator.py
[2023-08-07T17:14:57.916+0000] {processor.py:826} INFO - Processing file /home/airflow/.local/lib/python3.7/site-packages/airflow/example_dags/example_python_operator.py for tasks to queue
[2023-08-07T17:14:57.917+0000] {logging_mixin.py:150} INFO - [2023-08-07T17:14:57.917+0000] {dagbag.py:541} INFO - Filling up the DagBag from /home/airflow/.local/lib/python3.7/site-packages/airflow/example_dags/example_python_operator.py
[2023-08-07T17:14:57.935+0000] {processor.py:836} INFO - DAG(s) dict_keys(['example_python_operator']) retrieved from /home/airflow/.local/lib/python3.7/site-packages/airflow/example_dags/example_python_operator.py
[2023-08-07T17:14:57.981+0000] {logging_mixin.py:150} INFO - [2023-08-07T17:14:57.981+0000] {dag.py:2742} INFO - Sync 1 DAGs
[2023-08-07T17:14:58.004+0000] {logging_mixin.py:150} INFO - [2023-08-07T17:14:58.003+0000] {dag.py:3508} INFO - Setting next_dagrun for example_python_operator to None, run_after=None
[2023-08-07T17:14:58.020+0000] {processor.py:179} INFO - Processing /home/airflow/.local/lib/python3.7/site-packages/airflow/example_dags/example_python_operator.py took 0.108 seconds
[2023-08-07T17:15:28.890+0000] {processor.py:157} INFO - Started process (PID=872) to work on /home/airflow/.local/lib/python3.7/site-packages/airflow/example_dags/example_python_operator.py
[2023-08-07T17:15:28.891+0000] {processor.py:826} INFO - Processing file /home/airflow/.local/lib/python3.7/site-packages/airflow/example_dags/example_python_operator.py for tasks to queue
[2023-08-07T17:15:28.891+0000] {logging_mixin.py:150} INFO - [2023-08-07T17:15:28.891+0000] {dagbag.py:541} INFO - Filling up the DagBag from /home/airflow/.local/lib/python3.7/site-packages/airflow/example_dags/example_python_operator.py
[2023-08-07T17:15:28.898+0000] {processor.py:836} INFO - DAG(s) dict_keys(['example_python_operator']) retrieved from /home/airflow/.local/lib/python3.7/site-packages/airflow/example_dags/example_python_operator.py
[2023-08-07T17:15:28.921+0000] {logging_mixin.py:150} INFO - [2023-08-07T17:15:28.921+0000] {dag.py:2742} INFO - Sync 1 DAGs
[2023-08-07T17:15:28.944+0000] {logging_mixin.py:150} INFO - [2023-08-07T17:15:28.944+0000] {dag.py:3508} INFO - Setting next_dagrun for example_python_operator to None, run_after=None
[2023-08-07T17:15:28.963+0000] {processor.py:179} INFO - Processing /home/airflow/.local/lib/python3.7/site-packages/airflow/example_dags/example_python_operator.py took 0.075 seconds
[2023-08-07T17:15:59.160+0000] {processor.py:157} INFO - Started process (PID=934) to work on /home/airflow/.local/lib/python3.7/site-packages/airflow/example_dags/example_python_operator.py
[2023-08-07T17:15:59.161+0000] {processor.py:826} INFO - Processing file /home/airflow/.local/lib/python3.7/site-packages/airflow/example_dags/example_python_operator.py for tasks to queue
[2023-08-07T17:15:59.162+0000] {logging_mixin.py:150} INFO - [2023-08-07T17:15:59.162+0000] {dagbag.py:541} INFO - Filling up the DagBag from /home/airflow/.local/lib/python3.7/site-packages/airflow/example_dags/example_python_operator.py
[2023-08-07T17:15:59.180+0000] {processor.py:836} INFO - DAG(s) dict_keys(['example_python_operator']) retrieved from /home/airflow/.local/lib/python3.7/site-packages/airflow/example_dags/example_python_operator.py
[2023-08-07T17:15:59.205+0000] {logging_mixin.py:150} INFO - [2023-08-07T17:15:59.205+0000] {dag.py:2742} INFO - Sync 1 DAGs
[2023-08-07T17:15:59.227+0000] {logging_mixin.py:150} INFO - [2023-08-07T17:15:59.227+0000] {dag.py:3508} INFO - Setting next_dagrun for example_python_operator to None, run_after=None
[2023-08-07T17:15:59.244+0000] {processor.py:179} INFO - Processing /home/airflow/.local/lib/python3.7/site-packages/airflow/example_dags/example_python_operator.py took 0.089 seconds
[2023-08-07T17:16:29.624+0000] {processor.py:157} INFO - Started process (PID=996) to work on /home/airflow/.local/lib/python3.7/site-packages/airflow/example_dags/example_python_operator.py
[2023-08-07T17:16:29.624+0000] {processor.py:826} INFO - Processing file /home/airflow/.local/lib/python3.7/site-packages/airflow/example_dags/example_python_operator.py for tasks to queue
[2023-08-07T17:16:29.625+0000] {logging_mixin.py:150} INFO - [2023-08-07T17:16:29.625+0000] {dagbag.py:541} INFO - Filling up the DagBag from /home/airflow/.local/lib/python3.7/site-packages/airflow/example_dags/example_python_operator.py
[2023-08-07T17:16:29.632+0000] {processor.py:836} INFO - DAG(s) dict_keys(['example_python_operator']) retrieved from /home/airflow/.local/lib/python3.7/site-packages/airflow/example_dags/example_python_operator.py
[2023-08-07T17:16:29.653+0000] {logging_mixin.py:150} INFO - [2023-08-07T17:16:29.653+0000] {dag.py:2742} INFO - Sync 1 DAGs
[2023-08-07T17:16:29.675+0000] {logging_mixin.py:150} INFO - [2023-08-07T17:16:29.675+0000] {dag.py:3508} INFO - Setting next_dagrun for example_python_operator to None, run_after=None
[2023-08-07T17:16:29.693+0000] {processor.py:179} INFO - Processing /home/airflow/.local/lib/python3.7/site-packages/airflow/example_dags/example_python_operator.py took 0.071 seconds
[2023-08-07T17:41:16.542+0000] {processor.py:157} INFO - Started process (PID=65) to work on /home/airflow/.local/lib/python3.7/site-packages/airflow/example_dags/example_python_operator.py
[2023-08-07T17:41:16.544+0000] {processor.py:826} INFO - Processing file /home/airflow/.local/lib/python3.7/site-packages/airflow/example_dags/example_python_operator.py for tasks to queue
[2023-08-07T17:41:16.544+0000] {logging_mixin.py:150} INFO - [2023-08-07T17:41:16.544+0000] {dagbag.py:541} INFO - Filling up the DagBag from /home/airflow/.local/lib/python3.7/site-packages/airflow/example_dags/example_python_operator.py
[2023-08-07T17:41:16.559+0000] {processor.py:836} INFO - DAG(s) dict_keys(['example_python_operator']) retrieved from /home/airflow/.local/lib/python3.7/site-packages/airflow/example_dags/example_python_operator.py
[2023-08-07T17:41:16.572+0000] {logging_mixin.py:150} INFO - [2023-08-07T17:41:16.572+0000] {dag.py:2742} INFO - Sync 1 DAGs
[2023-08-07T17:41:16.601+0000] {logging_mixin.py:150} INFO - [2023-08-07T17:41:16.601+0000] {dag.py:3508} INFO - Setting next_dagrun for example_python_operator to None, run_after=None
[2023-08-07T17:41:16.626+0000] {processor.py:179} INFO - Processing /home/airflow/.local/lib/python3.7/site-packages/airflow/example_dags/example_python_operator.py took 0.086 seconds
[2023-08-07T17:41:47.123+0000] {processor.py:157} INFO - Started process (PID=127) to work on /home/airflow/.local/lib/python3.7/site-packages/airflow/example_dags/example_python_operator.py
[2023-08-07T17:41:47.124+0000] {processor.py:826} INFO - Processing file /home/airflow/.local/lib/python3.7/site-packages/airflow/example_dags/example_python_operator.py for tasks to queue
[2023-08-07T17:41:47.125+0000] {logging_mixin.py:150} INFO - [2023-08-07T17:41:47.124+0000] {dagbag.py:541} INFO - Filling up the DagBag from /home/airflow/.local/lib/python3.7/site-packages/airflow/example_dags/example_python_operator.py
[2023-08-07T17:41:47.132+0000] {processor.py:836} INFO - DAG(s) dict_keys(['example_python_operator']) retrieved from /home/airflow/.local/lib/python3.7/site-packages/airflow/example_dags/example_python_operator.py
[2023-08-07T17:41:47.239+0000] {logging_mixin.py:150} INFO - [2023-08-07T17:41:47.239+0000] {dag.py:2742} INFO - Sync 1 DAGs
[2023-08-07T17:41:47.261+0000] {logging_mixin.py:150} INFO - [2023-08-07T17:41:47.261+0000] {dag.py:3508} INFO - Setting next_dagrun for example_python_operator to None, run_after=None
[2023-08-07T17:41:47.280+0000] {processor.py:179} INFO - Processing /home/airflow/.local/lib/python3.7/site-packages/airflow/example_dags/example_python_operator.py took 0.158 seconds
[2023-08-07T17:42:18.013+0000] {processor.py:157} INFO - Started process (PID=189) to work on /home/airflow/.local/lib/python3.7/site-packages/airflow/example_dags/example_python_operator.py
[2023-08-07T17:42:18.014+0000] {processor.py:826} INFO - Processing file /home/airflow/.local/lib/python3.7/site-packages/airflow/example_dags/example_python_operator.py for tasks to queue
[2023-08-07T17:42:18.015+0000] {logging_mixin.py:150} INFO - [2023-08-07T17:42:18.015+0000] {dagbag.py:541} INFO - Filling up the DagBag from /home/airflow/.local/lib/python3.7/site-packages/airflow/example_dags/example_python_operator.py
[2023-08-07T17:42:18.023+0000] {processor.py:836} INFO - DAG(s) dict_keys(['example_python_operator']) retrieved from /home/airflow/.local/lib/python3.7/site-packages/airflow/example_dags/example_python_operator.py
[2023-08-07T17:42:18.046+0000] {logging_mixin.py:150} INFO - [2023-08-07T17:42:18.046+0000] {dag.py:2742} INFO - Sync 1 DAGs
[2023-08-07T17:42:18.069+0000] {logging_mixin.py:150} INFO - [2023-08-07T17:42:18.069+0000] {dag.py:3508} INFO - Setting next_dagrun for example_python_operator to None, run_after=None
[2023-08-07T17:42:18.087+0000] {processor.py:179} INFO - Processing /home/airflow/.local/lib/python3.7/site-packages/airflow/example_dags/example_python_operator.py took 0.076 seconds
[2023-08-07T17:42:48.909+0000] {processor.py:157} INFO - Started process (PID=251) to work on /home/airflow/.local/lib/python3.7/site-packages/airflow/example_dags/example_python_operator.py
[2023-08-07T17:42:48.909+0000] {processor.py:826} INFO - Processing file /home/airflow/.local/lib/python3.7/site-packages/airflow/example_dags/example_python_operator.py for tasks to queue
[2023-08-07T17:42:48.910+0000] {logging_mixin.py:150} INFO - [2023-08-07T17:42:48.910+0000] {dagbag.py:541} INFO - Filling up the DagBag from /home/airflow/.local/lib/python3.7/site-packages/airflow/example_dags/example_python_operator.py
[2023-08-07T17:42:48.917+0000] {processor.py:836} INFO - DAG(s) dict_keys(['example_python_operator']) retrieved from /home/airflow/.local/lib/python3.7/site-packages/airflow/example_dags/example_python_operator.py
[2023-08-07T17:42:48.939+0000] {logging_mixin.py:150} INFO - [2023-08-07T17:42:48.939+0000] {dag.py:2742} INFO - Sync 1 DAGs
[2023-08-07T17:42:48.962+0000] {logging_mixin.py:150} INFO - [2023-08-07T17:42:48.962+0000] {dag.py:3508} INFO - Setting next_dagrun for example_python_operator to None, run_after=None
[2023-08-07T17:42:48.980+0000] {processor.py:179} INFO - Processing /home/airflow/.local/lib/python3.7/site-packages/airflow/example_dags/example_python_operator.py took 0.074 seconds
[2023-08-07T17:43:20.023+0000] {processor.py:157} INFO - Started process (PID=314) to work on /home/airflow/.local/lib/python3.7/site-packages/airflow/example_dags/example_python_operator.py
[2023-08-07T17:43:20.024+0000] {processor.py:826} INFO - Processing file /home/airflow/.local/lib/python3.7/site-packages/airflow/example_dags/example_python_operator.py for tasks to queue
[2023-08-07T17:43:20.025+0000] {logging_mixin.py:150} INFO - [2023-08-07T17:43:20.025+0000] {dagbag.py:541} INFO - Filling up the DagBag from /home/airflow/.local/lib/python3.7/site-packages/airflow/example_dags/example_python_operator.py
[2023-08-07T17:43:20.042+0000] {processor.py:836} INFO - DAG(s) dict_keys(['example_python_operator']) retrieved from /home/airflow/.local/lib/python3.7/site-packages/airflow/example_dags/example_python_operator.py
[2023-08-07T17:43:20.080+0000] {logging_mixin.py:150} INFO - [2023-08-07T17:43:20.079+0000] {dag.py:2742} INFO - Sync 1 DAGs
[2023-08-07T17:43:20.103+0000] {logging_mixin.py:150} INFO - [2023-08-07T17:43:20.103+0000] {dag.py:3508} INFO - Setting next_dagrun for example_python_operator to None, run_after=None
[2023-08-07T17:43:20.120+0000] {processor.py:179} INFO - Processing /home/airflow/.local/lib/python3.7/site-packages/airflow/example_dags/example_python_operator.py took 0.103 seconds
[2023-08-07T18:11:02.990+0000] {processor.py:157} INFO - Started process (PID=66) to work on /home/airflow/.local/lib/python3.7/site-packages/airflow/example_dags/example_python_operator.py
[2023-08-07T18:11:02.991+0000] {processor.py:826} INFO - Processing file /home/airflow/.local/lib/python3.7/site-packages/airflow/example_dags/example_python_operator.py for tasks to queue
[2023-08-07T18:11:02.992+0000] {logging_mixin.py:150} INFO - [2023-08-07T18:11:02.991+0000] {dagbag.py:541} INFO - Filling up the DagBag from /home/airflow/.local/lib/python3.7/site-packages/airflow/example_dags/example_python_operator.py
[2023-08-07T18:11:03.005+0000] {processor.py:836} INFO - DAG(s) dict_keys(['example_python_operator']) retrieved from /home/airflow/.local/lib/python3.7/site-packages/airflow/example_dags/example_python_operator.py
[2023-08-07T18:11:03.020+0000] {logging_mixin.py:150} INFO - [2023-08-07T18:11:03.020+0000] {dag.py:2742} INFO - Sync 1 DAGs
[2023-08-07T18:11:03.049+0000] {logging_mixin.py:150} INFO - [2023-08-07T18:11:03.049+0000] {dag.py:3508} INFO - Setting next_dagrun for example_python_operator to None, run_after=None
[2023-08-07T18:11:03.070+0000] {processor.py:179} INFO - Processing /home/airflow/.local/lib/python3.7/site-packages/airflow/example_dags/example_python_operator.py took 0.083 seconds
