[2023-08-07T17:08:48.161+0000] {processor.py:157} INFO - Started process (PID=48) to work on /home/airflow/.local/lib/python3.7/site-packages/airflow/example_dags/example_branch_datetime_operator.py
[2023-08-07T17:08:48.162+0000] {processor.py:826} INFO - Processing file /home/airflow/.local/lib/python3.7/site-packages/airflow/example_dags/example_branch_datetime_operator.py for tasks to queue
[2023-08-07T17:08:48.163+0000] {logging_mixin.py:150} INFO - [2023-08-07T17:08:48.163+0000] {dagbag.py:541} INFO - Filling up the DagBag from /home/airflow/.local/lib/python3.7/site-packages/airflow/example_dags/example_branch_datetime_operator.py
[2023-08-07T17:08:48.176+0000] {processor.py:836} INFO - DAG(s) dict_keys(['example_branch_datetime_operator_2', 'example_branch_datetime_operator_3', 'example_branch_datetime_operator']) retrieved from /home/airflow/.local/lib/python3.7/site-packages/airflow/example_dags/example_branch_datetime_operator.py
[2023-08-07T17:08:48.190+0000] {logging_mixin.py:150} INFO - [2023-08-07T17:08:48.189+0000] {dag.py:2742} INFO - Sync 3 DAGs
[2023-08-07T17:08:48.224+0000] {logging_mixin.py:150} INFO - [2023-08-07T17:08:48.224+0000] {dag.py:3508} INFO - Setting next_dagrun for example_branch_datetime_operator to 2023-08-06T00:00:00+00:00, run_after=2023-08-07T00:00:00+00:00
[2023-08-07T17:08:48.230+0000] {logging_mixin.py:150} INFO - [2023-08-07T17:08:48.229+0000] {dag.py:3508} INFO - Setting next_dagrun for example_branch_datetime_operator_2 to 2023-08-06T00:00:00+00:00, run_after=2023-08-07T00:00:00+00:00
[2023-08-07T17:08:48.233+0000] {logging_mixin.py:150} INFO - [2023-08-07T17:08:48.233+0000] {dag.py:3508} INFO - Setting next_dagrun for example_branch_datetime_operator_3 to 2023-08-06T00:00:00+00:00, run_after=2023-08-07T00:00:00+00:00
[2023-08-07T17:08:48.255+0000] {processor.py:179} INFO - Processing /home/airflow/.local/lib/python3.7/site-packages/airflow/example_dags/example_branch_datetime_operator.py took 0.096 seconds
[2023-08-07T17:09:18.725+0000] {processor.py:157} INFO - Started process (PID=110) to work on /home/airflow/.local/lib/python3.7/site-packages/airflow/example_dags/example_branch_datetime_operator.py
[2023-08-07T17:09:18.725+0000] {processor.py:826} INFO - Processing file /home/airflow/.local/lib/python3.7/site-packages/airflow/example_dags/example_branch_datetime_operator.py for tasks to queue
[2023-08-07T17:09:18.726+0000] {logging_mixin.py:150} INFO - [2023-08-07T17:09:18.726+0000] {dagbag.py:541} INFO - Filling up the DagBag from /home/airflow/.local/lib/python3.7/site-packages/airflow/example_dags/example_branch_datetime_operator.py
[2023-08-07T17:09:18.733+0000] {processor.py:836} INFO - DAG(s) dict_keys(['example_branch_datetime_operator_3', 'example_branch_datetime_operator', 'example_branch_datetime_operator_2']) retrieved from /home/airflow/.local/lib/python3.7/site-packages/airflow/example_dags/example_branch_datetime_operator.py
[2023-08-07T17:09:18.758+0000] {logging_mixin.py:150} INFO - [2023-08-07T17:09:18.757+0000] {dag.py:2742} INFO - Sync 3 DAGs
[2023-08-07T17:09:18.781+0000] {logging_mixin.py:150} INFO - [2023-08-07T17:09:18.781+0000] {dag.py:3508} INFO - Setting next_dagrun for example_branch_datetime_operator to 2023-08-06T00:00:00+00:00, run_after=2023-08-07T00:00:00+00:00
[2023-08-07T17:09:18.785+0000] {logging_mixin.py:150} INFO - [2023-08-07T17:09:18.785+0000] {dag.py:3508} INFO - Setting next_dagrun for example_branch_datetime_operator_2 to 2023-08-06T00:00:00+00:00, run_after=2023-08-07T00:00:00+00:00
[2023-08-07T17:09:18.788+0000] {logging_mixin.py:150} INFO - [2023-08-07T17:09:18.788+0000] {dag.py:3508} INFO - Setting next_dagrun for example_branch_datetime_operator_3 to 2023-08-06T00:00:00+00:00, run_after=2023-08-07T00:00:00+00:00
[2023-08-07T17:09:18.804+0000] {processor.py:179} INFO - Processing /home/airflow/.local/lib/python3.7/site-packages/airflow/example_dags/example_branch_datetime_operator.py took 0.081 seconds
[2023-08-07T17:09:49.332+0000] {processor.py:157} INFO - Started process (PID=172) to work on /home/airflow/.local/lib/python3.7/site-packages/airflow/example_dags/example_branch_datetime_operator.py
[2023-08-07T17:09:49.332+0000] {processor.py:826} INFO - Processing file /home/airflow/.local/lib/python3.7/site-packages/airflow/example_dags/example_branch_datetime_operator.py for tasks to queue
[2023-08-07T17:09:49.333+0000] {logging_mixin.py:150} INFO - [2023-08-07T17:09:49.333+0000] {dagbag.py:541} INFO - Filling up the DagBag from /home/airflow/.local/lib/python3.7/site-packages/airflow/example_dags/example_branch_datetime_operator.py
[2023-08-07T17:09:49.340+0000] {processor.py:836} INFO - DAG(s) dict_keys(['example_branch_datetime_operator', 'example_branch_datetime_operator_3', 'example_branch_datetime_operator_2']) retrieved from /home/airflow/.local/lib/python3.7/site-packages/airflow/example_dags/example_branch_datetime_operator.py
[2023-08-07T17:09:49.369+0000] {logging_mixin.py:150} INFO - [2023-08-07T17:09:49.368+0000] {dag.py:2742} INFO - Sync 3 DAGs
[2023-08-07T17:09:49.394+0000] {logging_mixin.py:150} INFO - [2023-08-07T17:09:49.394+0000] {dag.py:3508} INFO - Setting next_dagrun for example_branch_datetime_operator to 2023-08-06T00:00:00+00:00, run_after=2023-08-07T00:00:00+00:00
[2023-08-07T17:09:49.399+0000] {logging_mixin.py:150} INFO - [2023-08-07T17:09:49.398+0000] {dag.py:3508} INFO - Setting next_dagrun for example_branch_datetime_operator_2 to 2023-08-06T00:00:00+00:00, run_after=2023-08-07T00:00:00+00:00
[2023-08-07T17:09:49.401+0000] {logging_mixin.py:150} INFO - [2023-08-07T17:09:49.401+0000] {dag.py:3508} INFO - Setting next_dagrun for example_branch_datetime_operator_3 to 2023-08-06T00:00:00+00:00, run_after=2023-08-07T00:00:00+00:00
[2023-08-07T17:09:49.418+0000] {processor.py:179} INFO - Processing /home/airflow/.local/lib/python3.7/site-packages/airflow/example_dags/example_branch_datetime_operator.py took 0.089 seconds
[2023-08-07T17:10:19.715+0000] {processor.py:157} INFO - Started process (PID=234) to work on /home/airflow/.local/lib/python3.7/site-packages/airflow/example_dags/example_branch_datetime_operator.py
[2023-08-07T17:10:19.716+0000] {processor.py:826} INFO - Processing file /home/airflow/.local/lib/python3.7/site-packages/airflow/example_dags/example_branch_datetime_operator.py for tasks to queue
[2023-08-07T17:10:19.717+0000] {logging_mixin.py:150} INFO - [2023-08-07T17:10:19.717+0000] {dagbag.py:541} INFO - Filling up the DagBag from /home/airflow/.local/lib/python3.7/site-packages/airflow/example_dags/example_branch_datetime_operator.py
[2023-08-07T17:10:19.736+0000] {processor.py:836} INFO - DAG(s) dict_keys(['example_branch_datetime_operator_2', 'example_branch_datetime_operator_3', 'example_branch_datetime_operator']) retrieved from /home/airflow/.local/lib/python3.7/site-packages/airflow/example_dags/example_branch_datetime_operator.py
[2023-08-07T17:10:19.765+0000] {logging_mixin.py:150} INFO - [2023-08-07T17:10:19.765+0000] {dag.py:2742} INFO - Sync 3 DAGs
[2023-08-07T17:10:19.790+0000] {logging_mixin.py:150} INFO - [2023-08-07T17:10:19.790+0000] {dag.py:3508} INFO - Setting next_dagrun for example_branch_datetime_operator to 2023-08-06T00:00:00+00:00, run_after=2023-08-07T00:00:00+00:00
[2023-08-07T17:10:19.795+0000] {logging_mixin.py:150} INFO - [2023-08-07T17:10:19.795+0000] {dag.py:3508} INFO - Setting next_dagrun for example_branch_datetime_operator_2 to 2023-08-06T00:00:00+00:00, run_after=2023-08-07T00:00:00+00:00
[2023-08-07T17:10:19.798+0000] {logging_mixin.py:150} INFO - [2023-08-07T17:10:19.798+0000] {dag.py:3508} INFO - Setting next_dagrun for example_branch_datetime_operator_3 to 2023-08-06T00:00:00+00:00, run_after=2023-08-07T00:00:00+00:00
[2023-08-07T17:10:19.813+0000] {processor.py:179} INFO - Processing /home/airflow/.local/lib/python3.7/site-packages/airflow/example_dags/example_branch_datetime_operator.py took 0.103 seconds
[2023-08-07T17:10:49.995+0000] {processor.py:157} INFO - Started process (PID=296) to work on /home/airflow/.local/lib/python3.7/site-packages/airflow/example_dags/example_branch_datetime_operator.py
[2023-08-07T17:10:49.995+0000] {processor.py:826} INFO - Processing file /home/airflow/.local/lib/python3.7/site-packages/airflow/example_dags/example_branch_datetime_operator.py for tasks to queue
[2023-08-07T17:10:49.996+0000] {logging_mixin.py:150} INFO - [2023-08-07T17:10:49.996+0000] {dagbag.py:541} INFO - Filling up the DagBag from /home/airflow/.local/lib/python3.7/site-packages/airflow/example_dags/example_branch_datetime_operator.py
[2023-08-07T17:10:50.003+0000] {processor.py:836} INFO - DAG(s) dict_keys(['example_branch_datetime_operator_2', 'example_branch_datetime_operator_3', 'example_branch_datetime_operator']) retrieved from /home/airflow/.local/lib/python3.7/site-packages/airflow/example_dags/example_branch_datetime_operator.py
[2023-08-07T17:10:50.030+0000] {logging_mixin.py:150} INFO - [2023-08-07T17:10:50.030+0000] {dag.py:2742} INFO - Sync 3 DAGs
[2023-08-07T17:10:50.055+0000] {logging_mixin.py:150} INFO - [2023-08-07T17:10:50.055+0000] {dag.py:3508} INFO - Setting next_dagrun for example_branch_datetime_operator to 2023-08-06T00:00:00+00:00, run_after=2023-08-07T00:00:00+00:00
[2023-08-07T17:10:50.059+0000] {logging_mixin.py:150} INFO - [2023-08-07T17:10:50.059+0000] {dag.py:3508} INFO - Setting next_dagrun for example_branch_datetime_operator_2 to 2023-08-06T00:00:00+00:00, run_after=2023-08-07T00:00:00+00:00
[2023-08-07T17:10:50.062+0000] {logging_mixin.py:150} INFO - [2023-08-07T17:10:50.062+0000] {dag.py:3508} INFO - Setting next_dagrun for example_branch_datetime_operator_3 to 2023-08-06T00:00:00+00:00, run_after=2023-08-07T00:00:00+00:00
[2023-08-07T17:10:50.080+0000] {processor.py:179} INFO - Processing /home/airflow/.local/lib/python3.7/site-packages/airflow/example_dags/example_branch_datetime_operator.py took 0.087 seconds
[2023-08-07T17:11:21.065+0000] {processor.py:157} INFO - Started process (PID=358) to work on /home/airflow/.local/lib/python3.7/site-packages/airflow/example_dags/example_branch_datetime_operator.py
[2023-08-07T17:11:21.065+0000] {processor.py:826} INFO - Processing file /home/airflow/.local/lib/python3.7/site-packages/airflow/example_dags/example_branch_datetime_operator.py for tasks to queue
[2023-08-07T17:11:21.066+0000] {logging_mixin.py:150} INFO - [2023-08-07T17:11:21.065+0000] {dagbag.py:541} INFO - Filling up the DagBag from /home/airflow/.local/lib/python3.7/site-packages/airflow/example_dags/example_branch_datetime_operator.py
[2023-08-07T17:11:21.073+0000] {processor.py:836} INFO - DAG(s) dict_keys(['example_branch_datetime_operator_2', 'example_branch_datetime_operator_3', 'example_branch_datetime_operator']) retrieved from /home/airflow/.local/lib/python3.7/site-packages/airflow/example_dags/example_branch_datetime_operator.py
[2023-08-07T17:11:21.099+0000] {logging_mixin.py:150} INFO - [2023-08-07T17:11:21.099+0000] {dag.py:2742} INFO - Sync 3 DAGs
[2023-08-07T17:11:21.123+0000] {logging_mixin.py:150} INFO - [2023-08-07T17:11:21.123+0000] {dag.py:3508} INFO - Setting next_dagrun for example_branch_datetime_operator to 2023-08-06T00:00:00+00:00, run_after=2023-08-07T00:00:00+00:00
[2023-08-07T17:11:21.127+0000] {logging_mixin.py:150} INFO - [2023-08-07T17:11:21.127+0000] {dag.py:3508} INFO - Setting next_dagrun for example_branch_datetime_operator_2 to 2023-08-06T00:00:00+00:00, run_after=2023-08-07T00:00:00+00:00
[2023-08-07T17:11:21.130+0000] {logging_mixin.py:150} INFO - [2023-08-07T17:11:21.130+0000] {dag.py:3508} INFO - Setting next_dagrun for example_branch_datetime_operator_3 to 2023-08-06T00:00:00+00:00, run_after=2023-08-07T00:00:00+00:00
[2023-08-07T17:11:21.146+0000] {processor.py:179} INFO - Processing /home/airflow/.local/lib/python3.7/site-packages/airflow/example_dags/example_branch_datetime_operator.py took 0.084 seconds
[2023-08-07T17:11:51.829+0000] {processor.py:157} INFO - Started process (PID=420) to work on /home/airflow/.local/lib/python3.7/site-packages/airflow/example_dags/example_branch_datetime_operator.py
[2023-08-07T17:11:51.829+0000] {processor.py:826} INFO - Processing file /home/airflow/.local/lib/python3.7/site-packages/airflow/example_dags/example_branch_datetime_operator.py for tasks to queue
[2023-08-07T17:11:51.830+0000] {logging_mixin.py:150} INFO - [2023-08-07T17:11:51.830+0000] {dagbag.py:541} INFO - Filling up the DagBag from /home/airflow/.local/lib/python3.7/site-packages/airflow/example_dags/example_branch_datetime_operator.py
[2023-08-07T17:11:51.838+0000] {processor.py:836} INFO - DAG(s) dict_keys(['example_branch_datetime_operator_3', 'example_branch_datetime_operator_2', 'example_branch_datetime_operator']) retrieved from /home/airflow/.local/lib/python3.7/site-packages/airflow/example_dags/example_branch_datetime_operator.py
[2023-08-07T17:11:51.886+0000] {logging_mixin.py:150} INFO - [2023-08-07T17:11:51.885+0000] {dag.py:2742} INFO - Sync 3 DAGs
[2023-08-07T17:11:51.913+0000] {logging_mixin.py:150} INFO - [2023-08-07T17:11:51.913+0000] {dag.py:3508} INFO - Setting next_dagrun for example_branch_datetime_operator to 2023-08-06T00:00:00+00:00, run_after=2023-08-07T00:00:00+00:00
[2023-08-07T17:11:51.918+0000] {logging_mixin.py:150} INFO - [2023-08-07T17:11:51.918+0000] {dag.py:3508} INFO - Setting next_dagrun for example_branch_datetime_operator_2 to 2023-08-06T00:00:00+00:00, run_after=2023-08-07T00:00:00+00:00
[2023-08-07T17:11:51.920+0000] {logging_mixin.py:150} INFO - [2023-08-07T17:11:51.920+0000] {dag.py:3508} INFO - Setting next_dagrun for example_branch_datetime_operator_3 to 2023-08-06T00:00:00+00:00, run_after=2023-08-07T00:00:00+00:00
[2023-08-07T17:11:51.936+0000] {processor.py:179} INFO - Processing /home/airflow/.local/lib/python3.7/site-packages/airflow/example_dags/example_branch_datetime_operator.py took 0.109 seconds
[2023-08-07T17:12:22.363+0000] {processor.py:157} INFO - Started process (PID=482) to work on /home/airflow/.local/lib/python3.7/site-packages/airflow/example_dags/example_branch_datetime_operator.py
[2023-08-07T17:12:22.364+0000] {processor.py:826} INFO - Processing file /home/airflow/.local/lib/python3.7/site-packages/airflow/example_dags/example_branch_datetime_operator.py for tasks to queue
[2023-08-07T17:12:22.365+0000] {logging_mixin.py:150} INFO - [2023-08-07T17:12:22.365+0000] {dagbag.py:541} INFO - Filling up the DagBag from /home/airflow/.local/lib/python3.7/site-packages/airflow/example_dags/example_branch_datetime_operator.py
[2023-08-07T17:12:22.379+0000] {processor.py:836} INFO - DAG(s) dict_keys(['example_branch_datetime_operator', 'example_branch_datetime_operator_2', 'example_branch_datetime_operator_3']) retrieved from /home/airflow/.local/lib/python3.7/site-packages/airflow/example_dags/example_branch_datetime_operator.py
[2023-08-07T17:12:22.411+0000] {logging_mixin.py:150} INFO - [2023-08-07T17:12:22.411+0000] {dag.py:2742} INFO - Sync 3 DAGs
[2023-08-07T17:12:22.438+0000] {logging_mixin.py:150} INFO - [2023-08-07T17:12:22.438+0000] {dag.py:3508} INFO - Setting next_dagrun for example_branch_datetime_operator to 2023-08-06T00:00:00+00:00, run_after=2023-08-07T00:00:00+00:00
[2023-08-07T17:12:22.443+0000] {logging_mixin.py:150} INFO - [2023-08-07T17:12:22.443+0000] {dag.py:3508} INFO - Setting next_dagrun for example_branch_datetime_operator_2 to 2023-08-06T00:00:00+00:00, run_after=2023-08-07T00:00:00+00:00
[2023-08-07T17:12:22.445+0000] {logging_mixin.py:150} INFO - [2023-08-07T17:12:22.445+0000] {dag.py:3508} INFO - Setting next_dagrun for example_branch_datetime_operator_3 to 2023-08-06T00:00:00+00:00, run_after=2023-08-07T00:00:00+00:00
[2023-08-07T17:12:22.463+0000] {processor.py:179} INFO - Processing /home/airflow/.local/lib/python3.7/site-packages/airflow/example_dags/example_branch_datetime_operator.py took 0.104 seconds
[2023-08-07T17:12:53.238+0000] {processor.py:157} INFO - Started process (PID=544) to work on /home/airflow/.local/lib/python3.7/site-packages/airflow/example_dags/example_branch_datetime_operator.py
[2023-08-07T17:12:53.239+0000] {processor.py:826} INFO - Processing file /home/airflow/.local/lib/python3.7/site-packages/airflow/example_dags/example_branch_datetime_operator.py for tasks to queue
[2023-08-07T17:12:53.239+0000] {logging_mixin.py:150} INFO - [2023-08-07T17:12:53.239+0000] {dagbag.py:541} INFO - Filling up the DagBag from /home/airflow/.local/lib/python3.7/site-packages/airflow/example_dags/example_branch_datetime_operator.py
[2023-08-07T17:12:53.246+0000] {processor.py:836} INFO - DAG(s) dict_keys(['example_branch_datetime_operator_2', 'example_branch_datetime_operator', 'example_branch_datetime_operator_3']) retrieved from /home/airflow/.local/lib/python3.7/site-packages/airflow/example_dags/example_branch_datetime_operator.py
[2023-08-07T17:12:53.273+0000] {logging_mixin.py:150} INFO - [2023-08-07T17:12:53.273+0000] {dag.py:2742} INFO - Sync 3 DAGs
[2023-08-07T17:12:53.298+0000] {logging_mixin.py:150} INFO - [2023-08-07T17:12:53.298+0000] {dag.py:3508} INFO - Setting next_dagrun for example_branch_datetime_operator to 2023-08-06T00:00:00+00:00, run_after=2023-08-07T00:00:00+00:00
[2023-08-07T17:12:53.305+0000] {logging_mixin.py:150} INFO - [2023-08-07T17:12:53.304+0000] {dag.py:3508} INFO - Setting next_dagrun for example_branch_datetime_operator_2 to 2023-08-06T00:00:00+00:00, run_after=2023-08-07T00:00:00+00:00
[2023-08-07T17:12:53.307+0000] {logging_mixin.py:150} INFO - [2023-08-07T17:12:53.307+0000] {dag.py:3508} INFO - Setting next_dagrun for example_branch_datetime_operator_3 to 2023-08-06T00:00:00+00:00, run_after=2023-08-07T00:00:00+00:00
[2023-08-07T17:12:53.327+0000] {processor.py:179} INFO - Processing /home/airflow/.local/lib/python3.7/site-packages/airflow/example_dags/example_branch_datetime_operator.py took 0.091 seconds
[2023-08-07T17:13:23.615+0000] {processor.py:157} INFO - Started process (PID=606) to work on /home/airflow/.local/lib/python3.7/site-packages/airflow/example_dags/example_branch_datetime_operator.py
[2023-08-07T17:13:23.616+0000] {processor.py:826} INFO - Processing file /home/airflow/.local/lib/python3.7/site-packages/airflow/example_dags/example_branch_datetime_operator.py for tasks to queue
[2023-08-07T17:13:23.616+0000] {logging_mixin.py:150} INFO - [2023-08-07T17:13:23.616+0000] {dagbag.py:541} INFO - Filling up the DagBag from /home/airflow/.local/lib/python3.7/site-packages/airflow/example_dags/example_branch_datetime_operator.py
[2023-08-07T17:13:23.623+0000] {processor.py:836} INFO - DAG(s) dict_keys(['example_branch_datetime_operator_2', 'example_branch_datetime_operator_3', 'example_branch_datetime_operator']) retrieved from /home/airflow/.local/lib/python3.7/site-packages/airflow/example_dags/example_branch_datetime_operator.py
[2023-08-07T17:13:23.649+0000] {logging_mixin.py:150} INFO - [2023-08-07T17:13:23.649+0000] {dag.py:2742} INFO - Sync 3 DAGs
[2023-08-07T17:13:23.675+0000] {logging_mixin.py:150} INFO - [2023-08-07T17:13:23.675+0000] {dag.py:3508} INFO - Setting next_dagrun for example_branch_datetime_operator to 2023-08-06T00:00:00+00:00, run_after=2023-08-07T00:00:00+00:00
[2023-08-07T17:13:23.679+0000] {logging_mixin.py:150} INFO - [2023-08-07T17:13:23.679+0000] {dag.py:3508} INFO - Setting next_dagrun for example_branch_datetime_operator_2 to 2023-08-06T00:00:00+00:00, run_after=2023-08-07T00:00:00+00:00
[2023-08-07T17:13:23.682+0000] {logging_mixin.py:150} INFO - [2023-08-07T17:13:23.682+0000] {dag.py:3508} INFO - Setting next_dagrun for example_branch_datetime_operator_3 to 2023-08-06T00:00:00+00:00, run_after=2023-08-07T00:00:00+00:00
[2023-08-07T17:13:23.697+0000] {processor.py:179} INFO - Processing /home/airflow/.local/lib/python3.7/site-packages/airflow/example_dags/example_branch_datetime_operator.py took 0.084 seconds
[2023-08-07T17:13:54.321+0000] {processor.py:157} INFO - Started process (PID=668) to work on /home/airflow/.local/lib/python3.7/site-packages/airflow/example_dags/example_branch_datetime_operator.py
[2023-08-07T17:13:54.321+0000] {processor.py:826} INFO - Processing file /home/airflow/.local/lib/python3.7/site-packages/airflow/example_dags/example_branch_datetime_operator.py for tasks to queue
[2023-08-07T17:13:54.322+0000] {logging_mixin.py:150} INFO - [2023-08-07T17:13:54.322+0000] {dagbag.py:541} INFO - Filling up the DagBag from /home/airflow/.local/lib/python3.7/site-packages/airflow/example_dags/example_branch_datetime_operator.py
[2023-08-07T17:13:54.329+0000] {processor.py:836} INFO - DAG(s) dict_keys(['example_branch_datetime_operator_3', 'example_branch_datetime_operator_2', 'example_branch_datetime_operator']) retrieved from /home/airflow/.local/lib/python3.7/site-packages/airflow/example_dags/example_branch_datetime_operator.py
[2023-08-07T17:13:54.356+0000] {logging_mixin.py:150} INFO - [2023-08-07T17:13:54.355+0000] {dag.py:2742} INFO - Sync 3 DAGs
[2023-08-07T17:13:54.378+0000] {logging_mixin.py:150} INFO - [2023-08-07T17:13:54.378+0000] {dag.py:3508} INFO - Setting next_dagrun for example_branch_datetime_operator to 2023-08-06T00:00:00+00:00, run_after=2023-08-07T00:00:00+00:00
[2023-08-07T17:13:54.383+0000] {logging_mixin.py:150} INFO - [2023-08-07T17:13:54.383+0000] {dag.py:3508} INFO - Setting next_dagrun for example_branch_datetime_operator_2 to 2023-08-06T00:00:00+00:00, run_after=2023-08-07T00:00:00+00:00
[2023-08-07T17:13:54.385+0000] {logging_mixin.py:150} INFO - [2023-08-07T17:13:54.385+0000] {dag.py:3508} INFO - Setting next_dagrun for example_branch_datetime_operator_3 to 2023-08-06T00:00:00+00:00, run_after=2023-08-07T00:00:00+00:00
[2023-08-07T17:13:54.406+0000] {processor.py:179} INFO - Processing /home/airflow/.local/lib/python3.7/site-packages/airflow/example_dags/example_branch_datetime_operator.py took 0.087 seconds
[2023-08-07T17:14:25.231+0000] {processor.py:157} INFO - Started process (PID=730) to work on /home/airflow/.local/lib/python3.7/site-packages/airflow/example_dags/example_branch_datetime_operator.py
[2023-08-07T17:14:25.232+0000] {processor.py:826} INFO - Processing file /home/airflow/.local/lib/python3.7/site-packages/airflow/example_dags/example_branch_datetime_operator.py for tasks to queue
[2023-08-07T17:14:25.233+0000] {logging_mixin.py:150} INFO - [2023-08-07T17:14:25.233+0000] {dagbag.py:541} INFO - Filling up the DagBag from /home/airflow/.local/lib/python3.7/site-packages/airflow/example_dags/example_branch_datetime_operator.py
[2023-08-07T17:14:25.251+0000] {processor.py:836} INFO - DAG(s) dict_keys(['example_branch_datetime_operator_2', 'example_branch_datetime_operator_3', 'example_branch_datetime_operator']) retrieved from /home/airflow/.local/lib/python3.7/site-packages/airflow/example_dags/example_branch_datetime_operator.py
[2023-08-07T17:14:25.277+0000] {logging_mixin.py:150} INFO - [2023-08-07T17:14:25.277+0000] {dag.py:2742} INFO - Sync 3 DAGs
[2023-08-07T17:14:25.301+0000] {logging_mixin.py:150} INFO - [2023-08-07T17:14:25.301+0000] {dag.py:3508} INFO - Setting next_dagrun for example_branch_datetime_operator to 2023-08-06T00:00:00+00:00, run_after=2023-08-07T00:00:00+00:00
[2023-08-07T17:14:25.305+0000] {logging_mixin.py:150} INFO - [2023-08-07T17:14:25.305+0000] {dag.py:3508} INFO - Setting next_dagrun for example_branch_datetime_operator_2 to 2023-08-06T00:00:00+00:00, run_after=2023-08-07T00:00:00+00:00
[2023-08-07T17:14:25.308+0000] {logging_mixin.py:150} INFO - [2023-08-07T17:14:25.308+0000] {dag.py:3508} INFO - Setting next_dagrun for example_branch_datetime_operator_3 to 2023-08-06T00:00:00+00:00, run_after=2023-08-07T00:00:00+00:00
[2023-08-07T17:14:25.324+0000] {processor.py:179} INFO - Processing /home/airflow/.local/lib/python3.7/site-packages/airflow/example_dags/example_branch_datetime_operator.py took 0.098 seconds
[2023-08-07T17:14:55.626+0000] {processor.py:157} INFO - Started process (PID=792) to work on /home/airflow/.local/lib/python3.7/site-packages/airflow/example_dags/example_branch_datetime_operator.py
[2023-08-07T17:14:55.627+0000] {processor.py:826} INFO - Processing file /home/airflow/.local/lib/python3.7/site-packages/airflow/example_dags/example_branch_datetime_operator.py for tasks to queue
[2023-08-07T17:14:55.628+0000] {logging_mixin.py:150} INFO - [2023-08-07T17:14:55.628+0000] {dagbag.py:541} INFO - Filling up the DagBag from /home/airflow/.local/lib/python3.7/site-packages/airflow/example_dags/example_branch_datetime_operator.py
[2023-08-07T17:14:55.635+0000] {processor.py:836} INFO - DAG(s) dict_keys(['example_branch_datetime_operator_3', 'example_branch_datetime_operator_2', 'example_branch_datetime_operator']) retrieved from /home/airflow/.local/lib/python3.7/site-packages/airflow/example_dags/example_branch_datetime_operator.py
[2023-08-07T17:14:55.663+0000] {logging_mixin.py:150} INFO - [2023-08-07T17:14:55.663+0000] {dag.py:2742} INFO - Sync 3 DAGs
[2023-08-07T17:14:55.688+0000] {logging_mixin.py:150} INFO - [2023-08-07T17:14:55.688+0000] {dag.py:3508} INFO - Setting next_dagrun for example_branch_datetime_operator to 2023-08-06T00:00:00+00:00, run_after=2023-08-07T00:00:00+00:00
[2023-08-07T17:14:55.692+0000] {logging_mixin.py:150} INFO - [2023-08-07T17:14:55.692+0000] {dag.py:3508} INFO - Setting next_dagrun for example_branch_datetime_operator_2 to 2023-08-06T00:00:00+00:00, run_after=2023-08-07T00:00:00+00:00
[2023-08-07T17:14:55.695+0000] {logging_mixin.py:150} INFO - [2023-08-07T17:14:55.694+0000] {dag.py:3508} INFO - Setting next_dagrun for example_branch_datetime_operator_3 to 2023-08-06T00:00:00+00:00, run_after=2023-08-07T00:00:00+00:00
[2023-08-07T17:14:55.711+0000] {processor.py:179} INFO - Processing /home/airflow/.local/lib/python3.7/site-packages/airflow/example_dags/example_branch_datetime_operator.py took 0.090 seconds
[2023-08-07T17:15:25.768+0000] {processor.py:157} INFO - Started process (PID=854) to work on /home/airflow/.local/lib/python3.7/site-packages/airflow/example_dags/example_branch_datetime_operator.py
[2023-08-07T17:15:25.769+0000] {processor.py:826} INFO - Processing file /home/airflow/.local/lib/python3.7/site-packages/airflow/example_dags/example_branch_datetime_operator.py for tasks to queue
[2023-08-07T17:15:25.770+0000] {logging_mixin.py:150} INFO - [2023-08-07T17:15:25.769+0000] {dagbag.py:541} INFO - Filling up the DagBag from /home/airflow/.local/lib/python3.7/site-packages/airflow/example_dags/example_branch_datetime_operator.py
[2023-08-07T17:15:25.777+0000] {processor.py:836} INFO - DAG(s) dict_keys(['example_branch_datetime_operator_3', 'example_branch_datetime_operator', 'example_branch_datetime_operator_2']) retrieved from /home/airflow/.local/lib/python3.7/site-packages/airflow/example_dags/example_branch_datetime_operator.py
[2023-08-07T17:15:25.804+0000] {logging_mixin.py:150} INFO - [2023-08-07T17:15:25.804+0000] {dag.py:2742} INFO - Sync 3 DAGs
[2023-08-07T17:15:25.828+0000] {logging_mixin.py:150} INFO - [2023-08-07T17:15:25.828+0000] {dag.py:3508} INFO - Setting next_dagrun for example_branch_datetime_operator to 2023-08-06T00:00:00+00:00, run_after=2023-08-07T00:00:00+00:00
[2023-08-07T17:15:25.833+0000] {logging_mixin.py:150} INFO - [2023-08-07T17:15:25.833+0000] {dag.py:3508} INFO - Setting next_dagrun for example_branch_datetime_operator_2 to 2023-08-06T00:00:00+00:00, run_after=2023-08-07T00:00:00+00:00
[2023-08-07T17:15:25.835+0000] {logging_mixin.py:150} INFO - [2023-08-07T17:15:25.835+0000] {dag.py:3508} INFO - Setting next_dagrun for example_branch_datetime_operator_3 to 2023-08-06T00:00:00+00:00, run_after=2023-08-07T00:00:00+00:00
[2023-08-07T17:15:25.851+0000] {processor.py:179} INFO - Processing /home/airflow/.local/lib/python3.7/site-packages/airflow/example_dags/example_branch_datetime_operator.py took 0.088 seconds
[2023-08-07T17:15:55.962+0000] {processor.py:157} INFO - Started process (PID=916) to work on /home/airflow/.local/lib/python3.7/site-packages/airflow/example_dags/example_branch_datetime_operator.py
[2023-08-07T17:15:55.963+0000] {processor.py:826} INFO - Processing file /home/airflow/.local/lib/python3.7/site-packages/airflow/example_dags/example_branch_datetime_operator.py for tasks to queue
[2023-08-07T17:15:55.964+0000] {logging_mixin.py:150} INFO - [2023-08-07T17:15:55.964+0000] {dagbag.py:541} INFO - Filling up the DagBag from /home/airflow/.local/lib/python3.7/site-packages/airflow/example_dags/example_branch_datetime_operator.py
[2023-08-07T17:15:55.981+0000] {processor.py:836} INFO - DAG(s) dict_keys(['example_branch_datetime_operator', 'example_branch_datetime_operator_3', 'example_branch_datetime_operator_2']) retrieved from /home/airflow/.local/lib/python3.7/site-packages/airflow/example_dags/example_branch_datetime_operator.py
[2023-08-07T17:15:56.021+0000] {logging_mixin.py:150} INFO - [2023-08-07T17:15:56.021+0000] {dag.py:2742} INFO - Sync 3 DAGs
[2023-08-07T17:15:56.046+0000] {logging_mixin.py:150} INFO - [2023-08-07T17:15:56.046+0000] {dag.py:3508} INFO - Setting next_dagrun for example_branch_datetime_operator to 2023-08-06T00:00:00+00:00, run_after=2023-08-07T00:00:00+00:00
[2023-08-07T17:15:56.051+0000] {logging_mixin.py:150} INFO - [2023-08-07T17:15:56.051+0000] {dag.py:3508} INFO - Setting next_dagrun for example_branch_datetime_operator_2 to 2023-08-06T00:00:00+00:00, run_after=2023-08-07T00:00:00+00:00
[2023-08-07T17:15:56.053+0000] {logging_mixin.py:150} INFO - [2023-08-07T17:15:56.053+0000] {dag.py:3508} INFO - Setting next_dagrun for example_branch_datetime_operator_3 to 2023-08-06T00:00:00+00:00, run_after=2023-08-07T00:00:00+00:00
[2023-08-07T17:15:56.069+0000] {processor.py:179} INFO - Processing /home/airflow/.local/lib/python3.7/site-packages/airflow/example_dags/example_branch_datetime_operator.py took 0.113 seconds
[2023-08-07T17:16:26.611+0000] {processor.py:157} INFO - Started process (PID=978) to work on /home/airflow/.local/lib/python3.7/site-packages/airflow/example_dags/example_branch_datetime_operator.py
[2023-08-07T17:16:26.612+0000] {processor.py:826} INFO - Processing file /home/airflow/.local/lib/python3.7/site-packages/airflow/example_dags/example_branch_datetime_operator.py for tasks to queue
[2023-08-07T17:16:26.613+0000] {logging_mixin.py:150} INFO - [2023-08-07T17:16:26.613+0000] {dagbag.py:541} INFO - Filling up the DagBag from /home/airflow/.local/lib/python3.7/site-packages/airflow/example_dags/example_branch_datetime_operator.py
[2023-08-07T17:16:26.628+0000] {processor.py:836} INFO - DAG(s) dict_keys(['example_branch_datetime_operator_2', 'example_branch_datetime_operator', 'example_branch_datetime_operator_3']) retrieved from /home/airflow/.local/lib/python3.7/site-packages/airflow/example_dags/example_branch_datetime_operator.py
[2023-08-07T17:16:26.656+0000] {logging_mixin.py:150} INFO - [2023-08-07T17:16:26.656+0000] {dag.py:2742} INFO - Sync 3 DAGs
[2023-08-07T17:16:26.682+0000] {logging_mixin.py:150} INFO - [2023-08-07T17:16:26.681+0000] {dag.py:3508} INFO - Setting next_dagrun for example_branch_datetime_operator to 2023-08-06T00:00:00+00:00, run_after=2023-08-07T00:00:00+00:00
[2023-08-07T17:16:26.686+0000] {logging_mixin.py:150} INFO - [2023-08-07T17:16:26.686+0000] {dag.py:3508} INFO - Setting next_dagrun for example_branch_datetime_operator_2 to 2023-08-06T00:00:00+00:00, run_after=2023-08-07T00:00:00+00:00
[2023-08-07T17:16:26.689+0000] {logging_mixin.py:150} INFO - [2023-08-07T17:16:26.689+0000] {dag.py:3508} INFO - Setting next_dagrun for example_branch_datetime_operator_3 to 2023-08-06T00:00:00+00:00, run_after=2023-08-07T00:00:00+00:00
[2023-08-07T17:16:26.706+0000] {processor.py:179} INFO - Processing /home/airflow/.local/lib/python3.7/site-packages/airflow/example_dags/example_branch_datetime_operator.py took 0.099 seconds
[2023-08-07T17:41:14.341+0000] {processor.py:157} INFO - Started process (PID=47) to work on /home/airflow/.local/lib/python3.7/site-packages/airflow/example_dags/example_branch_datetime_operator.py
[2023-08-07T17:41:14.343+0000] {processor.py:826} INFO - Processing file /home/airflow/.local/lib/python3.7/site-packages/airflow/example_dags/example_branch_datetime_operator.py for tasks to queue
[2023-08-07T17:41:14.344+0000] {logging_mixin.py:150} INFO - [2023-08-07T17:41:14.344+0000] {dagbag.py:541} INFO - Filling up the DagBag from /home/airflow/.local/lib/python3.7/site-packages/airflow/example_dags/example_branch_datetime_operator.py
[2023-08-07T17:41:14.359+0000] {processor.py:836} INFO - DAG(s) dict_keys(['example_branch_datetime_operator', 'example_branch_datetime_operator_3', 'example_branch_datetime_operator_2']) retrieved from /home/airflow/.local/lib/python3.7/site-packages/airflow/example_dags/example_branch_datetime_operator.py
[2023-08-07T17:41:14.374+0000] {logging_mixin.py:150} INFO - [2023-08-07T17:41:14.373+0000] {dag.py:2742} INFO - Sync 3 DAGs
[2023-08-07T17:41:14.406+0000] {logging_mixin.py:150} INFO - [2023-08-07T17:41:14.406+0000] {dag.py:3508} INFO - Setting next_dagrun for example_branch_datetime_operator to 2023-08-06T00:00:00+00:00, run_after=2023-08-07T00:00:00+00:00
[2023-08-07T17:41:14.412+0000] {logging_mixin.py:150} INFO - [2023-08-07T17:41:14.412+0000] {dag.py:3508} INFO - Setting next_dagrun for example_branch_datetime_operator_2 to 2023-08-06T00:00:00+00:00, run_after=2023-08-07T00:00:00+00:00
[2023-08-07T17:41:14.415+0000] {logging_mixin.py:150} INFO - [2023-08-07T17:41:14.415+0000] {dag.py:3508} INFO - Setting next_dagrun for example_branch_datetime_operator_3 to 2023-08-06T00:00:00+00:00, run_after=2023-08-07T00:00:00+00:00
[2023-08-07T17:41:14.439+0000] {processor.py:179} INFO - Processing /home/airflow/.local/lib/python3.7/site-packages/airflow/example_dags/example_branch_datetime_operator.py took 0.101 seconds
[2023-08-07T17:41:45.060+0000] {processor.py:157} INFO - Started process (PID=109) to work on /home/airflow/.local/lib/python3.7/site-packages/airflow/example_dags/example_branch_datetime_operator.py
[2023-08-07T17:41:45.062+0000] {processor.py:826} INFO - Processing file /home/airflow/.local/lib/python3.7/site-packages/airflow/example_dags/example_branch_datetime_operator.py for tasks to queue
[2023-08-07T17:41:45.063+0000] {logging_mixin.py:150} INFO - [2023-08-07T17:41:45.062+0000] {dagbag.py:541} INFO - Filling up the DagBag from /home/airflow/.local/lib/python3.7/site-packages/airflow/example_dags/example_branch_datetime_operator.py
[2023-08-07T17:41:45.077+0000] {processor.py:836} INFO - DAG(s) dict_keys(['example_branch_datetime_operator_3', 'example_branch_datetime_operator_2', 'example_branch_datetime_operator']) retrieved from /home/airflow/.local/lib/python3.7/site-packages/airflow/example_dags/example_branch_datetime_operator.py
[2023-08-07T17:41:45.102+0000] {logging_mixin.py:150} INFO - [2023-08-07T17:41:45.102+0000] {dag.py:2742} INFO - Sync 3 DAGs
[2023-08-07T17:41:45.127+0000] {logging_mixin.py:150} INFO - [2023-08-07T17:41:45.127+0000] {dag.py:3508} INFO - Setting next_dagrun for example_branch_datetime_operator to 2023-08-06T00:00:00+00:00, run_after=2023-08-07T00:00:00+00:00
[2023-08-07T17:41:45.132+0000] {logging_mixin.py:150} INFO - [2023-08-07T17:41:45.132+0000] {dag.py:3508} INFO - Setting next_dagrun for example_branch_datetime_operator_2 to 2023-08-06T00:00:00+00:00, run_after=2023-08-07T00:00:00+00:00
[2023-08-07T17:41:45.134+0000] {logging_mixin.py:150} INFO - [2023-08-07T17:41:45.134+0000] {dag.py:3508} INFO - Setting next_dagrun for example_branch_datetime_operator_3 to 2023-08-06T00:00:00+00:00, run_after=2023-08-07T00:00:00+00:00
[2023-08-07T17:41:45.151+0000] {processor.py:179} INFO - Processing /home/airflow/.local/lib/python3.7/site-packages/airflow/example_dags/example_branch_datetime_operator.py took 0.095 seconds
[2023-08-07T17:42:15.772+0000] {processor.py:157} INFO - Started process (PID=171) to work on /home/airflow/.local/lib/python3.7/site-packages/airflow/example_dags/example_branch_datetime_operator.py
[2023-08-07T17:42:15.773+0000] {processor.py:826} INFO - Processing file /home/airflow/.local/lib/python3.7/site-packages/airflow/example_dags/example_branch_datetime_operator.py for tasks to queue
[2023-08-07T17:42:15.774+0000] {logging_mixin.py:150} INFO - [2023-08-07T17:42:15.774+0000] {dagbag.py:541} INFO - Filling up the DagBag from /home/airflow/.local/lib/python3.7/site-packages/airflow/example_dags/example_branch_datetime_operator.py
[2023-08-07T17:42:15.788+0000] {processor.py:836} INFO - DAG(s) dict_keys(['example_branch_datetime_operator', 'example_branch_datetime_operator_3', 'example_branch_datetime_operator_2']) retrieved from /home/airflow/.local/lib/python3.7/site-packages/airflow/example_dags/example_branch_datetime_operator.py
[2023-08-07T17:42:15.816+0000] {logging_mixin.py:150} INFO - [2023-08-07T17:42:15.816+0000] {dag.py:2742} INFO - Sync 3 DAGs
[2023-08-07T17:42:15.839+0000] {logging_mixin.py:150} INFO - [2023-08-07T17:42:15.839+0000] {dag.py:3508} INFO - Setting next_dagrun for example_branch_datetime_operator to 2023-08-06T00:00:00+00:00, run_after=2023-08-07T00:00:00+00:00
[2023-08-07T17:42:15.843+0000] {logging_mixin.py:150} INFO - [2023-08-07T17:42:15.843+0000] {dag.py:3508} INFO - Setting next_dagrun for example_branch_datetime_operator_2 to 2023-08-06T00:00:00+00:00, run_after=2023-08-07T00:00:00+00:00
[2023-08-07T17:42:15.845+0000] {logging_mixin.py:150} INFO - [2023-08-07T17:42:15.845+0000] {dag.py:3508} INFO - Setting next_dagrun for example_branch_datetime_operator_3 to 2023-08-06T00:00:00+00:00, run_after=2023-08-07T00:00:00+00:00
[2023-08-07T17:42:15.860+0000] {processor.py:179} INFO - Processing /home/airflow/.local/lib/python3.7/site-packages/airflow/example_dags/example_branch_datetime_operator.py took 0.092 seconds
[2023-08-07T17:42:46.727+0000] {processor.py:157} INFO - Started process (PID=233) to work on /home/airflow/.local/lib/python3.7/site-packages/airflow/example_dags/example_branch_datetime_operator.py
[2023-08-07T17:42:46.728+0000] {processor.py:826} INFO - Processing file /home/airflow/.local/lib/python3.7/site-packages/airflow/example_dags/example_branch_datetime_operator.py for tasks to queue
[2023-08-07T17:42:46.728+0000] {logging_mixin.py:150} INFO - [2023-08-07T17:42:46.728+0000] {dagbag.py:541} INFO - Filling up the DagBag from /home/airflow/.local/lib/python3.7/site-packages/airflow/example_dags/example_branch_datetime_operator.py
[2023-08-07T17:42:46.735+0000] {processor.py:836} INFO - DAG(s) dict_keys(['example_branch_datetime_operator_3', 'example_branch_datetime_operator', 'example_branch_datetime_operator_2']) retrieved from /home/airflow/.local/lib/python3.7/site-packages/airflow/example_dags/example_branch_datetime_operator.py
[2023-08-07T17:42:46.782+0000] {logging_mixin.py:150} INFO - [2023-08-07T17:42:46.782+0000] {dag.py:2742} INFO - Sync 3 DAGs
[2023-08-07T17:42:46.806+0000] {logging_mixin.py:150} INFO - [2023-08-07T17:42:46.806+0000] {dag.py:3508} INFO - Setting next_dagrun for example_branch_datetime_operator to 2023-08-06T00:00:00+00:00, run_after=2023-08-07T00:00:00+00:00
[2023-08-07T17:42:46.810+0000] {logging_mixin.py:150} INFO - [2023-08-07T17:42:46.810+0000] {dag.py:3508} INFO - Setting next_dagrun for example_branch_datetime_operator_2 to 2023-08-06T00:00:00+00:00, run_after=2023-08-07T00:00:00+00:00
[2023-08-07T17:42:46.813+0000] {logging_mixin.py:150} INFO - [2023-08-07T17:42:46.812+0000] {dag.py:3508} INFO - Setting next_dagrun for example_branch_datetime_operator_3 to 2023-08-06T00:00:00+00:00, run_after=2023-08-07T00:00:00+00:00
[2023-08-07T17:42:46.827+0000] {processor.py:179} INFO - Processing /home/airflow/.local/lib/python3.7/site-packages/airflow/example_dags/example_branch_datetime_operator.py took 0.102 seconds
[2023-08-07T17:43:17.640+0000] {processor.py:157} INFO - Started process (PID=296) to work on /home/airflow/.local/lib/python3.7/site-packages/airflow/example_dags/example_branch_datetime_operator.py
[2023-08-07T17:43:17.641+0000] {processor.py:826} INFO - Processing file /home/airflow/.local/lib/python3.7/site-packages/airflow/example_dags/example_branch_datetime_operator.py for tasks to queue
[2023-08-07T17:43:17.642+0000] {logging_mixin.py:150} INFO - [2023-08-07T17:43:17.641+0000] {dagbag.py:541} INFO - Filling up the DagBag from /home/airflow/.local/lib/python3.7/site-packages/airflow/example_dags/example_branch_datetime_operator.py
[2023-08-07T17:43:17.658+0000] {processor.py:836} INFO - DAG(s) dict_keys(['example_branch_datetime_operator_3', 'example_branch_datetime_operator_2', 'example_branch_datetime_operator']) retrieved from /home/airflow/.local/lib/python3.7/site-packages/airflow/example_dags/example_branch_datetime_operator.py
[2023-08-07T17:43:17.690+0000] {logging_mixin.py:150} INFO - [2023-08-07T17:43:17.689+0000] {dag.py:2742} INFO - Sync 3 DAGs
[2023-08-07T17:43:17.714+0000] {logging_mixin.py:150} INFO - [2023-08-07T17:43:17.714+0000] {dag.py:3508} INFO - Setting next_dagrun for example_branch_datetime_operator to 2023-08-06T00:00:00+00:00, run_after=2023-08-07T00:00:00+00:00
[2023-08-07T17:43:17.718+0000] {logging_mixin.py:150} INFO - [2023-08-07T17:43:17.718+0000] {dag.py:3508} INFO - Setting next_dagrun for example_branch_datetime_operator_2 to 2023-08-06T00:00:00+00:00, run_after=2023-08-07T00:00:00+00:00
[2023-08-07T17:43:17.721+0000] {logging_mixin.py:150} INFO - [2023-08-07T17:43:17.721+0000] {dag.py:3508} INFO - Setting next_dagrun for example_branch_datetime_operator_3 to 2023-08-06T00:00:00+00:00, run_after=2023-08-07T00:00:00+00:00
[2023-08-07T17:43:17.739+0000] {processor.py:179} INFO - Processing /home/airflow/.local/lib/python3.7/site-packages/airflow/example_dags/example_branch_datetime_operator.py took 0.103 seconds
[2023-08-07T17:43:47.779+0000] {processor.py:157} INFO - Started process (PID=358) to work on /home/airflow/.local/lib/python3.7/site-packages/airflow/example_dags/example_branch_datetime_operator.py
[2023-08-07T17:43:47.779+0000] {processor.py:826} INFO - Processing file /home/airflow/.local/lib/python3.7/site-packages/airflow/example_dags/example_branch_datetime_operator.py for tasks to queue
[2023-08-07T17:43:47.780+0000] {logging_mixin.py:150} INFO - [2023-08-07T17:43:47.779+0000] {dagbag.py:541} INFO - Filling up the DagBag from /home/airflow/.local/lib/python3.7/site-packages/airflow/example_dags/example_branch_datetime_operator.py
[2023-08-07T17:43:47.786+0000] {processor.py:836} INFO - DAG(s) dict_keys(['example_branch_datetime_operator_2', 'example_branch_datetime_operator', 'example_branch_datetime_operator_3']) retrieved from /home/airflow/.local/lib/python3.7/site-packages/airflow/example_dags/example_branch_datetime_operator.py
[2023-08-07T17:43:47.814+0000] {logging_mixin.py:150} INFO - [2023-08-07T17:43:47.814+0000] {dag.py:2742} INFO - Sync 3 DAGs
[2023-08-07T17:43:47.839+0000] {logging_mixin.py:150} INFO - [2023-08-07T17:43:47.839+0000] {dag.py:3508} INFO - Setting next_dagrun for example_branch_datetime_operator to 2023-08-06T00:00:00+00:00, run_after=2023-08-07T00:00:00+00:00
[2023-08-07T17:43:47.843+0000] {logging_mixin.py:150} INFO - [2023-08-07T17:43:47.843+0000] {dag.py:3508} INFO - Setting next_dagrun for example_branch_datetime_operator_2 to 2023-08-06T00:00:00+00:00, run_after=2023-08-07T00:00:00+00:00
[2023-08-07T17:43:47.846+0000] {logging_mixin.py:150} INFO - [2023-08-07T17:43:47.846+0000] {dag.py:3508} INFO - Setting next_dagrun for example_branch_datetime_operator_3 to 2023-08-06T00:00:00+00:00, run_after=2023-08-07T00:00:00+00:00
[2023-08-07T17:43:47.861+0000] {processor.py:179} INFO - Processing /home/airflow/.local/lib/python3.7/site-packages/airflow/example_dags/example_branch_datetime_operator.py took 0.085 seconds
[2023-08-07T18:11:00.852+0000] {processor.py:157} INFO - Started process (PID=48) to work on /home/airflow/.local/lib/python3.7/site-packages/airflow/example_dags/example_branch_datetime_operator.py
[2023-08-07T18:11:00.856+0000] {processor.py:826} INFO - Processing file /home/airflow/.local/lib/python3.7/site-packages/airflow/example_dags/example_branch_datetime_operator.py for tasks to queue
[2023-08-07T18:11:00.857+0000] {logging_mixin.py:150} INFO - [2023-08-07T18:11:00.857+0000] {dagbag.py:541} INFO - Filling up the DagBag from /home/airflow/.local/lib/python3.7/site-packages/airflow/example_dags/example_branch_datetime_operator.py
[2023-08-07T18:11:00.874+0000] {processor.py:836} INFO - DAG(s) dict_keys(['example_branch_datetime_operator_2', 'example_branch_datetime_operator_3', 'example_branch_datetime_operator']) retrieved from /home/airflow/.local/lib/python3.7/site-packages/airflow/example_dags/example_branch_datetime_operator.py
[2023-08-07T18:11:00.892+0000] {logging_mixin.py:150} INFO - [2023-08-07T18:11:00.891+0000] {dag.py:2742} INFO - Sync 3 DAGs
[2023-08-07T18:11:00.923+0000] {logging_mixin.py:150} INFO - [2023-08-07T18:11:00.923+0000] {dag.py:3508} INFO - Setting next_dagrun for example_branch_datetime_operator to 2023-08-06T00:00:00+00:00, run_after=2023-08-07T00:00:00+00:00
[2023-08-07T18:11:00.929+0000] {logging_mixin.py:150} INFO - [2023-08-07T18:11:00.928+0000] {dag.py:3508} INFO - Setting next_dagrun for example_branch_datetime_operator_2 to 2023-08-06T00:00:00+00:00, run_after=2023-08-07T00:00:00+00:00
[2023-08-07T18:11:00.932+0000] {logging_mixin.py:150} INFO - [2023-08-07T18:11:00.932+0000] {dag.py:3508} INFO - Setting next_dagrun for example_branch_datetime_operator_3 to 2023-08-06T00:00:00+00:00, run_after=2023-08-07T00:00:00+00:00
[2023-08-07T18:11:00.958+0000] {processor.py:179} INFO - Processing /home/airflow/.local/lib/python3.7/site-packages/airflow/example_dags/example_branch_datetime_operator.py took 0.109 seconds
