[2023-08-07T17:08:50.589+0000] {processor.py:157} INFO - Started process (PID=72) to work on /home/airflow/.local/lib/python3.7/site-packages/airflow/example_dags/example_time_delta_sensor_async.py
[2023-08-07T17:08:50.590+0000] {processor.py:826} INFO - Processing file /home/airflow/.local/lib/python3.7/site-packages/airflow/example_dags/example_time_delta_sensor_async.py for tasks to queue
[2023-08-07T17:08:50.591+0000] {logging_mixin.py:150} INFO - [2023-08-07T17:08:50.590+0000] {dagbag.py:541} INFO - Filling up the DagBag from /home/airflow/.local/lib/python3.7/site-packages/airflow/example_dags/example_time_delta_sensor_async.py
[2023-08-07T17:08:50.598+0000] {processor.py:836} INFO - DAG(s) dict_keys(['example_time_delta_sensor_async']) retrieved from /home/airflow/.local/lib/python3.7/site-packages/airflow/example_dags/example_time_delta_sensor_async.py
[2023-08-07T17:08:50.610+0000] {logging_mixin.py:150} INFO - [2023-08-07T17:08:50.610+0000] {dag.py:2742} INFO - Sync 1 DAGs
[2023-08-07T17:08:50.640+0000] {logging_mixin.py:150} INFO - [2023-08-07T17:08:50.640+0000] {dag.py:3508} INFO - Setting next_dagrun for example_time_delta_sensor_async to None, run_after=None
[2023-08-07T17:08:50.661+0000] {processor.py:179} INFO - Processing /home/airflow/.local/lib/python3.7/site-packages/airflow/example_dags/example_time_delta_sensor_async.py took 0.075 seconds
[2023-08-07T17:09:21.119+0000] {processor.py:157} INFO - Started process (PID=134) to work on /home/airflow/.local/lib/python3.7/site-packages/airflow/example_dags/example_time_delta_sensor_async.py
[2023-08-07T17:09:21.119+0000] {processor.py:826} INFO - Processing file /home/airflow/.local/lib/python3.7/site-packages/airflow/example_dags/example_time_delta_sensor_async.py for tasks to queue
[2023-08-07T17:09:21.120+0000] {logging_mixin.py:150} INFO - [2023-08-07T17:09:21.120+0000] {dagbag.py:541} INFO - Filling up the DagBag from /home/airflow/.local/lib/python3.7/site-packages/airflow/example_dags/example_time_delta_sensor_async.py
[2023-08-07T17:09:21.122+0000] {processor.py:836} INFO - DAG(s) dict_keys(['example_time_delta_sensor_async']) retrieved from /home/airflow/.local/lib/python3.7/site-packages/airflow/example_dags/example_time_delta_sensor_async.py
[2023-08-07T17:09:21.142+0000] {logging_mixin.py:150} INFO - [2023-08-07T17:09:21.142+0000] {dag.py:2742} INFO - Sync 1 DAGs
[2023-08-07T17:09:21.165+0000] {logging_mixin.py:150} INFO - [2023-08-07T17:09:21.165+0000] {dag.py:3508} INFO - Setting next_dagrun for example_time_delta_sensor_async to None, run_after=None
[2023-08-07T17:09:21.184+0000] {processor.py:179} INFO - Processing /home/airflow/.local/lib/python3.7/site-packages/airflow/example_dags/example_time_delta_sensor_async.py took 0.068 seconds
[2023-08-07T17:09:51.927+0000] {processor.py:157} INFO - Started process (PID=196) to work on /home/airflow/.local/lib/python3.7/site-packages/airflow/example_dags/example_time_delta_sensor_async.py
[2023-08-07T17:09:51.928+0000] {processor.py:826} INFO - Processing file /home/airflow/.local/lib/python3.7/site-packages/airflow/example_dags/example_time_delta_sensor_async.py for tasks to queue
[2023-08-07T17:09:51.928+0000] {logging_mixin.py:150} INFO - [2023-08-07T17:09:51.928+0000] {dagbag.py:541} INFO - Filling up the DagBag from /home/airflow/.local/lib/python3.7/site-packages/airflow/example_dags/example_time_delta_sensor_async.py
[2023-08-07T17:09:51.931+0000] {processor.py:836} INFO - DAG(s) dict_keys(['example_time_delta_sensor_async']) retrieved from /home/airflow/.local/lib/python3.7/site-packages/airflow/example_dags/example_time_delta_sensor_async.py
[2023-08-07T17:09:51.951+0000] {logging_mixin.py:150} INFO - [2023-08-07T17:09:51.951+0000] {dag.py:2742} INFO - Sync 1 DAGs
[2023-08-07T17:09:51.974+0000] {logging_mixin.py:150} INFO - [2023-08-07T17:09:51.974+0000] {dag.py:3508} INFO - Setting next_dagrun for example_time_delta_sensor_async to None, run_after=None
[2023-08-07T17:09:51.992+0000] {processor.py:179} INFO - Processing /home/airflow/.local/lib/python3.7/site-packages/airflow/example_dags/example_time_delta_sensor_async.py took 0.067 seconds
[2023-08-07T17:10:22.249+0000] {processor.py:157} INFO - Started process (PID=258) to work on /home/airflow/.local/lib/python3.7/site-packages/airflow/example_dags/example_time_delta_sensor_async.py
[2023-08-07T17:10:22.250+0000] {processor.py:826} INFO - Processing file /home/airflow/.local/lib/python3.7/site-packages/airflow/example_dags/example_time_delta_sensor_async.py for tasks to queue
[2023-08-07T17:10:22.251+0000] {logging_mixin.py:150} INFO - [2023-08-07T17:10:22.251+0000] {dagbag.py:541} INFO - Filling up the DagBag from /home/airflow/.local/lib/python3.7/site-packages/airflow/example_dags/example_time_delta_sensor_async.py
[2023-08-07T17:10:22.257+0000] {processor.py:836} INFO - DAG(s) dict_keys(['example_time_delta_sensor_async']) retrieved from /home/airflow/.local/lib/python3.7/site-packages/airflow/example_dags/example_time_delta_sensor_async.py
[2023-08-07T17:10:22.279+0000] {logging_mixin.py:150} INFO - [2023-08-07T17:10:22.279+0000] {dag.py:2742} INFO - Sync 1 DAGs
[2023-08-07T17:10:22.309+0000] {logging_mixin.py:150} INFO - [2023-08-07T17:10:22.309+0000] {dag.py:3508} INFO - Setting next_dagrun for example_time_delta_sensor_async to None, run_after=None
[2023-08-07T17:10:22.331+0000] {processor.py:179} INFO - Processing /home/airflow/.local/lib/python3.7/site-packages/airflow/example_dags/example_time_delta_sensor_async.py took 0.087 seconds
[2023-08-07T17:10:52.604+0000] {processor.py:157} INFO - Started process (PID=320) to work on /home/airflow/.local/lib/python3.7/site-packages/airflow/example_dags/example_time_delta_sensor_async.py
[2023-08-07T17:10:52.605+0000] {processor.py:826} INFO - Processing file /home/airflow/.local/lib/python3.7/site-packages/airflow/example_dags/example_time_delta_sensor_async.py for tasks to queue
[2023-08-07T17:10:52.605+0000] {logging_mixin.py:150} INFO - [2023-08-07T17:10:52.605+0000] {dagbag.py:541} INFO - Filling up the DagBag from /home/airflow/.local/lib/python3.7/site-packages/airflow/example_dags/example_time_delta_sensor_async.py
[2023-08-07T17:10:52.608+0000] {processor.py:836} INFO - DAG(s) dict_keys(['example_time_delta_sensor_async']) retrieved from /home/airflow/.local/lib/python3.7/site-packages/airflow/example_dags/example_time_delta_sensor_async.py
[2023-08-07T17:10:52.628+0000] {logging_mixin.py:150} INFO - [2023-08-07T17:10:52.628+0000] {dag.py:2742} INFO - Sync 1 DAGs
[2023-08-07T17:10:52.651+0000] {logging_mixin.py:150} INFO - [2023-08-07T17:10:52.651+0000] {dag.py:3508} INFO - Setting next_dagrun for example_time_delta_sensor_async to None, run_after=None
[2023-08-07T17:10:52.666+0000] {processor.py:179} INFO - Processing /home/airflow/.local/lib/python3.7/site-packages/airflow/example_dags/example_time_delta_sensor_async.py took 0.064 seconds
[2023-08-07T17:11:23.458+0000] {processor.py:157} INFO - Started process (PID=382) to work on /home/airflow/.local/lib/python3.7/site-packages/airflow/example_dags/example_time_delta_sensor_async.py
[2023-08-07T17:11:23.459+0000] {processor.py:826} INFO - Processing file /home/airflow/.local/lib/python3.7/site-packages/airflow/example_dags/example_time_delta_sensor_async.py for tasks to queue
[2023-08-07T17:11:23.459+0000] {logging_mixin.py:150} INFO - [2023-08-07T17:11:23.459+0000] {dagbag.py:541} INFO - Filling up the DagBag from /home/airflow/.local/lib/python3.7/site-packages/airflow/example_dags/example_time_delta_sensor_async.py
[2023-08-07T17:11:23.462+0000] {processor.py:836} INFO - DAG(s) dict_keys(['example_time_delta_sensor_async']) retrieved from /home/airflow/.local/lib/python3.7/site-packages/airflow/example_dags/example_time_delta_sensor_async.py
[2023-08-07T17:11:23.479+0000] {logging_mixin.py:150} INFO - [2023-08-07T17:11:23.479+0000] {dag.py:2742} INFO - Sync 1 DAGs
[2023-08-07T17:11:23.500+0000] {logging_mixin.py:150} INFO - [2023-08-07T17:11:23.500+0000] {dag.py:3508} INFO - Setting next_dagrun for example_time_delta_sensor_async to None, run_after=None
[2023-08-07T17:11:23.523+0000] {processor.py:179} INFO - Processing /home/airflow/.local/lib/python3.7/site-packages/airflow/example_dags/example_time_delta_sensor_async.py took 0.067 seconds
[2023-08-07T17:11:54.130+0000] {processor.py:157} INFO - Started process (PID=444) to work on /home/airflow/.local/lib/python3.7/site-packages/airflow/example_dags/example_time_delta_sensor_async.py
[2023-08-07T17:11:54.132+0000] {processor.py:826} INFO - Processing file /home/airflow/.local/lib/python3.7/site-packages/airflow/example_dags/example_time_delta_sensor_async.py for tasks to queue
[2023-08-07T17:11:54.132+0000] {logging_mixin.py:150} INFO - [2023-08-07T17:11:54.132+0000] {dagbag.py:541} INFO - Filling up the DagBag from /home/airflow/.local/lib/python3.7/site-packages/airflow/example_dags/example_time_delta_sensor_async.py
[2023-08-07T17:11:54.139+0000] {processor.py:836} INFO - DAG(s) dict_keys(['example_time_delta_sensor_async']) retrieved from /home/airflow/.local/lib/python3.7/site-packages/airflow/example_dags/example_time_delta_sensor_async.py
[2023-08-07T17:11:54.171+0000] {logging_mixin.py:150} INFO - [2023-08-07T17:11:54.170+0000] {dag.py:2742} INFO - Sync 1 DAGs
[2023-08-07T17:11:54.197+0000] {logging_mixin.py:150} INFO - [2023-08-07T17:11:54.197+0000] {dag.py:3508} INFO - Setting next_dagrun for example_time_delta_sensor_async to None, run_after=None
[2023-08-07T17:11:54.214+0000] {processor.py:179} INFO - Processing /home/airflow/.local/lib/python3.7/site-packages/airflow/example_dags/example_time_delta_sensor_async.py took 0.088 seconds
[2023-08-07T17:12:24.946+0000] {processor.py:157} INFO - Started process (PID=506) to work on /home/airflow/.local/lib/python3.7/site-packages/airflow/example_dags/example_time_delta_sensor_async.py
[2023-08-07T17:12:24.947+0000] {processor.py:826} INFO - Processing file /home/airflow/.local/lib/python3.7/site-packages/airflow/example_dags/example_time_delta_sensor_async.py for tasks to queue
[2023-08-07T17:12:24.947+0000] {logging_mixin.py:150} INFO - [2023-08-07T17:12:24.947+0000] {dagbag.py:541} INFO - Filling up the DagBag from /home/airflow/.local/lib/python3.7/site-packages/airflow/example_dags/example_time_delta_sensor_async.py
[2023-08-07T17:12:24.950+0000] {processor.py:836} INFO - DAG(s) dict_keys(['example_time_delta_sensor_async']) retrieved from /home/airflow/.local/lib/python3.7/site-packages/airflow/example_dags/example_time_delta_sensor_async.py
[2023-08-07T17:12:24.971+0000] {logging_mixin.py:150} INFO - [2023-08-07T17:12:24.971+0000] {dag.py:2742} INFO - Sync 1 DAGs
[2023-08-07T17:12:24.995+0000] {logging_mixin.py:150} INFO - [2023-08-07T17:12:24.995+0000] {dag.py:3508} INFO - Setting next_dagrun for example_time_delta_sensor_async to None, run_after=None
[2023-08-07T17:12:25.014+0000] {processor.py:179} INFO - Processing /home/airflow/.local/lib/python3.7/site-packages/airflow/example_dags/example_time_delta_sensor_async.py took 0.071 seconds
[2023-08-07T17:12:55.938+0000] {processor.py:157} INFO - Started process (PID=568) to work on /home/airflow/.local/lib/python3.7/site-packages/airflow/example_dags/example_time_delta_sensor_async.py
[2023-08-07T17:12:55.939+0000] {processor.py:826} INFO - Processing file /home/airflow/.local/lib/python3.7/site-packages/airflow/example_dags/example_time_delta_sensor_async.py for tasks to queue
[2023-08-07T17:12:55.939+0000] {logging_mixin.py:150} INFO - [2023-08-07T17:12:55.939+0000] {dagbag.py:541} INFO - Filling up the DagBag from /home/airflow/.local/lib/python3.7/site-packages/airflow/example_dags/example_time_delta_sensor_async.py
[2023-08-07T17:12:55.942+0000] {processor.py:836} INFO - DAG(s) dict_keys(['example_time_delta_sensor_async']) retrieved from /home/airflow/.local/lib/python3.7/site-packages/airflow/example_dags/example_time_delta_sensor_async.py
[2023-08-07T17:12:55.961+0000] {logging_mixin.py:150} INFO - [2023-08-07T17:12:55.961+0000] {dag.py:2742} INFO - Sync 1 DAGs
[2023-08-07T17:12:55.983+0000] {logging_mixin.py:150} INFO - [2023-08-07T17:12:55.983+0000] {dag.py:3508} INFO - Setting next_dagrun for example_time_delta_sensor_async to None, run_after=None
[2023-08-07T17:12:55.999+0000] {processor.py:179} INFO - Processing /home/airflow/.local/lib/python3.7/site-packages/airflow/example_dags/example_time_delta_sensor_async.py took 0.063 seconds
[2023-08-07T17:13:26.062+0000] {processor.py:157} INFO - Started process (PID=630) to work on /home/airflow/.local/lib/python3.7/site-packages/airflow/example_dags/example_time_delta_sensor_async.py
[2023-08-07T17:13:26.062+0000] {processor.py:826} INFO - Processing file /home/airflow/.local/lib/python3.7/site-packages/airflow/example_dags/example_time_delta_sensor_async.py for tasks to queue
[2023-08-07T17:13:26.063+0000] {logging_mixin.py:150} INFO - [2023-08-07T17:13:26.063+0000] {dagbag.py:541} INFO - Filling up the DagBag from /home/airflow/.local/lib/python3.7/site-packages/airflow/example_dags/example_time_delta_sensor_async.py
[2023-08-07T17:13:26.066+0000] {processor.py:836} INFO - DAG(s) dict_keys(['example_time_delta_sensor_async']) retrieved from /home/airflow/.local/lib/python3.7/site-packages/airflow/example_dags/example_time_delta_sensor_async.py
[2023-08-07T17:13:26.084+0000] {logging_mixin.py:150} INFO - [2023-08-07T17:13:26.084+0000] {dag.py:2742} INFO - Sync 1 DAGs
[2023-08-07T17:13:26.106+0000] {logging_mixin.py:150} INFO - [2023-08-07T17:13:26.106+0000] {dag.py:3508} INFO - Setting next_dagrun for example_time_delta_sensor_async to None, run_after=None
[2023-08-07T17:13:26.122+0000] {processor.py:179} INFO - Processing /home/airflow/.local/lib/python3.7/site-packages/airflow/example_dags/example_time_delta_sensor_async.py took 0.063 seconds
[2023-08-07T17:13:56.829+0000] {processor.py:157} INFO - Started process (PID=692) to work on /home/airflow/.local/lib/python3.7/site-packages/airflow/example_dags/example_time_delta_sensor_async.py
[2023-08-07T17:13:56.829+0000] {processor.py:826} INFO - Processing file /home/airflow/.local/lib/python3.7/site-packages/airflow/example_dags/example_time_delta_sensor_async.py for tasks to queue
[2023-08-07T17:13:56.830+0000] {logging_mixin.py:150} INFO - [2023-08-07T17:13:56.830+0000] {dagbag.py:541} INFO - Filling up the DagBag from /home/airflow/.local/lib/python3.7/site-packages/airflow/example_dags/example_time_delta_sensor_async.py
[2023-08-07T17:13:56.833+0000] {processor.py:836} INFO - DAG(s) dict_keys(['example_time_delta_sensor_async']) retrieved from /home/airflow/.local/lib/python3.7/site-packages/airflow/example_dags/example_time_delta_sensor_async.py
[2023-08-07T17:13:56.854+0000] {logging_mixin.py:150} INFO - [2023-08-07T17:13:56.854+0000] {dag.py:2742} INFO - Sync 1 DAGs
[2023-08-07T17:13:56.877+0000] {logging_mixin.py:150} INFO - [2023-08-07T17:13:56.877+0000] {dag.py:3508} INFO - Setting next_dagrun for example_time_delta_sensor_async to None, run_after=None
[2023-08-07T17:13:56.893+0000] {processor.py:179} INFO - Processing /home/airflow/.local/lib/python3.7/site-packages/airflow/example_dags/example_time_delta_sensor_async.py took 0.067 seconds
[2023-08-07T17:14:27.668+0000] {processor.py:157} INFO - Started process (PID=754) to work on /home/airflow/.local/lib/python3.7/site-packages/airflow/example_dags/example_time_delta_sensor_async.py
[2023-08-07T17:14:27.669+0000] {processor.py:826} INFO - Processing file /home/airflow/.local/lib/python3.7/site-packages/airflow/example_dags/example_time_delta_sensor_async.py for tasks to queue
[2023-08-07T17:14:27.670+0000] {logging_mixin.py:150} INFO - [2023-08-07T17:14:27.670+0000] {dagbag.py:541} INFO - Filling up the DagBag from /home/airflow/.local/lib/python3.7/site-packages/airflow/example_dags/example_time_delta_sensor_async.py
[2023-08-07T17:14:27.676+0000] {processor.py:836} INFO - DAG(s) dict_keys(['example_time_delta_sensor_async']) retrieved from /home/airflow/.local/lib/python3.7/site-packages/airflow/example_dags/example_time_delta_sensor_async.py
[2023-08-07T17:14:27.702+0000] {logging_mixin.py:150} INFO - [2023-08-07T17:14:27.701+0000] {dag.py:2742} INFO - Sync 1 DAGs
[2023-08-07T17:14:27.725+0000] {logging_mixin.py:150} INFO - [2023-08-07T17:14:27.725+0000] {dag.py:3508} INFO - Setting next_dagrun for example_time_delta_sensor_async to None, run_after=None
[2023-08-07T17:14:27.742+0000] {processor.py:179} INFO - Processing /home/airflow/.local/lib/python3.7/site-packages/airflow/example_dags/example_time_delta_sensor_async.py took 0.078 seconds
[2023-08-07T17:14:58.235+0000] {processor.py:157} INFO - Started process (PID=816) to work on /home/airflow/.local/lib/python3.7/site-packages/airflow/example_dags/example_time_delta_sensor_async.py
[2023-08-07T17:14:58.236+0000] {processor.py:826} INFO - Processing file /home/airflow/.local/lib/python3.7/site-packages/airflow/example_dags/example_time_delta_sensor_async.py for tasks to queue
[2023-08-07T17:14:58.236+0000] {logging_mixin.py:150} INFO - [2023-08-07T17:14:58.236+0000] {dagbag.py:541} INFO - Filling up the DagBag from /home/airflow/.local/lib/python3.7/site-packages/airflow/example_dags/example_time_delta_sensor_async.py
[2023-08-07T17:14:58.239+0000] {processor.py:836} INFO - DAG(s) dict_keys(['example_time_delta_sensor_async']) retrieved from /home/airflow/.local/lib/python3.7/site-packages/airflow/example_dags/example_time_delta_sensor_async.py
[2023-08-07T17:14:58.256+0000] {logging_mixin.py:150} INFO - [2023-08-07T17:14:58.256+0000] {dag.py:2742} INFO - Sync 1 DAGs
[2023-08-07T17:14:58.279+0000] {logging_mixin.py:150} INFO - [2023-08-07T17:14:58.279+0000] {dag.py:3508} INFO - Setting next_dagrun for example_time_delta_sensor_async to None, run_after=None
[2023-08-07T17:14:58.294+0000] {processor.py:179} INFO - Processing /home/airflow/.local/lib/python3.7/site-packages/airflow/example_dags/example_time_delta_sensor_async.py took 0.062 seconds
[2023-08-07T17:15:29.265+0000] {processor.py:157} INFO - Started process (PID=878) to work on /home/airflow/.local/lib/python3.7/site-packages/airflow/example_dags/example_time_delta_sensor_async.py
[2023-08-07T17:15:29.267+0000] {processor.py:826} INFO - Processing file /home/airflow/.local/lib/python3.7/site-packages/airflow/example_dags/example_time_delta_sensor_async.py for tasks to queue
[2023-08-07T17:15:29.268+0000] {logging_mixin.py:150} INFO - [2023-08-07T17:15:29.267+0000] {dagbag.py:541} INFO - Filling up the DagBag from /home/airflow/.local/lib/python3.7/site-packages/airflow/example_dags/example_time_delta_sensor_async.py
[2023-08-07T17:15:29.274+0000] {processor.py:836} INFO - DAG(s) dict_keys(['example_time_delta_sensor_async']) retrieved from /home/airflow/.local/lib/python3.7/site-packages/airflow/example_dags/example_time_delta_sensor_async.py
[2023-08-07T17:15:29.297+0000] {logging_mixin.py:150} INFO - [2023-08-07T17:15:29.297+0000] {dag.py:2742} INFO - Sync 1 DAGs
[2023-08-07T17:15:29.321+0000] {logging_mixin.py:150} INFO - [2023-08-07T17:15:29.321+0000] {dag.py:3508} INFO - Setting next_dagrun for example_time_delta_sensor_async to None, run_after=None
[2023-08-07T17:15:29.339+0000] {processor.py:179} INFO - Processing /home/airflow/.local/lib/python3.7/site-packages/airflow/example_dags/example_time_delta_sensor_async.py took 0.078 seconds
[2023-08-07T17:15:59.450+0000] {processor.py:157} INFO - Started process (PID=940) to work on /home/airflow/.local/lib/python3.7/site-packages/airflow/example_dags/example_time_delta_sensor_async.py
[2023-08-07T17:15:59.450+0000] {processor.py:826} INFO - Processing file /home/airflow/.local/lib/python3.7/site-packages/airflow/example_dags/example_time_delta_sensor_async.py for tasks to queue
[2023-08-07T17:15:59.451+0000] {logging_mixin.py:150} INFO - [2023-08-07T17:15:59.451+0000] {dagbag.py:541} INFO - Filling up the DagBag from /home/airflow/.local/lib/python3.7/site-packages/airflow/example_dags/example_time_delta_sensor_async.py
[2023-08-07T17:15:59.457+0000] {processor.py:836} INFO - DAG(s) dict_keys(['example_time_delta_sensor_async']) retrieved from /home/airflow/.local/lib/python3.7/site-packages/airflow/example_dags/example_time_delta_sensor_async.py
[2023-08-07T17:15:59.495+0000] {logging_mixin.py:150} INFO - [2023-08-07T17:15:59.495+0000] {dag.py:2742} INFO - Sync 1 DAGs
[2023-08-07T17:15:59.526+0000] {logging_mixin.py:150} INFO - [2023-08-07T17:15:59.526+0000] {dag.py:3508} INFO - Setting next_dagrun for example_time_delta_sensor_async to None, run_after=None
[2023-08-07T17:15:59.543+0000] {processor.py:179} INFO - Processing /home/airflow/.local/lib/python3.7/site-packages/airflow/example_dags/example_time_delta_sensor_async.py took 0.098 seconds
[2023-08-07T17:16:30.003+0000] {processor.py:157} INFO - Started process (PID=1002) to work on /home/airflow/.local/lib/python3.7/site-packages/airflow/example_dags/example_time_delta_sensor_async.py
[2023-08-07T17:16:30.004+0000] {processor.py:826} INFO - Processing file /home/airflow/.local/lib/python3.7/site-packages/airflow/example_dags/example_time_delta_sensor_async.py for tasks to queue
[2023-08-07T17:16:30.005+0000] {logging_mixin.py:150} INFO - [2023-08-07T17:16:30.005+0000] {dagbag.py:541} INFO - Filling up the DagBag from /home/airflow/.local/lib/python3.7/site-packages/airflow/example_dags/example_time_delta_sensor_async.py
[2023-08-07T17:16:30.012+0000] {processor.py:836} INFO - DAG(s) dict_keys(['example_time_delta_sensor_async']) retrieved from /home/airflow/.local/lib/python3.7/site-packages/airflow/example_dags/example_time_delta_sensor_async.py
[2023-08-07T17:16:30.045+0000] {logging_mixin.py:150} INFO - [2023-08-07T17:16:30.045+0000] {dag.py:2742} INFO - Sync 1 DAGs
[2023-08-07T17:16:30.072+0000] {logging_mixin.py:150} INFO - [2023-08-07T17:16:30.071+0000] {dag.py:3508} INFO - Setting next_dagrun for example_time_delta_sensor_async to None, run_after=None
[2023-08-07T17:16:30.088+0000] {processor.py:179} INFO - Processing /home/airflow/.local/lib/python3.7/site-packages/airflow/example_dags/example_time_delta_sensor_async.py took 0.089 seconds
[2023-08-07T17:41:16.856+0000] {processor.py:157} INFO - Started process (PID=71) to work on /home/airflow/.local/lib/python3.7/site-packages/airflow/example_dags/example_time_delta_sensor_async.py
[2023-08-07T17:41:16.856+0000] {processor.py:826} INFO - Processing file /home/airflow/.local/lib/python3.7/site-packages/airflow/example_dags/example_time_delta_sensor_async.py for tasks to queue
[2023-08-07T17:41:16.857+0000] {logging_mixin.py:150} INFO - [2023-08-07T17:41:16.857+0000] {dagbag.py:541} INFO - Filling up the DagBag from /home/airflow/.local/lib/python3.7/site-packages/airflow/example_dags/example_time_delta_sensor_async.py
[2023-08-07T17:41:16.862+0000] {processor.py:836} INFO - DAG(s) dict_keys(['example_time_delta_sensor_async']) retrieved from /home/airflow/.local/lib/python3.7/site-packages/airflow/example_dags/example_time_delta_sensor_async.py
[2023-08-07T17:41:16.875+0000] {logging_mixin.py:150} INFO - [2023-08-07T17:41:16.875+0000] {dag.py:2742} INFO - Sync 1 DAGs
[2023-08-07T17:41:16.905+0000] {logging_mixin.py:150} INFO - [2023-08-07T17:41:16.905+0000] {dag.py:3508} INFO - Setting next_dagrun for example_time_delta_sensor_async to None, run_after=None
[2023-08-07T17:41:16.925+0000] {processor.py:179} INFO - Processing /home/airflow/.local/lib/python3.7/site-packages/airflow/example_dags/example_time_delta_sensor_async.py took 0.072 seconds
[2023-08-07T17:41:47.499+0000] {processor.py:157} INFO - Started process (PID=133) to work on /home/airflow/.local/lib/python3.7/site-packages/airflow/example_dags/example_time_delta_sensor_async.py
[2023-08-07T17:41:47.499+0000] {processor.py:826} INFO - Processing file /home/airflow/.local/lib/python3.7/site-packages/airflow/example_dags/example_time_delta_sensor_async.py for tasks to queue
[2023-08-07T17:41:47.500+0000] {logging_mixin.py:150} INFO - [2023-08-07T17:41:47.500+0000] {dagbag.py:541} INFO - Filling up the DagBag from /home/airflow/.local/lib/python3.7/site-packages/airflow/example_dags/example_time_delta_sensor_async.py
[2023-08-07T17:41:47.503+0000] {processor.py:836} INFO - DAG(s) dict_keys(['example_time_delta_sensor_async']) retrieved from /home/airflow/.local/lib/python3.7/site-packages/airflow/example_dags/example_time_delta_sensor_async.py
[2023-08-07T17:41:47.524+0000] {logging_mixin.py:150} INFO - [2023-08-07T17:41:47.523+0000] {dag.py:2742} INFO - Sync 1 DAGs
[2023-08-07T17:41:47.570+0000] {logging_mixin.py:150} INFO - [2023-08-07T17:41:47.570+0000] {dag.py:3508} INFO - Setting next_dagrun for example_time_delta_sensor_async to None, run_after=None
[2023-08-07T17:41:47.587+0000] {processor.py:179} INFO - Processing /home/airflow/.local/lib/python3.7/site-packages/airflow/example_dags/example_time_delta_sensor_async.py took 0.090 seconds
[2023-08-07T17:42:18.307+0000] {processor.py:157} INFO - Started process (PID=195) to work on /home/airflow/.local/lib/python3.7/site-packages/airflow/example_dags/example_time_delta_sensor_async.py
[2023-08-07T17:42:18.308+0000] {processor.py:826} INFO - Processing file /home/airflow/.local/lib/python3.7/site-packages/airflow/example_dags/example_time_delta_sensor_async.py for tasks to queue
[2023-08-07T17:42:18.310+0000] {logging_mixin.py:150} INFO - [2023-08-07T17:42:18.309+0000] {dagbag.py:541} INFO - Filling up the DagBag from /home/airflow/.local/lib/python3.7/site-packages/airflow/example_dags/example_time_delta_sensor_async.py
[2023-08-07T17:42:18.316+0000] {processor.py:836} INFO - DAG(s) dict_keys(['example_time_delta_sensor_async']) retrieved from /home/airflow/.local/lib/python3.7/site-packages/airflow/example_dags/example_time_delta_sensor_async.py
[2023-08-07T17:42:18.338+0000] {logging_mixin.py:150} INFO - [2023-08-07T17:42:18.337+0000] {dag.py:2742} INFO - Sync 1 DAGs
[2023-08-07T17:42:18.360+0000] {logging_mixin.py:150} INFO - [2023-08-07T17:42:18.360+0000] {dag.py:3508} INFO - Setting next_dagrun for example_time_delta_sensor_async to None, run_after=None
[2023-08-07T17:42:18.378+0000] {processor.py:179} INFO - Processing /home/airflow/.local/lib/python3.7/site-packages/airflow/example_dags/example_time_delta_sensor_async.py took 0.075 seconds
[2023-08-07T17:42:49.304+0000] {processor.py:157} INFO - Started process (PID=257) to work on /home/airflow/.local/lib/python3.7/site-packages/airflow/example_dags/example_time_delta_sensor_async.py
[2023-08-07T17:42:49.305+0000] {processor.py:826} INFO - Processing file /home/airflow/.local/lib/python3.7/site-packages/airflow/example_dags/example_time_delta_sensor_async.py for tasks to queue
[2023-08-07T17:42:49.305+0000] {logging_mixin.py:150} INFO - [2023-08-07T17:42:49.305+0000] {dagbag.py:541} INFO - Filling up the DagBag from /home/airflow/.local/lib/python3.7/site-packages/airflow/example_dags/example_time_delta_sensor_async.py
[2023-08-07T17:42:49.309+0000] {processor.py:836} INFO - DAG(s) dict_keys(['example_time_delta_sensor_async']) retrieved from /home/airflow/.local/lib/python3.7/site-packages/airflow/example_dags/example_time_delta_sensor_async.py
[2023-08-07T17:42:49.329+0000] {logging_mixin.py:150} INFO - [2023-08-07T17:42:49.329+0000] {dag.py:2742} INFO - Sync 1 DAGs
[2023-08-07T17:42:49.351+0000] {logging_mixin.py:150} INFO - [2023-08-07T17:42:49.351+0000] {dag.py:3508} INFO - Setting next_dagrun for example_time_delta_sensor_async to None, run_after=None
[2023-08-07T17:42:49.369+0000] {processor.py:179} INFO - Processing /home/airflow/.local/lib/python3.7/site-packages/airflow/example_dags/example_time_delta_sensor_async.py took 0.067 seconds
[2023-08-07T17:43:20.438+0000] {processor.py:157} INFO - Started process (PID=320) to work on /home/airflow/.local/lib/python3.7/site-packages/airflow/example_dags/example_time_delta_sensor_async.py
[2023-08-07T17:43:20.439+0000] {processor.py:826} INFO - Processing file /home/airflow/.local/lib/python3.7/site-packages/airflow/example_dags/example_time_delta_sensor_async.py for tasks to queue
[2023-08-07T17:43:20.440+0000] {logging_mixin.py:150} INFO - [2023-08-07T17:43:20.440+0000] {dagbag.py:541} INFO - Filling up the DagBag from /home/airflow/.local/lib/python3.7/site-packages/airflow/example_dags/example_time_delta_sensor_async.py
[2023-08-07T17:43:20.446+0000] {processor.py:836} INFO - DAG(s) dict_keys(['example_time_delta_sensor_async']) retrieved from /home/airflow/.local/lib/python3.7/site-packages/airflow/example_dags/example_time_delta_sensor_async.py
[2023-08-07T17:43:20.469+0000] {logging_mixin.py:150} INFO - [2023-08-07T17:43:20.468+0000] {dag.py:2742} INFO - Sync 1 DAGs
[2023-08-07T17:43:20.494+0000] {logging_mixin.py:150} INFO - [2023-08-07T17:43:20.493+0000] {dag.py:3508} INFO - Setting next_dagrun for example_time_delta_sensor_async to None, run_after=None
[2023-08-07T17:43:20.511+0000] {processor.py:179} INFO - Processing /home/airflow/.local/lib/python3.7/site-packages/airflow/example_dags/example_time_delta_sensor_async.py took 0.078 seconds
[2023-08-07T18:11:03.324+0000] {processor.py:157} INFO - Started process (PID=72) to work on /home/airflow/.local/lib/python3.7/site-packages/airflow/example_dags/example_time_delta_sensor_async.py
[2023-08-07T18:11:03.325+0000] {processor.py:826} INFO - Processing file /home/airflow/.local/lib/python3.7/site-packages/airflow/example_dags/example_time_delta_sensor_async.py for tasks to queue
[2023-08-07T18:11:03.326+0000] {logging_mixin.py:150} INFO - [2023-08-07T18:11:03.325+0000] {dagbag.py:541} INFO - Filling up the DagBag from /home/airflow/.local/lib/python3.7/site-packages/airflow/example_dags/example_time_delta_sensor_async.py
[2023-08-07T18:11:03.330+0000] {processor.py:836} INFO - DAG(s) dict_keys(['example_time_delta_sensor_async']) retrieved from /home/airflow/.local/lib/python3.7/site-packages/airflow/example_dags/example_time_delta_sensor_async.py
[2023-08-07T18:11:03.342+0000] {logging_mixin.py:150} INFO - [2023-08-07T18:11:03.341+0000] {dag.py:2742} INFO - Sync 1 DAGs
[2023-08-07T18:11:03.372+0000] {logging_mixin.py:150} INFO - [2023-08-07T18:11:03.371+0000] {dag.py:3508} INFO - Setting next_dagrun for example_time_delta_sensor_async to None, run_after=None
[2023-08-07T18:11:03.397+0000] {processor.py:179} INFO - Processing /home/airflow/.local/lib/python3.7/site-packages/airflow/example_dags/example_time_delta_sensor_async.py took 0.078 seconds
