[2023-08-07T17:08:47.786+0000] {processor.py:157} INFO - Started process (PID=41) to work on /home/airflow/.local/lib/python3.7/site-packages/airflow/example_dags/example_nested_branch_dag.py
[2023-08-07T17:08:47.786+0000] {processor.py:826} INFO - Processing file /home/airflow/.local/lib/python3.7/site-packages/airflow/example_dags/example_nested_branch_dag.py for tasks to queue
[2023-08-07T17:08:47.787+0000] {logging_mixin.py:150} INFO - [2023-08-07T17:08:47.787+0000] {dagbag.py:541} INFO - Filling up the DagBag from /home/airflow/.local/lib/python3.7/site-packages/airflow/example_dags/example_nested_branch_dag.py
[2023-08-07T17:08:47.810+0000] {processor.py:836} INFO - DAG(s) dict_keys(['example_nested_branch_dag']) retrieved from /home/airflow/.local/lib/python3.7/site-packages/airflow/example_dags/example_nested_branch_dag.py
[2023-08-07T17:08:47.821+0000] {logging_mixin.py:150} INFO - [2023-08-07T17:08:47.820+0000] {dag.py:2742} INFO - Sync 1 DAGs
[2023-08-07T17:08:47.853+0000] {logging_mixin.py:150} INFO - [2023-08-07T17:08:47.853+0000] {dag.py:3508} INFO - Setting next_dagrun for example_nested_branch_dag to 2023-08-06T00:00:00+00:00, run_after=2023-08-07T00:00:00+00:00
[2023-08-07T17:08:47.879+0000] {processor.py:179} INFO - Processing /home/airflow/.local/lib/python3.7/site-packages/airflow/example_dags/example_nested_branch_dag.py took 0.097 seconds
[2023-08-07T17:09:18.448+0000] {processor.py:157} INFO - Started process (PID=103) to work on /home/airflow/.local/lib/python3.7/site-packages/airflow/example_dags/example_nested_branch_dag.py
[2023-08-07T17:09:18.449+0000] {processor.py:826} INFO - Processing file /home/airflow/.local/lib/python3.7/site-packages/airflow/example_dags/example_nested_branch_dag.py for tasks to queue
[2023-08-07T17:09:18.449+0000] {logging_mixin.py:150} INFO - [2023-08-07T17:09:18.449+0000] {dagbag.py:541} INFO - Filling up the DagBag from /home/airflow/.local/lib/python3.7/site-packages/airflow/example_dags/example_nested_branch_dag.py
[2023-08-07T17:09:18.456+0000] {processor.py:836} INFO - DAG(s) dict_keys(['example_nested_branch_dag']) retrieved from /home/airflow/.local/lib/python3.7/site-packages/airflow/example_dags/example_nested_branch_dag.py
[2023-08-07T17:09:18.477+0000] {logging_mixin.py:150} INFO - [2023-08-07T17:09:18.477+0000] {dag.py:2742} INFO - Sync 1 DAGs
[2023-08-07T17:09:18.500+0000] {logging_mixin.py:150} INFO - [2023-08-07T17:09:18.500+0000] {dag.py:3508} INFO - Setting next_dagrun for example_nested_branch_dag to 2023-08-06T00:00:00+00:00, run_after=2023-08-07T00:00:00+00:00
[2023-08-07T17:09:18.517+0000] {processor.py:179} INFO - Processing /home/airflow/.local/lib/python3.7/site-packages/airflow/example_dags/example_nested_branch_dag.py took 0.071 seconds
[2023-08-07T17:09:48.987+0000] {processor.py:157} INFO - Started process (PID=165) to work on /home/airflow/.local/lib/python3.7/site-packages/airflow/example_dags/example_nested_branch_dag.py
[2023-08-07T17:09:48.988+0000] {processor.py:826} INFO - Processing file /home/airflow/.local/lib/python3.7/site-packages/airflow/example_dags/example_nested_branch_dag.py for tasks to queue
[2023-08-07T17:09:48.988+0000] {logging_mixin.py:150} INFO - [2023-08-07T17:09:48.988+0000] {dagbag.py:541} INFO - Filling up the DagBag from /home/airflow/.local/lib/python3.7/site-packages/airflow/example_dags/example_nested_branch_dag.py
[2023-08-07T17:09:48.995+0000] {processor.py:836} INFO - DAG(s) dict_keys(['example_nested_branch_dag']) retrieved from /home/airflow/.local/lib/python3.7/site-packages/airflow/example_dags/example_nested_branch_dag.py
[2023-08-07T17:09:49.028+0000] {logging_mixin.py:150} INFO - [2023-08-07T17:09:49.028+0000] {dag.py:2742} INFO - Sync 1 DAGs
[2023-08-07T17:09:49.059+0000] {logging_mixin.py:150} INFO - [2023-08-07T17:09:49.059+0000] {dag.py:3508} INFO - Setting next_dagrun for example_nested_branch_dag to 2023-08-06T00:00:00+00:00, run_after=2023-08-07T00:00:00+00:00
[2023-08-07T17:09:49.078+0000] {processor.py:179} INFO - Processing /home/airflow/.local/lib/python3.7/site-packages/airflow/example_dags/example_nested_branch_dag.py took 0.092 seconds
[2023-08-07T17:10:19.320+0000] {processor.py:157} INFO - Started process (PID=227) to work on /home/airflow/.local/lib/python3.7/site-packages/airflow/example_dags/example_nested_branch_dag.py
[2023-08-07T17:10:19.321+0000] {processor.py:826} INFO - Processing file /home/airflow/.local/lib/python3.7/site-packages/airflow/example_dags/example_nested_branch_dag.py for tasks to queue
[2023-08-07T17:10:19.321+0000] {logging_mixin.py:150} INFO - [2023-08-07T17:10:19.321+0000] {dagbag.py:541} INFO - Filling up the DagBag from /home/airflow/.local/lib/python3.7/site-packages/airflow/example_dags/example_nested_branch_dag.py
[2023-08-07T17:10:19.328+0000] {processor.py:836} INFO - DAG(s) dict_keys(['example_nested_branch_dag']) retrieved from /home/airflow/.local/lib/python3.7/site-packages/airflow/example_dags/example_nested_branch_dag.py
[2023-08-07T17:10:19.347+0000] {logging_mixin.py:150} INFO - [2023-08-07T17:10:19.347+0000] {dag.py:2742} INFO - Sync 1 DAGs
[2023-08-07T17:10:19.371+0000] {logging_mixin.py:150} INFO - [2023-08-07T17:10:19.371+0000] {dag.py:3508} INFO - Setting next_dagrun for example_nested_branch_dag to 2023-08-06T00:00:00+00:00, run_after=2023-08-07T00:00:00+00:00
[2023-08-07T17:10:19.388+0000] {processor.py:179} INFO - Processing /home/airflow/.local/lib/python3.7/site-packages/airflow/example_dags/example_nested_branch_dag.py took 0.070 seconds
[2023-08-07T17:10:49.674+0000] {processor.py:157} INFO - Started process (PID=289) to work on /home/airflow/.local/lib/python3.7/site-packages/airflow/example_dags/example_nested_branch_dag.py
[2023-08-07T17:10:49.675+0000] {processor.py:826} INFO - Processing file /home/airflow/.local/lib/python3.7/site-packages/airflow/example_dags/example_nested_branch_dag.py for tasks to queue
[2023-08-07T17:10:49.676+0000] {logging_mixin.py:150} INFO - [2023-08-07T17:10:49.676+0000] {dagbag.py:541} INFO - Filling up the DagBag from /home/airflow/.local/lib/python3.7/site-packages/airflow/example_dags/example_nested_branch_dag.py
[2023-08-07T17:10:49.691+0000] {processor.py:836} INFO - DAG(s) dict_keys(['example_nested_branch_dag']) retrieved from /home/airflow/.local/lib/python3.7/site-packages/airflow/example_dags/example_nested_branch_dag.py
[2023-08-07T17:10:49.715+0000] {logging_mixin.py:150} INFO - [2023-08-07T17:10:49.714+0000] {dag.py:2742} INFO - Sync 1 DAGs
[2023-08-07T17:10:49.741+0000] {logging_mixin.py:150} INFO - [2023-08-07T17:10:49.740+0000] {dag.py:3508} INFO - Setting next_dagrun for example_nested_branch_dag to 2023-08-06T00:00:00+00:00, run_after=2023-08-07T00:00:00+00:00
[2023-08-07T17:10:49.757+0000] {processor.py:179} INFO - Processing /home/airflow/.local/lib/python3.7/site-packages/airflow/example_dags/example_nested_branch_dag.py took 0.087 seconds
[2023-08-07T17:11:20.771+0000] {processor.py:157} INFO - Started process (PID=351) to work on /home/airflow/.local/lib/python3.7/site-packages/airflow/example_dags/example_nested_branch_dag.py
[2023-08-07T17:11:20.771+0000] {processor.py:826} INFO - Processing file /home/airflow/.local/lib/python3.7/site-packages/airflow/example_dags/example_nested_branch_dag.py for tasks to queue
[2023-08-07T17:11:20.772+0000] {logging_mixin.py:150} INFO - [2023-08-07T17:11:20.772+0000] {dagbag.py:541} INFO - Filling up the DagBag from /home/airflow/.local/lib/python3.7/site-packages/airflow/example_dags/example_nested_branch_dag.py
[2023-08-07T17:11:20.779+0000] {processor.py:836} INFO - DAG(s) dict_keys(['example_nested_branch_dag']) retrieved from /home/airflow/.local/lib/python3.7/site-packages/airflow/example_dags/example_nested_branch_dag.py
[2023-08-07T17:11:20.813+0000] {logging_mixin.py:150} INFO - [2023-08-07T17:11:20.813+0000] {dag.py:2742} INFO - Sync 1 DAGs
[2023-08-07T17:11:20.841+0000] {logging_mixin.py:150} INFO - [2023-08-07T17:11:20.841+0000] {dag.py:3508} INFO - Setting next_dagrun for example_nested_branch_dag to 2023-08-06T00:00:00+00:00, run_after=2023-08-07T00:00:00+00:00
[2023-08-07T17:11:20.859+0000] {processor.py:179} INFO - Processing /home/airflow/.local/lib/python3.7/site-packages/airflow/example_dags/example_nested_branch_dag.py took 0.090 seconds
[2023-08-07T17:11:51.354+0000] {processor.py:157} INFO - Started process (PID=413) to work on /home/airflow/.local/lib/python3.7/site-packages/airflow/example_dags/example_nested_branch_dag.py
[2023-08-07T17:11:51.355+0000] {processor.py:826} INFO - Processing file /home/airflow/.local/lib/python3.7/site-packages/airflow/example_dags/example_nested_branch_dag.py for tasks to queue
[2023-08-07T17:11:51.356+0000] {logging_mixin.py:150} INFO - [2023-08-07T17:11:51.356+0000] {dagbag.py:541} INFO - Filling up the DagBag from /home/airflow/.local/lib/python3.7/site-packages/airflow/example_dags/example_nested_branch_dag.py
[2023-08-07T17:11:51.373+0000] {processor.py:836} INFO - DAG(s) dict_keys(['example_nested_branch_dag']) retrieved from /home/airflow/.local/lib/python3.7/site-packages/airflow/example_dags/example_nested_branch_dag.py
[2023-08-07T17:11:51.394+0000] {logging_mixin.py:150} INFO - [2023-08-07T17:11:51.394+0000] {dag.py:2742} INFO - Sync 1 DAGs
[2023-08-07T17:11:51.417+0000] {logging_mixin.py:150} INFO - [2023-08-07T17:11:51.417+0000] {dag.py:3508} INFO - Setting next_dagrun for example_nested_branch_dag to 2023-08-06T00:00:00+00:00, run_after=2023-08-07T00:00:00+00:00
[2023-08-07T17:11:51.434+0000] {processor.py:179} INFO - Processing /home/airflow/.local/lib/python3.7/site-packages/airflow/example_dags/example_nested_branch_dag.py took 0.085 seconds
[2023-08-07T17:12:22.025+0000] {processor.py:157} INFO - Started process (PID=475) to work on /home/airflow/.local/lib/python3.7/site-packages/airflow/example_dags/example_nested_branch_dag.py
[2023-08-07T17:12:22.026+0000] {processor.py:826} INFO - Processing file /home/airflow/.local/lib/python3.7/site-packages/airflow/example_dags/example_nested_branch_dag.py for tasks to queue
[2023-08-07T17:12:22.027+0000] {logging_mixin.py:150} INFO - [2023-08-07T17:12:22.027+0000] {dagbag.py:541} INFO - Filling up the DagBag from /home/airflow/.local/lib/python3.7/site-packages/airflow/example_dags/example_nested_branch_dag.py
[2023-08-07T17:12:22.040+0000] {processor.py:836} INFO - DAG(s) dict_keys(['example_nested_branch_dag']) retrieved from /home/airflow/.local/lib/python3.7/site-packages/airflow/example_dags/example_nested_branch_dag.py
[2023-08-07T17:12:22.063+0000] {logging_mixin.py:150} INFO - [2023-08-07T17:12:22.062+0000] {dag.py:2742} INFO - Sync 1 DAGs
[2023-08-07T17:12:22.086+0000] {logging_mixin.py:150} INFO - [2023-08-07T17:12:22.086+0000] {dag.py:3508} INFO - Setting next_dagrun for example_nested_branch_dag to 2023-08-06T00:00:00+00:00, run_after=2023-08-07T00:00:00+00:00
[2023-08-07T17:12:22.103+0000] {processor.py:179} INFO - Processing /home/airflow/.local/lib/python3.7/site-packages/airflow/example_dags/example_nested_branch_dag.py took 0.081 seconds
[2023-08-07T17:12:52.946+0000] {processor.py:157} INFO - Started process (PID=537) to work on /home/airflow/.local/lib/python3.7/site-packages/airflow/example_dags/example_nested_branch_dag.py
[2023-08-07T17:12:52.947+0000] {processor.py:826} INFO - Processing file /home/airflow/.local/lib/python3.7/site-packages/airflow/example_dags/example_nested_branch_dag.py for tasks to queue
[2023-08-07T17:12:52.948+0000] {logging_mixin.py:150} INFO - [2023-08-07T17:12:52.948+0000] {dagbag.py:541} INFO - Filling up the DagBag from /home/airflow/.local/lib/python3.7/site-packages/airflow/example_dags/example_nested_branch_dag.py
[2023-08-07T17:12:52.961+0000] {processor.py:836} INFO - DAG(s) dict_keys(['example_nested_branch_dag']) retrieved from /home/airflow/.local/lib/python3.7/site-packages/airflow/example_dags/example_nested_branch_dag.py
[2023-08-07T17:12:52.982+0000] {logging_mixin.py:150} INFO - [2023-08-07T17:12:52.982+0000] {dag.py:2742} INFO - Sync 1 DAGs
[2023-08-07T17:12:53.005+0000] {logging_mixin.py:150} INFO - [2023-08-07T17:12:53.005+0000] {dag.py:3508} INFO - Setting next_dagrun for example_nested_branch_dag to 2023-08-06T00:00:00+00:00, run_after=2023-08-07T00:00:00+00:00
[2023-08-07T17:12:53.024+0000] {processor.py:179} INFO - Processing /home/airflow/.local/lib/python3.7/site-packages/airflow/example_dags/example_nested_branch_dag.py took 0.082 seconds
[2023-08-07T17:13:23.147+0000] {processor.py:157} INFO - Started process (PID=599) to work on /home/airflow/.local/lib/python3.7/site-packages/airflow/example_dags/example_nested_branch_dag.py
[2023-08-07T17:13:23.147+0000] {processor.py:826} INFO - Processing file /home/airflow/.local/lib/python3.7/site-packages/airflow/example_dags/example_nested_branch_dag.py for tasks to queue
[2023-08-07T17:13:23.148+0000] {logging_mixin.py:150} INFO - [2023-08-07T17:13:23.148+0000] {dagbag.py:541} INFO - Filling up the DagBag from /home/airflow/.local/lib/python3.7/site-packages/airflow/example_dags/example_nested_branch_dag.py
[2023-08-07T17:13:23.162+0000] {processor.py:836} INFO - DAG(s) dict_keys(['example_nested_branch_dag']) retrieved from /home/airflow/.local/lib/python3.7/site-packages/airflow/example_dags/example_nested_branch_dag.py
[2023-08-07T17:13:23.182+0000] {logging_mixin.py:150} INFO - [2023-08-07T17:13:23.182+0000] {dag.py:2742} INFO - Sync 1 DAGs
[2023-08-07T17:13:23.209+0000] {logging_mixin.py:150} INFO - [2023-08-07T17:13:23.208+0000] {dag.py:3508} INFO - Setting next_dagrun for example_nested_branch_dag to 2023-08-06T00:00:00+00:00, run_after=2023-08-07T00:00:00+00:00
[2023-08-07T17:13:23.226+0000] {processor.py:179} INFO - Processing /home/airflow/.local/lib/python3.7/site-packages/airflow/example_dags/example_nested_branch_dag.py took 0.084 seconds
[2023-08-07T17:13:54.010+0000] {processor.py:157} INFO - Started process (PID=661) to work on /home/airflow/.local/lib/python3.7/site-packages/airflow/example_dags/example_nested_branch_dag.py
[2023-08-07T17:13:54.011+0000] {processor.py:826} INFO - Processing file /home/airflow/.local/lib/python3.7/site-packages/airflow/example_dags/example_nested_branch_dag.py for tasks to queue
[2023-08-07T17:13:54.012+0000] {logging_mixin.py:150} INFO - [2023-08-07T17:13:54.012+0000] {dagbag.py:541} INFO - Filling up the DagBag from /home/airflow/.local/lib/python3.7/site-packages/airflow/example_dags/example_nested_branch_dag.py
[2023-08-07T17:13:54.025+0000] {processor.py:836} INFO - DAG(s) dict_keys(['example_nested_branch_dag']) retrieved from /home/airflow/.local/lib/python3.7/site-packages/airflow/example_dags/example_nested_branch_dag.py
[2023-08-07T17:13:54.048+0000] {logging_mixin.py:150} INFO - [2023-08-07T17:13:54.048+0000] {dag.py:2742} INFO - Sync 1 DAGs
[2023-08-07T17:13:54.071+0000] {logging_mixin.py:150} INFO - [2023-08-07T17:13:54.071+0000] {dag.py:3508} INFO - Setting next_dagrun for example_nested_branch_dag to 2023-08-06T00:00:00+00:00, run_after=2023-08-07T00:00:00+00:00
[2023-08-07T17:13:54.087+0000] {processor.py:179} INFO - Processing /home/airflow/.local/lib/python3.7/site-packages/airflow/example_dags/example_nested_branch_dag.py took 0.082 seconds
[2023-08-07T17:14:24.885+0000] {processor.py:157} INFO - Started process (PID=723) to work on /home/airflow/.local/lib/python3.7/site-packages/airflow/example_dags/example_nested_branch_dag.py
[2023-08-07T17:14:24.886+0000] {processor.py:826} INFO - Processing file /home/airflow/.local/lib/python3.7/site-packages/airflow/example_dags/example_nested_branch_dag.py for tasks to queue
[2023-08-07T17:14:24.886+0000] {logging_mixin.py:150} INFO - [2023-08-07T17:14:24.886+0000] {dagbag.py:541} INFO - Filling up the DagBag from /home/airflow/.local/lib/python3.7/site-packages/airflow/example_dags/example_nested_branch_dag.py
[2023-08-07T17:14:24.893+0000] {processor.py:836} INFO - DAG(s) dict_keys(['example_nested_branch_dag']) retrieved from /home/airflow/.local/lib/python3.7/site-packages/airflow/example_dags/example_nested_branch_dag.py
[2023-08-07T17:14:24.915+0000] {logging_mixin.py:150} INFO - [2023-08-07T17:14:24.915+0000] {dag.py:2742} INFO - Sync 1 DAGs
[2023-08-07T17:14:24.940+0000] {logging_mixin.py:150} INFO - [2023-08-07T17:14:24.940+0000] {dag.py:3508} INFO - Setting next_dagrun for example_nested_branch_dag to 2023-08-06T00:00:00+00:00, run_after=2023-08-07T00:00:00+00:00
[2023-08-07T17:14:24.958+0000] {processor.py:179} INFO - Processing /home/airflow/.local/lib/python3.7/site-packages/airflow/example_dags/example_nested_branch_dag.py took 0.074 seconds
[2023-08-07T17:14:55.123+0000] {processor.py:157} INFO - Started process (PID=785) to work on /home/airflow/.local/lib/python3.7/site-packages/airflow/example_dags/example_nested_branch_dag.py
[2023-08-07T17:14:55.125+0000] {processor.py:826} INFO - Processing file /home/airflow/.local/lib/python3.7/site-packages/airflow/example_dags/example_nested_branch_dag.py for tasks to queue
[2023-08-07T17:14:55.126+0000] {logging_mixin.py:150} INFO - [2023-08-07T17:14:55.125+0000] {dagbag.py:541} INFO - Filling up the DagBag from /home/airflow/.local/lib/python3.7/site-packages/airflow/example_dags/example_nested_branch_dag.py
[2023-08-07T17:14:55.141+0000] {processor.py:836} INFO - DAG(s) dict_keys(['example_nested_branch_dag']) retrieved from /home/airflow/.local/lib/python3.7/site-packages/airflow/example_dags/example_nested_branch_dag.py
[2023-08-07T17:14:55.164+0000] {logging_mixin.py:150} INFO - [2023-08-07T17:14:55.164+0000] {dag.py:2742} INFO - Sync 1 DAGs
[2023-08-07T17:14:55.187+0000] {logging_mixin.py:150} INFO - [2023-08-07T17:14:55.187+0000] {dag.py:3508} INFO - Setting next_dagrun for example_nested_branch_dag to 2023-08-06T00:00:00+00:00, run_after=2023-08-07T00:00:00+00:00
[2023-08-07T17:14:55.204+0000] {processor.py:179} INFO - Processing /home/airflow/.local/lib/python3.7/site-packages/airflow/example_dags/example_nested_branch_dag.py took 0.086 seconds
[2023-08-07T17:15:25.302+0000] {processor.py:157} INFO - Started process (PID=847) to work on /home/airflow/.local/lib/python3.7/site-packages/airflow/example_dags/example_nested_branch_dag.py
[2023-08-07T17:15:25.303+0000] {processor.py:826} INFO - Processing file /home/airflow/.local/lib/python3.7/site-packages/airflow/example_dags/example_nested_branch_dag.py for tasks to queue
[2023-08-07T17:15:25.304+0000] {logging_mixin.py:150} INFO - [2023-08-07T17:15:25.304+0000] {dagbag.py:541} INFO - Filling up the DagBag from /home/airflow/.local/lib/python3.7/site-packages/airflow/example_dags/example_nested_branch_dag.py
[2023-08-07T17:15:25.320+0000] {processor.py:836} INFO - DAG(s) dict_keys(['example_nested_branch_dag']) retrieved from /home/airflow/.local/lib/python3.7/site-packages/airflow/example_dags/example_nested_branch_dag.py
[2023-08-07T17:15:25.347+0000] {logging_mixin.py:150} INFO - [2023-08-07T17:15:25.346+0000] {dag.py:2742} INFO - Sync 1 DAGs
[2023-08-07T17:15:25.370+0000] {logging_mixin.py:150} INFO - [2023-08-07T17:15:25.370+0000] {dag.py:3508} INFO - Setting next_dagrun for example_nested_branch_dag to 2023-08-06T00:00:00+00:00, run_after=2023-08-07T00:00:00+00:00
[2023-08-07T17:15:25.389+0000] {processor.py:179} INFO - Processing /home/airflow/.local/lib/python3.7/site-packages/airflow/example_dags/example_nested_branch_dag.py took 0.091 seconds
[2023-08-07T17:15:55.679+0000] {processor.py:157} INFO - Started process (PID=909) to work on /home/airflow/.local/lib/python3.7/site-packages/airflow/example_dags/example_nested_branch_dag.py
[2023-08-07T17:15:55.680+0000] {processor.py:826} INFO - Processing file /home/airflow/.local/lib/python3.7/site-packages/airflow/example_dags/example_nested_branch_dag.py for tasks to queue
[2023-08-07T17:15:55.681+0000] {logging_mixin.py:150} INFO - [2023-08-07T17:15:55.681+0000] {dagbag.py:541} INFO - Filling up the DagBag from /home/airflow/.local/lib/python3.7/site-packages/airflow/example_dags/example_nested_branch_dag.py
[2023-08-07T17:15:55.694+0000] {processor.py:836} INFO - DAG(s) dict_keys(['example_nested_branch_dag']) retrieved from /home/airflow/.local/lib/python3.7/site-packages/airflow/example_dags/example_nested_branch_dag.py
[2023-08-07T17:15:55.713+0000] {logging_mixin.py:150} INFO - [2023-08-07T17:15:55.712+0000] {dag.py:2742} INFO - Sync 1 DAGs
[2023-08-07T17:15:55.738+0000] {logging_mixin.py:150} INFO - [2023-08-07T17:15:55.738+0000] {dag.py:3508} INFO - Setting next_dagrun for example_nested_branch_dag to 2023-08-06T00:00:00+00:00, run_after=2023-08-07T00:00:00+00:00
[2023-08-07T17:15:55.759+0000] {processor.py:179} INFO - Processing /home/airflow/.local/lib/python3.7/site-packages/airflow/example_dags/example_nested_branch_dag.py took 0.085 seconds
[2023-08-07T17:16:26.321+0000] {processor.py:157} INFO - Started process (PID=971) to work on /home/airflow/.local/lib/python3.7/site-packages/airflow/example_dags/example_nested_branch_dag.py
[2023-08-07T17:16:26.322+0000] {processor.py:826} INFO - Processing file /home/airflow/.local/lib/python3.7/site-packages/airflow/example_dags/example_nested_branch_dag.py for tasks to queue
[2023-08-07T17:16:26.322+0000] {logging_mixin.py:150} INFO - [2023-08-07T17:16:26.322+0000] {dagbag.py:541} INFO - Filling up the DagBag from /home/airflow/.local/lib/python3.7/site-packages/airflow/example_dags/example_nested_branch_dag.py
[2023-08-07T17:16:26.329+0000] {processor.py:836} INFO - DAG(s) dict_keys(['example_nested_branch_dag']) retrieved from /home/airflow/.local/lib/python3.7/site-packages/airflow/example_dags/example_nested_branch_dag.py
[2023-08-07T17:16:26.350+0000] {logging_mixin.py:150} INFO - [2023-08-07T17:16:26.350+0000] {dag.py:2742} INFO - Sync 1 DAGs
[2023-08-07T17:16:26.374+0000] {logging_mixin.py:150} INFO - [2023-08-07T17:16:26.374+0000] {dag.py:3508} INFO - Setting next_dagrun for example_nested_branch_dag to 2023-08-06T00:00:00+00:00, run_after=2023-08-07T00:00:00+00:00
[2023-08-07T17:16:26.393+0000] {processor.py:179} INFO - Processing /home/airflow/.local/lib/python3.7/site-packages/airflow/example_dags/example_nested_branch_dag.py took 0.074 seconds
[2023-08-07T17:41:13.940+0000] {processor.py:157} INFO - Started process (PID=40) to work on /home/airflow/.local/lib/python3.7/site-packages/airflow/example_dags/example_nested_branch_dag.py
[2023-08-07T17:41:13.940+0000] {processor.py:826} INFO - Processing file /home/airflow/.local/lib/python3.7/site-packages/airflow/example_dags/example_nested_branch_dag.py for tasks to queue
[2023-08-07T17:41:13.941+0000] {logging_mixin.py:150} INFO - [2023-08-07T17:41:13.941+0000] {dagbag.py:541} INFO - Filling up the DagBag from /home/airflow/.local/lib/python3.7/site-packages/airflow/example_dags/example_nested_branch_dag.py
[2023-08-07T17:41:13.959+0000] {processor.py:836} INFO - DAG(s) dict_keys(['example_nested_branch_dag']) retrieved from /home/airflow/.local/lib/python3.7/site-packages/airflow/example_dags/example_nested_branch_dag.py
[2023-08-07T17:41:13.971+0000] {logging_mixin.py:150} INFO - [2023-08-07T17:41:13.971+0000] {dag.py:2742} INFO - Sync 1 DAGs
[2023-08-07T17:41:14.004+0000] {logging_mixin.py:150} INFO - [2023-08-07T17:41:14.004+0000] {dag.py:3508} INFO - Setting next_dagrun for example_nested_branch_dag to 2023-08-06T00:00:00+00:00, run_after=2023-08-07T00:00:00+00:00
[2023-08-07T17:41:14.030+0000] {processor.py:179} INFO - Processing /home/airflow/.local/lib/python3.7/site-packages/airflow/example_dags/example_nested_branch_dag.py took 0.093 seconds
[2023-08-07T17:41:44.754+0000] {processor.py:157} INFO - Started process (PID=102) to work on /home/airflow/.local/lib/python3.7/site-packages/airflow/example_dags/example_nested_branch_dag.py
[2023-08-07T17:41:44.755+0000] {processor.py:826} INFO - Processing file /home/airflow/.local/lib/python3.7/site-packages/airflow/example_dags/example_nested_branch_dag.py for tasks to queue
[2023-08-07T17:41:44.756+0000] {logging_mixin.py:150} INFO - [2023-08-07T17:41:44.756+0000] {dagbag.py:541} INFO - Filling up the DagBag from /home/airflow/.local/lib/python3.7/site-packages/airflow/example_dags/example_nested_branch_dag.py
[2023-08-07T17:41:44.769+0000] {processor.py:836} INFO - DAG(s) dict_keys(['example_nested_branch_dag']) retrieved from /home/airflow/.local/lib/python3.7/site-packages/airflow/example_dags/example_nested_branch_dag.py
[2023-08-07T17:41:44.789+0000] {logging_mixin.py:150} INFO - [2023-08-07T17:41:44.789+0000] {dag.py:2742} INFO - Sync 1 DAGs
[2023-08-07T17:41:44.812+0000] {logging_mixin.py:150} INFO - [2023-08-07T17:41:44.812+0000] {dag.py:3508} INFO - Setting next_dagrun for example_nested_branch_dag to 2023-08-06T00:00:00+00:00, run_after=2023-08-07T00:00:00+00:00
[2023-08-07T17:41:44.828+0000] {processor.py:179} INFO - Processing /home/airflow/.local/lib/python3.7/site-packages/airflow/example_dags/example_nested_branch_dag.py took 0.079 seconds
[2023-08-07T17:42:15.473+0000] {processor.py:157} INFO - Started process (PID=164) to work on /home/airflow/.local/lib/python3.7/site-packages/airflow/example_dags/example_nested_branch_dag.py
[2023-08-07T17:42:15.474+0000] {processor.py:826} INFO - Processing file /home/airflow/.local/lib/python3.7/site-packages/airflow/example_dags/example_nested_branch_dag.py for tasks to queue
[2023-08-07T17:42:15.474+0000] {logging_mixin.py:150} INFO - [2023-08-07T17:42:15.474+0000] {dagbag.py:541} INFO - Filling up the DagBag from /home/airflow/.local/lib/python3.7/site-packages/airflow/example_dags/example_nested_branch_dag.py
[2023-08-07T17:42:15.481+0000] {processor.py:836} INFO - DAG(s) dict_keys(['example_nested_branch_dag']) retrieved from /home/airflow/.local/lib/python3.7/site-packages/airflow/example_dags/example_nested_branch_dag.py
[2023-08-07T17:42:15.501+0000] {logging_mixin.py:150} INFO - [2023-08-07T17:42:15.500+0000] {dag.py:2742} INFO - Sync 1 DAGs
[2023-08-07T17:42:15.524+0000] {logging_mixin.py:150} INFO - [2023-08-07T17:42:15.524+0000] {dag.py:3508} INFO - Setting next_dagrun for example_nested_branch_dag to 2023-08-06T00:00:00+00:00, run_after=2023-08-07T00:00:00+00:00
[2023-08-07T17:42:15.541+0000] {processor.py:179} INFO - Processing /home/airflow/.local/lib/python3.7/site-packages/airflow/example_dags/example_nested_branch_dag.py took 0.070 seconds
[2023-08-07T17:42:46.360+0000] {processor.py:157} INFO - Started process (PID=226) to work on /home/airflow/.local/lib/python3.7/site-packages/airflow/example_dags/example_nested_branch_dag.py
[2023-08-07T17:42:46.361+0000] {processor.py:826} INFO - Processing file /home/airflow/.local/lib/python3.7/site-packages/airflow/example_dags/example_nested_branch_dag.py for tasks to queue
[2023-08-07T17:42:46.361+0000] {logging_mixin.py:150} INFO - [2023-08-07T17:42:46.361+0000] {dagbag.py:541} INFO - Filling up the DagBag from /home/airflow/.local/lib/python3.7/site-packages/airflow/example_dags/example_nested_branch_dag.py
[2023-08-07T17:42:46.368+0000] {processor.py:836} INFO - DAG(s) dict_keys(['example_nested_branch_dag']) retrieved from /home/airflow/.local/lib/python3.7/site-packages/airflow/example_dags/example_nested_branch_dag.py
[2023-08-07T17:42:46.399+0000] {logging_mixin.py:150} INFO - [2023-08-07T17:42:46.399+0000] {dag.py:2742} INFO - Sync 1 DAGs
[2023-08-07T17:42:46.428+0000] {logging_mixin.py:150} INFO - [2023-08-07T17:42:46.428+0000] {dag.py:3508} INFO - Setting next_dagrun for example_nested_branch_dag to 2023-08-06T00:00:00+00:00, run_after=2023-08-07T00:00:00+00:00
[2023-08-07T17:42:46.445+0000] {processor.py:179} INFO - Processing /home/airflow/.local/lib/python3.7/site-packages/airflow/example_dags/example_nested_branch_dag.py took 0.087 seconds
[2023-08-07T17:43:17.326+0000] {processor.py:157} INFO - Started process (PID=289) to work on /home/airflow/.local/lib/python3.7/site-packages/airflow/example_dags/example_nested_branch_dag.py
[2023-08-07T17:43:17.327+0000] {processor.py:826} INFO - Processing file /home/airflow/.local/lib/python3.7/site-packages/airflow/example_dags/example_nested_branch_dag.py for tasks to queue
[2023-08-07T17:43:17.327+0000] {logging_mixin.py:150} INFO - [2023-08-07T17:43:17.327+0000] {dagbag.py:541} INFO - Filling up the DagBag from /home/airflow/.local/lib/python3.7/site-packages/airflow/example_dags/example_nested_branch_dag.py
[2023-08-07T17:43:17.334+0000] {processor.py:836} INFO - DAG(s) dict_keys(['example_nested_branch_dag']) retrieved from /home/airflow/.local/lib/python3.7/site-packages/airflow/example_dags/example_nested_branch_dag.py
[2023-08-07T17:43:17.357+0000] {logging_mixin.py:150} INFO - [2023-08-07T17:43:17.357+0000] {dag.py:2742} INFO - Sync 1 DAGs
[2023-08-07T17:43:17.382+0000] {logging_mixin.py:150} INFO - [2023-08-07T17:43:17.382+0000] {dag.py:3508} INFO - Setting next_dagrun for example_nested_branch_dag to 2023-08-06T00:00:00+00:00, run_after=2023-08-07T00:00:00+00:00
[2023-08-07T17:43:17.399+0000] {processor.py:179} INFO - Processing /home/airflow/.local/lib/python3.7/site-packages/airflow/example_dags/example_nested_branch_dag.py took 0.076 seconds
[2023-08-07T17:43:47.443+0000] {processor.py:157} INFO - Started process (PID=351) to work on /home/airflow/.local/lib/python3.7/site-packages/airflow/example_dags/example_nested_branch_dag.py
[2023-08-07T17:43:47.443+0000] {processor.py:826} INFO - Processing file /home/airflow/.local/lib/python3.7/site-packages/airflow/example_dags/example_nested_branch_dag.py for tasks to queue
[2023-08-07T17:43:47.444+0000] {logging_mixin.py:150} INFO - [2023-08-07T17:43:47.444+0000] {dagbag.py:541} INFO - Filling up the DagBag from /home/airflow/.local/lib/python3.7/site-packages/airflow/example_dags/example_nested_branch_dag.py
[2023-08-07T17:43:47.451+0000] {processor.py:836} INFO - DAG(s) dict_keys(['example_nested_branch_dag']) retrieved from /home/airflow/.local/lib/python3.7/site-packages/airflow/example_dags/example_nested_branch_dag.py
[2023-08-07T17:43:47.473+0000] {logging_mixin.py:150} INFO - [2023-08-07T17:43:47.473+0000] {dag.py:2742} INFO - Sync 1 DAGs
[2023-08-07T17:43:47.498+0000] {logging_mixin.py:150} INFO - [2023-08-07T17:43:47.498+0000] {dag.py:3508} INFO - Setting next_dagrun for example_nested_branch_dag to 2023-08-06T00:00:00+00:00, run_after=2023-08-07T00:00:00+00:00
[2023-08-07T17:43:47.516+0000] {processor.py:179} INFO - Processing /home/airflow/.local/lib/python3.7/site-packages/airflow/example_dags/example_nested_branch_dag.py took 0.075 seconds
[2023-08-07T18:11:00.483+0000] {processor.py:157} INFO - Started process (PID=41) to work on /home/airflow/.local/lib/python3.7/site-packages/airflow/example_dags/example_nested_branch_dag.py
[2023-08-07T18:11:00.484+0000] {processor.py:826} INFO - Processing file /home/airflow/.local/lib/python3.7/site-packages/airflow/example_dags/example_nested_branch_dag.py for tasks to queue
[2023-08-07T18:11:00.484+0000] {logging_mixin.py:150} INFO - [2023-08-07T18:11:00.484+0000] {dagbag.py:541} INFO - Filling up the DagBag from /home/airflow/.local/lib/python3.7/site-packages/airflow/example_dags/example_nested_branch_dag.py
[2023-08-07T18:11:00.496+0000] {processor.py:836} INFO - DAG(s) dict_keys(['example_nested_branch_dag']) retrieved from /home/airflow/.local/lib/python3.7/site-packages/airflow/example_dags/example_nested_branch_dag.py
[2023-08-07T18:11:00.507+0000] {logging_mixin.py:150} INFO - [2023-08-07T18:11:00.507+0000] {dag.py:2742} INFO - Sync 1 DAGs
[2023-08-07T18:11:00.539+0000] {logging_mixin.py:150} INFO - [2023-08-07T18:11:00.539+0000] {dag.py:3508} INFO - Setting next_dagrun for example_nested_branch_dag to 2023-08-06T00:00:00+00:00, run_after=2023-08-07T00:00:00+00:00
[2023-08-07T18:11:00.560+0000] {processor.py:179} INFO - Processing /home/airflow/.local/lib/python3.7/site-packages/airflow/example_dags/example_nested_branch_dag.py took 0.079 seconds
