[2023-08-07T17:08:48.423+0000] {processor.py:157} INFO - Started process (PID=51) to work on /home/airflow/.local/lib/python3.7/site-packages/airflow/example_dags/example_task_group.py
[2023-08-07T17:08:48.423+0000] {processor.py:826} INFO - Processing file /home/airflow/.local/lib/python3.7/site-packages/airflow/example_dags/example_task_group.py for tasks to queue
[2023-08-07T17:08:48.424+0000] {logging_mixin.py:150} INFO - [2023-08-07T17:08:48.424+0000] {dagbag.py:541} INFO - Filling up the DagBag from /home/airflow/.local/lib/python3.7/site-packages/airflow/example_dags/example_task_group.py
[2023-08-07T17:08:48.433+0000] {processor.py:836} INFO - DAG(s) dict_keys(['example_task_group']) retrieved from /home/airflow/.local/lib/python3.7/site-packages/airflow/example_dags/example_task_group.py
[2023-08-07T17:08:48.445+0000] {logging_mixin.py:150} INFO - [2023-08-07T17:08:48.444+0000] {dag.py:2742} INFO - Sync 1 DAGs
[2023-08-07T17:08:48.473+0000] {logging_mixin.py:150} INFO - [2023-08-07T17:08:48.473+0000] {dag.py:3508} INFO - Setting next_dagrun for example_task_group to 2023-08-06T17:08:48.473495+00:00, run_after=2023-08-07T17:08:48.473495+00:00
[2023-08-07T17:08:48.518+0000] {processor.py:179} INFO - Processing /home/airflow/.local/lib/python3.7/site-packages/airflow/example_dags/example_task_group.py took 0.098 seconds
[2023-08-07T17:09:18.820+0000] {processor.py:157} INFO - Started process (PID=112) to work on /home/airflow/.local/lib/python3.7/site-packages/airflow/example_dags/example_task_group.py
[2023-08-07T17:09:18.821+0000] {processor.py:826} INFO - Processing file /home/airflow/.local/lib/python3.7/site-packages/airflow/example_dags/example_task_group.py for tasks to queue
[2023-08-07T17:09:18.821+0000] {logging_mixin.py:150} INFO - [2023-08-07T17:09:18.821+0000] {dagbag.py:541} INFO - Filling up the DagBag from /home/airflow/.local/lib/python3.7/site-packages/airflow/example_dags/example_task_group.py
[2023-08-07T17:09:18.827+0000] {processor.py:836} INFO - DAG(s) dict_keys(['example_task_group']) retrieved from /home/airflow/.local/lib/python3.7/site-packages/airflow/example_dags/example_task_group.py
[2023-08-07T17:09:18.848+0000] {logging_mixin.py:150} INFO - [2023-08-07T17:09:18.847+0000] {dag.py:2742} INFO - Sync 1 DAGs
[2023-08-07T17:09:18.870+0000] {logging_mixin.py:150} INFO - [2023-08-07T17:09:18.870+0000] {dag.py:3508} INFO - Setting next_dagrun for example_task_group to 2023-08-06T17:09:18.870186+00:00, run_after=2023-08-07T17:09:18.870186+00:00
[2023-08-07T17:09:18.889+0000] {processor.py:179} INFO - Processing /home/airflow/.local/lib/python3.7/site-packages/airflow/example_dags/example_task_group.py took 0.071 seconds
[2023-08-07T17:09:49.441+0000] {processor.py:157} INFO - Started process (PID=174) to work on /home/airflow/.local/lib/python3.7/site-packages/airflow/example_dags/example_task_group.py
[2023-08-07T17:09:49.442+0000] {processor.py:826} INFO - Processing file /home/airflow/.local/lib/python3.7/site-packages/airflow/example_dags/example_task_group.py for tasks to queue
[2023-08-07T17:09:49.443+0000] {logging_mixin.py:150} INFO - [2023-08-07T17:09:49.443+0000] {dagbag.py:541} INFO - Filling up the DagBag from /home/airflow/.local/lib/python3.7/site-packages/airflow/example_dags/example_task_group.py
[2023-08-07T17:09:49.454+0000] {processor.py:836} INFO - DAG(s) dict_keys(['example_task_group']) retrieved from /home/airflow/.local/lib/python3.7/site-packages/airflow/example_dags/example_task_group.py
[2023-08-07T17:09:49.476+0000] {logging_mixin.py:150} INFO - [2023-08-07T17:09:49.475+0000] {dag.py:2742} INFO - Sync 1 DAGs
[2023-08-07T17:09:49.497+0000] {logging_mixin.py:150} INFO - [2023-08-07T17:09:49.496+0000] {dag.py:3508} INFO - Setting next_dagrun for example_task_group to 2023-08-06T17:09:49.496725+00:00, run_after=2023-08-07T17:09:49.496725+00:00
[2023-08-07T17:09:49.514+0000] {processor.py:179} INFO - Processing /home/airflow/.local/lib/python3.7/site-packages/airflow/example_dags/example_task_group.py took 0.078 seconds
[2023-08-07T17:10:19.833+0000] {processor.py:157} INFO - Started process (PID=236) to work on /home/airflow/.local/lib/python3.7/site-packages/airflow/example_dags/example_task_group.py
[2023-08-07T17:10:19.834+0000] {processor.py:826} INFO - Processing file /home/airflow/.local/lib/python3.7/site-packages/airflow/example_dags/example_task_group.py for tasks to queue
[2023-08-07T17:10:19.835+0000] {logging_mixin.py:150} INFO - [2023-08-07T17:10:19.834+0000] {dagbag.py:541} INFO - Filling up the DagBag from /home/airflow/.local/lib/python3.7/site-packages/airflow/example_dags/example_task_group.py
[2023-08-07T17:10:19.846+0000] {processor.py:836} INFO - DAG(s) dict_keys(['example_task_group']) retrieved from /home/airflow/.local/lib/python3.7/site-packages/airflow/example_dags/example_task_group.py
[2023-08-07T17:10:19.870+0000] {logging_mixin.py:150} INFO - [2023-08-07T17:10:19.869+0000] {dag.py:2742} INFO - Sync 1 DAGs
[2023-08-07T17:10:19.897+0000] {logging_mixin.py:150} INFO - [2023-08-07T17:10:19.897+0000] {dag.py:3508} INFO - Setting next_dagrun for example_task_group to 2023-08-06T17:10:19.897122+00:00, run_after=2023-08-07T17:10:19.897122+00:00
[2023-08-07T17:10:19.914+0000] {processor.py:179} INFO - Processing /home/airflow/.local/lib/python3.7/site-packages/airflow/example_dags/example_task_group.py took 0.085 seconds
[2023-08-07T17:10:50.147+0000] {processor.py:157} INFO - Started process (PID=298) to work on /home/airflow/.local/lib/python3.7/site-packages/airflow/example_dags/example_task_group.py
[2023-08-07T17:10:50.147+0000] {processor.py:826} INFO - Processing file /home/airflow/.local/lib/python3.7/site-packages/airflow/example_dags/example_task_group.py for tasks to queue
[2023-08-07T17:10:50.148+0000] {logging_mixin.py:150} INFO - [2023-08-07T17:10:50.147+0000] {dagbag.py:541} INFO - Filling up the DagBag from /home/airflow/.local/lib/python3.7/site-packages/airflow/example_dags/example_task_group.py
[2023-08-07T17:10:50.153+0000] {processor.py:836} INFO - DAG(s) dict_keys(['example_task_group']) retrieved from /home/airflow/.local/lib/python3.7/site-packages/airflow/example_dags/example_task_group.py
[2023-08-07T17:10:50.172+0000] {logging_mixin.py:150} INFO - [2023-08-07T17:10:50.172+0000] {dag.py:2742} INFO - Sync 1 DAGs
[2023-08-07T17:10:50.194+0000] {logging_mixin.py:150} INFO - [2023-08-07T17:10:50.194+0000] {dag.py:3508} INFO - Setting next_dagrun for example_task_group to 2023-08-06T17:10:50.194258+00:00, run_after=2023-08-07T17:10:50.194258+00:00
[2023-08-07T17:10:50.212+0000] {processor.py:179} INFO - Processing /home/airflow/.local/lib/python3.7/site-packages/airflow/example_dags/example_task_group.py took 0.068 seconds
[2023-08-07T17:11:21.163+0000] {processor.py:157} INFO - Started process (PID=360) to work on /home/airflow/.local/lib/python3.7/site-packages/airflow/example_dags/example_task_group.py
[2023-08-07T17:11:21.163+0000] {processor.py:826} INFO - Processing file /home/airflow/.local/lib/python3.7/site-packages/airflow/example_dags/example_task_group.py for tasks to queue
[2023-08-07T17:11:21.164+0000] {logging_mixin.py:150} INFO - [2023-08-07T17:11:21.163+0000] {dagbag.py:541} INFO - Filling up the DagBag from /home/airflow/.local/lib/python3.7/site-packages/airflow/example_dags/example_task_group.py
[2023-08-07T17:11:21.169+0000] {processor.py:836} INFO - DAG(s) dict_keys(['example_task_group']) retrieved from /home/airflow/.local/lib/python3.7/site-packages/airflow/example_dags/example_task_group.py
[2023-08-07T17:11:21.203+0000] {logging_mixin.py:150} INFO - [2023-08-07T17:11:21.202+0000] {dag.py:2742} INFO - Sync 1 DAGs
[2023-08-07T17:11:21.226+0000] {logging_mixin.py:150} INFO - [2023-08-07T17:11:21.226+0000] {dag.py:3508} INFO - Setting next_dagrun for example_task_group to 2023-08-06T17:11:21.225890+00:00, run_after=2023-08-07T17:11:21.225890+00:00
[2023-08-07T17:11:21.243+0000] {processor.py:179} INFO - Processing /home/airflow/.local/lib/python3.7/site-packages/airflow/example_dags/example_task_group.py took 0.083 seconds
[2023-08-07T17:11:51.951+0000] {processor.py:157} INFO - Started process (PID=422) to work on /home/airflow/.local/lib/python3.7/site-packages/airflow/example_dags/example_task_group.py
[2023-08-07T17:11:51.951+0000] {processor.py:826} INFO - Processing file /home/airflow/.local/lib/python3.7/site-packages/airflow/example_dags/example_task_group.py for tasks to queue
[2023-08-07T17:11:51.952+0000] {logging_mixin.py:150} INFO - [2023-08-07T17:11:51.952+0000] {dagbag.py:541} INFO - Filling up the DagBag from /home/airflow/.local/lib/python3.7/site-packages/airflow/example_dags/example_task_group.py
[2023-08-07T17:11:51.957+0000] {processor.py:836} INFO - DAG(s) dict_keys(['example_task_group']) retrieved from /home/airflow/.local/lib/python3.7/site-packages/airflow/example_dags/example_task_group.py
[2023-08-07T17:11:51.980+0000] {logging_mixin.py:150} INFO - [2023-08-07T17:11:51.980+0000] {dag.py:2742} INFO - Sync 1 DAGs
[2023-08-07T17:11:52.007+0000] {logging_mixin.py:150} INFO - [2023-08-07T17:11:52.007+0000] {dag.py:3508} INFO - Setting next_dagrun for example_task_group to 2023-08-06T17:11:52.007540+00:00, run_after=2023-08-07T17:11:52.007540+00:00
[2023-08-07T17:11:52.025+0000] {processor.py:179} INFO - Processing /home/airflow/.local/lib/python3.7/site-packages/airflow/example_dags/example_task_group.py took 0.077 seconds
[2023-08-07T17:12:22.504+0000] {processor.py:157} INFO - Started process (PID=484) to work on /home/airflow/.local/lib/python3.7/site-packages/airflow/example_dags/example_task_group.py
[2023-08-07T17:12:22.505+0000] {processor.py:826} INFO - Processing file /home/airflow/.local/lib/python3.7/site-packages/airflow/example_dags/example_task_group.py for tasks to queue
[2023-08-07T17:12:22.505+0000] {logging_mixin.py:150} INFO - [2023-08-07T17:12:22.505+0000] {dagbag.py:541} INFO - Filling up the DagBag from /home/airflow/.local/lib/python3.7/site-packages/airflow/example_dags/example_task_group.py
[2023-08-07T17:12:22.511+0000] {processor.py:836} INFO - DAG(s) dict_keys(['example_task_group']) retrieved from /home/airflow/.local/lib/python3.7/site-packages/airflow/example_dags/example_task_group.py
[2023-08-07T17:12:22.531+0000] {logging_mixin.py:150} INFO - [2023-08-07T17:12:22.531+0000] {dag.py:2742} INFO - Sync 1 DAGs
[2023-08-07T17:12:22.557+0000] {logging_mixin.py:150} INFO - [2023-08-07T17:12:22.557+0000] {dag.py:3508} INFO - Setting next_dagrun for example_task_group to 2023-08-06T17:12:22.557447+00:00, run_after=2023-08-07T17:12:22.557447+00:00
[2023-08-07T17:12:22.575+0000] {processor.py:179} INFO - Processing /home/airflow/.local/lib/python3.7/site-packages/airflow/example_dags/example_task_group.py took 0.074 seconds
[2023-08-07T17:12:53.379+0000] {processor.py:157} INFO - Started process (PID=546) to work on /home/airflow/.local/lib/python3.7/site-packages/airflow/example_dags/example_task_group.py
[2023-08-07T17:12:53.380+0000] {processor.py:826} INFO - Processing file /home/airflow/.local/lib/python3.7/site-packages/airflow/example_dags/example_task_group.py for tasks to queue
[2023-08-07T17:12:53.381+0000] {logging_mixin.py:150} INFO - [2023-08-07T17:12:53.381+0000] {dagbag.py:541} INFO - Filling up the DagBag from /home/airflow/.local/lib/python3.7/site-packages/airflow/example_dags/example_task_group.py
[2023-08-07T17:12:53.391+0000] {processor.py:836} INFO - DAG(s) dict_keys(['example_task_group']) retrieved from /home/airflow/.local/lib/python3.7/site-packages/airflow/example_dags/example_task_group.py
[2023-08-07T17:12:53.412+0000] {logging_mixin.py:150} INFO - [2023-08-07T17:12:53.412+0000] {dag.py:2742} INFO - Sync 1 DAGs
[2023-08-07T17:12:53.434+0000] {logging_mixin.py:150} INFO - [2023-08-07T17:12:53.434+0000] {dag.py:3508} INFO - Setting next_dagrun for example_task_group to 2023-08-06T17:12:53.434393+00:00, run_after=2023-08-07T17:12:53.434393+00:00
[2023-08-07T17:12:53.452+0000] {processor.py:179} INFO - Processing /home/airflow/.local/lib/python3.7/site-packages/airflow/example_dags/example_task_group.py took 0.077 seconds
[2023-08-07T17:13:23.729+0000] {processor.py:157} INFO - Started process (PID=608) to work on /home/airflow/.local/lib/python3.7/site-packages/airflow/example_dags/example_task_group.py
[2023-08-07T17:13:23.730+0000] {processor.py:826} INFO - Processing file /home/airflow/.local/lib/python3.7/site-packages/airflow/example_dags/example_task_group.py for tasks to queue
[2023-08-07T17:13:23.731+0000] {logging_mixin.py:150} INFO - [2023-08-07T17:13:23.731+0000] {dagbag.py:541} INFO - Filling up the DagBag from /home/airflow/.local/lib/python3.7/site-packages/airflow/example_dags/example_task_group.py
[2023-08-07T17:13:23.743+0000] {processor.py:836} INFO - DAG(s) dict_keys(['example_task_group']) retrieved from /home/airflow/.local/lib/python3.7/site-packages/airflow/example_dags/example_task_group.py
[2023-08-07T17:13:23.784+0000] {logging_mixin.py:150} INFO - [2023-08-07T17:13:23.784+0000] {dag.py:2742} INFO - Sync 1 DAGs
[2023-08-07T17:13:23.809+0000] {logging_mixin.py:150} INFO - [2023-08-07T17:13:23.809+0000] {dag.py:3508} INFO - Setting next_dagrun for example_task_group to 2023-08-06T17:13:23.809253+00:00, run_after=2023-08-07T17:13:23.809253+00:00
[2023-08-07T17:13:23.827+0000] {processor.py:179} INFO - Processing /home/airflow/.local/lib/python3.7/site-packages/airflow/example_dags/example_task_group.py took 0.103 seconds
[2023-08-07T17:13:54.562+0000] {processor.py:157} INFO - Started process (PID=670) to work on /home/airflow/.local/lib/python3.7/site-packages/airflow/example_dags/example_task_group.py
[2023-08-07T17:13:54.563+0000] {processor.py:826} INFO - Processing file /home/airflow/.local/lib/python3.7/site-packages/airflow/example_dags/example_task_group.py for tasks to queue
[2023-08-07T17:13:54.563+0000] {logging_mixin.py:150} INFO - [2023-08-07T17:13:54.563+0000] {dagbag.py:541} INFO - Filling up the DagBag from /home/airflow/.local/lib/python3.7/site-packages/airflow/example_dags/example_task_group.py
[2023-08-07T17:13:54.569+0000] {processor.py:836} INFO - DAG(s) dict_keys(['example_task_group']) retrieved from /home/airflow/.local/lib/python3.7/site-packages/airflow/example_dags/example_task_group.py
[2023-08-07T17:13:54.588+0000] {logging_mixin.py:150} INFO - [2023-08-07T17:13:54.588+0000] {dag.py:2742} INFO - Sync 1 DAGs
[2023-08-07T17:13:54.610+0000] {logging_mixin.py:150} INFO - [2023-08-07T17:13:54.610+0000] {dag.py:3508} INFO - Setting next_dagrun for example_task_group to 2023-08-06T17:13:54.610104+00:00, run_after=2023-08-07T17:13:54.610104+00:00
[2023-08-07T17:13:54.628+0000] {processor.py:179} INFO - Processing /home/airflow/.local/lib/python3.7/site-packages/airflow/example_dags/example_task_group.py took 0.068 seconds
[2023-08-07T17:14:25.358+0000] {processor.py:157} INFO - Started process (PID=732) to work on /home/airflow/.local/lib/python3.7/site-packages/airflow/example_dags/example_task_group.py
[2023-08-07T17:14:25.359+0000] {processor.py:826} INFO - Processing file /home/airflow/.local/lib/python3.7/site-packages/airflow/example_dags/example_task_group.py for tasks to queue
[2023-08-07T17:14:25.361+0000] {logging_mixin.py:150} INFO - [2023-08-07T17:14:25.360+0000] {dagbag.py:541} INFO - Filling up the DagBag from /home/airflow/.local/lib/python3.7/site-packages/airflow/example_dags/example_task_group.py
[2023-08-07T17:14:25.372+0000] {processor.py:836} INFO - DAG(s) dict_keys(['example_task_group']) retrieved from /home/airflow/.local/lib/python3.7/site-packages/airflow/example_dags/example_task_group.py
[2023-08-07T17:14:25.394+0000] {logging_mixin.py:150} INFO - [2023-08-07T17:14:25.394+0000] {dag.py:2742} INFO - Sync 1 DAGs
[2023-08-07T17:14:25.417+0000] {logging_mixin.py:150} INFO - [2023-08-07T17:14:25.417+0000] {dag.py:3508} INFO - Setting next_dagrun for example_task_group to 2023-08-06T17:14:25.417487+00:00, run_after=2023-08-07T17:14:25.417487+00:00
[2023-08-07T17:14:25.436+0000] {processor.py:179} INFO - Processing /home/airflow/.local/lib/python3.7/site-packages/airflow/example_dags/example_task_group.py took 0.083 seconds
[2023-08-07T17:14:55.630+0000] {processor.py:157} INFO - Started process (PID=793) to work on /home/airflow/.local/lib/python3.7/site-packages/airflow/example_dags/example_task_group.py
[2023-08-07T17:14:55.631+0000] {processor.py:826} INFO - Processing file /home/airflow/.local/lib/python3.7/site-packages/airflow/example_dags/example_task_group.py for tasks to queue
[2023-08-07T17:14:55.631+0000] {logging_mixin.py:150} INFO - [2023-08-07T17:14:55.631+0000] {dagbag.py:541} INFO - Filling up the DagBag from /home/airflow/.local/lib/python3.7/site-packages/airflow/example_dags/example_task_group.py
[2023-08-07T17:14:55.637+0000] {processor.py:836} INFO - DAG(s) dict_keys(['example_task_group']) retrieved from /home/airflow/.local/lib/python3.7/site-packages/airflow/example_dags/example_task_group.py
[2023-08-07T17:14:55.674+0000] {logging_mixin.py:150} INFO - [2023-08-07T17:14:55.674+0000] {dag.py:2742} INFO - Sync 1 DAGs
[2023-08-07T17:14:55.701+0000] {logging_mixin.py:150} INFO - [2023-08-07T17:14:55.701+0000] {dag.py:3508} INFO - Setting next_dagrun for example_task_group to 2023-08-06T17:14:55.701511+00:00, run_after=2023-08-07T17:14:55.701511+00:00
[2023-08-07T17:14:55.719+0000] {processor.py:179} INFO - Processing /home/airflow/.local/lib/python3.7/site-packages/airflow/example_dags/example_task_group.py took 0.091 seconds
[2023-08-07T17:15:25.771+0000] {processor.py:157} INFO - Started process (PID=855) to work on /home/airflow/.local/lib/python3.7/site-packages/airflow/example_dags/example_task_group.py
[2023-08-07T17:15:25.772+0000] {processor.py:826} INFO - Processing file /home/airflow/.local/lib/python3.7/site-packages/airflow/example_dags/example_task_group.py for tasks to queue
[2023-08-07T17:15:25.772+0000] {logging_mixin.py:150} INFO - [2023-08-07T17:15:25.772+0000] {dagbag.py:541} INFO - Filling up the DagBag from /home/airflow/.local/lib/python3.7/site-packages/airflow/example_dags/example_task_group.py
[2023-08-07T17:15:25.777+0000] {processor.py:836} INFO - DAG(s) dict_keys(['example_task_group']) retrieved from /home/airflow/.local/lib/python3.7/site-packages/airflow/example_dags/example_task_group.py
[2023-08-07T17:15:25.797+0000] {logging_mixin.py:150} INFO - [2023-08-07T17:15:25.797+0000] {dag.py:2742} INFO - Sync 1 DAGs
[2023-08-07T17:15:25.819+0000] {logging_mixin.py:150} INFO - [2023-08-07T17:15:25.819+0000] {dag.py:3508} INFO - Setting next_dagrun for example_task_group to 2023-08-06T17:15:25.819432+00:00, run_after=2023-08-07T17:15:25.819432+00:00
[2023-08-07T17:15:25.837+0000] {processor.py:179} INFO - Processing /home/airflow/.local/lib/python3.7/site-packages/airflow/example_dags/example_task_group.py took 0.068 seconds
[2023-08-07T17:15:56.042+0000] {processor.py:157} INFO - Started process (PID=917) to work on /home/airflow/.local/lib/python3.7/site-packages/airflow/example_dags/example_task_group.py
[2023-08-07T17:15:56.043+0000] {processor.py:826} INFO - Processing file /home/airflow/.local/lib/python3.7/site-packages/airflow/example_dags/example_task_group.py for tasks to queue
[2023-08-07T17:15:56.045+0000] {logging_mixin.py:150} INFO - [2023-08-07T17:15:56.044+0000] {dagbag.py:541} INFO - Filling up the DagBag from /home/airflow/.local/lib/python3.7/site-packages/airflow/example_dags/example_task_group.py
[2023-08-07T17:15:56.053+0000] {processor.py:836} INFO - DAG(s) dict_keys(['example_task_group']) retrieved from /home/airflow/.local/lib/python3.7/site-packages/airflow/example_dags/example_task_group.py
[2023-08-07T17:15:56.075+0000] {logging_mixin.py:150} INFO - [2023-08-07T17:15:56.075+0000] {dag.py:2742} INFO - Sync 1 DAGs
[2023-08-07T17:15:56.100+0000] {logging_mixin.py:150} INFO - [2023-08-07T17:15:56.100+0000] {dag.py:3508} INFO - Setting next_dagrun for example_task_group to 2023-08-06T17:15:56.100018+00:00, run_after=2023-08-07T17:15:56.100018+00:00
[2023-08-07T17:15:56.119+0000] {processor.py:179} INFO - Processing /home/airflow/.local/lib/python3.7/site-packages/airflow/example_dags/example_task_group.py took 0.082 seconds
[2023-08-07T17:16:26.727+0000] {processor.py:157} INFO - Started process (PID=980) to work on /home/airflow/.local/lib/python3.7/site-packages/airflow/example_dags/example_task_group.py
[2023-08-07T17:16:26.728+0000] {processor.py:826} INFO - Processing file /home/airflow/.local/lib/python3.7/site-packages/airflow/example_dags/example_task_group.py for tasks to queue
[2023-08-07T17:16:26.728+0000] {logging_mixin.py:150} INFO - [2023-08-07T17:16:26.728+0000] {dagbag.py:541} INFO - Filling up the DagBag from /home/airflow/.local/lib/python3.7/site-packages/airflow/example_dags/example_task_group.py
[2023-08-07T17:16:26.734+0000] {processor.py:836} INFO - DAG(s) dict_keys(['example_task_group']) retrieved from /home/airflow/.local/lib/python3.7/site-packages/airflow/example_dags/example_task_group.py
[2023-08-07T17:16:26.753+0000] {logging_mixin.py:150} INFO - [2023-08-07T17:16:26.753+0000] {dag.py:2742} INFO - Sync 1 DAGs
[2023-08-07T17:16:26.777+0000] {logging_mixin.py:150} INFO - [2023-08-07T17:16:26.776+0000] {dag.py:3508} INFO - Setting next_dagrun for example_task_group to 2023-08-06T17:16:26.776730+00:00, run_after=2023-08-07T17:16:26.776730+00:00
[2023-08-07T17:16:26.795+0000] {processor.py:179} INFO - Processing /home/airflow/.local/lib/python3.7/site-packages/airflow/example_dags/example_task_group.py took 0.070 seconds
[2023-08-07T17:41:14.594+0000] {processor.py:157} INFO - Started process (PID=50) to work on /home/airflow/.local/lib/python3.7/site-packages/airflow/example_dags/example_task_group.py
[2023-08-07T17:41:14.596+0000] {processor.py:826} INFO - Processing file /home/airflow/.local/lib/python3.7/site-packages/airflow/example_dags/example_task_group.py for tasks to queue
[2023-08-07T17:41:14.597+0000] {logging_mixin.py:150} INFO - [2023-08-07T17:41:14.597+0000] {dagbag.py:541} INFO - Filling up the DagBag from /home/airflow/.local/lib/python3.7/site-packages/airflow/example_dags/example_task_group.py
[2023-08-07T17:41:14.608+0000] {processor.py:836} INFO - DAG(s) dict_keys(['example_task_group']) retrieved from /home/airflow/.local/lib/python3.7/site-packages/airflow/example_dags/example_task_group.py
[2023-08-07T17:41:14.626+0000] {logging_mixin.py:150} INFO - [2023-08-07T17:41:14.625+0000] {dag.py:2742} INFO - Sync 1 DAGs
[2023-08-07T17:41:14.661+0000] {logging_mixin.py:150} INFO - [2023-08-07T17:41:14.661+0000] {dag.py:3508} INFO - Setting next_dagrun for example_task_group to 2023-08-06T17:41:14.661033+00:00, run_after=2023-08-07T17:41:14.661033+00:00
[2023-08-07T17:41:14.690+0000] {processor.py:179} INFO - Processing /home/airflow/.local/lib/python3.7/site-packages/airflow/example_dags/example_task_group.py took 0.101 seconds
[2023-08-07T17:41:45.171+0000] {processor.py:157} INFO - Started process (PID=111) to work on /home/airflow/.local/lib/python3.7/site-packages/airflow/example_dags/example_task_group.py
[2023-08-07T17:41:45.173+0000] {processor.py:826} INFO - Processing file /home/airflow/.local/lib/python3.7/site-packages/airflow/example_dags/example_task_group.py for tasks to queue
[2023-08-07T17:41:45.174+0000] {logging_mixin.py:150} INFO - [2023-08-07T17:41:45.174+0000] {dagbag.py:541} INFO - Filling up the DagBag from /home/airflow/.local/lib/python3.7/site-packages/airflow/example_dags/example_task_group.py
[2023-08-07T17:41:45.187+0000] {processor.py:836} INFO - DAG(s) dict_keys(['example_task_group']) retrieved from /home/airflow/.local/lib/python3.7/site-packages/airflow/example_dags/example_task_group.py
[2023-08-07T17:41:45.225+0000] {logging_mixin.py:150} INFO - [2023-08-07T17:41:45.225+0000] {dag.py:2742} INFO - Sync 1 DAGs
[2023-08-07T17:41:45.247+0000] {logging_mixin.py:150} INFO - [2023-08-07T17:41:45.247+0000] {dag.py:3508} INFO - Setting next_dagrun for example_task_group to 2023-08-06T17:41:45.247426+00:00, run_after=2023-08-07T17:41:45.247426+00:00
[2023-08-07T17:41:45.266+0000] {processor.py:179} INFO - Processing /home/airflow/.local/lib/python3.7/site-packages/airflow/example_dags/example_task_group.py took 0.100 seconds
[2023-08-07T17:42:15.876+0000] {processor.py:157} INFO - Started process (PID=173) to work on /home/airflow/.local/lib/python3.7/site-packages/airflow/example_dags/example_task_group.py
[2023-08-07T17:42:15.876+0000] {processor.py:826} INFO - Processing file /home/airflow/.local/lib/python3.7/site-packages/airflow/example_dags/example_task_group.py for tasks to queue
[2023-08-07T17:42:15.877+0000] {logging_mixin.py:150} INFO - [2023-08-07T17:42:15.877+0000] {dagbag.py:541} INFO - Filling up the DagBag from /home/airflow/.local/lib/python3.7/site-packages/airflow/example_dags/example_task_group.py
[2023-08-07T17:42:15.882+0000] {processor.py:836} INFO - DAG(s) dict_keys(['example_task_group']) retrieved from /home/airflow/.local/lib/python3.7/site-packages/airflow/example_dags/example_task_group.py
[2023-08-07T17:42:15.902+0000] {logging_mixin.py:150} INFO - [2023-08-07T17:42:15.902+0000] {dag.py:2742} INFO - Sync 1 DAGs
[2023-08-07T17:42:15.924+0000] {logging_mixin.py:150} INFO - [2023-08-07T17:42:15.924+0000] {dag.py:3508} INFO - Setting next_dagrun for example_task_group to 2023-08-06T17:42:15.924405+00:00, run_after=2023-08-07T17:42:15.924405+00:00
[2023-08-07T17:42:15.942+0000] {processor.py:179} INFO - Processing /home/airflow/.local/lib/python3.7/site-packages/airflow/example_dags/example_task_group.py took 0.069 seconds
[2023-08-07T17:42:46.847+0000] {processor.py:157} INFO - Started process (PID=235) to work on /home/airflow/.local/lib/python3.7/site-packages/airflow/example_dags/example_task_group.py
[2023-08-07T17:42:46.848+0000] {processor.py:826} INFO - Processing file /home/airflow/.local/lib/python3.7/site-packages/airflow/example_dags/example_task_group.py for tasks to queue
[2023-08-07T17:42:46.849+0000] {logging_mixin.py:150} INFO - [2023-08-07T17:42:46.849+0000] {dagbag.py:541} INFO - Filling up the DagBag from /home/airflow/.local/lib/python3.7/site-packages/airflow/example_dags/example_task_group.py
[2023-08-07T17:42:46.861+0000] {processor.py:836} INFO - DAG(s) dict_keys(['example_task_group']) retrieved from /home/airflow/.local/lib/python3.7/site-packages/airflow/example_dags/example_task_group.py
[2023-08-07T17:42:46.883+0000] {logging_mixin.py:150} INFO - [2023-08-07T17:42:46.883+0000] {dag.py:2742} INFO - Sync 1 DAGs
[2023-08-07T17:42:46.905+0000] {logging_mixin.py:150} INFO - [2023-08-07T17:42:46.905+0000] {dag.py:3508} INFO - Setting next_dagrun for example_task_group to 2023-08-06T17:42:46.905639+00:00, run_after=2023-08-07T17:42:46.905639+00:00
[2023-08-07T17:42:46.924+0000] {processor.py:179} INFO - Processing /home/airflow/.local/lib/python3.7/site-packages/airflow/example_dags/example_task_group.py took 0.080 seconds
[2023-08-07T17:43:17.904+0000] {processor.py:157} INFO - Started process (PID=298) to work on /home/airflow/.local/lib/python3.7/site-packages/airflow/example_dags/example_task_group.py
[2023-08-07T17:43:17.905+0000] {processor.py:826} INFO - Processing file /home/airflow/.local/lib/python3.7/site-packages/airflow/example_dags/example_task_group.py for tasks to queue
[2023-08-07T17:43:17.906+0000] {logging_mixin.py:150} INFO - [2023-08-07T17:43:17.906+0000] {dagbag.py:541} INFO - Filling up the DagBag from /home/airflow/.local/lib/python3.7/site-packages/airflow/example_dags/example_task_group.py
[2023-08-07T17:43:17.918+0000] {processor.py:836} INFO - DAG(s) dict_keys(['example_task_group']) retrieved from /home/airflow/.local/lib/python3.7/site-packages/airflow/example_dags/example_task_group.py
[2023-08-07T17:43:17.959+0000] {logging_mixin.py:150} INFO - [2023-08-07T17:43:17.959+0000] {dag.py:2742} INFO - Sync 1 DAGs
[2023-08-07T17:43:17.982+0000] {logging_mixin.py:150} INFO - [2023-08-07T17:43:17.982+0000] {dag.py:3508} INFO - Setting next_dagrun for example_task_group to 2023-08-06T17:43:17.982208+00:00, run_after=2023-08-07T17:43:17.982208+00:00
[2023-08-07T17:43:18.002+0000] {processor.py:179} INFO - Processing /home/airflow/.local/lib/python3.7/site-packages/airflow/example_dags/example_task_group.py took 0.102 seconds
[2023-08-07T17:43:48.064+0000] {processor.py:157} INFO - Started process (PID=360) to work on /home/airflow/.local/lib/python3.7/site-packages/airflow/example_dags/example_task_group.py
[2023-08-07T17:43:48.066+0000] {processor.py:826} INFO - Processing file /home/airflow/.local/lib/python3.7/site-packages/airflow/example_dags/example_task_group.py for tasks to queue
[2023-08-07T17:43:48.067+0000] {logging_mixin.py:150} INFO - [2023-08-07T17:43:48.066+0000] {dagbag.py:541} INFO - Filling up the DagBag from /home/airflow/.local/lib/python3.7/site-packages/airflow/example_dags/example_task_group.py
[2023-08-07T17:43:48.078+0000] {processor.py:836} INFO - DAG(s) dict_keys(['example_task_group']) retrieved from /home/airflow/.local/lib/python3.7/site-packages/airflow/example_dags/example_task_group.py
[2023-08-07T17:43:48.102+0000] {logging_mixin.py:150} INFO - [2023-08-07T17:43:48.102+0000] {dag.py:2742} INFO - Sync 1 DAGs
[2023-08-07T17:43:48.125+0000] {logging_mixin.py:150} INFO - [2023-08-07T17:43:48.125+0000] {dag.py:3508} INFO - Setting next_dagrun for example_task_group to 2023-08-06T17:43:48.124981+00:00, run_after=2023-08-07T17:43:48.124981+00:00
[2023-08-07T17:43:48.142+0000] {processor.py:179} INFO - Processing /home/airflow/.local/lib/python3.7/site-packages/airflow/example_dags/example_task_group.py took 0.083 seconds
[2023-08-07T18:11:01.104+0000] {processor.py:157} INFO - Started process (PID=51) to work on /home/airflow/.local/lib/python3.7/site-packages/airflow/example_dags/example_task_group.py
[2023-08-07T18:11:01.105+0000] {processor.py:826} INFO - Processing file /home/airflow/.local/lib/python3.7/site-packages/airflow/example_dags/example_task_group.py for tasks to queue
[2023-08-07T18:11:01.105+0000] {logging_mixin.py:150} INFO - [2023-08-07T18:11:01.105+0000] {dagbag.py:541} INFO - Filling up the DagBag from /home/airflow/.local/lib/python3.7/site-packages/airflow/example_dags/example_task_group.py
[2023-08-07T18:11:01.116+0000] {processor.py:836} INFO - DAG(s) dict_keys(['example_task_group']) retrieved from /home/airflow/.local/lib/python3.7/site-packages/airflow/example_dags/example_task_group.py
[2023-08-07T18:11:01.128+0000] {logging_mixin.py:150} INFO - [2023-08-07T18:11:01.128+0000] {dag.py:2742} INFO - Sync 1 DAGs
[2023-08-07T18:11:01.157+0000] {logging_mixin.py:150} INFO - [2023-08-07T18:11:01.157+0000] {dag.py:3508} INFO - Setting next_dagrun for example_task_group to 2023-08-06T18:11:01.156938+00:00, run_after=2023-08-07T18:11:01.156938+00:00
[2023-08-07T18:11:01.182+0000] {processor.py:179} INFO - Processing /home/airflow/.local/lib/python3.7/site-packages/airflow/example_dags/example_task_group.py took 0.080 seconds
