[2023-08-07T17:08:48.287+0000] {processor.py:157} INFO - Started process (PID=50) to work on /home/airflow/.local/lib/python3.7/site-packages/airflow/example_dags/example_local_kubernetes_executor.py
[2023-08-07T17:08:48.288+0000] {processor.py:826} INFO - Processing file /home/airflow/.local/lib/python3.7/site-packages/airflow/example_dags/example_local_kubernetes_executor.py for tasks to queue
[2023-08-07T17:08:48.288+0000] {logging_mixin.py:150} INFO - [2023-08-07T17:08:48.288+0000] {dagbag.py:541} INFO - Filling up the DagBag from /home/airflow/.local/lib/python3.7/site-packages/airflow/example_dags/example_local_kubernetes_executor.py
[2023-08-07T17:08:49.480+0000] {processor.py:836} INFO - DAG(s) dict_keys(['example_local_kubernetes_executor']) retrieved from /home/airflow/.local/lib/python3.7/site-packages/airflow/example_dags/example_local_kubernetes_executor.py
[2023-08-07T17:08:49.493+0000] {logging_mixin.py:150} INFO - [2023-08-07T17:08:49.493+0000] {dag.py:2742} INFO - Sync 1 DAGs
[2023-08-07T17:08:49.525+0000] {logging_mixin.py:150} INFO - [2023-08-07T17:08:49.525+0000] {dag.py:3508} INFO - Setting next_dagrun for example_local_kubernetes_executor to None, run_after=None
[2023-08-07T17:08:49.549+0000] {processor.py:179} INFO - Processing /home/airflow/.local/lib/python3.7/site-packages/airflow/example_dags/example_local_kubernetes_executor.py took 1.264 seconds
[2023-08-07T17:09:19.920+0000] {processor.py:157} INFO - Started process (PID=113) to work on /home/airflow/.local/lib/python3.7/site-packages/airflow/example_dags/example_local_kubernetes_executor.py
[2023-08-07T17:09:19.931+0000] {processor.py:826} INFO - Processing file /home/airflow/.local/lib/python3.7/site-packages/airflow/example_dags/example_local_kubernetes_executor.py for tasks to queue
[2023-08-07T17:09:19.932+0000] {logging_mixin.py:150} INFO - [2023-08-07T17:09:19.931+0000] {dagbag.py:541} INFO - Filling up the DagBag from /home/airflow/.local/lib/python3.7/site-packages/airflow/example_dags/example_local_kubernetes_executor.py
[2023-08-07T17:09:20.095+0000] {processor.py:836} INFO - DAG(s) dict_keys(['example_local_kubernetes_executor']) retrieved from /home/airflow/.local/lib/python3.7/site-packages/airflow/example_dags/example_local_kubernetes_executor.py
[2023-08-07T17:09:20.128+0000] {logging_mixin.py:150} INFO - [2023-08-07T17:09:20.128+0000] {dag.py:2742} INFO - Sync 1 DAGs
[2023-08-07T17:09:20.151+0000] {logging_mixin.py:150} INFO - [2023-08-07T17:09:20.151+0000] {dag.py:3508} INFO - Setting next_dagrun for example_local_kubernetes_executor to None, run_after=None
[2023-08-07T17:09:20.184+0000] {processor.py:179} INFO - Processing /home/airflow/.local/lib/python3.7/site-packages/airflow/example_dags/example_local_kubernetes_executor.py took 0.270 seconds
[2023-08-07T17:09:50.546+0000] {processor.py:157} INFO - Started process (PID=175) to work on /home/airflow/.local/lib/python3.7/site-packages/airflow/example_dags/example_local_kubernetes_executor.py
[2023-08-07T17:09:50.557+0000] {processor.py:826} INFO - Processing file /home/airflow/.local/lib/python3.7/site-packages/airflow/example_dags/example_local_kubernetes_executor.py for tasks to queue
[2023-08-07T17:09:50.558+0000] {logging_mixin.py:150} INFO - [2023-08-07T17:09:50.557+0000] {dagbag.py:541} INFO - Filling up the DagBag from /home/airflow/.local/lib/python3.7/site-packages/airflow/example_dags/example_local_kubernetes_executor.py
[2023-08-07T17:09:50.727+0000] {processor.py:836} INFO - DAG(s) dict_keys(['example_local_kubernetes_executor']) retrieved from /home/airflow/.local/lib/python3.7/site-packages/airflow/example_dags/example_local_kubernetes_executor.py
[2023-08-07T17:09:50.756+0000] {logging_mixin.py:150} INFO - [2023-08-07T17:09:50.756+0000] {dag.py:2742} INFO - Sync 1 DAGs
[2023-08-07T17:09:50.780+0000] {logging_mixin.py:150} INFO - [2023-08-07T17:09:50.780+0000] {dag.py:3508} INFO - Setting next_dagrun for example_local_kubernetes_executor to None, run_after=None
[2023-08-07T17:09:50.798+0000] {processor.py:179} INFO - Processing /home/airflow/.local/lib/python3.7/site-packages/airflow/example_dags/example_local_kubernetes_executor.py took 0.257 seconds
[2023-08-07T17:10:20.914+0000] {processor.py:157} INFO - Started process (PID=237) to work on /home/airflow/.local/lib/python3.7/site-packages/airflow/example_dags/example_local_kubernetes_executor.py
[2023-08-07T17:10:20.915+0000] {processor.py:826} INFO - Processing file /home/airflow/.local/lib/python3.7/site-packages/airflow/example_dags/example_local_kubernetes_executor.py for tasks to queue
[2023-08-07T17:10:20.916+0000] {logging_mixin.py:150} INFO - [2023-08-07T17:10:20.916+0000] {dagbag.py:541} INFO - Filling up the DagBag from /home/airflow/.local/lib/python3.7/site-packages/airflow/example_dags/example_local_kubernetes_executor.py
[2023-08-07T17:10:21.104+0000] {processor.py:836} INFO - DAG(s) dict_keys(['example_local_kubernetes_executor']) retrieved from /home/airflow/.local/lib/python3.7/site-packages/airflow/example_dags/example_local_kubernetes_executor.py
[2023-08-07T17:10:21.133+0000] {logging_mixin.py:150} INFO - [2023-08-07T17:10:21.133+0000] {dag.py:2742} INFO - Sync 1 DAGs
[2023-08-07T17:10:21.157+0000] {logging_mixin.py:150} INFO - [2023-08-07T17:10:21.157+0000] {dag.py:3508} INFO - Setting next_dagrun for example_local_kubernetes_executor to None, run_after=None
[2023-08-07T17:10:21.184+0000] {processor.py:179} INFO - Processing /home/airflow/.local/lib/python3.7/site-packages/airflow/example_dags/example_local_kubernetes_executor.py took 0.275 seconds
[2023-08-07T17:10:51.240+0000] {processor.py:157} INFO - Started process (PID=299) to work on /home/airflow/.local/lib/python3.7/site-packages/airflow/example_dags/example_local_kubernetes_executor.py
[2023-08-07T17:10:51.251+0000] {processor.py:826} INFO - Processing file /home/airflow/.local/lib/python3.7/site-packages/airflow/example_dags/example_local_kubernetes_executor.py for tasks to queue
[2023-08-07T17:10:51.251+0000] {logging_mixin.py:150} INFO - [2023-08-07T17:10:51.251+0000] {dagbag.py:541} INFO - Filling up the DagBag from /home/airflow/.local/lib/python3.7/site-packages/airflow/example_dags/example_local_kubernetes_executor.py
[2023-08-07T17:10:51.436+0000] {processor.py:836} INFO - DAG(s) dict_keys(['example_local_kubernetes_executor']) retrieved from /home/airflow/.local/lib/python3.7/site-packages/airflow/example_dags/example_local_kubernetes_executor.py
[2023-08-07T17:10:51.464+0000] {logging_mixin.py:150} INFO - [2023-08-07T17:10:51.464+0000] {dag.py:2742} INFO - Sync 1 DAGs
[2023-08-07T17:10:51.487+0000] {logging_mixin.py:150} INFO - [2023-08-07T17:10:51.486+0000] {dag.py:3508} INFO - Setting next_dagrun for example_local_kubernetes_executor to None, run_after=None
[2023-08-07T17:10:51.515+0000] {processor.py:179} INFO - Processing /home/airflow/.local/lib/python3.7/site-packages/airflow/example_dags/example_local_kubernetes_executor.py took 0.280 seconds
[2023-08-07T17:11:22.171+0000] {processor.py:157} INFO - Started process (PID=361) to work on /home/airflow/.local/lib/python3.7/site-packages/airflow/example_dags/example_local_kubernetes_executor.py
[2023-08-07T17:11:22.182+0000] {processor.py:826} INFO - Processing file /home/airflow/.local/lib/python3.7/site-packages/airflow/example_dags/example_local_kubernetes_executor.py for tasks to queue
[2023-08-07T17:11:22.183+0000] {logging_mixin.py:150} INFO - [2023-08-07T17:11:22.183+0000] {dagbag.py:541} INFO - Filling up the DagBag from /home/airflow/.local/lib/python3.7/site-packages/airflow/example_dags/example_local_kubernetes_executor.py
[2023-08-07T17:11:22.375+0000] {processor.py:836} INFO - DAG(s) dict_keys(['example_local_kubernetes_executor']) retrieved from /home/airflow/.local/lib/python3.7/site-packages/airflow/example_dags/example_local_kubernetes_executor.py
[2023-08-07T17:11:22.404+0000] {logging_mixin.py:150} INFO - [2023-08-07T17:11:22.404+0000] {dag.py:2742} INFO - Sync 1 DAGs
[2023-08-07T17:11:22.426+0000] {logging_mixin.py:150} INFO - [2023-08-07T17:11:22.426+0000] {dag.py:3508} INFO - Setting next_dagrun for example_local_kubernetes_executor to None, run_after=None
[2023-08-07T17:11:22.452+0000] {processor.py:179} INFO - Processing /home/airflow/.local/lib/python3.7/site-packages/airflow/example_dags/example_local_kubernetes_executor.py took 0.284 seconds
[2023-08-07T17:11:52.985+0000] {processor.py:157} INFO - Started process (PID=423) to work on /home/airflow/.local/lib/python3.7/site-packages/airflow/example_dags/example_local_kubernetes_executor.py
[2023-08-07T17:11:52.996+0000] {processor.py:826} INFO - Processing file /home/airflow/.local/lib/python3.7/site-packages/airflow/example_dags/example_local_kubernetes_executor.py for tasks to queue
[2023-08-07T17:11:52.997+0000] {logging_mixin.py:150} INFO - [2023-08-07T17:11:52.997+0000] {dagbag.py:541} INFO - Filling up the DagBag from /home/airflow/.local/lib/python3.7/site-packages/airflow/example_dags/example_local_kubernetes_executor.py
[2023-08-07T17:11:53.158+0000] {processor.py:836} INFO - DAG(s) dict_keys(['example_local_kubernetes_executor']) retrieved from /home/airflow/.local/lib/python3.7/site-packages/airflow/example_dags/example_local_kubernetes_executor.py
[2023-08-07T17:11:53.184+0000] {logging_mixin.py:150} INFO - [2023-08-07T17:11:53.184+0000] {dag.py:2742} INFO - Sync 1 DAGs
[2023-08-07T17:11:53.209+0000] {logging_mixin.py:150} INFO - [2023-08-07T17:11:53.208+0000] {dag.py:3508} INFO - Setting next_dagrun for example_local_kubernetes_executor to None, run_after=None
[2023-08-07T17:11:53.235+0000] {processor.py:179} INFO - Processing /home/airflow/.local/lib/python3.7/site-packages/airflow/example_dags/example_local_kubernetes_executor.py took 0.252 seconds
[2023-08-07T17:12:23.604+0000] {processor.py:157} INFO - Started process (PID=485) to work on /home/airflow/.local/lib/python3.7/site-packages/airflow/example_dags/example_local_kubernetes_executor.py
[2023-08-07T17:12:23.615+0000] {processor.py:826} INFO - Processing file /home/airflow/.local/lib/python3.7/site-packages/airflow/example_dags/example_local_kubernetes_executor.py for tasks to queue
[2023-08-07T17:12:23.615+0000] {logging_mixin.py:150} INFO - [2023-08-07T17:12:23.615+0000] {dagbag.py:541} INFO - Filling up the DagBag from /home/airflow/.local/lib/python3.7/site-packages/airflow/example_dags/example_local_kubernetes_executor.py
[2023-08-07T17:12:23.780+0000] {processor.py:836} INFO - DAG(s) dict_keys(['example_local_kubernetes_executor']) retrieved from /home/airflow/.local/lib/python3.7/site-packages/airflow/example_dags/example_local_kubernetes_executor.py
[2023-08-07T17:12:23.807+0000] {logging_mixin.py:150} INFO - [2023-08-07T17:12:23.806+0000] {dag.py:2742} INFO - Sync 1 DAGs
[2023-08-07T17:12:23.828+0000] {logging_mixin.py:150} INFO - [2023-08-07T17:12:23.828+0000] {dag.py:3508} INFO - Setting next_dagrun for example_local_kubernetes_executor to None, run_after=None
[2023-08-07T17:12:23.858+0000] {processor.py:179} INFO - Processing /home/airflow/.local/lib/python3.7/site-packages/airflow/example_dags/example_local_kubernetes_executor.py took 0.259 seconds
[2023-08-07T17:12:54.480+0000] {processor.py:157} INFO - Started process (PID=547) to work on /home/airflow/.local/lib/python3.7/site-packages/airflow/example_dags/example_local_kubernetes_executor.py
[2023-08-07T17:12:54.482+0000] {processor.py:826} INFO - Processing file /home/airflow/.local/lib/python3.7/site-packages/airflow/example_dags/example_local_kubernetes_executor.py for tasks to queue
[2023-08-07T17:12:54.483+0000] {logging_mixin.py:150} INFO - [2023-08-07T17:12:54.483+0000] {dagbag.py:541} INFO - Filling up the DagBag from /home/airflow/.local/lib/python3.7/site-packages/airflow/example_dags/example_local_kubernetes_executor.py
[2023-08-07T17:12:54.673+0000] {processor.py:836} INFO - DAG(s) dict_keys(['example_local_kubernetes_executor']) retrieved from /home/airflow/.local/lib/python3.7/site-packages/airflow/example_dags/example_local_kubernetes_executor.py
[2023-08-07T17:12:54.700+0000] {logging_mixin.py:150} INFO - [2023-08-07T17:12:54.700+0000] {dag.py:2742} INFO - Sync 1 DAGs
[2023-08-07T17:12:54.721+0000] {logging_mixin.py:150} INFO - [2023-08-07T17:12:54.721+0000] {dag.py:3508} INFO - Setting next_dagrun for example_local_kubernetes_executor to None, run_after=None
[2023-08-07T17:12:54.737+0000] {processor.py:179} INFO - Processing /home/airflow/.local/lib/python3.7/site-packages/airflow/example_dags/example_local_kubernetes_executor.py took 0.262 seconds
[2023-08-07T17:13:24.855+0000] {processor.py:157} INFO - Started process (PID=609) to work on /home/airflow/.local/lib/python3.7/site-packages/airflow/example_dags/example_local_kubernetes_executor.py
[2023-08-07T17:13:24.857+0000] {processor.py:826} INFO - Processing file /home/airflow/.local/lib/python3.7/site-packages/airflow/example_dags/example_local_kubernetes_executor.py for tasks to queue
[2023-08-07T17:13:24.858+0000] {logging_mixin.py:150} INFO - [2023-08-07T17:13:24.858+0000] {dagbag.py:541} INFO - Filling up the DagBag from /home/airflow/.local/lib/python3.7/site-packages/airflow/example_dags/example_local_kubernetes_executor.py
[2023-08-07T17:13:25.047+0000] {processor.py:836} INFO - DAG(s) dict_keys(['example_local_kubernetes_executor']) retrieved from /home/airflow/.local/lib/python3.7/site-packages/airflow/example_dags/example_local_kubernetes_executor.py
[2023-08-07T17:13:25.076+0000] {logging_mixin.py:150} INFO - [2023-08-07T17:13:25.075+0000] {dag.py:2742} INFO - Sync 1 DAGs
[2023-08-07T17:13:25.099+0000] {logging_mixin.py:150} INFO - [2023-08-07T17:13:25.099+0000] {dag.py:3508} INFO - Setting next_dagrun for example_local_kubernetes_executor to None, run_after=None
[2023-08-07T17:13:25.126+0000] {processor.py:179} INFO - Processing /home/airflow/.local/lib/python3.7/site-packages/airflow/example_dags/example_local_kubernetes_executor.py took 0.276 seconds
[2023-08-07T17:13:55.578+0000] {processor.py:157} INFO - Started process (PID=671) to work on /home/airflow/.local/lib/python3.7/site-packages/airflow/example_dags/example_local_kubernetes_executor.py
[2023-08-07T17:13:55.579+0000] {processor.py:826} INFO - Processing file /home/airflow/.local/lib/python3.7/site-packages/airflow/example_dags/example_local_kubernetes_executor.py for tasks to queue
[2023-08-07T17:13:55.580+0000] {logging_mixin.py:150} INFO - [2023-08-07T17:13:55.580+0000] {dagbag.py:541} INFO - Filling up the DagBag from /home/airflow/.local/lib/python3.7/site-packages/airflow/example_dags/example_local_kubernetes_executor.py
[2023-08-07T17:13:55.765+0000] {processor.py:836} INFO - DAG(s) dict_keys(['example_local_kubernetes_executor']) retrieved from /home/airflow/.local/lib/python3.7/site-packages/airflow/example_dags/example_local_kubernetes_executor.py
[2023-08-07T17:13:55.793+0000] {logging_mixin.py:150} INFO - [2023-08-07T17:13:55.792+0000] {dag.py:2742} INFO - Sync 1 DAGs
[2023-08-07T17:13:55.815+0000] {logging_mixin.py:150} INFO - [2023-08-07T17:13:55.815+0000] {dag.py:3508} INFO - Setting next_dagrun for example_local_kubernetes_executor to None, run_after=None
[2023-08-07T17:13:55.841+0000] {processor.py:179} INFO - Processing /home/airflow/.local/lib/python3.7/site-packages/airflow/example_dags/example_local_kubernetes_executor.py took 0.267 seconds
[2023-08-07T17:14:26.468+0000] {processor.py:157} INFO - Started process (PID=733) to work on /home/airflow/.local/lib/python3.7/site-packages/airflow/example_dags/example_local_kubernetes_executor.py
[2023-08-07T17:14:26.478+0000] {processor.py:826} INFO - Processing file /home/airflow/.local/lib/python3.7/site-packages/airflow/example_dags/example_local_kubernetes_executor.py for tasks to queue
[2023-08-07T17:14:26.479+0000] {logging_mixin.py:150} INFO - [2023-08-07T17:14:26.479+0000] {dagbag.py:541} INFO - Filling up the DagBag from /home/airflow/.local/lib/python3.7/site-packages/airflow/example_dags/example_local_kubernetes_executor.py
[2023-08-07T17:14:26.646+0000] {processor.py:836} INFO - DAG(s) dict_keys(['example_local_kubernetes_executor']) retrieved from /home/airflow/.local/lib/python3.7/site-packages/airflow/example_dags/example_local_kubernetes_executor.py
[2023-08-07T17:14:26.674+0000] {logging_mixin.py:150} INFO - [2023-08-07T17:14:26.674+0000] {dag.py:2742} INFO - Sync 1 DAGs
[2023-08-07T17:14:26.696+0000] {logging_mixin.py:150} INFO - [2023-08-07T17:14:26.696+0000] {dag.py:3508} INFO - Setting next_dagrun for example_local_kubernetes_executor to None, run_after=None
[2023-08-07T17:14:26.724+0000] {processor.py:179} INFO - Processing /home/airflow/.local/lib/python3.7/site-packages/airflow/example_dags/example_local_kubernetes_executor.py took 0.261 seconds
[2023-08-07T17:14:56.751+0000] {processor.py:157} INFO - Started process (PID=795) to work on /home/airflow/.local/lib/python3.7/site-packages/airflow/example_dags/example_local_kubernetes_executor.py
[2023-08-07T17:14:56.753+0000] {processor.py:826} INFO - Processing file /home/airflow/.local/lib/python3.7/site-packages/airflow/example_dags/example_local_kubernetes_executor.py for tasks to queue
[2023-08-07T17:14:56.754+0000] {logging_mixin.py:150} INFO - [2023-08-07T17:14:56.753+0000] {dagbag.py:541} INFO - Filling up the DagBag from /home/airflow/.local/lib/python3.7/site-packages/airflow/example_dags/example_local_kubernetes_executor.py
[2023-08-07T17:14:56.939+0000] {processor.py:836} INFO - DAG(s) dict_keys(['example_local_kubernetes_executor']) retrieved from /home/airflow/.local/lib/python3.7/site-packages/airflow/example_dags/example_local_kubernetes_executor.py
[2023-08-07T17:14:56.966+0000] {logging_mixin.py:150} INFO - [2023-08-07T17:14:56.965+0000] {dag.py:2742} INFO - Sync 1 DAGs
[2023-08-07T17:14:56.988+0000] {logging_mixin.py:150} INFO - [2023-08-07T17:14:56.987+0000] {dag.py:3508} INFO - Setting next_dagrun for example_local_kubernetes_executor to None, run_after=None
[2023-08-07T17:14:57.016+0000] {processor.py:179} INFO - Processing /home/airflow/.local/lib/python3.7/site-packages/airflow/example_dags/example_local_kubernetes_executor.py took 0.270 seconds
[2023-08-07T17:15:27.891+0000] {processor.py:157} INFO - Started process (PID=857) to work on /home/airflow/.local/lib/python3.7/site-packages/airflow/example_dags/example_local_kubernetes_executor.py
[2023-08-07T17:15:27.892+0000] {processor.py:826} INFO - Processing file /home/airflow/.local/lib/python3.7/site-packages/airflow/example_dags/example_local_kubernetes_executor.py for tasks to queue
[2023-08-07T17:15:27.893+0000] {logging_mixin.py:150} INFO - [2023-08-07T17:15:27.893+0000] {dagbag.py:541} INFO - Filling up the DagBag from /home/airflow/.local/lib/python3.7/site-packages/airflow/example_dags/example_local_kubernetes_executor.py
[2023-08-07T17:15:28.080+0000] {processor.py:836} INFO - DAG(s) dict_keys(['example_local_kubernetes_executor']) retrieved from /home/airflow/.local/lib/python3.7/site-packages/airflow/example_dags/example_local_kubernetes_executor.py
[2023-08-07T17:15:28.107+0000] {logging_mixin.py:150} INFO - [2023-08-07T17:15:28.107+0000] {dag.py:2742} INFO - Sync 1 DAGs
[2023-08-07T17:15:28.129+0000] {logging_mixin.py:150} INFO - [2023-08-07T17:15:28.128+0000] {dag.py:3508} INFO - Setting next_dagrun for example_local_kubernetes_executor to None, run_after=None
[2023-08-07T17:15:28.160+0000] {processor.py:179} INFO - Processing /home/airflow/.local/lib/python3.7/site-packages/airflow/example_dags/example_local_kubernetes_executor.py took 0.273 seconds
[2023-08-07T17:15:58.250+0000] {processor.py:157} INFO - Started process (PID=919) to work on /home/airflow/.local/lib/python3.7/site-packages/airflow/example_dags/example_local_kubernetes_executor.py
[2023-08-07T17:15:58.251+0000] {processor.py:826} INFO - Processing file /home/airflow/.local/lib/python3.7/site-packages/airflow/example_dags/example_local_kubernetes_executor.py for tasks to queue
[2023-08-07T17:15:58.252+0000] {logging_mixin.py:150} INFO - [2023-08-07T17:15:58.251+0000] {dagbag.py:541} INFO - Filling up the DagBag from /home/airflow/.local/lib/python3.7/site-packages/airflow/example_dags/example_local_kubernetes_executor.py
[2023-08-07T17:15:58.415+0000] {processor.py:836} INFO - DAG(s) dict_keys(['example_local_kubernetes_executor']) retrieved from /home/airflow/.local/lib/python3.7/site-packages/airflow/example_dags/example_local_kubernetes_executor.py
[2023-08-07T17:15:58.444+0000] {logging_mixin.py:150} INFO - [2023-08-07T17:15:58.444+0000] {dag.py:2742} INFO - Sync 1 DAGs
[2023-08-07T17:15:58.466+0000] {logging_mixin.py:150} INFO - [2023-08-07T17:15:58.466+0000] {dag.py:3508} INFO - Setting next_dagrun for example_local_kubernetes_executor to None, run_after=None
[2023-08-07T17:15:58.495+0000] {processor.py:179} INFO - Processing /home/airflow/.local/lib/python3.7/site-packages/airflow/example_dags/example_local_kubernetes_executor.py took 0.247 seconds
[2023-08-07T17:16:28.749+0000] {processor.py:157} INFO - Started process (PID=981) to work on /home/airflow/.local/lib/python3.7/site-packages/airflow/example_dags/example_local_kubernetes_executor.py
[2023-08-07T17:16:28.750+0000] {processor.py:826} INFO - Processing file /home/airflow/.local/lib/python3.7/site-packages/airflow/example_dags/example_local_kubernetes_executor.py for tasks to queue
[2023-08-07T17:16:28.751+0000] {logging_mixin.py:150} INFO - [2023-08-07T17:16:28.751+0000] {dagbag.py:541} INFO - Filling up the DagBag from /home/airflow/.local/lib/python3.7/site-packages/airflow/example_dags/example_local_kubernetes_executor.py
[2023-08-07T17:16:28.943+0000] {processor.py:836} INFO - DAG(s) dict_keys(['example_local_kubernetes_executor']) retrieved from /home/airflow/.local/lib/python3.7/site-packages/airflow/example_dags/example_local_kubernetes_executor.py
[2023-08-07T17:16:28.971+0000] {logging_mixin.py:150} INFO - [2023-08-07T17:16:28.971+0000] {dag.py:2742} INFO - Sync 1 DAGs
[2023-08-07T17:16:28.994+0000] {logging_mixin.py:150} INFO - [2023-08-07T17:16:28.994+0000] {dag.py:3508} INFO - Setting next_dagrun for example_local_kubernetes_executor to None, run_after=None
[2023-08-07T17:16:29.011+0000] {processor.py:179} INFO - Processing /home/airflow/.local/lib/python3.7/site-packages/airflow/example_dags/example_local_kubernetes_executor.py took 0.267 seconds
[2023-08-07T17:41:14.465+0000] {processor.py:157} INFO - Started process (PID=49) to work on /home/airflow/.local/lib/python3.7/site-packages/airflow/example_dags/example_local_kubernetes_executor.py
[2023-08-07T17:41:14.467+0000] {processor.py:826} INFO - Processing file /home/airflow/.local/lib/python3.7/site-packages/airflow/example_dags/example_local_kubernetes_executor.py for tasks to queue
[2023-08-07T17:41:14.468+0000] {logging_mixin.py:150} INFO - [2023-08-07T17:41:14.468+0000] {dagbag.py:541} INFO - Filling up the DagBag from /home/airflow/.local/lib/python3.7/site-packages/airflow/example_dags/example_local_kubernetes_executor.py
[2023-08-07T17:41:15.721+0000] {processor.py:836} INFO - DAG(s) dict_keys(['example_local_kubernetes_executor']) retrieved from /home/airflow/.local/lib/python3.7/site-packages/airflow/example_dags/example_local_kubernetes_executor.py
[2023-08-07T17:41:15.734+0000] {logging_mixin.py:150} INFO - [2023-08-07T17:41:15.733+0000] {dag.py:2742} INFO - Sync 1 DAGs
[2023-08-07T17:41:15.768+0000] {logging_mixin.py:150} INFO - [2023-08-07T17:41:15.767+0000] {dag.py:3508} INFO - Setting next_dagrun for example_local_kubernetes_executor to None, run_after=None
[2023-08-07T17:41:15.794+0000] {processor.py:179} INFO - Processing /home/airflow/.local/lib/python3.7/site-packages/airflow/example_dags/example_local_kubernetes_executor.py took 1.332 seconds
[2023-08-07T17:41:46.185+0000] {processor.py:157} INFO - Started process (PID=112) to work on /home/airflow/.local/lib/python3.7/site-packages/airflow/example_dags/example_local_kubernetes_executor.py
[2023-08-07T17:41:46.196+0000] {processor.py:826} INFO - Processing file /home/airflow/.local/lib/python3.7/site-packages/airflow/example_dags/example_local_kubernetes_executor.py for tasks to queue
[2023-08-07T17:41:46.197+0000] {logging_mixin.py:150} INFO - [2023-08-07T17:41:46.197+0000] {dagbag.py:541} INFO - Filling up the DagBag from /home/airflow/.local/lib/python3.7/site-packages/airflow/example_dags/example_local_kubernetes_executor.py
[2023-08-07T17:41:46.384+0000] {processor.py:836} INFO - DAG(s) dict_keys(['example_local_kubernetes_executor']) retrieved from /home/airflow/.local/lib/python3.7/site-packages/airflow/example_dags/example_local_kubernetes_executor.py
[2023-08-07T17:41:46.410+0000] {logging_mixin.py:150} INFO - [2023-08-07T17:41:46.410+0000] {dag.py:2742} INFO - Sync 1 DAGs
[2023-08-07T17:41:46.432+0000] {logging_mixin.py:150} INFO - [2023-08-07T17:41:46.432+0000] {dag.py:3508} INFO - Setting next_dagrun for example_local_kubernetes_executor to None, run_after=None
[2023-08-07T17:41:46.451+0000] {processor.py:179} INFO - Processing /home/airflow/.local/lib/python3.7/site-packages/airflow/example_dags/example_local_kubernetes_executor.py took 0.271 seconds
[2023-08-07T17:42:16.969+0000] {processor.py:157} INFO - Started process (PID=174) to work on /home/airflow/.local/lib/python3.7/site-packages/airflow/example_dags/example_local_kubernetes_executor.py
[2023-08-07T17:42:16.970+0000] {processor.py:826} INFO - Processing file /home/airflow/.local/lib/python3.7/site-packages/airflow/example_dags/example_local_kubernetes_executor.py for tasks to queue
[2023-08-07T17:42:16.971+0000] {logging_mixin.py:150} INFO - [2023-08-07T17:42:16.971+0000] {dagbag.py:541} INFO - Filling up the DagBag from /home/airflow/.local/lib/python3.7/site-packages/airflow/example_dags/example_local_kubernetes_executor.py
[2023-08-07T17:42:17.155+0000] {processor.py:836} INFO - DAG(s) dict_keys(['example_local_kubernetes_executor']) retrieved from /home/airflow/.local/lib/python3.7/site-packages/airflow/example_dags/example_local_kubernetes_executor.py
[2023-08-07T17:42:17.184+0000] {logging_mixin.py:150} INFO - [2023-08-07T17:42:17.184+0000] {dag.py:2742} INFO - Sync 1 DAGs
[2023-08-07T17:42:17.207+0000] {logging_mixin.py:150} INFO - [2023-08-07T17:42:17.206+0000] {dag.py:3508} INFO - Setting next_dagrun for example_local_kubernetes_executor to None, run_after=None
[2023-08-07T17:42:17.223+0000] {processor.py:179} INFO - Processing /home/airflow/.local/lib/python3.7/site-packages/airflow/example_dags/example_local_kubernetes_executor.py took 0.259 seconds
[2023-08-07T17:42:47.953+0000] {processor.py:157} INFO - Started process (PID=236) to work on /home/airflow/.local/lib/python3.7/site-packages/airflow/example_dags/example_local_kubernetes_executor.py
[2023-08-07T17:42:47.955+0000] {processor.py:826} INFO - Processing file /home/airflow/.local/lib/python3.7/site-packages/airflow/example_dags/example_local_kubernetes_executor.py for tasks to queue
[2023-08-07T17:42:47.956+0000] {logging_mixin.py:150} INFO - [2023-08-07T17:42:47.955+0000] {dagbag.py:541} INFO - Filling up the DagBag from /home/airflow/.local/lib/python3.7/site-packages/airflow/example_dags/example_local_kubernetes_executor.py
[2023-08-07T17:42:48.161+0000] {processor.py:836} INFO - DAG(s) dict_keys(['example_local_kubernetes_executor']) retrieved from /home/airflow/.local/lib/python3.7/site-packages/airflow/example_dags/example_local_kubernetes_executor.py
[2023-08-07T17:42:48.188+0000] {logging_mixin.py:150} INFO - [2023-08-07T17:42:48.188+0000] {dag.py:2742} INFO - Sync 1 DAGs
[2023-08-07T17:42:48.212+0000] {logging_mixin.py:150} INFO - [2023-08-07T17:42:48.212+0000] {dag.py:3508} INFO - Setting next_dagrun for example_local_kubernetes_executor to None, run_after=None
[2023-08-07T17:42:48.239+0000] {processor.py:179} INFO - Processing /home/airflow/.local/lib/python3.7/site-packages/airflow/example_dags/example_local_kubernetes_executor.py took 0.291 seconds
[2023-08-07T17:43:18.919+0000] {processor.py:157} INFO - Started process (PID=299) to work on /home/airflow/.local/lib/python3.7/site-packages/airflow/example_dags/example_local_kubernetes_executor.py
[2023-08-07T17:43:18.930+0000] {processor.py:826} INFO - Processing file /home/airflow/.local/lib/python3.7/site-packages/airflow/example_dags/example_local_kubernetes_executor.py for tasks to queue
[2023-08-07T17:43:18.931+0000] {logging_mixin.py:150} INFO - [2023-08-07T17:43:18.931+0000] {dagbag.py:541} INFO - Filling up the DagBag from /home/airflow/.local/lib/python3.7/site-packages/airflow/example_dags/example_local_kubernetes_executor.py
[2023-08-07T17:43:19.132+0000] {processor.py:836} INFO - DAG(s) dict_keys(['example_local_kubernetes_executor']) retrieved from /home/airflow/.local/lib/python3.7/site-packages/airflow/example_dags/example_local_kubernetes_executor.py
[2023-08-07T17:43:19.161+0000] {logging_mixin.py:150} INFO - [2023-08-07T17:43:19.161+0000] {dag.py:2742} INFO - Sync 1 DAGs
[2023-08-07T17:43:19.184+0000] {logging_mixin.py:150} INFO - [2023-08-07T17:43:19.183+0000] {dag.py:3508} INFO - Setting next_dagrun for example_local_kubernetes_executor to None, run_after=None
[2023-08-07T17:43:19.203+0000] {processor.py:179} INFO - Processing /home/airflow/.local/lib/python3.7/site-packages/airflow/example_dags/example_local_kubernetes_executor.py took 0.289 seconds
[2023-08-07T17:43:50.078+0000] {processor.py:157} INFO - Started process (PID=361) to work on /home/airflow/.local/lib/python3.7/site-packages/airflow/example_dags/example_local_kubernetes_executor.py
[2023-08-07T17:43:50.078+0000] {processor.py:826} INFO - Processing file /home/airflow/.local/lib/python3.7/site-packages/airflow/example_dags/example_local_kubernetes_executor.py for tasks to queue
[2023-08-07T17:43:50.079+0000] {logging_mixin.py:150} INFO - [2023-08-07T17:43:50.079+0000] {dagbag.py:541} INFO - Filling up the DagBag from /home/airflow/.local/lib/python3.7/site-packages/airflow/example_dags/example_local_kubernetes_executor.py
[2023-08-07T17:43:50.266+0000] {processor.py:836} INFO - DAG(s) dict_keys(['example_local_kubernetes_executor']) retrieved from /home/airflow/.local/lib/python3.7/site-packages/airflow/example_dags/example_local_kubernetes_executor.py
[2023-08-07T17:43:50.294+0000] {logging_mixin.py:150} INFO - [2023-08-07T17:43:50.294+0000] {dag.py:2742} INFO - Sync 1 DAGs
[2023-08-07T17:43:50.317+0000] {logging_mixin.py:150} INFO - [2023-08-07T17:43:50.317+0000] {dag.py:3508} INFO - Setting next_dagrun for example_local_kubernetes_executor to None, run_after=None
[2023-08-07T17:43:50.347+0000] {processor.py:179} INFO - Processing /home/airflow/.local/lib/python3.7/site-packages/airflow/example_dags/example_local_kubernetes_executor.py took 0.271 seconds
[2023-08-07T18:11:00.990+0000] {processor.py:157} INFO - Started process (PID=50) to work on /home/airflow/.local/lib/python3.7/site-packages/airflow/example_dags/example_local_kubernetes_executor.py
[2023-08-07T18:11:00.992+0000] {processor.py:826} INFO - Processing file /home/airflow/.local/lib/python3.7/site-packages/airflow/example_dags/example_local_kubernetes_executor.py for tasks to queue
[2023-08-07T18:11:00.993+0000] {logging_mixin.py:150} INFO - [2023-08-07T18:11:00.993+0000] {dagbag.py:541} INFO - Filling up the DagBag from /home/airflow/.local/lib/python3.7/site-packages/airflow/example_dags/example_local_kubernetes_executor.py
[2023-08-07T18:11:02.193+0000] {processor.py:836} INFO - DAG(s) dict_keys(['example_local_kubernetes_executor']) retrieved from /home/airflow/.local/lib/python3.7/site-packages/airflow/example_dags/example_local_kubernetes_executor.py
[2023-08-07T18:11:02.205+0000] {logging_mixin.py:150} INFO - [2023-08-07T18:11:02.204+0000] {dag.py:2742} INFO - Sync 1 DAGs
[2023-08-07T18:11:02.230+0000] {logging_mixin.py:150} INFO - [2023-08-07T18:11:02.230+0000] {dag.py:3508} INFO - Setting next_dagrun for example_local_kubernetes_executor to None, run_after=None
[2023-08-07T18:11:02.252+0000] {processor.py:179} INFO - Processing /home/airflow/.local/lib/python3.7/site-packages/airflow/example_dags/example_local_kubernetes_executor.py took 1.267 seconds
