[2023-08-07T17:08:48.538+0000] {processor.py:157} INFO - Started process (PID=52) to work on /home/airflow/.local/lib/python3.7/site-packages/airflow/example_dags/example_kubernetes_executor.py
[2023-08-07T17:08:48.538+0000] {processor.py:826} INFO - Processing file /home/airflow/.local/lib/python3.7/site-packages/airflow/example_dags/example_kubernetes_executor.py for tasks to queue
[2023-08-07T17:08:48.539+0000] {logging_mixin.py:150} INFO - [2023-08-07T17:08:48.539+0000] {dagbag.py:541} INFO - Filling up the DagBag from /home/airflow/.local/lib/python3.7/site-packages/airflow/example_dags/example_kubernetes_executor.py
[2023-08-07T17:08:49.480+0000] {processor.py:836} INFO - DAG(s) dict_keys(['example_kubernetes_executor']) retrieved from /home/airflow/.local/lib/python3.7/site-packages/airflow/example_dags/example_kubernetes_executor.py
[2023-08-07T17:08:49.500+0000] {logging_mixin.py:150} INFO - [2023-08-07T17:08:49.500+0000] {dag.py:2742} INFO - Sync 1 DAGs
[2023-08-07T17:08:49.532+0000] {logging_mixin.py:150} INFO - [2023-08-07T17:08:49.532+0000] {dag.py:3508} INFO - Setting next_dagrun for example_kubernetes_executor to None, run_after=None
[2023-08-07T17:08:49.557+0000] {processor.py:179} INFO - Processing /home/airflow/.local/lib/python3.7/site-packages/airflow/example_dags/example_kubernetes_executor.py took 1.022 seconds
[2023-08-07T17:09:19.930+0000] {processor.py:157} INFO - Started process (PID=114) to work on /home/airflow/.local/lib/python3.7/site-packages/airflow/example_dags/example_kubernetes_executor.py
[2023-08-07T17:09:19.931+0000] {processor.py:826} INFO - Processing file /home/airflow/.local/lib/python3.7/site-packages/airflow/example_dags/example_kubernetes_executor.py for tasks to queue
[2023-08-07T17:09:19.932+0000] {logging_mixin.py:150} INFO - [2023-08-07T17:09:19.932+0000] {dagbag.py:541} INFO - Filling up the DagBag from /home/airflow/.local/lib/python3.7/site-packages/airflow/example_dags/example_kubernetes_executor.py
[2023-08-07T17:09:20.124+0000] {processor.py:836} INFO - DAG(s) dict_keys(['example_kubernetes_executor']) retrieved from /home/airflow/.local/lib/python3.7/site-packages/airflow/example_dags/example_kubernetes_executor.py
[2023-08-07T17:09:20.154+0000] {logging_mixin.py:150} INFO - [2023-08-07T17:09:20.154+0000] {dag.py:2742} INFO - Sync 1 DAGs
[2023-08-07T17:09:20.177+0000] {logging_mixin.py:150} INFO - [2023-08-07T17:09:20.177+0000] {dag.py:3508} INFO - Setting next_dagrun for example_kubernetes_executor to None, run_after=None
[2023-08-07T17:09:20.193+0000] {processor.py:179} INFO - Processing /home/airflow/.local/lib/python3.7/site-packages/airflow/example_dags/example_kubernetes_executor.py took 0.268 seconds
[2023-08-07T17:09:50.554+0000] {processor.py:157} INFO - Started process (PID=176) to work on /home/airflow/.local/lib/python3.7/site-packages/airflow/example_dags/example_kubernetes_executor.py
[2023-08-07T17:09:50.556+0000] {processor.py:826} INFO - Processing file /home/airflow/.local/lib/python3.7/site-packages/airflow/example_dags/example_kubernetes_executor.py for tasks to queue
[2023-08-07T17:09:50.557+0000] {logging_mixin.py:150} INFO - [2023-08-07T17:09:50.557+0000] {dagbag.py:541} INFO - Filling up the DagBag from /home/airflow/.local/lib/python3.7/site-packages/airflow/example_dags/example_kubernetes_executor.py
[2023-08-07T17:09:50.723+0000] {processor.py:836} INFO - DAG(s) dict_keys(['example_kubernetes_executor']) retrieved from /home/airflow/.local/lib/python3.7/site-packages/airflow/example_dags/example_kubernetes_executor.py
[2023-08-07T17:09:50.754+0000] {logging_mixin.py:150} INFO - [2023-08-07T17:09:50.754+0000] {dag.py:2742} INFO - Sync 1 DAGs
[2023-08-07T17:09:50.777+0000] {logging_mixin.py:150} INFO - [2023-08-07T17:09:50.777+0000] {dag.py:3508} INFO - Setting next_dagrun for example_kubernetes_executor to None, run_after=None
[2023-08-07T17:09:50.796+0000] {processor.py:179} INFO - Processing /home/airflow/.local/lib/python3.7/site-packages/airflow/example_dags/example_kubernetes_executor.py took 0.245 seconds
[2023-08-07T17:10:20.925+0000] {processor.py:157} INFO - Started process (PID=238) to work on /home/airflow/.local/lib/python3.7/site-packages/airflow/example_dags/example_kubernetes_executor.py
[2023-08-07T17:10:20.926+0000] {processor.py:826} INFO - Processing file /home/airflow/.local/lib/python3.7/site-packages/airflow/example_dags/example_kubernetes_executor.py for tasks to queue
[2023-08-07T17:10:20.927+0000] {logging_mixin.py:150} INFO - [2023-08-07T17:10:20.927+0000] {dagbag.py:541} INFO - Filling up the DagBag from /home/airflow/.local/lib/python3.7/site-packages/airflow/example_dags/example_kubernetes_executor.py
[2023-08-07T17:10:21.114+0000] {processor.py:836} INFO - DAG(s) dict_keys(['example_kubernetes_executor']) retrieved from /home/airflow/.local/lib/python3.7/site-packages/airflow/example_dags/example_kubernetes_executor.py
[2023-08-07T17:10:21.146+0000] {logging_mixin.py:150} INFO - [2023-08-07T17:10:21.146+0000] {dag.py:2742} INFO - Sync 1 DAGs
[2023-08-07T17:10:21.169+0000] {logging_mixin.py:150} INFO - [2023-08-07T17:10:21.169+0000] {dag.py:3508} INFO - Setting next_dagrun for example_kubernetes_executor to None, run_after=None
[2023-08-07T17:10:21.187+0000] {processor.py:179} INFO - Processing /home/airflow/.local/lib/python3.7/site-packages/airflow/example_dags/example_kubernetes_executor.py took 0.268 seconds
[2023-08-07T17:10:51.249+0000] {processor.py:157} INFO - Started process (PID=300) to work on /home/airflow/.local/lib/python3.7/site-packages/airflow/example_dags/example_kubernetes_executor.py
[2023-08-07T17:10:51.250+0000] {processor.py:826} INFO - Processing file /home/airflow/.local/lib/python3.7/site-packages/airflow/example_dags/example_kubernetes_executor.py for tasks to queue
[2023-08-07T17:10:51.251+0000] {logging_mixin.py:150} INFO - [2023-08-07T17:10:51.251+0000] {dagbag.py:541} INFO - Filling up the DagBag from /home/airflow/.local/lib/python3.7/site-packages/airflow/example_dags/example_kubernetes_executor.py
[2023-08-07T17:10:51.436+0000] {processor.py:836} INFO - DAG(s) dict_keys(['example_kubernetes_executor']) retrieved from /home/airflow/.local/lib/python3.7/site-packages/airflow/example_dags/example_kubernetes_executor.py
[2023-08-07T17:10:51.466+0000] {logging_mixin.py:150} INFO - [2023-08-07T17:10:51.466+0000] {dag.py:2742} INFO - Sync 1 DAGs
[2023-08-07T17:10:51.490+0000] {logging_mixin.py:150} INFO - [2023-08-07T17:10:51.490+0000] {dag.py:3508} INFO - Setting next_dagrun for example_kubernetes_executor to None, run_after=None
[2023-08-07T17:10:51.516+0000] {processor.py:179} INFO - Processing /home/airflow/.local/lib/python3.7/site-packages/airflow/example_dags/example_kubernetes_executor.py took 0.270 seconds
[2023-08-07T17:11:22.178+0000] {processor.py:157} INFO - Started process (PID=362) to work on /home/airflow/.local/lib/python3.7/site-packages/airflow/example_dags/example_kubernetes_executor.py
[2023-08-07T17:11:22.182+0000] {processor.py:826} INFO - Processing file /home/airflow/.local/lib/python3.7/site-packages/airflow/example_dags/example_kubernetes_executor.py for tasks to queue
[2023-08-07T17:11:22.183+0000] {logging_mixin.py:150} INFO - [2023-08-07T17:11:22.183+0000] {dagbag.py:541} INFO - Filling up the DagBag from /home/airflow/.local/lib/python3.7/site-packages/airflow/example_dags/example_kubernetes_executor.py
[2023-08-07T17:11:22.372+0000] {processor.py:836} INFO - DAG(s) dict_keys(['example_kubernetes_executor']) retrieved from /home/airflow/.local/lib/python3.7/site-packages/airflow/example_dags/example_kubernetes_executor.py
[2023-08-07T17:11:22.401+0000] {logging_mixin.py:150} INFO - [2023-08-07T17:11:22.401+0000] {dag.py:2742} INFO - Sync 1 DAGs
[2023-08-07T17:11:22.423+0000] {logging_mixin.py:150} INFO - [2023-08-07T17:11:22.423+0000] {dag.py:3508} INFO - Setting next_dagrun for example_kubernetes_executor to None, run_after=None
[2023-08-07T17:11:22.450+0000] {processor.py:179} INFO - Processing /home/airflow/.local/lib/python3.7/site-packages/airflow/example_dags/example_kubernetes_executor.py took 0.277 seconds
[2023-08-07T17:11:52.994+0000] {processor.py:157} INFO - Started process (PID=424) to work on /home/airflow/.local/lib/python3.7/site-packages/airflow/example_dags/example_kubernetes_executor.py
[2023-08-07T17:11:52.996+0000] {processor.py:826} INFO - Processing file /home/airflow/.local/lib/python3.7/site-packages/airflow/example_dags/example_kubernetes_executor.py for tasks to queue
[2023-08-07T17:11:52.997+0000] {logging_mixin.py:150} INFO - [2023-08-07T17:11:52.997+0000] {dagbag.py:541} INFO - Filling up the DagBag from /home/airflow/.local/lib/python3.7/site-packages/airflow/example_dags/example_kubernetes_executor.py
[2023-08-07T17:11:53.187+0000] {processor.py:836} INFO - DAG(s) dict_keys(['example_kubernetes_executor']) retrieved from /home/airflow/.local/lib/python3.7/site-packages/airflow/example_dags/example_kubernetes_executor.py
[2023-08-07T17:11:53.219+0000] {logging_mixin.py:150} INFO - [2023-08-07T17:11:53.218+0000] {dag.py:2742} INFO - Sync 1 DAGs
[2023-08-07T17:11:53.240+0000] {logging_mixin.py:150} INFO - [2023-08-07T17:11:53.240+0000] {dag.py:3508} INFO - Setting next_dagrun for example_kubernetes_executor to None, run_after=None
[2023-08-07T17:11:53.261+0000] {processor.py:179} INFO - Processing /home/airflow/.local/lib/python3.7/site-packages/airflow/example_dags/example_kubernetes_executor.py took 0.272 seconds
[2023-08-07T17:12:23.613+0000] {processor.py:157} INFO - Started process (PID=486) to work on /home/airflow/.local/lib/python3.7/site-packages/airflow/example_dags/example_kubernetes_executor.py
[2023-08-07T17:12:23.615+0000] {processor.py:826} INFO - Processing file /home/airflow/.local/lib/python3.7/site-packages/airflow/example_dags/example_kubernetes_executor.py for tasks to queue
[2023-08-07T17:12:23.616+0000] {logging_mixin.py:150} INFO - [2023-08-07T17:12:23.616+0000] {dagbag.py:541} INFO - Filling up the DagBag from /home/airflow/.local/lib/python3.7/site-packages/airflow/example_dags/example_kubernetes_executor.py
[2023-08-07T17:12:23.794+0000] {processor.py:836} INFO - DAG(s) dict_keys(['example_kubernetes_executor']) retrieved from /home/airflow/.local/lib/python3.7/site-packages/airflow/example_dags/example_kubernetes_executor.py
[2023-08-07T17:12:23.825+0000] {logging_mixin.py:150} INFO - [2023-08-07T17:12:23.825+0000] {dag.py:2742} INFO - Sync 1 DAGs
[2023-08-07T17:12:23.848+0000] {logging_mixin.py:150} INFO - [2023-08-07T17:12:23.848+0000] {dag.py:3508} INFO - Setting next_dagrun for example_kubernetes_executor to None, run_after=None
[2023-08-07T17:12:23.864+0000] {processor.py:179} INFO - Processing /home/airflow/.local/lib/python3.7/site-packages/airflow/example_dags/example_kubernetes_executor.py took 0.254 seconds
[2023-08-07T17:12:54.485+0000] {processor.py:157} INFO - Started process (PID=548) to work on /home/airflow/.local/lib/python3.7/site-packages/airflow/example_dags/example_kubernetes_executor.py
[2023-08-07T17:12:54.486+0000] {processor.py:826} INFO - Processing file /home/airflow/.local/lib/python3.7/site-packages/airflow/example_dags/example_kubernetes_executor.py for tasks to queue
[2023-08-07T17:12:54.486+0000] {logging_mixin.py:150} INFO - [2023-08-07T17:12:54.486+0000] {dagbag.py:541} INFO - Filling up the DagBag from /home/airflow/.local/lib/python3.7/site-packages/airflow/example_dags/example_kubernetes_executor.py
[2023-08-07T17:12:54.652+0000] {processor.py:836} INFO - DAG(s) dict_keys(['example_kubernetes_executor']) retrieved from /home/airflow/.local/lib/python3.7/site-packages/airflow/example_dags/example_kubernetes_executor.py
[2023-08-07T17:12:54.684+0000] {logging_mixin.py:150} INFO - [2023-08-07T17:12:54.684+0000] {dag.py:2742} INFO - Sync 1 DAGs
[2023-08-07T17:12:54.706+0000] {logging_mixin.py:150} INFO - [2023-08-07T17:12:54.706+0000] {dag.py:3508} INFO - Setting next_dagrun for example_kubernetes_executor to None, run_after=None
[2023-08-07T17:12:54.733+0000] {processor.py:179} INFO - Processing /home/airflow/.local/lib/python3.7/site-packages/airflow/example_dags/example_kubernetes_executor.py took 0.250 seconds
[2023-08-07T17:13:24.864+0000] {processor.py:157} INFO - Started process (PID=610) to work on /home/airflow/.local/lib/python3.7/site-packages/airflow/example_dags/example_kubernetes_executor.py
[2023-08-07T17:13:24.866+0000] {processor.py:826} INFO - Processing file /home/airflow/.local/lib/python3.7/site-packages/airflow/example_dags/example_kubernetes_executor.py for tasks to queue
[2023-08-07T17:13:24.867+0000] {logging_mixin.py:150} INFO - [2023-08-07T17:13:24.867+0000] {dagbag.py:541} INFO - Filling up the DagBag from /home/airflow/.local/lib/python3.7/site-packages/airflow/example_dags/example_kubernetes_executor.py
[2023-08-07T17:13:25.061+0000] {processor.py:836} INFO - DAG(s) dict_keys(['example_kubernetes_executor']) retrieved from /home/airflow/.local/lib/python3.7/site-packages/airflow/example_dags/example_kubernetes_executor.py
[2023-08-07T17:13:25.094+0000] {logging_mixin.py:150} INFO - [2023-08-07T17:13:25.094+0000] {dag.py:2742} INFO - Sync 1 DAGs
[2023-08-07T17:13:25.117+0000] {logging_mixin.py:150} INFO - [2023-08-07T17:13:25.117+0000] {dag.py:3508} INFO - Setting next_dagrun for example_kubernetes_executor to None, run_after=None
[2023-08-07T17:13:25.136+0000] {processor.py:179} INFO - Processing /home/airflow/.local/lib/python3.7/site-packages/airflow/example_dags/example_kubernetes_executor.py took 0.277 seconds
[2023-08-07T17:13:55.583+0000] {processor.py:157} INFO - Started process (PID=672) to work on /home/airflow/.local/lib/python3.7/site-packages/airflow/example_dags/example_kubernetes_executor.py
[2023-08-07T17:13:55.583+0000] {processor.py:826} INFO - Processing file /home/airflow/.local/lib/python3.7/site-packages/airflow/example_dags/example_kubernetes_executor.py for tasks to queue
[2023-08-07T17:13:55.584+0000] {logging_mixin.py:150} INFO - [2023-08-07T17:13:55.584+0000] {dagbag.py:541} INFO - Filling up the DagBag from /home/airflow/.local/lib/python3.7/site-packages/airflow/example_dags/example_kubernetes_executor.py
[2023-08-07T17:13:55.758+0000] {processor.py:836} INFO - DAG(s) dict_keys(['example_kubernetes_executor']) retrieved from /home/airflow/.local/lib/python3.7/site-packages/airflow/example_dags/example_kubernetes_executor.py
[2023-08-07T17:13:55.788+0000] {logging_mixin.py:150} INFO - [2023-08-07T17:13:55.788+0000] {dag.py:2742} INFO - Sync 1 DAGs
[2023-08-07T17:13:55.813+0000] {logging_mixin.py:150} INFO - [2023-08-07T17:13:55.813+0000] {dag.py:3508} INFO - Setting next_dagrun for example_kubernetes_executor to None, run_after=None
[2023-08-07T17:13:55.840+0000] {processor.py:179} INFO - Processing /home/airflow/.local/lib/python3.7/site-packages/airflow/example_dags/example_kubernetes_executor.py took 0.260 seconds
[2023-08-07T17:14:26.477+0000] {processor.py:157} INFO - Started process (PID=734) to work on /home/airflow/.local/lib/python3.7/site-packages/airflow/example_dags/example_kubernetes_executor.py
[2023-08-07T17:14:26.478+0000] {processor.py:826} INFO - Processing file /home/airflow/.local/lib/python3.7/site-packages/airflow/example_dags/example_kubernetes_executor.py for tasks to queue
[2023-08-07T17:14:26.479+0000] {logging_mixin.py:150} INFO - [2023-08-07T17:14:26.479+0000] {dagbag.py:541} INFO - Filling up the DagBag from /home/airflow/.local/lib/python3.7/site-packages/airflow/example_dags/example_kubernetes_executor.py
[2023-08-07T17:14:26.675+0000] {processor.py:836} INFO - DAG(s) dict_keys(['example_kubernetes_executor']) retrieved from /home/airflow/.local/lib/python3.7/site-packages/airflow/example_dags/example_kubernetes_executor.py
[2023-08-07T17:14:26.706+0000] {logging_mixin.py:150} INFO - [2023-08-07T17:14:26.706+0000] {dag.py:2742} INFO - Sync 1 DAGs
[2023-08-07T17:14:26.729+0000] {logging_mixin.py:150} INFO - [2023-08-07T17:14:26.728+0000] {dag.py:3508} INFO - Setting next_dagrun for example_kubernetes_executor to None, run_after=None
[2023-08-07T17:14:26.746+0000] {processor.py:179} INFO - Processing /home/airflow/.local/lib/python3.7/site-packages/airflow/example_dags/example_kubernetes_executor.py took 0.273 seconds
[2023-08-07T17:14:56.870+0000] {processor.py:157} INFO - Started process (PID=796) to work on /home/airflow/.local/lib/python3.7/site-packages/airflow/example_dags/example_kubernetes_executor.py
[2023-08-07T17:14:56.871+0000] {processor.py:826} INFO - Processing file /home/airflow/.local/lib/python3.7/site-packages/airflow/example_dags/example_kubernetes_executor.py for tasks to queue
[2023-08-07T17:14:56.872+0000] {logging_mixin.py:150} INFO - [2023-08-07T17:14:56.872+0000] {dagbag.py:541} INFO - Filling up the DagBag from /home/airflow/.local/lib/python3.7/site-packages/airflow/example_dags/example_kubernetes_executor.py
[2023-08-07T17:14:57.062+0000] {processor.py:836} INFO - DAG(s) dict_keys(['example_kubernetes_executor']) retrieved from /home/airflow/.local/lib/python3.7/site-packages/airflow/example_dags/example_kubernetes_executor.py
[2023-08-07T17:14:57.093+0000] {logging_mixin.py:150} INFO - [2023-08-07T17:14:57.093+0000] {dag.py:2742} INFO - Sync 1 DAGs
[2023-08-07T17:14:57.115+0000] {logging_mixin.py:150} INFO - [2023-08-07T17:14:57.115+0000] {dag.py:3508} INFO - Setting next_dagrun for example_kubernetes_executor to None, run_after=None
[2023-08-07T17:14:57.133+0000] {processor.py:179} INFO - Processing /home/airflow/.local/lib/python3.7/site-packages/airflow/example_dags/example_kubernetes_executor.py took 0.268 seconds
[2023-08-07T17:15:27.902+0000] {processor.py:157} INFO - Started process (PID=858) to work on /home/airflow/.local/lib/python3.7/site-packages/airflow/example_dags/example_kubernetes_executor.py
[2023-08-07T17:15:27.903+0000] {processor.py:826} INFO - Processing file /home/airflow/.local/lib/python3.7/site-packages/airflow/example_dags/example_kubernetes_executor.py for tasks to queue
[2023-08-07T17:15:27.904+0000] {logging_mixin.py:150} INFO - [2023-08-07T17:15:27.904+0000] {dagbag.py:541} INFO - Filling up the DagBag from /home/airflow/.local/lib/python3.7/site-packages/airflow/example_dags/example_kubernetes_executor.py
[2023-08-07T17:15:28.075+0000] {processor.py:836} INFO - DAG(s) dict_keys(['example_kubernetes_executor']) retrieved from /home/airflow/.local/lib/python3.7/site-packages/airflow/example_dags/example_kubernetes_executor.py
[2023-08-07T17:15:28.106+0000] {logging_mixin.py:150} INFO - [2023-08-07T17:15:28.106+0000] {dag.py:2742} INFO - Sync 1 DAGs
[2023-08-07T17:15:28.130+0000] {logging_mixin.py:150} INFO - [2023-08-07T17:15:28.129+0000] {dag.py:3508} INFO - Setting next_dagrun for example_kubernetes_executor to None, run_after=None
[2023-08-07T17:15:28.156+0000] {processor.py:179} INFO - Processing /home/airflow/.local/lib/python3.7/site-packages/airflow/example_dags/example_kubernetes_executor.py took 0.259 seconds
[2023-08-07T17:15:58.260+0000] {processor.py:157} INFO - Started process (PID=920) to work on /home/airflow/.local/lib/python3.7/site-packages/airflow/example_dags/example_kubernetes_executor.py
[2023-08-07T17:15:58.261+0000] {processor.py:826} INFO - Processing file /home/airflow/.local/lib/python3.7/site-packages/airflow/example_dags/example_kubernetes_executor.py for tasks to queue
[2023-08-07T17:15:58.262+0000] {logging_mixin.py:150} INFO - [2023-08-07T17:15:58.262+0000] {dagbag.py:541} INFO - Filling up the DagBag from /home/airflow/.local/lib/python3.7/site-packages/airflow/example_dags/example_kubernetes_executor.py
[2023-08-07T17:15:58.451+0000] {processor.py:836} INFO - DAG(s) dict_keys(['example_kubernetes_executor']) retrieved from /home/airflow/.local/lib/python3.7/site-packages/airflow/example_dags/example_kubernetes_executor.py
[2023-08-07T17:15:58.482+0000] {logging_mixin.py:150} INFO - [2023-08-07T17:15:58.482+0000] {dag.py:2742} INFO - Sync 1 DAGs
[2023-08-07T17:15:58.503+0000] {logging_mixin.py:150} INFO - [2023-08-07T17:15:58.502+0000] {dag.py:3508} INFO - Setting next_dagrun for example_kubernetes_executor to None, run_after=None
[2023-08-07T17:15:58.520+0000] {processor.py:179} INFO - Processing /home/airflow/.local/lib/python3.7/site-packages/airflow/example_dags/example_kubernetes_executor.py took 0.265 seconds
[2023-08-07T17:16:28.760+0000] {processor.py:157} INFO - Started process (PID=982) to work on /home/airflow/.local/lib/python3.7/site-packages/airflow/example_dags/example_kubernetes_executor.py
[2023-08-07T17:16:28.761+0000] {processor.py:826} INFO - Processing file /home/airflow/.local/lib/python3.7/site-packages/airflow/example_dags/example_kubernetes_executor.py for tasks to queue
[2023-08-07T17:16:28.762+0000] {logging_mixin.py:150} INFO - [2023-08-07T17:16:28.762+0000] {dagbag.py:541} INFO - Filling up the DagBag from /home/airflow/.local/lib/python3.7/site-packages/airflow/example_dags/example_kubernetes_executor.py
[2023-08-07T17:16:28.960+0000] {processor.py:836} INFO - DAG(s) dict_keys(['example_kubernetes_executor']) retrieved from /home/airflow/.local/lib/python3.7/site-packages/airflow/example_dags/example_kubernetes_executor.py
[2023-08-07T17:16:28.990+0000] {logging_mixin.py:150} INFO - [2023-08-07T17:16:28.990+0000] {dag.py:2742} INFO - Sync 1 DAGs
[2023-08-07T17:16:29.011+0000] {logging_mixin.py:150} INFO - [2023-08-07T17:16:29.011+0000] {dag.py:3508} INFO - Setting next_dagrun for example_kubernetes_executor to None, run_after=None
[2023-08-07T17:16:29.027+0000] {processor.py:179} INFO - Processing /home/airflow/.local/lib/python3.7/site-packages/airflow/example_dags/example_kubernetes_executor.py took 0.272 seconds
[2023-08-07T17:41:14.714+0000] {processor.py:157} INFO - Started process (PID=51) to work on /home/airflow/.local/lib/python3.7/site-packages/airflow/example_dags/example_kubernetes_executor.py
[2023-08-07T17:41:14.718+0000] {processor.py:826} INFO - Processing file /home/airflow/.local/lib/python3.7/site-packages/airflow/example_dags/example_kubernetes_executor.py for tasks to queue
[2023-08-07T17:41:14.719+0000] {logging_mixin.py:150} INFO - [2023-08-07T17:41:14.718+0000] {dagbag.py:541} INFO - Filling up the DagBag from /home/airflow/.local/lib/python3.7/site-packages/airflow/example_dags/example_kubernetes_executor.py
[2023-08-07T17:41:15.732+0000] {processor.py:836} INFO - DAG(s) dict_keys(['example_kubernetes_executor']) retrieved from /home/airflow/.local/lib/python3.7/site-packages/airflow/example_dags/example_kubernetes_executor.py
[2023-08-07T17:41:15.749+0000] {logging_mixin.py:150} INFO - [2023-08-07T17:41:15.748+0000] {dag.py:2742} INFO - Sync 1 DAGs
[2023-08-07T17:41:15.781+0000] {logging_mixin.py:150} INFO - [2023-08-07T17:41:15.781+0000] {dag.py:3508} INFO - Setting next_dagrun for example_kubernetes_executor to None, run_after=None
[2023-08-07T17:41:15.803+0000] {processor.py:179} INFO - Processing /home/airflow/.local/lib/python3.7/site-packages/airflow/example_dags/example_kubernetes_executor.py took 1.093 seconds
[2023-08-07T17:41:46.193+0000] {processor.py:157} INFO - Started process (PID=113) to work on /home/airflow/.local/lib/python3.7/site-packages/airflow/example_dags/example_kubernetes_executor.py
[2023-08-07T17:41:46.196+0000] {processor.py:826} INFO - Processing file /home/airflow/.local/lib/python3.7/site-packages/airflow/example_dags/example_kubernetes_executor.py for tasks to queue
[2023-08-07T17:41:46.197+0000] {logging_mixin.py:150} INFO - [2023-08-07T17:41:46.197+0000] {dagbag.py:541} INFO - Filling up the DagBag from /home/airflow/.local/lib/python3.7/site-packages/airflow/example_dags/example_kubernetes_executor.py
[2023-08-07T17:41:46.366+0000] {processor.py:836} INFO - DAG(s) dict_keys(['example_kubernetes_executor']) retrieved from /home/airflow/.local/lib/python3.7/site-packages/airflow/example_dags/example_kubernetes_executor.py
[2023-08-07T17:41:46.402+0000] {logging_mixin.py:150} INFO - [2023-08-07T17:41:46.402+0000] {dag.py:2742} INFO - Sync 1 DAGs
[2023-08-07T17:41:46.426+0000] {logging_mixin.py:150} INFO - [2023-08-07T17:41:46.426+0000] {dag.py:3508} INFO - Setting next_dagrun for example_kubernetes_executor to None, run_after=None
[2023-08-07T17:41:46.443+0000] {processor.py:179} INFO - Processing /home/airflow/.local/lib/python3.7/site-packages/airflow/example_dags/example_kubernetes_executor.py took 0.252 seconds
[2023-08-07T17:42:16.974+0000] {processor.py:157} INFO - Started process (PID=175) to work on /home/airflow/.local/lib/python3.7/site-packages/airflow/example_dags/example_kubernetes_executor.py
[2023-08-07T17:42:16.975+0000] {processor.py:826} INFO - Processing file /home/airflow/.local/lib/python3.7/site-packages/airflow/example_dags/example_kubernetes_executor.py for tasks to queue
[2023-08-07T17:42:16.975+0000] {logging_mixin.py:150} INFO - [2023-08-07T17:42:16.975+0000] {dagbag.py:541} INFO - Filling up the DagBag from /home/airflow/.local/lib/python3.7/site-packages/airflow/example_dags/example_kubernetes_executor.py
[2023-08-07T17:42:17.140+0000] {processor.py:836} INFO - DAG(s) dict_keys(['example_kubernetes_executor']) retrieved from /home/airflow/.local/lib/python3.7/site-packages/airflow/example_dags/example_kubernetes_executor.py
[2023-08-07T17:42:17.170+0000] {logging_mixin.py:150} INFO - [2023-08-07T17:42:17.170+0000] {dag.py:2742} INFO - Sync 1 DAGs
[2023-08-07T17:42:17.192+0000] {logging_mixin.py:150} INFO - [2023-08-07T17:42:17.192+0000] {dag.py:3508} INFO - Setting next_dagrun for example_kubernetes_executor to None, run_after=None
[2023-08-07T17:42:17.209+0000] {processor.py:179} INFO - Processing /home/airflow/.local/lib/python3.7/site-packages/airflow/example_dags/example_kubernetes_executor.py took 0.237 seconds
[2023-08-07T17:42:47.962+0000] {processor.py:157} INFO - Started process (PID=237) to work on /home/airflow/.local/lib/python3.7/site-packages/airflow/example_dags/example_kubernetes_executor.py
[2023-08-07T17:42:47.963+0000] {processor.py:826} INFO - Processing file /home/airflow/.local/lib/python3.7/site-packages/airflow/example_dags/example_kubernetes_executor.py for tasks to queue
[2023-08-07T17:42:47.964+0000] {logging_mixin.py:150} INFO - [2023-08-07T17:42:47.964+0000] {dagbag.py:541} INFO - Filling up the DagBag from /home/airflow/.local/lib/python3.7/site-packages/airflow/example_dags/example_kubernetes_executor.py
[2023-08-07T17:42:48.160+0000] {processor.py:836} INFO - DAG(s) dict_keys(['example_kubernetes_executor']) retrieved from /home/airflow/.local/lib/python3.7/site-packages/airflow/example_dags/example_kubernetes_executor.py
[2023-08-07T17:42:48.193+0000] {logging_mixin.py:150} INFO - [2023-08-07T17:42:48.193+0000] {dag.py:2742} INFO - Sync 1 DAGs
[2023-08-07T17:42:48.216+0000] {logging_mixin.py:150} INFO - [2023-08-07T17:42:48.216+0000] {dag.py:3508} INFO - Setting next_dagrun for example_kubernetes_executor to None, run_after=None
[2023-08-07T17:42:48.239+0000] {processor.py:179} INFO - Processing /home/airflow/.local/lib/python3.7/site-packages/airflow/example_dags/example_kubernetes_executor.py took 0.282 seconds
[2023-08-07T17:43:18.926+0000] {processor.py:157} INFO - Started process (PID=300) to work on /home/airflow/.local/lib/python3.7/site-packages/airflow/example_dags/example_kubernetes_executor.py
[2023-08-07T17:43:18.930+0000] {processor.py:826} INFO - Processing file /home/airflow/.local/lib/python3.7/site-packages/airflow/example_dags/example_kubernetes_executor.py for tasks to queue
[2023-08-07T17:43:18.931+0000] {logging_mixin.py:150} INFO - [2023-08-07T17:43:18.930+0000] {dagbag.py:541} INFO - Filling up the DagBag from /home/airflow/.local/lib/python3.7/site-packages/airflow/example_dags/example_kubernetes_executor.py
[2023-08-07T17:43:19.108+0000] {processor.py:836} INFO - DAG(s) dict_keys(['example_kubernetes_executor']) retrieved from /home/airflow/.local/lib/python3.7/site-packages/airflow/example_dags/example_kubernetes_executor.py
[2023-08-07T17:43:19.140+0000] {logging_mixin.py:150} INFO - [2023-08-07T17:43:19.140+0000] {dag.py:2742} INFO - Sync 1 DAGs
[2023-08-07T17:43:19.166+0000] {logging_mixin.py:150} INFO - [2023-08-07T17:43:19.166+0000] {dag.py:3508} INFO - Setting next_dagrun for example_kubernetes_executor to None, run_after=None
[2023-08-07T17:43:19.196+0000] {processor.py:179} INFO - Processing /home/airflow/.local/lib/python3.7/site-packages/airflow/example_dags/example_kubernetes_executor.py took 0.272 seconds
[2023-08-07T17:43:50.084+0000] {processor.py:157} INFO - Started process (PID=362) to work on /home/airflow/.local/lib/python3.7/site-packages/airflow/example_dags/example_kubernetes_executor.py
[2023-08-07T17:43:50.085+0000] {processor.py:826} INFO - Processing file /home/airflow/.local/lib/python3.7/site-packages/airflow/example_dags/example_kubernetes_executor.py for tasks to queue
[2023-08-07T17:43:50.085+0000] {logging_mixin.py:150} INFO - [2023-08-07T17:43:50.085+0000] {dagbag.py:541} INFO - Filling up the DagBag from /home/airflow/.local/lib/python3.7/site-packages/airflow/example_dags/example_kubernetes_executor.py
[2023-08-07T17:43:50.264+0000] {processor.py:836} INFO - DAG(s) dict_keys(['example_kubernetes_executor']) retrieved from /home/airflow/.local/lib/python3.7/site-packages/airflow/example_dags/example_kubernetes_executor.py
[2023-08-07T17:43:50.297+0000] {logging_mixin.py:150} INFO - [2023-08-07T17:43:50.297+0000] {dag.py:2742} INFO - Sync 1 DAGs
[2023-08-07T17:43:50.320+0000] {logging_mixin.py:150} INFO - [2023-08-07T17:43:50.319+0000] {dag.py:3508} INFO - Setting next_dagrun for example_kubernetes_executor to None, run_after=None
[2023-08-07T17:43:50.346+0000] {processor.py:179} INFO - Processing /home/airflow/.local/lib/python3.7/site-packages/airflow/example_dags/example_kubernetes_executor.py took 0.264 seconds
[2023-08-07T18:11:01.202+0000] {processor.py:157} INFO - Started process (PID=52) to work on /home/airflow/.local/lib/python3.7/site-packages/airflow/example_dags/example_kubernetes_executor.py
[2023-08-07T18:11:01.205+0000] {processor.py:826} INFO - Processing file /home/airflow/.local/lib/python3.7/site-packages/airflow/example_dags/example_kubernetes_executor.py for tasks to queue
[2023-08-07T18:11:01.206+0000] {logging_mixin.py:150} INFO - [2023-08-07T18:11:01.206+0000] {dagbag.py:541} INFO - Filling up the DagBag from /home/airflow/.local/lib/python3.7/site-packages/airflow/example_dags/example_kubernetes_executor.py
[2023-08-07T18:11:02.198+0000] {processor.py:836} INFO - DAG(s) dict_keys(['example_kubernetes_executor']) retrieved from /home/airflow/.local/lib/python3.7/site-packages/airflow/example_dags/example_kubernetes_executor.py
[2023-08-07T18:11:02.208+0000] {logging_mixin.py:150} INFO - [2023-08-07T18:11:02.208+0000] {dag.py:2742} INFO - Sync 1 DAGs
[2023-08-07T18:11:02.235+0000] {logging_mixin.py:150} INFO - [2023-08-07T18:11:02.235+0000] {dag.py:3508} INFO - Setting next_dagrun for example_kubernetes_executor to None, run_after=None
[2023-08-07T18:11:02.257+0000] {processor.py:179} INFO - Processing /home/airflow/.local/lib/python3.7/site-packages/airflow/example_dags/example_kubernetes_executor.py took 1.058 seconds
