[2023-08-07T17:08:49.802+0000] {processor.py:157} INFO - Started process (PID=58) to work on /home/airflow/.local/lib/python3.7/site-packages/airflow/example_dags/example_short_circuit_operator.py
[2023-08-07T17:08:49.803+0000] {processor.py:826} INFO - Processing file /home/airflow/.local/lib/python3.7/site-packages/airflow/example_dags/example_short_circuit_operator.py for tasks to queue
[2023-08-07T17:08:49.804+0000] {logging_mixin.py:150} INFO - [2023-08-07T17:08:49.803+0000] {dagbag.py:541} INFO - Filling up the DagBag from /home/airflow/.local/lib/python3.7/site-packages/airflow/example_dags/example_short_circuit_operator.py
[2023-08-07T17:08:49.814+0000] {processor.py:836} INFO - DAG(s) dict_keys(['example_short_circuit_operator']) retrieved from /home/airflow/.local/lib/python3.7/site-packages/airflow/example_dags/example_short_circuit_operator.py
[2023-08-07T17:08:49.827+0000] {logging_mixin.py:150} INFO - [2023-08-07T17:08:49.827+0000] {dag.py:2742} INFO - Sync 1 DAGs
[2023-08-07T17:08:49.857+0000] {logging_mixin.py:150} INFO - [2023-08-07T17:08:49.856+0000] {dag.py:3508} INFO - Setting next_dagrun for example_short_circuit_operator to 2023-08-06T17:08:49.856433+00:00, run_after=2023-08-07T17:08:49.856433+00:00
[2023-08-07T17:08:49.880+0000] {processor.py:179} INFO - Processing /home/airflow/.local/lib/python3.7/site-packages/airflow/example_dags/example_short_circuit_operator.py took 0.080 seconds
[2023-08-07T17:09:20.497+0000] {processor.py:157} INFO - Started process (PID=120) to work on /home/airflow/.local/lib/python3.7/site-packages/airflow/example_dags/example_short_circuit_operator.py
[2023-08-07T17:09:20.497+0000] {processor.py:826} INFO - Processing file /home/airflow/.local/lib/python3.7/site-packages/airflow/example_dags/example_short_circuit_operator.py for tasks to queue
[2023-08-07T17:09:20.498+0000] {logging_mixin.py:150} INFO - [2023-08-07T17:09:20.498+0000] {dagbag.py:541} INFO - Filling up the DagBag from /home/airflow/.local/lib/python3.7/site-packages/airflow/example_dags/example_short_circuit_operator.py
[2023-08-07T17:09:20.505+0000] {processor.py:836} INFO - DAG(s) dict_keys(['example_short_circuit_operator']) retrieved from /home/airflow/.local/lib/python3.7/site-packages/airflow/example_dags/example_short_circuit_operator.py
[2023-08-07T17:09:20.526+0000] {logging_mixin.py:150} INFO - [2023-08-07T17:09:20.525+0000] {dag.py:2742} INFO - Sync 1 DAGs
[2023-08-07T17:09:20.549+0000] {logging_mixin.py:150} INFO - [2023-08-07T17:09:20.549+0000] {dag.py:3508} INFO - Setting next_dagrun for example_short_circuit_operator to 2023-08-06T17:09:20.549222+00:00, run_after=2023-08-07T17:09:20.549222+00:00
[2023-08-07T17:09:20.567+0000] {processor.py:179} INFO - Processing /home/airflow/.local/lib/python3.7/site-packages/airflow/example_dags/example_short_circuit_operator.py took 0.073 seconds
[2023-08-07T17:09:51.178+0000] {processor.py:157} INFO - Started process (PID=182) to work on /home/airflow/.local/lib/python3.7/site-packages/airflow/example_dags/example_short_circuit_operator.py
[2023-08-07T17:09:51.178+0000] {processor.py:826} INFO - Processing file /home/airflow/.local/lib/python3.7/site-packages/airflow/example_dags/example_short_circuit_operator.py for tasks to queue
[2023-08-07T17:09:51.179+0000] {logging_mixin.py:150} INFO - [2023-08-07T17:09:51.179+0000] {dagbag.py:541} INFO - Filling up the DagBag from /home/airflow/.local/lib/python3.7/site-packages/airflow/example_dags/example_short_circuit_operator.py
[2023-08-07T17:09:51.184+0000] {processor.py:836} INFO - DAG(s) dict_keys(['example_short_circuit_operator']) retrieved from /home/airflow/.local/lib/python3.7/site-packages/airflow/example_dags/example_short_circuit_operator.py
[2023-08-07T17:09:51.221+0000] {logging_mixin.py:150} INFO - [2023-08-07T17:09:51.221+0000] {dag.py:2742} INFO - Sync 1 DAGs
[2023-08-07T17:09:51.251+0000] {logging_mixin.py:150} INFO - [2023-08-07T17:09:51.251+0000] {dag.py:3508} INFO - Setting next_dagrun for example_short_circuit_operator to 2023-08-06T17:09:51.251256+00:00, run_after=2023-08-07T17:09:51.251256+00:00
[2023-08-07T17:09:51.271+0000] {processor.py:179} INFO - Processing /home/airflow/.local/lib/python3.7/site-packages/airflow/example_dags/example_short_circuit_operator.py took 0.096 seconds
[2023-08-07T17:10:21.538+0000] {processor.py:157} INFO - Started process (PID=244) to work on /home/airflow/.local/lib/python3.7/site-packages/airflow/example_dags/example_short_circuit_operator.py
[2023-08-07T17:10:21.539+0000] {processor.py:826} INFO - Processing file /home/airflow/.local/lib/python3.7/site-packages/airflow/example_dags/example_short_circuit_operator.py for tasks to queue
[2023-08-07T17:10:21.539+0000] {logging_mixin.py:150} INFO - [2023-08-07T17:10:21.539+0000] {dagbag.py:541} INFO - Filling up the DagBag from /home/airflow/.local/lib/python3.7/site-packages/airflow/example_dags/example_short_circuit_operator.py
[2023-08-07T17:10:21.545+0000] {processor.py:836} INFO - DAG(s) dict_keys(['example_short_circuit_operator']) retrieved from /home/airflow/.local/lib/python3.7/site-packages/airflow/example_dags/example_short_circuit_operator.py
[2023-08-07T17:10:21.585+0000] {logging_mixin.py:150} INFO - [2023-08-07T17:10:21.584+0000] {dag.py:2742} INFO - Sync 1 DAGs
[2023-08-07T17:10:21.615+0000] {logging_mixin.py:150} INFO - [2023-08-07T17:10:21.614+0000] {dag.py:3508} INFO - Setting next_dagrun for example_short_circuit_operator to 2023-08-06T17:10:21.614792+00:00, run_after=2023-08-07T17:10:21.614792+00:00
[2023-08-07T17:10:21.632+0000] {processor.py:179} INFO - Processing /home/airflow/.local/lib/python3.7/site-packages/airflow/example_dags/example_short_circuit_operator.py took 0.096 seconds
[2023-08-07T17:10:51.853+0000] {processor.py:157} INFO - Started process (PID=306) to work on /home/airflow/.local/lib/python3.7/site-packages/airflow/example_dags/example_short_circuit_operator.py
[2023-08-07T17:10:51.853+0000] {processor.py:826} INFO - Processing file /home/airflow/.local/lib/python3.7/site-packages/airflow/example_dags/example_short_circuit_operator.py for tasks to queue
[2023-08-07T17:10:51.854+0000] {logging_mixin.py:150} INFO - [2023-08-07T17:10:51.854+0000] {dagbag.py:541} INFO - Filling up the DagBag from /home/airflow/.local/lib/python3.7/site-packages/airflow/example_dags/example_short_circuit_operator.py
[2023-08-07T17:10:51.859+0000] {processor.py:836} INFO - DAG(s) dict_keys(['example_short_circuit_operator']) retrieved from /home/airflow/.local/lib/python3.7/site-packages/airflow/example_dags/example_short_circuit_operator.py
[2023-08-07T17:10:51.880+0000] {logging_mixin.py:150} INFO - [2023-08-07T17:10:51.880+0000] {dag.py:2742} INFO - Sync 1 DAGs
[2023-08-07T17:10:51.904+0000] {logging_mixin.py:150} INFO - [2023-08-07T17:10:51.904+0000] {dag.py:3508} INFO - Setting next_dagrun for example_short_circuit_operator to 2023-08-06T17:10:51.904571+00:00, run_after=2023-08-07T17:10:51.904571+00:00
[2023-08-07T17:10:51.921+0000] {processor.py:179} INFO - Processing /home/airflow/.local/lib/python3.7/site-packages/airflow/example_dags/example_short_circuit_operator.py took 0.071 seconds
[2023-08-07T17:11:22.810+0000] {processor.py:157} INFO - Started process (PID=368) to work on /home/airflow/.local/lib/python3.7/site-packages/airflow/example_dags/example_short_circuit_operator.py
[2023-08-07T17:11:22.810+0000] {processor.py:826} INFO - Processing file /home/airflow/.local/lib/python3.7/site-packages/airflow/example_dags/example_short_circuit_operator.py for tasks to queue
[2023-08-07T17:11:22.811+0000] {logging_mixin.py:150} INFO - [2023-08-07T17:11:22.810+0000] {dagbag.py:541} INFO - Filling up the DagBag from /home/airflow/.local/lib/python3.7/site-packages/airflow/example_dags/example_short_circuit_operator.py
[2023-08-07T17:11:22.817+0000] {processor.py:836} INFO - DAG(s) dict_keys(['example_short_circuit_operator']) retrieved from /home/airflow/.local/lib/python3.7/site-packages/airflow/example_dags/example_short_circuit_operator.py
[2023-08-07T17:11:22.837+0000] {logging_mixin.py:150} INFO - [2023-08-07T17:11:22.837+0000] {dag.py:2742} INFO - Sync 1 DAGs
[2023-08-07T17:11:22.859+0000] {logging_mixin.py:150} INFO - [2023-08-07T17:11:22.859+0000] {dag.py:3508} INFO - Setting next_dagrun for example_short_circuit_operator to 2023-08-06T17:11:22.859444+00:00, run_after=2023-08-07T17:11:22.859444+00:00
[2023-08-07T17:11:22.876+0000] {processor.py:179} INFO - Processing /home/airflow/.local/lib/python3.7/site-packages/airflow/example_dags/example_short_circuit_operator.py took 0.068 seconds
[2023-08-07T17:11:53.496+0000] {processor.py:157} INFO - Started process (PID=430) to work on /home/airflow/.local/lib/python3.7/site-packages/airflow/example_dags/example_short_circuit_operator.py
[2023-08-07T17:11:53.497+0000] {processor.py:826} INFO - Processing file /home/airflow/.local/lib/python3.7/site-packages/airflow/example_dags/example_short_circuit_operator.py for tasks to queue
[2023-08-07T17:11:53.498+0000] {logging_mixin.py:150} INFO - [2023-08-07T17:11:53.498+0000] {dagbag.py:541} INFO - Filling up the DagBag from /home/airflow/.local/lib/python3.7/site-packages/airflow/example_dags/example_short_circuit_operator.py
[2023-08-07T17:11:53.511+0000] {processor.py:836} INFO - DAG(s) dict_keys(['example_short_circuit_operator']) retrieved from /home/airflow/.local/lib/python3.7/site-packages/airflow/example_dags/example_short_circuit_operator.py
[2023-08-07T17:11:53.536+0000] {logging_mixin.py:150} INFO - [2023-08-07T17:11:53.536+0000] {dag.py:2742} INFO - Sync 1 DAGs
[2023-08-07T17:11:53.560+0000] {logging_mixin.py:150} INFO - [2023-08-07T17:11:53.560+0000] {dag.py:3508} INFO - Setting next_dagrun for example_short_circuit_operator to 2023-08-06T17:11:53.560010+00:00, run_after=2023-08-07T17:11:53.560010+00:00
[2023-08-07T17:11:53.578+0000] {processor.py:179} INFO - Processing /home/airflow/.local/lib/python3.7/site-packages/airflow/example_dags/example_short_circuit_operator.py took 0.086 seconds
[2023-08-07T17:12:24.243+0000] {processor.py:157} INFO - Started process (PID=492) to work on /home/airflow/.local/lib/python3.7/site-packages/airflow/example_dags/example_short_circuit_operator.py
[2023-08-07T17:12:24.244+0000] {processor.py:826} INFO - Processing file /home/airflow/.local/lib/python3.7/site-packages/airflow/example_dags/example_short_circuit_operator.py for tasks to queue
[2023-08-07T17:12:24.244+0000] {logging_mixin.py:150} INFO - [2023-08-07T17:12:24.244+0000] {dagbag.py:541} INFO - Filling up the DagBag from /home/airflow/.local/lib/python3.7/site-packages/airflow/example_dags/example_short_circuit_operator.py
[2023-08-07T17:12:24.250+0000] {processor.py:836} INFO - DAG(s) dict_keys(['example_short_circuit_operator']) retrieved from /home/airflow/.local/lib/python3.7/site-packages/airflow/example_dags/example_short_circuit_operator.py
[2023-08-07T17:12:24.272+0000] {logging_mixin.py:150} INFO - [2023-08-07T17:12:24.272+0000] {dag.py:2742} INFO - Sync 1 DAGs
[2023-08-07T17:12:24.294+0000] {logging_mixin.py:150} INFO - [2023-08-07T17:12:24.294+0000] {dag.py:3508} INFO - Setting next_dagrun for example_short_circuit_operator to 2023-08-06T17:12:24.294239+00:00, run_after=2023-08-07T17:12:24.294239+00:00
[2023-08-07T17:12:24.313+0000] {processor.py:179} INFO - Processing /home/airflow/.local/lib/python3.7/site-packages/airflow/example_dags/example_short_circuit_operator.py took 0.072 seconds
[2023-08-07T17:12:55.068+0000] {processor.py:157} INFO - Started process (PID=554) to work on /home/airflow/.local/lib/python3.7/site-packages/airflow/example_dags/example_short_circuit_operator.py
[2023-08-07T17:12:55.068+0000] {processor.py:826} INFO - Processing file /home/airflow/.local/lib/python3.7/site-packages/airflow/example_dags/example_short_circuit_operator.py for tasks to queue
[2023-08-07T17:12:55.069+0000] {logging_mixin.py:150} INFO - [2023-08-07T17:12:55.069+0000] {dagbag.py:541} INFO - Filling up the DagBag from /home/airflow/.local/lib/python3.7/site-packages/airflow/example_dags/example_short_circuit_operator.py
[2023-08-07T17:12:55.074+0000] {processor.py:836} INFO - DAG(s) dict_keys(['example_short_circuit_operator']) retrieved from /home/airflow/.local/lib/python3.7/site-packages/airflow/example_dags/example_short_circuit_operator.py
[2023-08-07T17:12:55.106+0000] {logging_mixin.py:150} INFO - [2023-08-07T17:12:55.106+0000] {dag.py:2742} INFO - Sync 1 DAGs
[2023-08-07T17:12:55.128+0000] {logging_mixin.py:150} INFO - [2023-08-07T17:12:55.127+0000] {dag.py:3508} INFO - Setting next_dagrun for example_short_circuit_operator to 2023-08-06T17:12:55.127705+00:00, run_after=2023-08-07T17:12:55.127705+00:00
[2023-08-07T17:12:55.143+0000] {processor.py:179} INFO - Processing /home/airflow/.local/lib/python3.7/site-packages/airflow/example_dags/example_short_circuit_operator.py took 0.078 seconds
[2023-08-07T17:13:25.393+0000] {processor.py:157} INFO - Started process (PID=616) to work on /home/airflow/.local/lib/python3.7/site-packages/airflow/example_dags/example_short_circuit_operator.py
[2023-08-07T17:13:25.394+0000] {processor.py:826} INFO - Processing file /home/airflow/.local/lib/python3.7/site-packages/airflow/example_dags/example_short_circuit_operator.py for tasks to queue
[2023-08-07T17:13:25.395+0000] {logging_mixin.py:150} INFO - [2023-08-07T17:13:25.394+0000] {dagbag.py:541} INFO - Filling up the DagBag from /home/airflow/.local/lib/python3.7/site-packages/airflow/example_dags/example_short_circuit_operator.py
[2023-08-07T17:13:25.400+0000] {processor.py:836} INFO - DAG(s) dict_keys(['example_short_circuit_operator']) retrieved from /home/airflow/.local/lib/python3.7/site-packages/airflow/example_dags/example_short_circuit_operator.py
[2023-08-07T17:13:25.422+0000] {logging_mixin.py:150} INFO - [2023-08-07T17:13:25.422+0000] {dag.py:2742} INFO - Sync 1 DAGs
[2023-08-07T17:13:25.446+0000] {logging_mixin.py:150} INFO - [2023-08-07T17:13:25.446+0000] {dag.py:3508} INFO - Setting next_dagrun for example_short_circuit_operator to 2023-08-06T17:13:25.446085+00:00, run_after=2023-08-07T17:13:25.446085+00:00
[2023-08-07T17:13:25.463+0000] {processor.py:179} INFO - Processing /home/airflow/.local/lib/python3.7/site-packages/airflow/example_dags/example_short_circuit_operator.py took 0.072 seconds
[2023-08-07T17:13:56.189+0000] {processor.py:157} INFO - Started process (PID=678) to work on /home/airflow/.local/lib/python3.7/site-packages/airflow/example_dags/example_short_circuit_operator.py
[2023-08-07T17:13:56.190+0000] {processor.py:826} INFO - Processing file /home/airflow/.local/lib/python3.7/site-packages/airflow/example_dags/example_short_circuit_operator.py for tasks to queue
[2023-08-07T17:13:56.191+0000] {logging_mixin.py:150} INFO - [2023-08-07T17:13:56.191+0000] {dagbag.py:541} INFO - Filling up the DagBag from /home/airflow/.local/lib/python3.7/site-packages/airflow/example_dags/example_short_circuit_operator.py
[2023-08-07T17:13:56.197+0000] {processor.py:836} INFO - DAG(s) dict_keys(['example_short_circuit_operator']) retrieved from /home/airflow/.local/lib/python3.7/site-packages/airflow/example_dags/example_short_circuit_operator.py
[2023-08-07T17:13:56.217+0000] {logging_mixin.py:150} INFO - [2023-08-07T17:13:56.217+0000] {dag.py:2742} INFO - Sync 1 DAGs
[2023-08-07T17:13:56.242+0000] {logging_mixin.py:150} INFO - [2023-08-07T17:13:56.241+0000] {dag.py:3508} INFO - Setting next_dagrun for example_short_circuit_operator to 2023-08-06T17:13:56.241698+00:00, run_after=2023-08-07T17:13:56.241698+00:00
[2023-08-07T17:13:56.260+0000] {processor.py:179} INFO - Processing /home/airflow/.local/lib/python3.7/site-packages/airflow/example_dags/example_short_circuit_operator.py took 0.075 seconds
[2023-08-07T17:14:26.979+0000] {processor.py:157} INFO - Started process (PID=740) to work on /home/airflow/.local/lib/python3.7/site-packages/airflow/example_dags/example_short_circuit_operator.py
[2023-08-07T17:14:26.980+0000] {processor.py:826} INFO - Processing file /home/airflow/.local/lib/python3.7/site-packages/airflow/example_dags/example_short_circuit_operator.py for tasks to queue
[2023-08-07T17:14:26.980+0000] {logging_mixin.py:150} INFO - [2023-08-07T17:14:26.980+0000] {dagbag.py:541} INFO - Filling up the DagBag from /home/airflow/.local/lib/python3.7/site-packages/airflow/example_dags/example_short_circuit_operator.py
[2023-08-07T17:14:26.986+0000] {processor.py:836} INFO - DAG(s) dict_keys(['example_short_circuit_operator']) retrieved from /home/airflow/.local/lib/python3.7/site-packages/airflow/example_dags/example_short_circuit_operator.py
[2023-08-07T17:14:27.007+0000] {logging_mixin.py:150} INFO - [2023-08-07T17:14:27.007+0000] {dag.py:2742} INFO - Sync 1 DAGs
[2023-08-07T17:14:27.030+0000] {logging_mixin.py:150} INFO - [2023-08-07T17:14:27.030+0000] {dag.py:3508} INFO - Setting next_dagrun for example_short_circuit_operator to 2023-08-06T17:14:27.030183+00:00, run_after=2023-08-07T17:14:27.030183+00:00
[2023-08-07T17:14:27.047+0000] {processor.py:179} INFO - Processing /home/airflow/.local/lib/python3.7/site-packages/airflow/example_dags/example_short_circuit_operator.py took 0.071 seconds
[2023-08-07T17:14:57.489+0000] {processor.py:157} INFO - Started process (PID=802) to work on /home/airflow/.local/lib/python3.7/site-packages/airflow/example_dags/example_short_circuit_operator.py
[2023-08-07T17:14:57.489+0000] {processor.py:826} INFO - Processing file /home/airflow/.local/lib/python3.7/site-packages/airflow/example_dags/example_short_circuit_operator.py for tasks to queue
[2023-08-07T17:14:57.490+0000] {logging_mixin.py:150} INFO - [2023-08-07T17:14:57.490+0000] {dagbag.py:541} INFO - Filling up the DagBag from /home/airflow/.local/lib/python3.7/site-packages/airflow/example_dags/example_short_circuit_operator.py
[2023-08-07T17:14:57.495+0000] {processor.py:836} INFO - DAG(s) dict_keys(['example_short_circuit_operator']) retrieved from /home/airflow/.local/lib/python3.7/site-packages/airflow/example_dags/example_short_circuit_operator.py
[2023-08-07T17:14:57.530+0000] {logging_mixin.py:150} INFO - [2023-08-07T17:14:57.530+0000] {dag.py:2742} INFO - Sync 1 DAGs
[2023-08-07T17:14:57.557+0000] {logging_mixin.py:150} INFO - [2023-08-07T17:14:57.557+0000] {dag.py:3508} INFO - Setting next_dagrun for example_short_circuit_operator to 2023-08-06T17:14:57.557444+00:00, run_after=2023-08-07T17:14:57.557444+00:00
[2023-08-07T17:14:57.576+0000] {processor.py:179} INFO - Processing /home/airflow/.local/lib/python3.7/site-packages/airflow/example_dags/example_short_circuit_operator.py took 0.089 seconds
[2023-08-07T17:15:28.493+0000] {processor.py:157} INFO - Started process (PID=864) to work on /home/airflow/.local/lib/python3.7/site-packages/airflow/example_dags/example_short_circuit_operator.py
[2023-08-07T17:15:28.494+0000] {processor.py:826} INFO - Processing file /home/airflow/.local/lib/python3.7/site-packages/airflow/example_dags/example_short_circuit_operator.py for tasks to queue
[2023-08-07T17:15:28.494+0000] {logging_mixin.py:150} INFO - [2023-08-07T17:15:28.494+0000] {dagbag.py:541} INFO - Filling up the DagBag from /home/airflow/.local/lib/python3.7/site-packages/airflow/example_dags/example_short_circuit_operator.py
[2023-08-07T17:15:28.500+0000] {processor.py:836} INFO - DAG(s) dict_keys(['example_short_circuit_operator']) retrieved from /home/airflow/.local/lib/python3.7/site-packages/airflow/example_dags/example_short_circuit_operator.py
[2023-08-07T17:15:28.521+0000] {logging_mixin.py:150} INFO - [2023-08-07T17:15:28.520+0000] {dag.py:2742} INFO - Sync 1 DAGs
[2023-08-07T17:15:28.544+0000] {logging_mixin.py:150} INFO - [2023-08-07T17:15:28.543+0000] {dag.py:3508} INFO - Setting next_dagrun for example_short_circuit_operator to 2023-08-06T17:15:28.543668+00:00, run_after=2023-08-07T17:15:28.543668+00:00
[2023-08-07T17:15:28.559+0000] {processor.py:179} INFO - Processing /home/airflow/.local/lib/python3.7/site-packages/airflow/example_dags/example_short_circuit_operator.py took 0.068 seconds
[2023-08-07T17:15:58.840+0000] {processor.py:157} INFO - Started process (PID=926) to work on /home/airflow/.local/lib/python3.7/site-packages/airflow/example_dags/example_short_circuit_operator.py
[2023-08-07T17:15:58.841+0000] {processor.py:826} INFO - Processing file /home/airflow/.local/lib/python3.7/site-packages/airflow/example_dags/example_short_circuit_operator.py for tasks to queue
[2023-08-07T17:15:58.843+0000] {logging_mixin.py:150} INFO - [2023-08-07T17:15:58.842+0000] {dagbag.py:541} INFO - Filling up the DagBag from /home/airflow/.local/lib/python3.7/site-packages/airflow/example_dags/example_short_circuit_operator.py
[2023-08-07T17:15:58.856+0000] {processor.py:836} INFO - DAG(s) dict_keys(['example_short_circuit_operator']) retrieved from /home/airflow/.local/lib/python3.7/site-packages/airflow/example_dags/example_short_circuit_operator.py
[2023-08-07T17:15:58.880+0000] {logging_mixin.py:150} INFO - [2023-08-07T17:15:58.880+0000] {dag.py:2742} INFO - Sync 1 DAGs
[2023-08-07T17:15:58.904+0000] {logging_mixin.py:150} INFO - [2023-08-07T17:15:58.904+0000] {dag.py:3508} INFO - Setting next_dagrun for example_short_circuit_operator to 2023-08-06T17:15:58.904367+00:00, run_after=2023-08-07T17:15:58.904367+00:00
[2023-08-07T17:15:58.922+0000] {processor.py:179} INFO - Processing /home/airflow/.local/lib/python3.7/site-packages/airflow/example_dags/example_short_circuit_operator.py took 0.086 seconds
[2023-08-07T17:16:29.242+0000] {processor.py:157} INFO - Started process (PID=988) to work on /home/airflow/.local/lib/python3.7/site-packages/airflow/example_dags/example_short_circuit_operator.py
[2023-08-07T17:16:29.242+0000] {processor.py:826} INFO - Processing file /home/airflow/.local/lib/python3.7/site-packages/airflow/example_dags/example_short_circuit_operator.py for tasks to queue
[2023-08-07T17:16:29.243+0000] {logging_mixin.py:150} INFO - [2023-08-07T17:16:29.243+0000] {dagbag.py:541} INFO - Filling up the DagBag from /home/airflow/.local/lib/python3.7/site-packages/airflow/example_dags/example_short_circuit_operator.py
[2023-08-07T17:16:29.249+0000] {processor.py:836} INFO - DAG(s) dict_keys(['example_short_circuit_operator']) retrieved from /home/airflow/.local/lib/python3.7/site-packages/airflow/example_dags/example_short_circuit_operator.py
[2023-08-07T17:16:29.271+0000] {logging_mixin.py:150} INFO - [2023-08-07T17:16:29.271+0000] {dag.py:2742} INFO - Sync 1 DAGs
[2023-08-07T17:16:29.293+0000] {logging_mixin.py:150} INFO - [2023-08-07T17:16:29.293+0000] {dag.py:3508} INFO - Setting next_dagrun for example_short_circuit_operator to 2023-08-06T17:16:29.293495+00:00, run_after=2023-08-07T17:16:29.293495+00:00
[2023-08-07T17:16:29.311+0000] {processor.py:179} INFO - Processing /home/airflow/.local/lib/python3.7/site-packages/airflow/example_dags/example_short_circuit_operator.py took 0.071 seconds
[2023-08-07T17:41:16.118+0000] {processor.py:157} INFO - Started process (PID=57) to work on /home/airflow/.local/lib/python3.7/site-packages/airflow/example_dags/example_short_circuit_operator.py
[2023-08-07T17:41:16.121+0000] {processor.py:826} INFO - Processing file /home/airflow/.local/lib/python3.7/site-packages/airflow/example_dags/example_short_circuit_operator.py for tasks to queue
[2023-08-07T17:41:16.122+0000] {logging_mixin.py:150} INFO - [2023-08-07T17:41:16.121+0000] {dagbag.py:541} INFO - Filling up the DagBag from /home/airflow/.local/lib/python3.7/site-packages/airflow/example_dags/example_short_circuit_operator.py
[2023-08-07T17:41:16.130+0000] {processor.py:836} INFO - DAG(s) dict_keys(['example_short_circuit_operator']) retrieved from /home/airflow/.local/lib/python3.7/site-packages/airflow/example_dags/example_short_circuit_operator.py
[2023-08-07T17:41:16.143+0000] {logging_mixin.py:150} INFO - [2023-08-07T17:41:16.143+0000] {dag.py:2742} INFO - Sync 1 DAGs
[2023-08-07T17:41:16.170+0000] {logging_mixin.py:150} INFO - [2023-08-07T17:41:16.170+0000] {dag.py:3508} INFO - Setting next_dagrun for example_short_circuit_operator to 2023-08-06T17:41:16.169911+00:00, run_after=2023-08-07T17:41:16.169911+00:00
[2023-08-07T17:41:16.191+0000] {processor.py:179} INFO - Processing /home/airflow/.local/lib/python3.7/site-packages/airflow/example_dags/example_short_circuit_operator.py took 0.075 seconds
[2023-08-07T17:41:46.758+0000] {processor.py:157} INFO - Started process (PID=119) to work on /home/airflow/.local/lib/python3.7/site-packages/airflow/example_dags/example_short_circuit_operator.py
[2023-08-07T17:41:46.759+0000] {processor.py:826} INFO - Processing file /home/airflow/.local/lib/python3.7/site-packages/airflow/example_dags/example_short_circuit_operator.py for tasks to queue
[2023-08-07T17:41:46.759+0000] {logging_mixin.py:150} INFO - [2023-08-07T17:41:46.759+0000] {dagbag.py:541} INFO - Filling up the DagBag from /home/airflow/.local/lib/python3.7/site-packages/airflow/example_dags/example_short_circuit_operator.py
[2023-08-07T17:41:46.765+0000] {processor.py:836} INFO - DAG(s) dict_keys(['example_short_circuit_operator']) retrieved from /home/airflow/.local/lib/python3.7/site-packages/airflow/example_dags/example_short_circuit_operator.py
[2023-08-07T17:41:46.785+0000] {logging_mixin.py:150} INFO - [2023-08-07T17:41:46.785+0000] {dag.py:2742} INFO - Sync 1 DAGs
[2023-08-07T17:41:46.809+0000] {logging_mixin.py:150} INFO - [2023-08-07T17:41:46.809+0000] {dag.py:3508} INFO - Setting next_dagrun for example_short_circuit_operator to 2023-08-06T17:41:46.809438+00:00, run_after=2023-08-07T17:41:46.809438+00:00
[2023-08-07T17:41:46.826+0000] {processor.py:179} INFO - Processing /home/airflow/.local/lib/python3.7/site-packages/airflow/example_dags/example_short_circuit_operator.py took 0.070 seconds
[2023-08-07T17:42:17.515+0000] {processor.py:157} INFO - Started process (PID=181) to work on /home/airflow/.local/lib/python3.7/site-packages/airflow/example_dags/example_short_circuit_operator.py
[2023-08-07T17:42:17.516+0000] {processor.py:826} INFO - Processing file /home/airflow/.local/lib/python3.7/site-packages/airflow/example_dags/example_short_circuit_operator.py for tasks to queue
[2023-08-07T17:42:17.517+0000] {logging_mixin.py:150} INFO - [2023-08-07T17:42:17.517+0000] {dagbag.py:541} INFO - Filling up the DagBag from /home/airflow/.local/lib/python3.7/site-packages/airflow/example_dags/example_short_circuit_operator.py
[2023-08-07T17:42:17.530+0000] {processor.py:836} INFO - DAG(s) dict_keys(['example_short_circuit_operator']) retrieved from /home/airflow/.local/lib/python3.7/site-packages/airflow/example_dags/example_short_circuit_operator.py
[2023-08-07T17:42:17.555+0000] {logging_mixin.py:150} INFO - [2023-08-07T17:42:17.555+0000] {dag.py:2742} INFO - Sync 1 DAGs
[2023-08-07T17:42:17.578+0000] {logging_mixin.py:150} INFO - [2023-08-07T17:42:17.578+0000] {dag.py:3508} INFO - Setting next_dagrun for example_short_circuit_operator to 2023-08-06T17:42:17.578062+00:00, run_after=2023-08-07T17:42:17.578062+00:00
[2023-08-07T17:42:17.598+0000] {processor.py:179} INFO - Processing /home/airflow/.local/lib/python3.7/site-packages/airflow/example_dags/example_short_circuit_operator.py took 0.087 seconds
[2023-08-07T17:42:48.546+0000] {processor.py:157} INFO - Started process (PID=243) to work on /home/airflow/.local/lib/python3.7/site-packages/airflow/example_dags/example_short_circuit_operator.py
[2023-08-07T17:42:48.546+0000] {processor.py:826} INFO - Processing file /home/airflow/.local/lib/python3.7/site-packages/airflow/example_dags/example_short_circuit_operator.py for tasks to queue
[2023-08-07T17:42:48.547+0000] {logging_mixin.py:150} INFO - [2023-08-07T17:42:48.547+0000] {dagbag.py:541} INFO - Filling up the DagBag from /home/airflow/.local/lib/python3.7/site-packages/airflow/example_dags/example_short_circuit_operator.py
[2023-08-07T17:42:48.554+0000] {processor.py:836} INFO - DAG(s) dict_keys(['example_short_circuit_operator']) retrieved from /home/airflow/.local/lib/python3.7/site-packages/airflow/example_dags/example_short_circuit_operator.py
[2023-08-07T17:42:48.577+0000] {logging_mixin.py:150} INFO - [2023-08-07T17:42:48.577+0000] {dag.py:2742} INFO - Sync 1 DAGs
[2023-08-07T17:42:48.599+0000] {logging_mixin.py:150} INFO - [2023-08-07T17:42:48.599+0000] {dag.py:3508} INFO - Setting next_dagrun for example_short_circuit_operator to 2023-08-06T17:42:48.599545+00:00, run_after=2023-08-07T17:42:48.599545+00:00
[2023-08-07T17:42:48.618+0000] {processor.py:179} INFO - Processing /home/airflow/.local/lib/python3.7/site-packages/airflow/example_dags/example_short_circuit_operator.py took 0.075 seconds
[2023-08-07T17:43:19.529+0000] {processor.py:157} INFO - Started process (PID=306) to work on /home/airflow/.local/lib/python3.7/site-packages/airflow/example_dags/example_short_circuit_operator.py
[2023-08-07T17:43:19.529+0000] {processor.py:826} INFO - Processing file /home/airflow/.local/lib/python3.7/site-packages/airflow/example_dags/example_short_circuit_operator.py for tasks to queue
[2023-08-07T17:43:19.530+0000] {logging_mixin.py:150} INFO - [2023-08-07T17:43:19.530+0000] {dagbag.py:541} INFO - Filling up the DagBag from /home/airflow/.local/lib/python3.7/site-packages/airflow/example_dags/example_short_circuit_operator.py
[2023-08-07T17:43:19.535+0000] {processor.py:836} INFO - DAG(s) dict_keys(['example_short_circuit_operator']) retrieved from /home/airflow/.local/lib/python3.7/site-packages/airflow/example_dags/example_short_circuit_operator.py
[2023-08-07T17:43:19.578+0000] {logging_mixin.py:150} INFO - [2023-08-07T17:43:19.577+0000] {dag.py:2742} INFO - Sync 1 DAGs
[2023-08-07T17:43:19.605+0000] {logging_mixin.py:150} INFO - [2023-08-07T17:43:19.605+0000] {dag.py:3508} INFO - Setting next_dagrun for example_short_circuit_operator to 2023-08-06T17:43:19.605344+00:00, run_after=2023-08-07T17:43:19.605344+00:00
[2023-08-07T17:43:19.623+0000] {processor.py:179} INFO - Processing /home/airflow/.local/lib/python3.7/site-packages/airflow/example_dags/example_short_circuit_operator.py took 0.096 seconds
[2023-08-07T17:43:50.687+0000] {processor.py:157} INFO - Started process (PID=368) to work on /home/airflow/.local/lib/python3.7/site-packages/airflow/example_dags/example_short_circuit_operator.py
[2023-08-07T17:43:50.688+0000] {processor.py:826} INFO - Processing file /home/airflow/.local/lib/python3.7/site-packages/airflow/example_dags/example_short_circuit_operator.py for tasks to queue
[2023-08-07T17:43:50.689+0000] {logging_mixin.py:150} INFO - [2023-08-07T17:43:50.689+0000] {dagbag.py:541} INFO - Filling up the DagBag from /home/airflow/.local/lib/python3.7/site-packages/airflow/example_dags/example_short_circuit_operator.py
[2023-08-07T17:43:50.701+0000] {processor.py:836} INFO - DAG(s) dict_keys(['example_short_circuit_operator']) retrieved from /home/airflow/.local/lib/python3.7/site-packages/airflow/example_dags/example_short_circuit_operator.py
[2023-08-07T17:43:50.725+0000] {logging_mixin.py:150} INFO - [2023-08-07T17:43:50.724+0000] {dag.py:2742} INFO - Sync 1 DAGs
[2023-08-07T17:43:50.749+0000] {logging_mixin.py:150} INFO - [2023-08-07T17:43:50.748+0000] {dag.py:3508} INFO - Setting next_dagrun for example_short_circuit_operator to 2023-08-06T17:43:50.748656+00:00, run_after=2023-08-07T17:43:50.748656+00:00
[2023-08-07T17:43:50.768+0000] {processor.py:179} INFO - Processing /home/airflow/.local/lib/python3.7/site-packages/airflow/example_dags/example_short_circuit_operator.py took 0.086 seconds
[2023-08-07T18:11:02.569+0000] {processor.py:157} INFO - Started process (PID=58) to work on /home/airflow/.local/lib/python3.7/site-packages/airflow/example_dags/example_short_circuit_operator.py
[2023-08-07T18:11:02.570+0000] {processor.py:826} INFO - Processing file /home/airflow/.local/lib/python3.7/site-packages/airflow/example_dags/example_short_circuit_operator.py for tasks to queue
[2023-08-07T18:11:02.570+0000] {logging_mixin.py:150} INFO - [2023-08-07T18:11:02.570+0000] {dagbag.py:541} INFO - Filling up the DagBag from /home/airflow/.local/lib/python3.7/site-packages/airflow/example_dags/example_short_circuit_operator.py
[2023-08-07T18:11:02.580+0000] {processor.py:836} INFO - DAG(s) dict_keys(['example_short_circuit_operator']) retrieved from /home/airflow/.local/lib/python3.7/site-packages/airflow/example_dags/example_short_circuit_operator.py
[2023-08-07T18:11:02.590+0000] {logging_mixin.py:150} INFO - [2023-08-07T18:11:02.590+0000] {dag.py:2742} INFO - Sync 1 DAGs
[2023-08-07T18:11:02.618+0000] {logging_mixin.py:150} INFO - [2023-08-07T18:11:02.617+0000] {dag.py:3508} INFO - Setting next_dagrun for example_short_circuit_operator to 2023-08-06T18:11:02.617587+00:00, run_after=2023-08-07T18:11:02.617587+00:00
[2023-08-07T18:11:02.643+0000] {processor.py:179} INFO - Processing /home/airflow/.local/lib/python3.7/site-packages/airflow/example_dags/example_short_circuit_operator.py took 0.077 seconds
