[2023-08-07T17:08:50.345+0000] {processor.py:157} INFO - Started process (PID=67) to work on /home/airflow/.local/lib/python3.7/site-packages/airflow/example_dags/example_short_circuit_decorator.py
[2023-08-07T17:08:50.346+0000] {processor.py:826} INFO - Processing file /home/airflow/.local/lib/python3.7/site-packages/airflow/example_dags/example_short_circuit_decorator.py for tasks to queue
[2023-08-07T17:08:50.346+0000] {logging_mixin.py:150} INFO - [2023-08-07T17:08:50.346+0000] {dagbag.py:541} INFO - Filling up the DagBag from /home/airflow/.local/lib/python3.7/site-packages/airflow/example_dags/example_short_circuit_decorator.py
[2023-08-07T17:08:50.358+0000] {processor.py:836} INFO - DAG(s) dict_keys(['example_short_circuit_decorator']) retrieved from /home/airflow/.local/lib/python3.7/site-packages/airflow/example_dags/example_short_circuit_decorator.py
[2023-08-07T17:08:50.373+0000] {logging_mixin.py:150} INFO - [2023-08-07T17:08:50.373+0000] {dag.py:2742} INFO - Sync 1 DAGs
[2023-08-07T17:08:50.408+0000] {logging_mixin.py:150} INFO - [2023-08-07T17:08:50.407+0000] {dag.py:3508} INFO - Setting next_dagrun for example_short_circuit_decorator to 2023-08-06T17:08:50.407720+00:00, run_after=2023-08-07T17:08:50.407720+00:00
[2023-08-07T17:08:50.432+0000] {processor.py:179} INFO - Processing /home/airflow/.local/lib/python3.7/site-packages/airflow/example_dags/example_short_circuit_decorator.py took 0.089 seconds
[2023-08-07T17:09:20.840+0000] {processor.py:157} INFO - Started process (PID=129) to work on /home/airflow/.local/lib/python3.7/site-packages/airflow/example_dags/example_short_circuit_decorator.py
[2023-08-07T17:09:20.841+0000] {processor.py:826} INFO - Processing file /home/airflow/.local/lib/python3.7/site-packages/airflow/example_dags/example_short_circuit_decorator.py for tasks to queue
[2023-08-07T17:09:20.841+0000] {logging_mixin.py:150} INFO - [2023-08-07T17:09:20.841+0000] {dagbag.py:541} INFO - Filling up the DagBag from /home/airflow/.local/lib/python3.7/site-packages/airflow/example_dags/example_short_circuit_decorator.py
[2023-08-07T17:09:20.849+0000] {processor.py:836} INFO - DAG(s) dict_keys(['example_short_circuit_decorator']) retrieved from /home/airflow/.local/lib/python3.7/site-packages/airflow/example_dags/example_short_circuit_decorator.py
[2023-08-07T17:09:20.880+0000] {logging_mixin.py:150} INFO - [2023-08-07T17:09:20.880+0000] {dag.py:2742} INFO - Sync 1 DAGs
[2023-08-07T17:09:20.911+0000] {logging_mixin.py:150} INFO - [2023-08-07T17:09:20.911+0000] {dag.py:3508} INFO - Setting next_dagrun for example_short_circuit_decorator to 2023-08-06T17:09:20.911143+00:00, run_after=2023-08-07T17:09:20.911143+00:00
[2023-08-07T17:09:20.932+0000] {processor.py:179} INFO - Processing /home/airflow/.local/lib/python3.7/site-packages/airflow/example_dags/example_short_circuit_decorator.py took 0.095 seconds
[2023-08-07T17:09:51.714+0000] {processor.py:157} INFO - Started process (PID=191) to work on /home/airflow/.local/lib/python3.7/site-packages/airflow/example_dags/example_short_circuit_decorator.py
[2023-08-07T17:09:51.715+0000] {processor.py:826} INFO - Processing file /home/airflow/.local/lib/python3.7/site-packages/airflow/example_dags/example_short_circuit_decorator.py for tasks to queue
[2023-08-07T17:09:51.715+0000] {logging_mixin.py:150} INFO - [2023-08-07T17:09:51.715+0000] {dagbag.py:541} INFO - Filling up the DagBag from /home/airflow/.local/lib/python3.7/site-packages/airflow/example_dags/example_short_circuit_decorator.py
[2023-08-07T17:09:51.722+0000] {processor.py:836} INFO - DAG(s) dict_keys(['example_short_circuit_decorator']) retrieved from /home/airflow/.local/lib/python3.7/site-packages/airflow/example_dags/example_short_circuit_decorator.py
[2023-08-07T17:09:51.744+0000] {logging_mixin.py:150} INFO - [2023-08-07T17:09:51.744+0000] {dag.py:2742} INFO - Sync 1 DAGs
[2023-08-07T17:09:51.767+0000] {logging_mixin.py:150} INFO - [2023-08-07T17:09:51.767+0000] {dag.py:3508} INFO - Setting next_dagrun for example_short_circuit_decorator to 2023-08-06T17:09:51.767138+00:00, run_after=2023-08-07T17:09:51.767138+00:00
[2023-08-07T17:09:51.785+0000] {processor.py:179} INFO - Processing /home/airflow/.local/lib/python3.7/site-packages/airflow/example_dags/example_short_circuit_decorator.py took 0.073 seconds
[2023-08-07T17:10:21.947+0000] {processor.py:157} INFO - Started process (PID=253) to work on /home/airflow/.local/lib/python3.7/site-packages/airflow/example_dags/example_short_circuit_decorator.py
[2023-08-07T17:10:21.948+0000] {processor.py:826} INFO - Processing file /home/airflow/.local/lib/python3.7/site-packages/airflow/example_dags/example_short_circuit_decorator.py for tasks to queue
[2023-08-07T17:10:21.948+0000] {logging_mixin.py:150} INFO - [2023-08-07T17:10:21.948+0000] {dagbag.py:541} INFO - Filling up the DagBag from /home/airflow/.local/lib/python3.7/site-packages/airflow/example_dags/example_short_circuit_decorator.py
[2023-08-07T17:10:21.955+0000] {processor.py:836} INFO - DAG(s) dict_keys(['example_short_circuit_decorator']) retrieved from /home/airflow/.local/lib/python3.7/site-packages/airflow/example_dags/example_short_circuit_decorator.py
[2023-08-07T17:10:21.993+0000] {logging_mixin.py:150} INFO - [2023-08-07T17:10:21.993+0000] {dag.py:2742} INFO - Sync 1 DAGs
[2023-08-07T17:10:22.023+0000] {logging_mixin.py:150} INFO - [2023-08-07T17:10:22.023+0000] {dag.py:3508} INFO - Setting next_dagrun for example_short_circuit_decorator to 2023-08-06T17:10:22.023112+00:00, run_after=2023-08-07T17:10:22.023112+00:00
[2023-08-07T17:10:22.041+0000] {processor.py:179} INFO - Processing /home/airflow/.local/lib/python3.7/site-packages/airflow/example_dags/example_short_circuit_decorator.py took 0.096 seconds
[2023-08-07T17:10:52.278+0000] {processor.py:157} INFO - Started process (PID=315) to work on /home/airflow/.local/lib/python3.7/site-packages/airflow/example_dags/example_short_circuit_decorator.py
[2023-08-07T17:10:52.279+0000] {processor.py:826} INFO - Processing file /home/airflow/.local/lib/python3.7/site-packages/airflow/example_dags/example_short_circuit_decorator.py for tasks to queue
[2023-08-07T17:10:52.280+0000] {logging_mixin.py:150} INFO - [2023-08-07T17:10:52.280+0000] {dagbag.py:541} INFO - Filling up the DagBag from /home/airflow/.local/lib/python3.7/site-packages/airflow/example_dags/example_short_circuit_decorator.py
[2023-08-07T17:10:52.296+0000] {processor.py:836} INFO - DAG(s) dict_keys(['example_short_circuit_decorator']) retrieved from /home/airflow/.local/lib/python3.7/site-packages/airflow/example_dags/example_short_circuit_decorator.py
[2023-08-07T17:10:52.320+0000] {logging_mixin.py:150} INFO - [2023-08-07T17:10:52.320+0000] {dag.py:2742} INFO - Sync 1 DAGs
[2023-08-07T17:10:52.343+0000] {logging_mixin.py:150} INFO - [2023-08-07T17:10:52.343+0000] {dag.py:3508} INFO - Setting next_dagrun for example_short_circuit_decorator to 2023-08-06T17:10:52.343564+00:00, run_after=2023-08-07T17:10:52.343564+00:00
[2023-08-07T17:10:52.360+0000] {processor.py:179} INFO - Processing /home/airflow/.local/lib/python3.7/site-packages/airflow/example_dags/example_short_circuit_decorator.py took 0.086 seconds
[2023-08-07T17:11:23.220+0000] {processor.py:157} INFO - Started process (PID=377) to work on /home/airflow/.local/lib/python3.7/site-packages/airflow/example_dags/example_short_circuit_decorator.py
[2023-08-07T17:11:23.220+0000] {processor.py:826} INFO - Processing file /home/airflow/.local/lib/python3.7/site-packages/airflow/example_dags/example_short_circuit_decorator.py for tasks to queue
[2023-08-07T17:11:23.221+0000] {logging_mixin.py:150} INFO - [2023-08-07T17:11:23.221+0000] {dagbag.py:541} INFO - Filling up the DagBag from /home/airflow/.local/lib/python3.7/site-packages/airflow/example_dags/example_short_circuit_decorator.py
[2023-08-07T17:11:23.227+0000] {processor.py:836} INFO - DAG(s) dict_keys(['example_short_circuit_decorator']) retrieved from /home/airflow/.local/lib/python3.7/site-packages/airflow/example_dags/example_short_circuit_decorator.py
[2023-08-07T17:11:23.248+0000] {logging_mixin.py:150} INFO - [2023-08-07T17:11:23.248+0000] {dag.py:2742} INFO - Sync 1 DAGs
[2023-08-07T17:11:23.276+0000] {logging_mixin.py:150} INFO - [2023-08-07T17:11:23.276+0000] {dag.py:3508} INFO - Setting next_dagrun for example_short_circuit_decorator to 2023-08-06T17:11:23.276187+00:00, run_after=2023-08-07T17:11:23.276187+00:00
[2023-08-07T17:11:23.294+0000] {processor.py:179} INFO - Processing /home/airflow/.local/lib/python3.7/site-packages/airflow/example_dags/example_short_circuit_decorator.py took 0.076 seconds
[2023-08-07T17:11:53.874+0000] {processor.py:157} INFO - Started process (PID=439) to work on /home/airflow/.local/lib/python3.7/site-packages/airflow/example_dags/example_short_circuit_decorator.py
[2023-08-07T17:11:53.875+0000] {processor.py:826} INFO - Processing file /home/airflow/.local/lib/python3.7/site-packages/airflow/example_dags/example_short_circuit_decorator.py for tasks to queue
[2023-08-07T17:11:53.876+0000] {logging_mixin.py:150} INFO - [2023-08-07T17:11:53.875+0000] {dagbag.py:541} INFO - Filling up the DagBag from /home/airflow/.local/lib/python3.7/site-packages/airflow/example_dags/example_short_circuit_decorator.py
[2023-08-07T17:11:53.883+0000] {processor.py:836} INFO - DAG(s) dict_keys(['example_short_circuit_decorator']) retrieved from /home/airflow/.local/lib/python3.7/site-packages/airflow/example_dags/example_short_circuit_decorator.py
[2023-08-07T17:11:53.906+0000] {logging_mixin.py:150} INFO - [2023-08-07T17:11:53.906+0000] {dag.py:2742} INFO - Sync 1 DAGs
[2023-08-07T17:11:53.928+0000] {logging_mixin.py:150} INFO - [2023-08-07T17:11:53.928+0000] {dag.py:3508} INFO - Setting next_dagrun for example_short_circuit_decorator to 2023-08-06T17:11:53.928114+00:00, run_after=2023-08-07T17:11:53.928114+00:00
[2023-08-07T17:11:53.947+0000] {processor.py:179} INFO - Processing /home/airflow/.local/lib/python3.7/site-packages/airflow/example_dags/example_short_circuit_decorator.py took 0.075 seconds
[2023-08-07T17:12:24.702+0000] {processor.py:157} INFO - Started process (PID=501) to work on /home/airflow/.local/lib/python3.7/site-packages/airflow/example_dags/example_short_circuit_decorator.py
[2023-08-07T17:12:24.703+0000] {processor.py:826} INFO - Processing file /home/airflow/.local/lib/python3.7/site-packages/airflow/example_dags/example_short_circuit_decorator.py for tasks to queue
[2023-08-07T17:12:24.703+0000] {logging_mixin.py:150} INFO - [2023-08-07T17:12:24.703+0000] {dagbag.py:541} INFO - Filling up the DagBag from /home/airflow/.local/lib/python3.7/site-packages/airflow/example_dags/example_short_circuit_decorator.py
[2023-08-07T17:12:24.710+0000] {processor.py:836} INFO - DAG(s) dict_keys(['example_short_circuit_decorator']) retrieved from /home/airflow/.local/lib/python3.7/site-packages/airflow/example_dags/example_short_circuit_decorator.py
[2023-08-07T17:12:24.731+0000] {logging_mixin.py:150} INFO - [2023-08-07T17:12:24.730+0000] {dag.py:2742} INFO - Sync 1 DAGs
[2023-08-07T17:12:24.755+0000] {logging_mixin.py:150} INFO - [2023-08-07T17:12:24.754+0000] {dag.py:3508} INFO - Setting next_dagrun for example_short_circuit_decorator to 2023-08-06T17:12:24.754762+00:00, run_after=2023-08-07T17:12:24.754762+00:00
[2023-08-07T17:12:24.771+0000] {processor.py:179} INFO - Processing /home/airflow/.local/lib/python3.7/site-packages/airflow/example_dags/example_short_circuit_decorator.py took 0.071 seconds
[2023-08-07T17:12:55.661+0000] {processor.py:157} INFO - Started process (PID=563) to work on /home/airflow/.local/lib/python3.7/site-packages/airflow/example_dags/example_short_circuit_decorator.py
[2023-08-07T17:12:55.661+0000] {processor.py:826} INFO - Processing file /home/airflow/.local/lib/python3.7/site-packages/airflow/example_dags/example_short_circuit_decorator.py for tasks to queue
[2023-08-07T17:12:55.663+0000] {logging_mixin.py:150} INFO - [2023-08-07T17:12:55.662+0000] {dagbag.py:541} INFO - Filling up the DagBag from /home/airflow/.local/lib/python3.7/site-packages/airflow/example_dags/example_short_circuit_decorator.py
[2023-08-07T17:12:55.677+0000] {processor.py:836} INFO - DAG(s) dict_keys(['example_short_circuit_decorator']) retrieved from /home/airflow/.local/lib/python3.7/site-packages/airflow/example_dags/example_short_circuit_decorator.py
[2023-08-07T17:12:55.699+0000] {logging_mixin.py:150} INFO - [2023-08-07T17:12:55.699+0000] {dag.py:2742} INFO - Sync 1 DAGs
[2023-08-07T17:12:55.721+0000] {logging_mixin.py:150} INFO - [2023-08-07T17:12:55.721+0000] {dag.py:3508} INFO - Setting next_dagrun for example_short_circuit_decorator to 2023-08-06T17:12:55.721408+00:00, run_after=2023-08-07T17:12:55.721408+00:00
[2023-08-07T17:12:55.737+0000] {processor.py:179} INFO - Processing /home/airflow/.local/lib/python3.7/site-packages/airflow/example_dags/example_short_circuit_decorator.py took 0.082 seconds
[2023-08-07T17:13:25.793+0000] {processor.py:157} INFO - Started process (PID=625) to work on /home/airflow/.local/lib/python3.7/site-packages/airflow/example_dags/example_short_circuit_decorator.py
[2023-08-07T17:13:25.793+0000] {processor.py:826} INFO - Processing file /home/airflow/.local/lib/python3.7/site-packages/airflow/example_dags/example_short_circuit_decorator.py for tasks to queue
[2023-08-07T17:13:25.794+0000] {logging_mixin.py:150} INFO - [2023-08-07T17:13:25.794+0000] {dagbag.py:541} INFO - Filling up the DagBag from /home/airflow/.local/lib/python3.7/site-packages/airflow/example_dags/example_short_circuit_decorator.py
[2023-08-07T17:13:25.801+0000] {processor.py:836} INFO - DAG(s) dict_keys(['example_short_circuit_decorator']) retrieved from /home/airflow/.local/lib/python3.7/site-packages/airflow/example_dags/example_short_circuit_decorator.py
[2023-08-07T17:13:25.823+0000] {logging_mixin.py:150} INFO - [2023-08-07T17:13:25.823+0000] {dag.py:2742} INFO - Sync 1 DAGs
[2023-08-07T17:13:25.845+0000] {logging_mixin.py:150} INFO - [2023-08-07T17:13:25.845+0000] {dag.py:3508} INFO - Setting next_dagrun for example_short_circuit_decorator to 2023-08-06T17:13:25.845514+00:00, run_after=2023-08-07T17:13:25.845514+00:00
[2023-08-07T17:13:25.863+0000] {processor.py:179} INFO - Processing /home/airflow/.local/lib/python3.7/site-packages/airflow/example_dags/example_short_circuit_decorator.py took 0.073 seconds
[2023-08-07T17:13:56.574+0000] {processor.py:157} INFO - Started process (PID=687) to work on /home/airflow/.local/lib/python3.7/site-packages/airflow/example_dags/example_short_circuit_decorator.py
[2023-08-07T17:13:56.575+0000] {processor.py:826} INFO - Processing file /home/airflow/.local/lib/python3.7/site-packages/airflow/example_dags/example_short_circuit_decorator.py for tasks to queue
[2023-08-07T17:13:56.575+0000] {logging_mixin.py:150} INFO - [2023-08-07T17:13:56.575+0000] {dagbag.py:541} INFO - Filling up the DagBag from /home/airflow/.local/lib/python3.7/site-packages/airflow/example_dags/example_short_circuit_decorator.py
[2023-08-07T17:13:56.583+0000] {processor.py:836} INFO - DAG(s) dict_keys(['example_short_circuit_decorator']) retrieved from /home/airflow/.local/lib/python3.7/site-packages/airflow/example_dags/example_short_circuit_decorator.py
[2023-08-07T17:13:56.605+0000] {logging_mixin.py:150} INFO - [2023-08-07T17:13:56.604+0000] {dag.py:2742} INFO - Sync 1 DAGs
[2023-08-07T17:13:56.628+0000] {logging_mixin.py:150} INFO - [2023-08-07T17:13:56.628+0000] {dag.py:3508} INFO - Setting next_dagrun for example_short_circuit_decorator to 2023-08-06T17:13:56.627972+00:00, run_after=2023-08-07T17:13:56.627972+00:00
[2023-08-07T17:13:56.647+0000] {processor.py:179} INFO - Processing /home/airflow/.local/lib/python3.7/site-packages/airflow/example_dags/example_short_circuit_decorator.py took 0.076 seconds
[2023-08-07T17:14:27.371+0000] {processor.py:157} INFO - Started process (PID=749) to work on /home/airflow/.local/lib/python3.7/site-packages/airflow/example_dags/example_short_circuit_decorator.py
[2023-08-07T17:14:27.371+0000] {processor.py:826} INFO - Processing file /home/airflow/.local/lib/python3.7/site-packages/airflow/example_dags/example_short_circuit_decorator.py for tasks to queue
[2023-08-07T17:14:27.372+0000] {logging_mixin.py:150} INFO - [2023-08-07T17:14:27.372+0000] {dagbag.py:541} INFO - Filling up the DagBag from /home/airflow/.local/lib/python3.7/site-packages/airflow/example_dags/example_short_circuit_decorator.py
[2023-08-07T17:14:27.379+0000] {processor.py:836} INFO - DAG(s) dict_keys(['example_short_circuit_decorator']) retrieved from /home/airflow/.local/lib/python3.7/site-packages/airflow/example_dags/example_short_circuit_decorator.py
[2023-08-07T17:14:27.399+0000] {logging_mixin.py:150} INFO - [2023-08-07T17:14:27.399+0000] {dag.py:2742} INFO - Sync 1 DAGs
[2023-08-07T17:14:27.421+0000] {logging_mixin.py:150} INFO - [2023-08-07T17:14:27.420+0000] {dag.py:3508} INFO - Setting next_dagrun for example_short_circuit_decorator to 2023-08-06T17:14:27.420804+00:00, run_after=2023-08-07T17:14:27.420804+00:00
[2023-08-07T17:14:27.439+0000] {processor.py:179} INFO - Processing /home/airflow/.local/lib/python3.7/site-packages/airflow/example_dags/example_short_circuit_decorator.py took 0.070 seconds
[2023-08-07T17:14:57.926+0000] {processor.py:157} INFO - Started process (PID=811) to work on /home/airflow/.local/lib/python3.7/site-packages/airflow/example_dags/example_short_circuit_decorator.py
[2023-08-07T17:14:57.927+0000] {processor.py:826} INFO - Processing file /home/airflow/.local/lib/python3.7/site-packages/airflow/example_dags/example_short_circuit_decorator.py for tasks to queue
[2023-08-07T17:14:57.928+0000] {logging_mixin.py:150} INFO - [2023-08-07T17:14:57.928+0000] {dagbag.py:541} INFO - Filling up the DagBag from /home/airflow/.local/lib/python3.7/site-packages/airflow/example_dags/example_short_circuit_decorator.py
[2023-08-07T17:14:57.945+0000] {processor.py:836} INFO - DAG(s) dict_keys(['example_short_circuit_decorator']) retrieved from /home/airflow/.local/lib/python3.7/site-packages/airflow/example_dags/example_short_circuit_decorator.py
[2023-08-07T17:14:57.969+0000] {logging_mixin.py:150} INFO - [2023-08-07T17:14:57.969+0000] {dag.py:2742} INFO - Sync 1 DAGs
[2023-08-07T17:14:57.993+0000] {logging_mixin.py:150} INFO - [2023-08-07T17:14:57.992+0000] {dag.py:3508} INFO - Setting next_dagrun for example_short_circuit_decorator to 2023-08-06T17:14:57.992681+00:00, run_after=2023-08-07T17:14:57.992681+00:00
[2023-08-07T17:14:58.009+0000] {processor.py:179} INFO - Processing /home/airflow/.local/lib/python3.7/site-packages/airflow/example_dags/example_short_circuit_decorator.py took 0.088 seconds
[2023-08-07T17:15:28.984+0000] {processor.py:157} INFO - Started process (PID=873) to work on /home/airflow/.local/lib/python3.7/site-packages/airflow/example_dags/example_short_circuit_decorator.py
[2023-08-07T17:15:28.984+0000] {processor.py:826} INFO - Processing file /home/airflow/.local/lib/python3.7/site-packages/airflow/example_dags/example_short_circuit_decorator.py for tasks to queue
[2023-08-07T17:15:28.985+0000] {logging_mixin.py:150} INFO - [2023-08-07T17:15:28.985+0000] {dagbag.py:541} INFO - Filling up the DagBag from /home/airflow/.local/lib/python3.7/site-packages/airflow/example_dags/example_short_circuit_decorator.py
[2023-08-07T17:15:28.991+0000] {processor.py:836} INFO - DAG(s) dict_keys(['example_short_circuit_decorator']) retrieved from /home/airflow/.local/lib/python3.7/site-packages/airflow/example_dags/example_short_circuit_decorator.py
[2023-08-07T17:15:29.013+0000] {logging_mixin.py:150} INFO - [2023-08-07T17:15:29.013+0000] {dag.py:2742} INFO - Sync 1 DAGs
[2023-08-07T17:15:29.037+0000] {logging_mixin.py:150} INFO - [2023-08-07T17:15:29.037+0000] {dag.py:3508} INFO - Setting next_dagrun for example_short_circuit_decorator to 2023-08-06T17:15:29.037617+00:00, run_after=2023-08-07T17:15:29.037617+00:00
[2023-08-07T17:15:29.056+0000] {processor.py:179} INFO - Processing /home/airflow/.local/lib/python3.7/site-packages/airflow/example_dags/example_short_circuit_decorator.py took 0.075 seconds
[2023-08-07T17:15:59.226+0000] {processor.py:157} INFO - Started process (PID=935) to work on /home/airflow/.local/lib/python3.7/site-packages/airflow/example_dags/example_short_circuit_decorator.py
[2023-08-07T17:15:59.228+0000] {processor.py:826} INFO - Processing file /home/airflow/.local/lib/python3.7/site-packages/airflow/example_dags/example_short_circuit_decorator.py for tasks to queue
[2023-08-07T17:15:59.229+0000] {logging_mixin.py:150} INFO - [2023-08-07T17:15:59.228+0000] {dagbag.py:541} INFO - Filling up the DagBag from /home/airflow/.local/lib/python3.7/site-packages/airflow/example_dags/example_short_circuit_decorator.py
[2023-08-07T17:15:59.244+0000] {processor.py:836} INFO - DAG(s) dict_keys(['example_short_circuit_decorator']) retrieved from /home/airflow/.local/lib/python3.7/site-packages/airflow/example_dags/example_short_circuit_decorator.py
[2023-08-07T17:15:59.266+0000] {logging_mixin.py:150} INFO - [2023-08-07T17:15:59.266+0000] {dag.py:2742} INFO - Sync 1 DAGs
[2023-08-07T17:15:59.288+0000] {logging_mixin.py:150} INFO - [2023-08-07T17:15:59.288+0000] {dag.py:3508} INFO - Setting next_dagrun for example_short_circuit_decorator to 2023-08-06T17:15:59.288632+00:00, run_after=2023-08-07T17:15:59.288632+00:00
[2023-08-07T17:15:59.306+0000] {processor.py:179} INFO - Processing /home/airflow/.local/lib/python3.7/site-packages/airflow/example_dags/example_short_circuit_decorator.py took 0.084 seconds
[2023-08-07T17:16:29.709+0000] {processor.py:157} INFO - Started process (PID=997) to work on /home/airflow/.local/lib/python3.7/site-packages/airflow/example_dags/example_short_circuit_decorator.py
[2023-08-07T17:16:29.709+0000] {processor.py:826} INFO - Processing file /home/airflow/.local/lib/python3.7/site-packages/airflow/example_dags/example_short_circuit_decorator.py for tasks to queue
[2023-08-07T17:16:29.710+0000] {logging_mixin.py:150} INFO - [2023-08-07T17:16:29.709+0000] {dagbag.py:541} INFO - Filling up the DagBag from /home/airflow/.local/lib/python3.7/site-packages/airflow/example_dags/example_short_circuit_decorator.py
[2023-08-07T17:16:29.716+0000] {processor.py:836} INFO - DAG(s) dict_keys(['example_short_circuit_decorator']) retrieved from /home/airflow/.local/lib/python3.7/site-packages/airflow/example_dags/example_short_circuit_decorator.py
[2023-08-07T17:16:29.760+0000] {logging_mixin.py:150} INFO - [2023-08-07T17:16:29.759+0000] {dag.py:2742} INFO - Sync 1 DAGs
[2023-08-07T17:16:29.787+0000] {logging_mixin.py:150} INFO - [2023-08-07T17:16:29.787+0000] {dag.py:3508} INFO - Setting next_dagrun for example_short_circuit_decorator to 2023-08-06T17:16:29.787451+00:00, run_after=2023-08-07T17:16:29.787451+00:00
[2023-08-07T17:16:29.806+0000] {processor.py:179} INFO - Processing /home/airflow/.local/lib/python3.7/site-packages/airflow/example_dags/example_short_circuit_decorator.py took 0.099 seconds
[2023-08-07T17:41:16.554+0000] {processor.py:157} INFO - Started process (PID=66) to work on /home/airflow/.local/lib/python3.7/site-packages/airflow/example_dags/example_short_circuit_decorator.py
[2023-08-07T17:41:16.556+0000] {processor.py:826} INFO - Processing file /home/airflow/.local/lib/python3.7/site-packages/airflow/example_dags/example_short_circuit_decorator.py for tasks to queue
[2023-08-07T17:41:16.556+0000] {logging_mixin.py:150} INFO - [2023-08-07T17:41:16.556+0000] {dagbag.py:541} INFO - Filling up the DagBag from /home/airflow/.local/lib/python3.7/site-packages/airflow/example_dags/example_short_circuit_decorator.py
[2023-08-07T17:41:16.570+0000] {processor.py:836} INFO - DAG(s) dict_keys(['example_short_circuit_decorator']) retrieved from /home/airflow/.local/lib/python3.7/site-packages/airflow/example_dags/example_short_circuit_decorator.py
[2023-08-07T17:41:16.583+0000] {logging_mixin.py:150} INFO - [2023-08-07T17:41:16.583+0000] {dag.py:2742} INFO - Sync 1 DAGs
[2023-08-07T17:41:16.612+0000] {logging_mixin.py:150} INFO - [2023-08-07T17:41:16.612+0000] {dag.py:3508} INFO - Setting next_dagrun for example_short_circuit_decorator to 2023-08-06T17:41:16.612272+00:00, run_after=2023-08-07T17:41:16.612272+00:00
[2023-08-07T17:41:16.636+0000] {processor.py:179} INFO - Processing /home/airflow/.local/lib/python3.7/site-packages/airflow/example_dags/example_short_circuit_decorator.py took 0.084 seconds
[2023-08-07T17:41:47.179+0000] {processor.py:157} INFO - Started process (PID=128) to work on /home/airflow/.local/lib/python3.7/site-packages/airflow/example_dags/example_short_circuit_decorator.py
[2023-08-07T17:41:47.180+0000] {processor.py:826} INFO - Processing file /home/airflow/.local/lib/python3.7/site-packages/airflow/example_dags/example_short_circuit_decorator.py for tasks to queue
[2023-08-07T17:41:47.181+0000] {logging_mixin.py:150} INFO - [2023-08-07T17:41:47.181+0000] {dagbag.py:541} INFO - Filling up the DagBag from /home/airflow/.local/lib/python3.7/site-packages/airflow/example_dags/example_short_circuit_decorator.py
[2023-08-07T17:41:47.194+0000] {processor.py:836} INFO - DAG(s) dict_keys(['example_short_circuit_decorator']) retrieved from /home/airflow/.local/lib/python3.7/site-packages/airflow/example_dags/example_short_circuit_decorator.py
[2023-08-07T17:41:47.231+0000] {logging_mixin.py:150} INFO - [2023-08-07T17:41:47.231+0000] {dag.py:2742} INFO - Sync 1 DAGs
[2023-08-07T17:41:47.253+0000] {logging_mixin.py:150} INFO - [2023-08-07T17:41:47.253+0000] {dag.py:3508} INFO - Setting next_dagrun for example_short_circuit_decorator to 2023-08-06T17:41:47.253460+00:00, run_after=2023-08-07T17:41:47.253460+00:00
[2023-08-07T17:41:47.270+0000] {processor.py:179} INFO - Processing /home/airflow/.local/lib/python3.7/site-packages/airflow/example_dags/example_short_circuit_decorator.py took 0.095 seconds
[2023-08-07T17:42:18.020+0000] {processor.py:157} INFO - Started process (PID=190) to work on /home/airflow/.local/lib/python3.7/site-packages/airflow/example_dags/example_short_circuit_decorator.py
[2023-08-07T17:42:18.021+0000] {processor.py:826} INFO - Processing file /home/airflow/.local/lib/python3.7/site-packages/airflow/example_dags/example_short_circuit_decorator.py for tasks to queue
[2023-08-07T17:42:18.021+0000] {logging_mixin.py:150} INFO - [2023-08-07T17:42:18.021+0000] {dagbag.py:541} INFO - Filling up the DagBag from /home/airflow/.local/lib/python3.7/site-packages/airflow/example_dags/example_short_circuit_decorator.py
[2023-08-07T17:42:18.028+0000] {processor.py:836} INFO - DAG(s) dict_keys(['example_short_circuit_decorator']) retrieved from /home/airflow/.local/lib/python3.7/site-packages/airflow/example_dags/example_short_circuit_decorator.py
[2023-08-07T17:42:18.049+0000] {logging_mixin.py:150} INFO - [2023-08-07T17:42:18.049+0000] {dag.py:2742} INFO - Sync 1 DAGs
[2023-08-07T17:42:18.073+0000] {logging_mixin.py:150} INFO - [2023-08-07T17:42:18.073+0000] {dag.py:3508} INFO - Setting next_dagrun for example_short_circuit_decorator to 2023-08-06T17:42:18.073125+00:00, run_after=2023-08-07T17:42:18.073125+00:00
[2023-08-07T17:42:18.089+0000] {processor.py:179} INFO - Processing /home/airflow/.local/lib/python3.7/site-packages/airflow/example_dags/example_short_circuit_decorator.py took 0.072 seconds
[2023-08-07T17:42:49.005+0000] {processor.py:157} INFO - Started process (PID=252) to work on /home/airflow/.local/lib/python3.7/site-packages/airflow/example_dags/example_short_circuit_decorator.py
[2023-08-07T17:42:49.006+0000] {processor.py:826} INFO - Processing file /home/airflow/.local/lib/python3.7/site-packages/airflow/example_dags/example_short_circuit_decorator.py for tasks to queue
[2023-08-07T17:42:49.007+0000] {logging_mixin.py:150} INFO - [2023-08-07T17:42:49.007+0000] {dagbag.py:541} INFO - Filling up the DagBag from /home/airflow/.local/lib/python3.7/site-packages/airflow/example_dags/example_short_circuit_decorator.py
[2023-08-07T17:42:49.023+0000] {processor.py:836} INFO - DAG(s) dict_keys(['example_short_circuit_decorator']) retrieved from /home/airflow/.local/lib/python3.7/site-packages/airflow/example_dags/example_short_circuit_decorator.py
[2023-08-07T17:42:49.050+0000] {logging_mixin.py:150} INFO - [2023-08-07T17:42:49.050+0000] {dag.py:2742} INFO - Sync 1 DAGs
[2023-08-07T17:42:49.074+0000] {logging_mixin.py:150} INFO - [2023-08-07T17:42:49.074+0000] {dag.py:3508} INFO - Setting next_dagrun for example_short_circuit_decorator to 2023-08-06T17:42:49.074148+00:00, run_after=2023-08-07T17:42:49.074148+00:00
[2023-08-07T17:42:49.091+0000] {processor.py:179} INFO - Processing /home/airflow/.local/lib/python3.7/site-packages/airflow/example_dags/example_short_circuit_decorator.py took 0.091 seconds
[2023-08-07T17:43:20.125+0000] {processor.py:157} INFO - Started process (PID=315) to work on /home/airflow/.local/lib/python3.7/site-packages/airflow/example_dags/example_short_circuit_decorator.py
[2023-08-07T17:43:20.125+0000] {processor.py:826} INFO - Processing file /home/airflow/.local/lib/python3.7/site-packages/airflow/example_dags/example_short_circuit_decorator.py for tasks to queue
[2023-08-07T17:43:20.126+0000] {logging_mixin.py:150} INFO - [2023-08-07T17:43:20.126+0000] {dagbag.py:541} INFO - Filling up the DagBag from /home/airflow/.local/lib/python3.7/site-packages/airflow/example_dags/example_short_circuit_decorator.py
[2023-08-07T17:43:20.132+0000] {processor.py:836} INFO - DAG(s) dict_keys(['example_short_circuit_decorator']) retrieved from /home/airflow/.local/lib/python3.7/site-packages/airflow/example_dags/example_short_circuit_decorator.py
[2023-08-07T17:43:20.153+0000] {logging_mixin.py:150} INFO - [2023-08-07T17:43:20.152+0000] {dag.py:2742} INFO - Sync 1 DAGs
[2023-08-07T17:43:20.176+0000] {logging_mixin.py:150} INFO - [2023-08-07T17:43:20.175+0000] {dag.py:3508} INFO - Setting next_dagrun for example_short_circuit_decorator to 2023-08-06T17:43:20.175701+00:00, run_after=2023-08-07T17:43:20.175701+00:00
[2023-08-07T17:43:20.192+0000] {processor.py:179} INFO - Processing /home/airflow/.local/lib/python3.7/site-packages/airflow/example_dags/example_short_circuit_decorator.py took 0.070 seconds
[2023-08-07T18:11:03.082+0000] {processor.py:157} INFO - Started process (PID=67) to work on /home/airflow/.local/lib/python3.7/site-packages/airflow/example_dags/example_short_circuit_decorator.py
[2023-08-07T18:11:03.083+0000] {processor.py:826} INFO - Processing file /home/airflow/.local/lib/python3.7/site-packages/airflow/example_dags/example_short_circuit_decorator.py for tasks to queue
[2023-08-07T18:11:03.084+0000] {logging_mixin.py:150} INFO - [2023-08-07T18:11:03.083+0000] {dagbag.py:541} INFO - Filling up the DagBag from /home/airflow/.local/lib/python3.7/site-packages/airflow/example_dags/example_short_circuit_decorator.py
[2023-08-07T18:11:03.097+0000] {processor.py:836} INFO - DAG(s) dict_keys(['example_short_circuit_decorator']) retrieved from /home/airflow/.local/lib/python3.7/site-packages/airflow/example_dags/example_short_circuit_decorator.py
[2023-08-07T18:11:03.109+0000] {logging_mixin.py:150} INFO - [2023-08-07T18:11:03.108+0000] {dag.py:2742} INFO - Sync 1 DAGs
[2023-08-07T18:11:03.138+0000] {logging_mixin.py:150} INFO - [2023-08-07T18:11:03.138+0000] {dag.py:3508} INFO - Setting next_dagrun for example_short_circuit_decorator to 2023-08-06T18:11:03.137795+00:00, run_after=2023-08-07T18:11:03.137795+00:00
[2023-08-07T18:11:03.158+0000] {processor.py:179} INFO - Processing /home/airflow/.local/lib/python3.7/site-packages/airflow/example_dags/example_short_circuit_decorator.py took 0.083 seconds
