[2023-08-07T17:08:50.675+0000] {processor.py:157} INFO - Started process (PID=73) to work on /home/airflow/.local/lib/python3.7/site-packages/airflow/example_dags/example_xcomargs.py
[2023-08-07T17:08:50.676+0000] {processor.py:826} INFO - Processing file /home/airflow/.local/lib/python3.7/site-packages/airflow/example_dags/example_xcomargs.py for tasks to queue
[2023-08-07T17:08:50.677+0000] {logging_mixin.py:150} INFO - [2023-08-07T17:08:50.676+0000] {dagbag.py:541} INFO - Filling up the DagBag from /home/airflow/.local/lib/python3.7/site-packages/airflow/example_dags/example_xcomargs.py
[2023-08-07T17:08:50.685+0000] {processor.py:836} INFO - DAG(s) dict_keys(['example_xcom_args_with_operators', 'example_xcom_args']) retrieved from /home/airflow/.local/lib/python3.7/site-packages/airflow/example_dags/example_xcomargs.py
[2023-08-07T17:08:50.714+0000] {logging_mixin.py:150} INFO - [2023-08-07T17:08:50.713+0000] {dag.py:2742} INFO - Sync 2 DAGs
[2023-08-07T17:08:50.757+0000] {logging_mixin.py:150} INFO - [2023-08-07T17:08:50.757+0000] {dag.py:3508} INFO - Setting next_dagrun for example_xcom_args to None, run_after=None
[2023-08-07T17:08:50.761+0000] {logging_mixin.py:150} INFO - [2023-08-07T17:08:50.761+0000] {dag.py:3508} INFO - Setting next_dagrun for example_xcom_args_with_operators to None, run_after=None
[2023-08-07T17:08:50.780+0000] {processor.py:179} INFO - Processing /home/airflow/.local/lib/python3.7/site-packages/airflow/example_dags/example_xcomargs.py took 0.107 seconds
[2023-08-07T17:09:21.186+0000] {processor.py:157} INFO - Started process (PID=135) to work on /home/airflow/.local/lib/python3.7/site-packages/airflow/example_dags/example_xcomargs.py
[2023-08-07T17:09:21.187+0000] {processor.py:826} INFO - Processing file /home/airflow/.local/lib/python3.7/site-packages/airflow/example_dags/example_xcomargs.py for tasks to queue
[2023-08-07T17:09:21.188+0000] {logging_mixin.py:150} INFO - [2023-08-07T17:09:21.188+0000] {dagbag.py:541} INFO - Filling up the DagBag from /home/airflow/.local/lib/python3.7/site-packages/airflow/example_dags/example_xcomargs.py
[2023-08-07T17:09:21.193+0000] {processor.py:836} INFO - DAG(s) dict_keys(['example_xcom_args', 'example_xcom_args_with_operators']) retrieved from /home/airflow/.local/lib/python3.7/site-packages/airflow/example_dags/example_xcomargs.py
[2023-08-07T17:09:21.218+0000] {logging_mixin.py:150} INFO - [2023-08-07T17:09:21.218+0000] {dag.py:2742} INFO - Sync 2 DAGs
[2023-08-07T17:09:21.242+0000] {logging_mixin.py:150} INFO - [2023-08-07T17:09:21.241+0000] {dag.py:3508} INFO - Setting next_dagrun for example_xcom_args to None, run_after=None
[2023-08-07T17:09:21.245+0000] {logging_mixin.py:150} INFO - [2023-08-07T17:09:21.245+0000] {dag.py:3508} INFO - Setting next_dagrun for example_xcom_args_with_operators to None, run_after=None
[2023-08-07T17:09:21.261+0000] {processor.py:179} INFO - Processing /home/airflow/.local/lib/python3.7/site-packages/airflow/example_dags/example_xcomargs.py took 0.076 seconds
[2023-08-07T17:09:52.007+0000] {processor.py:157} INFO - Started process (PID=197) to work on /home/airflow/.local/lib/python3.7/site-packages/airflow/example_dags/example_xcomargs.py
[2023-08-07T17:09:52.008+0000] {processor.py:826} INFO - Processing file /home/airflow/.local/lib/python3.7/site-packages/airflow/example_dags/example_xcomargs.py for tasks to queue
[2023-08-07T17:09:52.009+0000] {logging_mixin.py:150} INFO - [2023-08-07T17:09:52.009+0000] {dagbag.py:541} INFO - Filling up the DagBag from /home/airflow/.local/lib/python3.7/site-packages/airflow/example_dags/example_xcomargs.py
[2023-08-07T17:09:52.021+0000] {processor.py:836} INFO - DAG(s) dict_keys(['example_xcom_args', 'example_xcom_args_with_operators']) retrieved from /home/airflow/.local/lib/python3.7/site-packages/airflow/example_dags/example_xcomargs.py
[2023-08-07T17:09:52.046+0000] {logging_mixin.py:150} INFO - [2023-08-07T17:09:52.046+0000] {dag.py:2742} INFO - Sync 2 DAGs
[2023-08-07T17:09:52.069+0000] {logging_mixin.py:150} INFO - [2023-08-07T17:09:52.069+0000] {dag.py:3508} INFO - Setting next_dagrun for example_xcom_args to None, run_after=None
[2023-08-07T17:09:52.072+0000] {logging_mixin.py:150} INFO - [2023-08-07T17:09:52.072+0000] {dag.py:3508} INFO - Setting next_dagrun for example_xcom_args_with_operators to None, run_after=None
[2023-08-07T17:09:52.089+0000] {processor.py:179} INFO - Processing /home/airflow/.local/lib/python3.7/site-packages/airflow/example_dags/example_xcomargs.py took 0.086 seconds
[2023-08-07T17:10:22.354+0000] {processor.py:157} INFO - Started process (PID=259) to work on /home/airflow/.local/lib/python3.7/site-packages/airflow/example_dags/example_xcomargs.py
[2023-08-07T17:10:22.354+0000] {processor.py:826} INFO - Processing file /home/airflow/.local/lib/python3.7/site-packages/airflow/example_dags/example_xcomargs.py for tasks to queue
[2023-08-07T17:10:22.355+0000] {logging_mixin.py:150} INFO - [2023-08-07T17:10:22.355+0000] {dagbag.py:541} INFO - Filling up the DagBag from /home/airflow/.local/lib/python3.7/site-packages/airflow/example_dags/example_xcomargs.py
[2023-08-07T17:10:22.360+0000] {processor.py:836} INFO - DAG(s) dict_keys(['example_xcom_args_with_operators', 'example_xcom_args']) retrieved from /home/airflow/.local/lib/python3.7/site-packages/airflow/example_dags/example_xcomargs.py
[2023-08-07T17:10:22.386+0000] {logging_mixin.py:150} INFO - [2023-08-07T17:10:22.385+0000] {dag.py:2742} INFO - Sync 2 DAGs
[2023-08-07T17:10:22.408+0000] {logging_mixin.py:150} INFO - [2023-08-07T17:10:22.408+0000] {dag.py:3508} INFO - Setting next_dagrun for example_xcom_args to None, run_after=None
[2023-08-07T17:10:22.411+0000] {logging_mixin.py:150} INFO - [2023-08-07T17:10:22.411+0000] {dag.py:3508} INFO - Setting next_dagrun for example_xcom_args_with_operators to None, run_after=None
[2023-08-07T17:10:22.429+0000] {processor.py:179} INFO - Processing /home/airflow/.local/lib/python3.7/site-packages/airflow/example_dags/example_xcomargs.py took 0.078 seconds
[2023-08-07T17:10:52.609+0000] {processor.py:157} INFO - Started process (PID=321) to work on /home/airflow/.local/lib/python3.7/site-packages/airflow/example_dags/example_xcomargs.py
[2023-08-07T17:10:52.609+0000] {processor.py:826} INFO - Processing file /home/airflow/.local/lib/python3.7/site-packages/airflow/example_dags/example_xcomargs.py for tasks to queue
[2023-08-07T17:10:52.610+0000] {logging_mixin.py:150} INFO - [2023-08-07T17:10:52.610+0000] {dagbag.py:541} INFO - Filling up the DagBag from /home/airflow/.local/lib/python3.7/site-packages/airflow/example_dags/example_xcomargs.py
[2023-08-07T17:10:52.616+0000] {processor.py:836} INFO - DAG(s) dict_keys(['example_xcom_args_with_operators', 'example_xcom_args']) retrieved from /home/airflow/.local/lib/python3.7/site-packages/airflow/example_dags/example_xcomargs.py
[2023-08-07T17:10:52.637+0000] {logging_mixin.py:150} INFO - [2023-08-07T17:10:52.637+0000] {dag.py:2742} INFO - Sync 2 DAGs
[2023-08-07T17:10:52.660+0000] {logging_mixin.py:150} INFO - [2023-08-07T17:10:52.660+0000] {dag.py:3508} INFO - Setting next_dagrun for example_xcom_args to None, run_after=None
[2023-08-07T17:10:52.664+0000] {logging_mixin.py:150} INFO - [2023-08-07T17:10:52.663+0000] {dag.py:3508} INFO - Setting next_dagrun for example_xcom_args_with_operators to None, run_after=None
[2023-08-07T17:10:52.682+0000] {processor.py:179} INFO - Processing /home/airflow/.local/lib/python3.7/site-packages/airflow/example_dags/example_xcomargs.py took 0.076 seconds
[2023-08-07T17:11:23.517+0000] {processor.py:157} INFO - Started process (PID=383) to work on /home/airflow/.local/lib/python3.7/site-packages/airflow/example_dags/example_xcomargs.py
[2023-08-07T17:11:23.518+0000] {processor.py:826} INFO - Processing file /home/airflow/.local/lib/python3.7/site-packages/airflow/example_dags/example_xcomargs.py for tasks to queue
[2023-08-07T17:11:23.519+0000] {logging_mixin.py:150} INFO - [2023-08-07T17:11:23.519+0000] {dagbag.py:541} INFO - Filling up the DagBag from /home/airflow/.local/lib/python3.7/site-packages/airflow/example_dags/example_xcomargs.py
[2023-08-07T17:11:23.531+0000] {processor.py:836} INFO - DAG(s) dict_keys(['example_xcom_args', 'example_xcom_args_with_operators']) retrieved from /home/airflow/.local/lib/python3.7/site-packages/airflow/example_dags/example_xcomargs.py
[2023-08-07T17:11:23.557+0000] {logging_mixin.py:150} INFO - [2023-08-07T17:11:23.557+0000] {dag.py:2742} INFO - Sync 2 DAGs
[2023-08-07T17:11:23.581+0000] {logging_mixin.py:150} INFO - [2023-08-07T17:11:23.581+0000] {dag.py:3508} INFO - Setting next_dagrun for example_xcom_args to None, run_after=None
[2023-08-07T17:11:23.585+0000] {logging_mixin.py:150} INFO - [2023-08-07T17:11:23.584+0000] {dag.py:3508} INFO - Setting next_dagrun for example_xcom_args_with_operators to None, run_after=None
[2023-08-07T17:11:23.600+0000] {processor.py:179} INFO - Processing /home/airflow/.local/lib/python3.7/site-packages/airflow/example_dags/example_xcomargs.py took 0.087 seconds
[2023-08-07T17:11:54.179+0000] {processor.py:157} INFO - Started process (PID=445) to work on /home/airflow/.local/lib/python3.7/site-packages/airflow/example_dags/example_xcomargs.py
[2023-08-07T17:11:54.180+0000] {processor.py:826} INFO - Processing file /home/airflow/.local/lib/python3.7/site-packages/airflow/example_dags/example_xcomargs.py for tasks to queue
[2023-08-07T17:11:54.181+0000] {logging_mixin.py:150} INFO - [2023-08-07T17:11:54.180+0000] {dagbag.py:541} INFO - Filling up the DagBag from /home/airflow/.local/lib/python3.7/site-packages/airflow/example_dags/example_xcomargs.py
[2023-08-07T17:11:54.187+0000] {processor.py:836} INFO - DAG(s) dict_keys(['example_xcom_args', 'example_xcom_args_with_operators']) retrieved from /home/airflow/.local/lib/python3.7/site-packages/airflow/example_dags/example_xcomargs.py
[2023-08-07T17:11:54.210+0000] {logging_mixin.py:150} INFO - [2023-08-07T17:11:54.209+0000] {dag.py:2742} INFO - Sync 2 DAGs
[2023-08-07T17:11:54.232+0000] {logging_mixin.py:150} INFO - [2023-08-07T17:11:54.232+0000] {dag.py:3508} INFO - Setting next_dagrun for example_xcom_args to None, run_after=None
[2023-08-07T17:11:54.235+0000] {logging_mixin.py:150} INFO - [2023-08-07T17:11:54.235+0000] {dag.py:3508} INFO - Setting next_dagrun for example_xcom_args_with_operators to None, run_after=None
[2023-08-07T17:11:54.250+0000] {processor.py:179} INFO - Processing /home/airflow/.local/lib/python3.7/site-packages/airflow/example_dags/example_xcomargs.py took 0.075 seconds
[2023-08-07T17:12:25.006+0000] {processor.py:157} INFO - Started process (PID=507) to work on /home/airflow/.local/lib/python3.7/site-packages/airflow/example_dags/example_xcomargs.py
[2023-08-07T17:12:25.007+0000] {processor.py:826} INFO - Processing file /home/airflow/.local/lib/python3.7/site-packages/airflow/example_dags/example_xcomargs.py for tasks to queue
[2023-08-07T17:12:25.008+0000] {logging_mixin.py:150} INFO - [2023-08-07T17:12:25.007+0000] {dagbag.py:541} INFO - Filling up the DagBag from /home/airflow/.local/lib/python3.7/site-packages/airflow/example_dags/example_xcomargs.py
[2023-08-07T17:12:25.014+0000] {processor.py:836} INFO - DAG(s) dict_keys(['example_xcom_args', 'example_xcom_args_with_operators']) retrieved from /home/airflow/.local/lib/python3.7/site-packages/airflow/example_dags/example_xcomargs.py
[2023-08-07T17:12:25.037+0000] {logging_mixin.py:150} INFO - [2023-08-07T17:12:25.037+0000] {dag.py:2742} INFO - Sync 2 DAGs
[2023-08-07T17:12:25.061+0000] {logging_mixin.py:150} INFO - [2023-08-07T17:12:25.060+0000] {dag.py:3508} INFO - Setting next_dagrun for example_xcom_args to None, run_after=None
[2023-08-07T17:12:25.064+0000] {logging_mixin.py:150} INFO - [2023-08-07T17:12:25.064+0000] {dag.py:3508} INFO - Setting next_dagrun for example_xcom_args_with_operators to None, run_after=None
[2023-08-07T17:12:25.082+0000] {processor.py:179} INFO - Processing /home/airflow/.local/lib/python3.7/site-packages/airflow/example_dags/example_xcomargs.py took 0.077 seconds
[2023-08-07T17:12:56.017+0000] {processor.py:157} INFO - Started process (PID=569) to work on /home/airflow/.local/lib/python3.7/site-packages/airflow/example_dags/example_xcomargs.py
[2023-08-07T17:12:56.018+0000] {processor.py:826} INFO - Processing file /home/airflow/.local/lib/python3.7/site-packages/airflow/example_dags/example_xcomargs.py for tasks to queue
[2023-08-07T17:12:56.019+0000] {logging_mixin.py:150} INFO - [2023-08-07T17:12:56.019+0000] {dagbag.py:541} INFO - Filling up the DagBag from /home/airflow/.local/lib/python3.7/site-packages/airflow/example_dags/example_xcomargs.py
[2023-08-07T17:12:56.029+0000] {processor.py:836} INFO - DAG(s) dict_keys(['example_xcom_args_with_operators', 'example_xcom_args']) retrieved from /home/airflow/.local/lib/python3.7/site-packages/airflow/example_dags/example_xcomargs.py
[2023-08-07T17:12:56.053+0000] {logging_mixin.py:150} INFO - [2023-08-07T17:12:56.053+0000] {dag.py:2742} INFO - Sync 2 DAGs
[2023-08-07T17:12:56.074+0000] {logging_mixin.py:150} INFO - [2023-08-07T17:12:56.074+0000] {dag.py:3508} INFO - Setting next_dagrun for example_xcom_args to None, run_after=None
[2023-08-07T17:12:56.078+0000] {logging_mixin.py:150} INFO - [2023-08-07T17:12:56.077+0000] {dag.py:3508} INFO - Setting next_dagrun for example_xcom_args_with_operators to None, run_after=None
[2023-08-07T17:12:56.093+0000] {processor.py:179} INFO - Processing /home/airflow/.local/lib/python3.7/site-packages/airflow/example_dags/example_xcomargs.py took 0.080 seconds
[2023-08-07T17:13:26.138+0000] {processor.py:157} INFO - Started process (PID=631) to work on /home/airflow/.local/lib/python3.7/site-packages/airflow/example_dags/example_xcomargs.py
[2023-08-07T17:13:26.139+0000] {processor.py:826} INFO - Processing file /home/airflow/.local/lib/python3.7/site-packages/airflow/example_dags/example_xcomargs.py for tasks to queue
[2023-08-07T17:13:26.140+0000] {logging_mixin.py:150} INFO - [2023-08-07T17:13:26.139+0000] {dagbag.py:541} INFO - Filling up the DagBag from /home/airflow/.local/lib/python3.7/site-packages/airflow/example_dags/example_xcomargs.py
[2023-08-07T17:13:26.145+0000] {processor.py:836} INFO - DAG(s) dict_keys(['example_xcom_args', 'example_xcom_args_with_operators']) retrieved from /home/airflow/.local/lib/python3.7/site-packages/airflow/example_dags/example_xcomargs.py
[2023-08-07T17:13:26.169+0000] {logging_mixin.py:150} INFO - [2023-08-07T17:13:26.169+0000] {dag.py:2742} INFO - Sync 2 DAGs
[2023-08-07T17:13:26.191+0000] {logging_mixin.py:150} INFO - [2023-08-07T17:13:26.191+0000] {dag.py:3508} INFO - Setting next_dagrun for example_xcom_args to None, run_after=None
[2023-08-07T17:13:26.194+0000] {logging_mixin.py:150} INFO - [2023-08-07T17:13:26.194+0000] {dag.py:3508} INFO - Setting next_dagrun for example_xcom_args_with_operators to None, run_after=None
[2023-08-07T17:13:26.210+0000] {processor.py:179} INFO - Processing /home/airflow/.local/lib/python3.7/site-packages/airflow/example_dags/example_xcomargs.py took 0.074 seconds
[2023-08-07T17:13:56.860+0000] {processor.py:157} INFO - Started process (PID=693) to work on /home/airflow/.local/lib/python3.7/site-packages/airflow/example_dags/example_xcomargs.py
[2023-08-07T17:13:56.860+0000] {processor.py:826} INFO - Processing file /home/airflow/.local/lib/python3.7/site-packages/airflow/example_dags/example_xcomargs.py for tasks to queue
[2023-08-07T17:13:56.861+0000] {logging_mixin.py:150} INFO - [2023-08-07T17:13:56.861+0000] {dagbag.py:541} INFO - Filling up the DagBag from /home/airflow/.local/lib/python3.7/site-packages/airflow/example_dags/example_xcomargs.py
[2023-08-07T17:13:56.867+0000] {processor.py:836} INFO - DAG(s) dict_keys(['example_xcom_args', 'example_xcom_args_with_operators']) retrieved from /home/airflow/.local/lib/python3.7/site-packages/airflow/example_dags/example_xcomargs.py
[2023-08-07T17:13:56.889+0000] {logging_mixin.py:150} INFO - [2023-08-07T17:13:56.889+0000] {dag.py:2742} INFO - Sync 2 DAGs
[2023-08-07T17:13:56.913+0000] {logging_mixin.py:150} INFO - [2023-08-07T17:13:56.913+0000] {dag.py:3508} INFO - Setting next_dagrun for example_xcom_args to None, run_after=None
[2023-08-07T17:13:56.917+0000] {logging_mixin.py:150} INFO - [2023-08-07T17:13:56.916+0000] {dag.py:3508} INFO - Setting next_dagrun for example_xcom_args_with_operators to None, run_after=None
[2023-08-07T17:13:56.932+0000] {processor.py:179} INFO - Processing /home/airflow/.local/lib/python3.7/site-packages/airflow/example_dags/example_xcomargs.py took 0.074 seconds
[2023-08-07T17:14:27.677+0000] {processor.py:157} INFO - Started process (PID=755) to work on /home/airflow/.local/lib/python3.7/site-packages/airflow/example_dags/example_xcomargs.py
[2023-08-07T17:14:27.677+0000] {processor.py:826} INFO - Processing file /home/airflow/.local/lib/python3.7/site-packages/airflow/example_dags/example_xcomargs.py for tasks to queue
[2023-08-07T17:14:27.678+0000] {logging_mixin.py:150} INFO - [2023-08-07T17:14:27.678+0000] {dagbag.py:541} INFO - Filling up the DagBag from /home/airflow/.local/lib/python3.7/site-packages/airflow/example_dags/example_xcomargs.py
[2023-08-07T17:14:27.683+0000] {processor.py:836} INFO - DAG(s) dict_keys(['example_xcom_args_with_operators', 'example_xcom_args']) retrieved from /home/airflow/.local/lib/python3.7/site-packages/airflow/example_dags/example_xcomargs.py
[2023-08-07T17:14:27.704+0000] {logging_mixin.py:150} INFO - [2023-08-07T17:14:27.704+0000] {dag.py:2742} INFO - Sync 2 DAGs
[2023-08-07T17:14:27.726+0000] {logging_mixin.py:150} INFO - [2023-08-07T17:14:27.725+0000] {dag.py:3508} INFO - Setting next_dagrun for example_xcom_args to None, run_after=None
[2023-08-07T17:14:27.729+0000] {logging_mixin.py:150} INFO - [2023-08-07T17:14:27.728+0000] {dag.py:3508} INFO - Setting next_dagrun for example_xcom_args_with_operators to None, run_after=None
[2023-08-07T17:14:27.744+0000] {processor.py:179} INFO - Processing /home/airflow/.local/lib/python3.7/site-packages/airflow/example_dags/example_xcomargs.py took 0.070 seconds
[2023-08-07T17:14:58.309+0000] {processor.py:157} INFO - Started process (PID=817) to work on /home/airflow/.local/lib/python3.7/site-packages/airflow/example_dags/example_xcomargs.py
[2023-08-07T17:14:58.310+0000] {processor.py:826} INFO - Processing file /home/airflow/.local/lib/python3.7/site-packages/airflow/example_dags/example_xcomargs.py for tasks to queue
[2023-08-07T17:14:58.310+0000] {logging_mixin.py:150} INFO - [2023-08-07T17:14:58.310+0000] {dagbag.py:541} INFO - Filling up the DagBag from /home/airflow/.local/lib/python3.7/site-packages/airflow/example_dags/example_xcomargs.py
[2023-08-07T17:14:58.316+0000] {processor.py:836} INFO - DAG(s) dict_keys(['example_xcom_args_with_operators', 'example_xcom_args']) retrieved from /home/airflow/.local/lib/python3.7/site-packages/airflow/example_dags/example_xcomargs.py
[2023-08-07T17:14:58.339+0000] {logging_mixin.py:150} INFO - [2023-08-07T17:14:58.338+0000] {dag.py:2742} INFO - Sync 2 DAGs
[2023-08-07T17:14:58.361+0000] {logging_mixin.py:150} INFO - [2023-08-07T17:14:58.361+0000] {dag.py:3508} INFO - Setting next_dagrun for example_xcom_args to None, run_after=None
[2023-08-07T17:14:58.364+0000] {logging_mixin.py:150} INFO - [2023-08-07T17:14:58.364+0000] {dag.py:3508} INFO - Setting next_dagrun for example_xcom_args_with_operators to None, run_after=None
[2023-08-07T17:14:58.382+0000] {processor.py:179} INFO - Processing /home/airflow/.local/lib/python3.7/site-packages/airflow/example_dags/example_xcomargs.py took 0.075 seconds
[2023-08-07T17:15:29.266+0000] {processor.py:157} INFO - Started process (PID=879) to work on /home/airflow/.local/lib/python3.7/site-packages/airflow/example_dags/example_xcomargs.py
[2023-08-07T17:15:29.266+0000] {processor.py:826} INFO - Processing file /home/airflow/.local/lib/python3.7/site-packages/airflow/example_dags/example_xcomargs.py for tasks to queue
[2023-08-07T17:15:29.267+0000] {logging_mixin.py:150} INFO - [2023-08-07T17:15:29.266+0000] {dagbag.py:541} INFO - Filling up the DagBag from /home/airflow/.local/lib/python3.7/site-packages/airflow/example_dags/example_xcomargs.py
[2023-08-07T17:15:29.272+0000] {processor.py:836} INFO - DAG(s) dict_keys(['example_xcom_args_with_operators', 'example_xcom_args']) retrieved from /home/airflow/.local/lib/python3.7/site-packages/airflow/example_dags/example_xcomargs.py
[2023-08-07T17:15:29.296+0000] {logging_mixin.py:150} INFO - [2023-08-07T17:15:29.296+0000] {dag.py:2742} INFO - Sync 2 DAGs
[2023-08-07T17:15:29.321+0000] {logging_mixin.py:150} INFO - [2023-08-07T17:15:29.320+0000] {dag.py:3508} INFO - Setting next_dagrun for example_xcom_args to None, run_after=None
[2023-08-07T17:15:29.324+0000] {logging_mixin.py:150} INFO - [2023-08-07T17:15:29.324+0000] {dag.py:3508} INFO - Setting next_dagrun for example_xcom_args_with_operators to None, run_after=None
[2023-08-07T17:15:29.341+0000] {processor.py:179} INFO - Processing /home/airflow/.local/lib/python3.7/site-packages/airflow/example_dags/example_xcomargs.py took 0.077 seconds
[2023-08-07T17:15:59.522+0000] {processor.py:157} INFO - Started process (PID=941) to work on /home/airflow/.local/lib/python3.7/site-packages/airflow/example_dags/example_xcomargs.py
[2023-08-07T17:15:59.524+0000] {processor.py:826} INFO - Processing file /home/airflow/.local/lib/python3.7/site-packages/airflow/example_dags/example_xcomargs.py for tasks to queue
[2023-08-07T17:15:59.525+0000] {logging_mixin.py:150} INFO - [2023-08-07T17:15:59.524+0000] {dagbag.py:541} INFO - Filling up the DagBag from /home/airflow/.local/lib/python3.7/site-packages/airflow/example_dags/example_xcomargs.py
[2023-08-07T17:15:59.538+0000] {processor.py:836} INFO - DAG(s) dict_keys(['example_xcom_args_with_operators', 'example_xcom_args']) retrieved from /home/airflow/.local/lib/python3.7/site-packages/airflow/example_dags/example_xcomargs.py
[2023-08-07T17:15:59.564+0000] {logging_mixin.py:150} INFO - [2023-08-07T17:15:59.564+0000] {dag.py:2742} INFO - Sync 2 DAGs
[2023-08-07T17:15:59.587+0000] {logging_mixin.py:150} INFO - [2023-08-07T17:15:59.586+0000] {dag.py:3508} INFO - Setting next_dagrun for example_xcom_args to None, run_after=None
[2023-08-07T17:15:59.590+0000] {logging_mixin.py:150} INFO - [2023-08-07T17:15:59.589+0000] {dag.py:3508} INFO - Setting next_dagrun for example_xcom_args_with_operators to None, run_after=None
[2023-08-07T17:15:59.606+0000] {processor.py:179} INFO - Processing /home/airflow/.local/lib/python3.7/site-packages/airflow/example_dags/example_xcomargs.py took 0.089 seconds
[2023-08-07T17:16:30.040+0000] {processor.py:157} INFO - Started process (PID=1003) to work on /home/airflow/.local/lib/python3.7/site-packages/airflow/example_dags/example_xcomargs.py
[2023-08-07T17:16:30.040+0000] {processor.py:826} INFO - Processing file /home/airflow/.local/lib/python3.7/site-packages/airflow/example_dags/example_xcomargs.py for tasks to queue
[2023-08-07T17:16:30.041+0000] {logging_mixin.py:150} INFO - [2023-08-07T17:16:30.041+0000] {dagbag.py:541} INFO - Filling up the DagBag from /home/airflow/.local/lib/python3.7/site-packages/airflow/example_dags/example_xcomargs.py
[2023-08-07T17:16:30.046+0000] {processor.py:836} INFO - DAG(s) dict_keys(['example_xcom_args_with_operators', 'example_xcom_args']) retrieved from /home/airflow/.local/lib/python3.7/site-packages/airflow/example_dags/example_xcomargs.py
[2023-08-07T17:16:30.068+0000] {logging_mixin.py:150} INFO - [2023-08-07T17:16:30.067+0000] {dag.py:2742} INFO - Sync 2 DAGs
[2023-08-07T17:16:30.089+0000] {logging_mixin.py:150} INFO - [2023-08-07T17:16:30.089+0000] {dag.py:3508} INFO - Setting next_dagrun for example_xcom_args to None, run_after=None
[2023-08-07T17:16:30.093+0000] {logging_mixin.py:150} INFO - [2023-08-07T17:16:30.092+0000] {dag.py:3508} INFO - Setting next_dagrun for example_xcom_args_with_operators to None, run_after=None
[2023-08-07T17:16:30.108+0000] {processor.py:179} INFO - Processing /home/airflow/.local/lib/python3.7/site-packages/airflow/example_dags/example_xcomargs.py took 0.070 seconds
[2023-08-07T17:41:16.890+0000] {processor.py:157} INFO - Started process (PID=72) to work on /home/airflow/.local/lib/python3.7/site-packages/airflow/example_dags/example_xcomargs.py
[2023-08-07T17:41:16.891+0000] {processor.py:826} INFO - Processing file /home/airflow/.local/lib/python3.7/site-packages/airflow/example_dags/example_xcomargs.py for tasks to queue
[2023-08-07T17:41:16.892+0000] {logging_mixin.py:150} INFO - [2023-08-07T17:41:16.891+0000] {dagbag.py:541} INFO - Filling up the DagBag from /home/airflow/.local/lib/python3.7/site-packages/airflow/example_dags/example_xcomargs.py
[2023-08-07T17:41:16.899+0000] {processor.py:836} INFO - DAG(s) dict_keys(['example_xcom_args', 'example_xcom_args_with_operators']) retrieved from /home/airflow/.local/lib/python3.7/site-packages/airflow/example_dags/example_xcomargs.py
[2023-08-07T17:41:16.914+0000] {logging_mixin.py:150} INFO - [2023-08-07T17:41:16.914+0000] {dag.py:2742} INFO - Sync 2 DAGs
[2023-08-07T17:41:16.944+0000] {logging_mixin.py:150} INFO - [2023-08-07T17:41:16.944+0000] {dag.py:3508} INFO - Setting next_dagrun for example_xcom_args to None, run_after=None
[2023-08-07T17:41:16.948+0000] {logging_mixin.py:150} INFO - [2023-08-07T17:41:16.948+0000] {dag.py:3508} INFO - Setting next_dagrun for example_xcom_args_with_operators to None, run_after=None
[2023-08-07T17:41:16.970+0000] {processor.py:179} INFO - Processing /home/airflow/.local/lib/python3.7/site-packages/airflow/example_dags/example_xcomargs.py took 0.083 seconds
[2023-08-07T17:41:47.581+0000] {processor.py:157} INFO - Started process (PID=134) to work on /home/airflow/.local/lib/python3.7/site-packages/airflow/example_dags/example_xcomargs.py
[2023-08-07T17:41:47.582+0000] {processor.py:826} INFO - Processing file /home/airflow/.local/lib/python3.7/site-packages/airflow/example_dags/example_xcomargs.py for tasks to queue
[2023-08-07T17:41:47.583+0000] {logging_mixin.py:150} INFO - [2023-08-07T17:41:47.583+0000] {dagbag.py:541} INFO - Filling up the DagBag from /home/airflow/.local/lib/python3.7/site-packages/airflow/example_dags/example_xcomargs.py
[2023-08-07T17:41:47.596+0000] {processor.py:836} INFO - DAG(s) dict_keys(['example_xcom_args_with_operators', 'example_xcom_args']) retrieved from /home/airflow/.local/lib/python3.7/site-packages/airflow/example_dags/example_xcomargs.py
[2023-08-07T17:41:47.621+0000] {logging_mixin.py:150} INFO - [2023-08-07T17:41:47.621+0000] {dag.py:2742} INFO - Sync 2 DAGs
[2023-08-07T17:41:47.645+0000] {logging_mixin.py:150} INFO - [2023-08-07T17:41:47.644+0000] {dag.py:3508} INFO - Setting next_dagrun for example_xcom_args to None, run_after=None
[2023-08-07T17:41:47.648+0000] {logging_mixin.py:150} INFO - [2023-08-07T17:41:47.648+0000] {dag.py:3508} INFO - Setting next_dagrun for example_xcom_args_with_operators to None, run_after=None
[2023-08-07T17:41:47.664+0000] {processor.py:179} INFO - Processing /home/airflow/.local/lib/python3.7/site-packages/airflow/example_dags/example_xcomargs.py took 0.087 seconds
[2023-08-07T17:42:18.391+0000] {processor.py:157} INFO - Started process (PID=196) to work on /home/airflow/.local/lib/python3.7/site-packages/airflow/example_dags/example_xcomargs.py
[2023-08-07T17:42:18.392+0000] {processor.py:826} INFO - Processing file /home/airflow/.local/lib/python3.7/site-packages/airflow/example_dags/example_xcomargs.py for tasks to queue
[2023-08-07T17:42:18.394+0000] {logging_mixin.py:150} INFO - [2023-08-07T17:42:18.393+0000] {dagbag.py:541} INFO - Filling up the DagBag from /home/airflow/.local/lib/python3.7/site-packages/airflow/example_dags/example_xcomargs.py
[2023-08-07T17:42:18.407+0000] {processor.py:836} INFO - DAG(s) dict_keys(['example_xcom_args_with_operators', 'example_xcom_args']) retrieved from /home/airflow/.local/lib/python3.7/site-packages/airflow/example_dags/example_xcomargs.py
[2023-08-07T17:42:18.434+0000] {logging_mixin.py:150} INFO - [2023-08-07T17:42:18.434+0000] {dag.py:2742} INFO - Sync 2 DAGs
[2023-08-07T17:42:18.457+0000] {logging_mixin.py:150} INFO - [2023-08-07T17:42:18.457+0000] {dag.py:3508} INFO - Setting next_dagrun for example_xcom_args to None, run_after=None
[2023-08-07T17:42:18.461+0000] {logging_mixin.py:150} INFO - [2023-08-07T17:42:18.461+0000] {dag.py:3508} INFO - Setting next_dagrun for example_xcom_args_with_operators to None, run_after=None
[2023-08-07T17:42:18.476+0000] {processor.py:179} INFO - Processing /home/airflow/.local/lib/python3.7/site-packages/airflow/example_dags/example_xcomargs.py took 0.090 seconds
[2023-08-07T17:42:49.309+0000] {processor.py:157} INFO - Started process (PID=258) to work on /home/airflow/.local/lib/python3.7/site-packages/airflow/example_dags/example_xcomargs.py
[2023-08-07T17:42:49.310+0000] {processor.py:826} INFO - Processing file /home/airflow/.local/lib/python3.7/site-packages/airflow/example_dags/example_xcomargs.py for tasks to queue
[2023-08-07T17:42:49.310+0000] {logging_mixin.py:150} INFO - [2023-08-07T17:42:49.310+0000] {dagbag.py:541} INFO - Filling up the DagBag from /home/airflow/.local/lib/python3.7/site-packages/airflow/example_dags/example_xcomargs.py
[2023-08-07T17:42:49.317+0000] {processor.py:836} INFO - DAG(s) dict_keys(['example_xcom_args_with_operators', 'example_xcom_args']) retrieved from /home/airflow/.local/lib/python3.7/site-packages/airflow/example_dags/example_xcomargs.py
[2023-08-07T17:42:49.342+0000] {logging_mixin.py:150} INFO - [2023-08-07T17:42:49.342+0000] {dag.py:2742} INFO - Sync 2 DAGs
[2023-08-07T17:42:49.365+0000] {logging_mixin.py:150} INFO - [2023-08-07T17:42:49.364+0000] {dag.py:3508} INFO - Setting next_dagrun for example_xcom_args to None, run_after=None
[2023-08-07T17:42:49.368+0000] {logging_mixin.py:150} INFO - [2023-08-07T17:42:49.368+0000] {dag.py:3508} INFO - Setting next_dagrun for example_xcom_args_with_operators to None, run_after=None
[2023-08-07T17:42:49.383+0000] {processor.py:179} INFO - Processing /home/airflow/.local/lib/python3.7/site-packages/airflow/example_dags/example_xcomargs.py took 0.076 seconds
[2023-08-07T17:43:20.529+0000] {processor.py:157} INFO - Started process (PID=321) to work on /home/airflow/.local/lib/python3.7/site-packages/airflow/example_dags/example_xcomargs.py
[2023-08-07T17:43:20.531+0000] {processor.py:826} INFO - Processing file /home/airflow/.local/lib/python3.7/site-packages/airflow/example_dags/example_xcomargs.py for tasks to queue
[2023-08-07T17:43:20.532+0000] {logging_mixin.py:150} INFO - [2023-08-07T17:43:20.531+0000] {dagbag.py:541} INFO - Filling up the DagBag from /home/airflow/.local/lib/python3.7/site-packages/airflow/example_dags/example_xcomargs.py
[2023-08-07T17:43:20.543+0000] {processor.py:836} INFO - DAG(s) dict_keys(['example_xcom_args_with_operators', 'example_xcom_args']) retrieved from /home/airflow/.local/lib/python3.7/site-packages/airflow/example_dags/example_xcomargs.py
[2023-08-07T17:43:20.569+0000] {logging_mixin.py:150} INFO - [2023-08-07T17:43:20.568+0000] {dag.py:2742} INFO - Sync 2 DAGs
[2023-08-07T17:43:20.591+0000] {logging_mixin.py:150} INFO - [2023-08-07T17:43:20.591+0000] {dag.py:3508} INFO - Setting next_dagrun for example_xcom_args to None, run_after=None
[2023-08-07T17:43:20.594+0000] {logging_mixin.py:150} INFO - [2023-08-07T17:43:20.594+0000] {dag.py:3508} INFO - Setting next_dagrun for example_xcom_args_with_operators to None, run_after=None
[2023-08-07T17:43:20.610+0000] {processor.py:179} INFO - Processing /home/airflow/.local/lib/python3.7/site-packages/airflow/example_dags/example_xcomargs.py took 0.084 seconds
[2023-08-07T18:11:03.414+0000] {processor.py:157} INFO - Started process (PID=73) to work on /home/airflow/.local/lib/python3.7/site-packages/airflow/example_dags/example_xcomargs.py
[2023-08-07T18:11:03.416+0000] {processor.py:826} INFO - Processing file /home/airflow/.local/lib/python3.7/site-packages/airflow/example_dags/example_xcomargs.py for tasks to queue
[2023-08-07T18:11:03.416+0000] {logging_mixin.py:150} INFO - [2023-08-07T18:11:03.416+0000] {dagbag.py:541} INFO - Filling up the DagBag from /home/airflow/.local/lib/python3.7/site-packages/airflow/example_dags/example_xcomargs.py
[2023-08-07T18:11:03.424+0000] {processor.py:836} INFO - DAG(s) dict_keys(['example_xcom_args', 'example_xcom_args_with_operators']) retrieved from /home/airflow/.local/lib/python3.7/site-packages/airflow/example_dags/example_xcomargs.py
[2023-08-07T18:11:03.439+0000] {logging_mixin.py:150} INFO - [2023-08-07T18:11:03.438+0000] {dag.py:2742} INFO - Sync 2 DAGs
[2023-08-07T18:11:03.467+0000] {logging_mixin.py:150} INFO - [2023-08-07T18:11:03.467+0000] {dag.py:3508} INFO - Setting next_dagrun for example_xcom_args to None, run_after=None
[2023-08-07T18:11:03.471+0000] {logging_mixin.py:150} INFO - [2023-08-07T18:11:03.471+0000] {dag.py:3508} INFO - Setting next_dagrun for example_xcom_args_with_operators to None, run_after=None
[2023-08-07T18:11:03.492+0000] {processor.py:179} INFO - Processing /home/airflow/.local/lib/python3.7/site-packages/airflow/example_dags/example_xcomargs.py took 0.080 seconds
