[2023-08-07T17:08:47.829+0000] {processor.py:157} INFO - Started process (PID=42) to work on /home/airflow/.local/lib/python3.7/site-packages/airflow/example_dags/example_skip_dag.py
[2023-08-07T17:08:47.829+0000] {processor.py:826} INFO - Processing file /home/airflow/.local/lib/python3.7/site-packages/airflow/example_dags/example_skip_dag.py for tasks to queue
[2023-08-07T17:08:47.830+0000] {logging_mixin.py:150} INFO - [2023-08-07T17:08:47.830+0000] {dagbag.py:541} INFO - Filling up the DagBag from /home/airflow/.local/lib/python3.7/site-packages/airflow/example_dags/example_skip_dag.py
[2023-08-07T17:08:47.843+0000] {processor.py:836} INFO - DAG(s) dict_keys(['example_skip_dag']) retrieved from /home/airflow/.local/lib/python3.7/site-packages/airflow/example_dags/example_skip_dag.py
[2023-08-07T17:08:47.857+0000] {logging_mixin.py:150} INFO - [2023-08-07T17:08:47.857+0000] {dag.py:2742} INFO - Sync 1 DAGs
[2023-08-07T17:08:47.890+0000] {logging_mixin.py:150} INFO - [2023-08-07T17:08:47.890+0000] {dag.py:3508} INFO - Setting next_dagrun for example_skip_dag to 2023-08-06T17:08:47.889896+00:00, run_after=2023-08-07T17:08:47.889896+00:00
[2023-08-07T17:08:47.916+0000] {processor.py:179} INFO - Processing /home/airflow/.local/lib/python3.7/site-packages/airflow/example_dags/example_skip_dag.py took 0.091 seconds
[2023-08-07T17:09:18.489+0000] {processor.py:157} INFO - Started process (PID=104) to work on /home/airflow/.local/lib/python3.7/site-packages/airflow/example_dags/example_skip_dag.py
[2023-08-07T17:09:18.489+0000] {processor.py:826} INFO - Processing file /home/airflow/.local/lib/python3.7/site-packages/airflow/example_dags/example_skip_dag.py for tasks to queue
[2023-08-07T17:09:18.490+0000] {logging_mixin.py:150} INFO - [2023-08-07T17:09:18.490+0000] {dagbag.py:541} INFO - Filling up the DagBag from /home/airflow/.local/lib/python3.7/site-packages/airflow/example_dags/example_skip_dag.py
[2023-08-07T17:09:18.495+0000] {processor.py:836} INFO - DAG(s) dict_keys(['example_skip_dag']) retrieved from /home/airflow/.local/lib/python3.7/site-packages/airflow/example_dags/example_skip_dag.py
[2023-08-07T17:09:18.514+0000] {logging_mixin.py:150} INFO - [2023-08-07T17:09:18.514+0000] {dag.py:2742} INFO - Sync 1 DAGs
[2023-08-07T17:09:18.537+0000] {logging_mixin.py:150} INFO - [2023-08-07T17:09:18.537+0000] {dag.py:3508} INFO - Setting next_dagrun for example_skip_dag to 2023-08-06T17:09:18.537301+00:00, run_after=2023-08-07T17:09:18.537301+00:00
[2023-08-07T17:09:18.554+0000] {processor.py:179} INFO - Processing /home/airflow/.local/lib/python3.7/site-packages/airflow/example_dags/example_skip_dag.py took 0.068 seconds
[2023-08-07T17:09:49.065+0000] {processor.py:157} INFO - Started process (PID=166) to work on /home/airflow/.local/lib/python3.7/site-packages/airflow/example_dags/example_skip_dag.py
[2023-08-07T17:09:49.066+0000] {processor.py:826} INFO - Processing file /home/airflow/.local/lib/python3.7/site-packages/airflow/example_dags/example_skip_dag.py for tasks to queue
[2023-08-07T17:09:49.066+0000] {logging_mixin.py:150} INFO - [2023-08-07T17:09:49.066+0000] {dagbag.py:541} INFO - Filling up the DagBag from /home/airflow/.local/lib/python3.7/site-packages/airflow/example_dags/example_skip_dag.py
[2023-08-07T17:09:49.072+0000] {processor.py:836} INFO - DAG(s) dict_keys(['example_skip_dag']) retrieved from /home/airflow/.local/lib/python3.7/site-packages/airflow/example_dags/example_skip_dag.py
[2023-08-07T17:09:49.092+0000] {logging_mixin.py:150} INFO - [2023-08-07T17:09:49.092+0000] {dag.py:2742} INFO - Sync 1 DAGs
[2023-08-07T17:09:49.114+0000] {logging_mixin.py:150} INFO - [2023-08-07T17:09:49.114+0000] {dag.py:3508} INFO - Setting next_dagrun for example_skip_dag to 2023-08-06T17:09:49.114122+00:00, run_after=2023-08-07T17:09:49.114122+00:00
[2023-08-07T17:09:49.132+0000] {processor.py:179} INFO - Processing /home/airflow/.local/lib/python3.7/site-packages/airflow/example_dags/example_skip_dag.py took 0.069 seconds
[2023-08-07T17:10:19.405+0000] {processor.py:157} INFO - Started process (PID=228) to work on /home/airflow/.local/lib/python3.7/site-packages/airflow/example_dags/example_skip_dag.py
[2023-08-07T17:10:19.406+0000] {processor.py:826} INFO - Processing file /home/airflow/.local/lib/python3.7/site-packages/airflow/example_dags/example_skip_dag.py for tasks to queue
[2023-08-07T17:10:19.407+0000] {logging_mixin.py:150} INFO - [2023-08-07T17:10:19.407+0000] {dagbag.py:541} INFO - Filling up the DagBag from /home/airflow/.local/lib/python3.7/site-packages/airflow/example_dags/example_skip_dag.py
[2023-08-07T17:10:19.418+0000] {processor.py:836} INFO - DAG(s) dict_keys(['example_skip_dag']) retrieved from /home/airflow/.local/lib/python3.7/site-packages/airflow/example_dags/example_skip_dag.py
[2023-08-07T17:10:19.443+0000] {logging_mixin.py:150} INFO - [2023-08-07T17:10:19.443+0000] {dag.py:2742} INFO - Sync 1 DAGs
[2023-08-07T17:10:19.466+0000] {logging_mixin.py:150} INFO - [2023-08-07T17:10:19.465+0000] {dag.py:3508} INFO - Setting next_dagrun for example_skip_dag to 2023-08-06T17:10:19.465754+00:00, run_after=2023-08-07T17:10:19.465754+00:00
[2023-08-07T17:10:19.484+0000] {processor.py:179} INFO - Processing /home/airflow/.local/lib/python3.7/site-packages/airflow/example_dags/example_skip_dag.py took 0.083 seconds
[2023-08-07T17:10:49.699+0000] {processor.py:157} INFO - Started process (PID=290) to work on /home/airflow/.local/lib/python3.7/site-packages/airflow/example_dags/example_skip_dag.py
[2023-08-07T17:10:49.700+0000] {processor.py:826} INFO - Processing file /home/airflow/.local/lib/python3.7/site-packages/airflow/example_dags/example_skip_dag.py for tasks to queue
[2023-08-07T17:10:49.701+0000] {logging_mixin.py:150} INFO - [2023-08-07T17:10:49.700+0000] {dagbag.py:541} INFO - Filling up the DagBag from /home/airflow/.local/lib/python3.7/site-packages/airflow/example_dags/example_skip_dag.py
[2023-08-07T17:10:49.706+0000] {processor.py:836} INFO - DAG(s) dict_keys(['example_skip_dag']) retrieved from /home/airflow/.local/lib/python3.7/site-packages/airflow/example_dags/example_skip_dag.py
[2023-08-07T17:10:49.737+0000] {logging_mixin.py:150} INFO - [2023-08-07T17:10:49.736+0000] {dag.py:2742} INFO - Sync 1 DAGs
[2023-08-07T17:10:49.767+0000] {logging_mixin.py:150} INFO - [2023-08-07T17:10:49.767+0000] {dag.py:3508} INFO - Setting next_dagrun for example_skip_dag to 2023-08-06T17:10:49.767421+00:00, run_after=2023-08-07T17:10:49.767421+00:00
[2023-08-07T17:10:49.785+0000] {processor.py:179} INFO - Processing /home/airflow/.local/lib/python3.7/site-packages/airflow/example_dags/example_skip_dag.py took 0.088 seconds
[2023-08-07T17:11:20.802+0000] {processor.py:157} INFO - Started process (PID=352) to work on /home/airflow/.local/lib/python3.7/site-packages/airflow/example_dags/example_skip_dag.py
[2023-08-07T17:11:20.803+0000] {processor.py:826} INFO - Processing file /home/airflow/.local/lib/python3.7/site-packages/airflow/example_dags/example_skip_dag.py for tasks to queue
[2023-08-07T17:11:20.803+0000] {logging_mixin.py:150} INFO - [2023-08-07T17:11:20.803+0000] {dagbag.py:541} INFO - Filling up the DagBag from /home/airflow/.local/lib/python3.7/site-packages/airflow/example_dags/example_skip_dag.py
[2023-08-07T17:11:20.808+0000] {processor.py:836} INFO - DAG(s) dict_keys(['example_skip_dag']) retrieved from /home/airflow/.local/lib/python3.7/site-packages/airflow/example_dags/example_skip_dag.py
[2023-08-07T17:11:20.828+0000] {logging_mixin.py:150} INFO - [2023-08-07T17:11:20.828+0000] {dag.py:2742} INFO - Sync 1 DAGs
[2023-08-07T17:11:20.850+0000] {logging_mixin.py:150} INFO - [2023-08-07T17:11:20.850+0000] {dag.py:3508} INFO - Setting next_dagrun for example_skip_dag to 2023-08-06T17:11:20.850150+00:00, run_after=2023-08-07T17:11:20.850150+00:00
[2023-08-07T17:11:20.867+0000] {processor.py:179} INFO - Processing /home/airflow/.local/lib/python3.7/site-packages/airflow/example_dags/example_skip_dag.py took 0.067 seconds
[2023-08-07T17:11:51.406+0000] {processor.py:157} INFO - Started process (PID=414) to work on /home/airflow/.local/lib/python3.7/site-packages/airflow/example_dags/example_skip_dag.py
[2023-08-07T17:11:51.407+0000] {processor.py:826} INFO - Processing file /home/airflow/.local/lib/python3.7/site-packages/airflow/example_dags/example_skip_dag.py for tasks to queue
[2023-08-07T17:11:51.407+0000] {logging_mixin.py:150} INFO - [2023-08-07T17:11:51.407+0000] {dagbag.py:541} INFO - Filling up the DagBag from /home/airflow/.local/lib/python3.7/site-packages/airflow/example_dags/example_skip_dag.py
[2023-08-07T17:11:51.412+0000] {processor.py:836} INFO - DAG(s) dict_keys(['example_skip_dag']) retrieved from /home/airflow/.local/lib/python3.7/site-packages/airflow/example_dags/example_skip_dag.py
[2023-08-07T17:11:51.431+0000] {logging_mixin.py:150} INFO - [2023-08-07T17:11:51.431+0000] {dag.py:2742} INFO - Sync 1 DAGs
[2023-08-07T17:11:51.454+0000] {logging_mixin.py:150} INFO - [2023-08-07T17:11:51.454+0000] {dag.py:3508} INFO - Setting next_dagrun for example_skip_dag to 2023-08-06T17:11:51.454607+00:00, run_after=2023-08-07T17:11:51.454607+00:00
[2023-08-07T17:11:51.471+0000] {processor.py:179} INFO - Processing /home/airflow/.local/lib/python3.7/site-packages/airflow/example_dags/example_skip_dag.py took 0.066 seconds
[2023-08-07T17:12:22.071+0000] {processor.py:157} INFO - Started process (PID=476) to work on /home/airflow/.local/lib/python3.7/site-packages/airflow/example_dags/example_skip_dag.py
[2023-08-07T17:12:22.072+0000] {processor.py:826} INFO - Processing file /home/airflow/.local/lib/python3.7/site-packages/airflow/example_dags/example_skip_dag.py for tasks to queue
[2023-08-07T17:12:22.073+0000] {logging_mixin.py:150} INFO - [2023-08-07T17:12:22.073+0000] {dagbag.py:541} INFO - Filling up the DagBag from /home/airflow/.local/lib/python3.7/site-packages/airflow/example_dags/example_skip_dag.py
[2023-08-07T17:12:22.082+0000] {processor.py:836} INFO - DAG(s) dict_keys(['example_skip_dag']) retrieved from /home/airflow/.local/lib/python3.7/site-packages/airflow/example_dags/example_skip_dag.py
[2023-08-07T17:12:22.104+0000] {logging_mixin.py:150} INFO - [2023-08-07T17:12:22.104+0000] {dag.py:2742} INFO - Sync 1 DAGs
[2023-08-07T17:12:22.127+0000] {logging_mixin.py:150} INFO - [2023-08-07T17:12:22.127+0000] {dag.py:3508} INFO - Setting next_dagrun for example_skip_dag to 2023-08-06T17:12:22.127168+00:00, run_after=2023-08-07T17:12:22.127168+00:00
[2023-08-07T17:12:22.145+0000] {processor.py:179} INFO - Processing /home/airflow/.local/lib/python3.7/site-packages/airflow/example_dags/example_skip_dag.py took 0.078 seconds
[2023-08-07T17:12:52.959+0000] {processor.py:157} INFO - Started process (PID=538) to work on /home/airflow/.local/lib/python3.7/site-packages/airflow/example_dags/example_skip_dag.py
[2023-08-07T17:12:52.960+0000] {processor.py:826} INFO - Processing file /home/airflow/.local/lib/python3.7/site-packages/airflow/example_dags/example_skip_dag.py for tasks to queue
[2023-08-07T17:12:52.960+0000] {logging_mixin.py:150} INFO - [2023-08-07T17:12:52.960+0000] {dagbag.py:541} INFO - Filling up the DagBag from /home/airflow/.local/lib/python3.7/site-packages/airflow/example_dags/example_skip_dag.py
[2023-08-07T17:12:52.965+0000] {processor.py:836} INFO - DAG(s) dict_keys(['example_skip_dag']) retrieved from /home/airflow/.local/lib/python3.7/site-packages/airflow/example_dags/example_skip_dag.py
[2023-08-07T17:12:52.984+0000] {logging_mixin.py:150} INFO - [2023-08-07T17:12:52.984+0000] {dag.py:2742} INFO - Sync 1 DAGs
[2023-08-07T17:12:53.006+0000] {logging_mixin.py:150} INFO - [2023-08-07T17:12:53.006+0000] {dag.py:3508} INFO - Setting next_dagrun for example_skip_dag to 2023-08-06T17:12:53.006332+00:00, run_after=2023-08-07T17:12:53.006332+00:00
[2023-08-07T17:12:53.025+0000] {processor.py:179} INFO - Processing /home/airflow/.local/lib/python3.7/site-packages/airflow/example_dags/example_skip_dag.py took 0.068 seconds
[2023-08-07T17:13:23.192+0000] {processor.py:157} INFO - Started process (PID=600) to work on /home/airflow/.local/lib/python3.7/site-packages/airflow/example_dags/example_skip_dag.py
[2023-08-07T17:13:23.193+0000] {processor.py:826} INFO - Processing file /home/airflow/.local/lib/python3.7/site-packages/airflow/example_dags/example_skip_dag.py for tasks to queue
[2023-08-07T17:13:23.193+0000] {logging_mixin.py:150} INFO - [2023-08-07T17:13:23.193+0000] {dagbag.py:541} INFO - Filling up the DagBag from /home/airflow/.local/lib/python3.7/site-packages/airflow/example_dags/example_skip_dag.py
[2023-08-07T17:13:23.198+0000] {processor.py:836} INFO - DAG(s) dict_keys(['example_skip_dag']) retrieved from /home/airflow/.local/lib/python3.7/site-packages/airflow/example_dags/example_skip_dag.py
[2023-08-07T17:13:23.218+0000] {logging_mixin.py:150} INFO - [2023-08-07T17:13:23.218+0000] {dag.py:2742} INFO - Sync 1 DAGs
[2023-08-07T17:13:23.242+0000] {logging_mixin.py:150} INFO - [2023-08-07T17:13:23.242+0000] {dag.py:3508} INFO - Setting next_dagrun for example_skip_dag to 2023-08-06T17:13:23.242616+00:00, run_after=2023-08-07T17:13:23.242616+00:00
[2023-08-07T17:13:23.259+0000] {processor.py:179} INFO - Processing /home/airflow/.local/lib/python3.7/site-packages/airflow/example_dags/example_skip_dag.py took 0.069 seconds
[2023-08-07T17:13:54.092+0000] {processor.py:157} INFO - Started process (PID=662) to work on /home/airflow/.local/lib/python3.7/site-packages/airflow/example_dags/example_skip_dag.py
[2023-08-07T17:13:54.093+0000] {processor.py:826} INFO - Processing file /home/airflow/.local/lib/python3.7/site-packages/airflow/example_dags/example_skip_dag.py for tasks to queue
[2023-08-07T17:13:54.094+0000] {logging_mixin.py:150} INFO - [2023-08-07T17:13:54.094+0000] {dagbag.py:541} INFO - Filling up the DagBag from /home/airflow/.local/lib/python3.7/site-packages/airflow/example_dags/example_skip_dag.py
[2023-08-07T17:13:54.104+0000] {processor.py:836} INFO - DAG(s) dict_keys(['example_skip_dag']) retrieved from /home/airflow/.local/lib/python3.7/site-packages/airflow/example_dags/example_skip_dag.py
[2023-08-07T17:13:54.134+0000] {logging_mixin.py:150} INFO - [2023-08-07T17:13:54.134+0000] {dag.py:2742} INFO - Sync 1 DAGs
[2023-08-07T17:13:54.157+0000] {logging_mixin.py:150} INFO - [2023-08-07T17:13:54.157+0000] {dag.py:3508} INFO - Setting next_dagrun for example_skip_dag to 2023-08-06T17:13:54.157506+00:00, run_after=2023-08-07T17:13:54.157506+00:00
[2023-08-07T17:13:54.176+0000] {processor.py:179} INFO - Processing /home/airflow/.local/lib/python3.7/site-packages/airflow/example_dags/example_skip_dag.py took 0.088 seconds
[2023-08-07T17:14:24.977+0000] {processor.py:157} INFO - Started process (PID=724) to work on /home/airflow/.local/lib/python3.7/site-packages/airflow/example_dags/example_skip_dag.py
[2023-08-07T17:14:24.978+0000] {processor.py:826} INFO - Processing file /home/airflow/.local/lib/python3.7/site-packages/airflow/example_dags/example_skip_dag.py for tasks to queue
[2023-08-07T17:14:24.979+0000] {logging_mixin.py:150} INFO - [2023-08-07T17:14:24.979+0000] {dagbag.py:541} INFO - Filling up the DagBag from /home/airflow/.local/lib/python3.7/site-packages/airflow/example_dags/example_skip_dag.py
[2023-08-07T17:14:24.990+0000] {processor.py:836} INFO - DAG(s) dict_keys(['example_skip_dag']) retrieved from /home/airflow/.local/lib/python3.7/site-packages/airflow/example_dags/example_skip_dag.py
[2023-08-07T17:14:25.012+0000] {logging_mixin.py:150} INFO - [2023-08-07T17:14:25.012+0000] {dag.py:2742} INFO - Sync 1 DAGs
[2023-08-07T17:14:25.036+0000] {logging_mixin.py:150} INFO - [2023-08-07T17:14:25.035+0000] {dag.py:3508} INFO - Setting next_dagrun for example_skip_dag to 2023-08-06T17:14:25.035710+00:00, run_after=2023-08-07T17:14:25.035710+00:00
[2023-08-07T17:14:25.054+0000] {processor.py:179} INFO - Processing /home/airflow/.local/lib/python3.7/site-packages/airflow/example_dags/example_skip_dag.py took 0.082 seconds
[2023-08-07T17:14:55.164+0000] {processor.py:157} INFO - Started process (PID=786) to work on /home/airflow/.local/lib/python3.7/site-packages/airflow/example_dags/example_skip_dag.py
[2023-08-07T17:14:55.165+0000] {processor.py:826} INFO - Processing file /home/airflow/.local/lib/python3.7/site-packages/airflow/example_dags/example_skip_dag.py for tasks to queue
[2023-08-07T17:14:55.166+0000] {logging_mixin.py:150} INFO - [2023-08-07T17:14:55.166+0000] {dagbag.py:541} INFO - Filling up the DagBag from /home/airflow/.local/lib/python3.7/site-packages/airflow/example_dags/example_skip_dag.py
[2023-08-07T17:14:55.176+0000] {processor.py:836} INFO - DAG(s) dict_keys(['example_skip_dag']) retrieved from /home/airflow/.local/lib/python3.7/site-packages/airflow/example_dags/example_skip_dag.py
[2023-08-07T17:14:55.210+0000] {logging_mixin.py:150} INFO - [2023-08-07T17:14:55.209+0000] {dag.py:2742} INFO - Sync 1 DAGs
[2023-08-07T17:14:55.233+0000] {logging_mixin.py:150} INFO - [2023-08-07T17:14:55.233+0000] {dag.py:3508} INFO - Setting next_dagrun for example_skip_dag to 2023-08-06T17:14:55.233583+00:00, run_after=2023-08-07T17:14:55.233583+00:00
[2023-08-07T17:14:55.250+0000] {processor.py:179} INFO - Processing /home/airflow/.local/lib/python3.7/site-packages/airflow/example_dags/example_skip_dag.py took 0.091 seconds
[2023-08-07T17:15:25.374+0000] {processor.py:157} INFO - Started process (PID=848) to work on /home/airflow/.local/lib/python3.7/site-packages/airflow/example_dags/example_skip_dag.py
[2023-08-07T17:15:25.375+0000] {processor.py:826} INFO - Processing file /home/airflow/.local/lib/python3.7/site-packages/airflow/example_dags/example_skip_dag.py for tasks to queue
[2023-08-07T17:15:25.375+0000] {logging_mixin.py:150} INFO - [2023-08-07T17:15:25.375+0000] {dagbag.py:541} INFO - Filling up the DagBag from /home/airflow/.local/lib/python3.7/site-packages/airflow/example_dags/example_skip_dag.py
[2023-08-07T17:15:25.380+0000] {processor.py:836} INFO - DAG(s) dict_keys(['example_skip_dag']) retrieved from /home/airflow/.local/lib/python3.7/site-packages/airflow/example_dags/example_skip_dag.py
[2023-08-07T17:15:25.398+0000] {logging_mixin.py:150} INFO - [2023-08-07T17:15:25.398+0000] {dag.py:2742} INFO - Sync 1 DAGs
[2023-08-07T17:15:25.420+0000] {logging_mixin.py:150} INFO - [2023-08-07T17:15:25.420+0000] {dag.py:3508} INFO - Setting next_dagrun for example_skip_dag to 2023-08-06T17:15:25.420502+00:00, run_after=2023-08-07T17:15:25.420502+00:00
[2023-08-07T17:15:25.439+0000] {processor.py:179} INFO - Processing /home/airflow/.local/lib/python3.7/site-packages/airflow/example_dags/example_skip_dag.py took 0.067 seconds
[2023-08-07T17:15:55.693+0000] {processor.py:157} INFO - Started process (PID=910) to work on /home/airflow/.local/lib/python3.7/site-packages/airflow/example_dags/example_skip_dag.py
[2023-08-07T17:15:55.694+0000] {processor.py:826} INFO - Processing file /home/airflow/.local/lib/python3.7/site-packages/airflow/example_dags/example_skip_dag.py for tasks to queue
[2023-08-07T17:15:55.694+0000] {logging_mixin.py:150} INFO - [2023-08-07T17:15:55.694+0000] {dagbag.py:541} INFO - Filling up the DagBag from /home/airflow/.local/lib/python3.7/site-packages/airflow/example_dags/example_skip_dag.py
[2023-08-07T17:15:55.705+0000] {processor.py:836} INFO - DAG(s) dict_keys(['example_skip_dag']) retrieved from /home/airflow/.local/lib/python3.7/site-packages/airflow/example_dags/example_skip_dag.py
[2023-08-07T17:15:55.729+0000] {logging_mixin.py:150} INFO - [2023-08-07T17:15:55.728+0000] {dag.py:2742} INFO - Sync 1 DAGs
[2023-08-07T17:15:55.751+0000] {logging_mixin.py:150} INFO - [2023-08-07T17:15:55.751+0000] {dag.py:3508} INFO - Setting next_dagrun for example_skip_dag to 2023-08-06T17:15:55.750863+00:00, run_after=2023-08-07T17:15:55.750863+00:00
[2023-08-07T17:15:55.769+0000] {processor.py:179} INFO - Processing /home/airflow/.local/lib/python3.7/site-packages/airflow/example_dags/example_skip_dag.py took 0.081 seconds
[2023-08-07T17:16:26.364+0000] {processor.py:157} INFO - Started process (PID=972) to work on /home/airflow/.local/lib/python3.7/site-packages/airflow/example_dags/example_skip_dag.py
[2023-08-07T17:16:26.364+0000] {processor.py:826} INFO - Processing file /home/airflow/.local/lib/python3.7/site-packages/airflow/example_dags/example_skip_dag.py for tasks to queue
[2023-08-07T17:16:26.365+0000] {logging_mixin.py:150} INFO - [2023-08-07T17:16:26.365+0000] {dagbag.py:541} INFO - Filling up the DagBag from /home/airflow/.local/lib/python3.7/site-packages/airflow/example_dags/example_skip_dag.py
[2023-08-07T17:16:26.370+0000] {processor.py:836} INFO - DAG(s) dict_keys(['example_skip_dag']) retrieved from /home/airflow/.local/lib/python3.7/site-packages/airflow/example_dags/example_skip_dag.py
[2023-08-07T17:16:26.390+0000] {logging_mixin.py:150} INFO - [2023-08-07T17:16:26.389+0000] {dag.py:2742} INFO - Sync 1 DAGs
[2023-08-07T17:16:26.414+0000] {logging_mixin.py:150} INFO - [2023-08-07T17:16:26.414+0000] {dag.py:3508} INFO - Setting next_dagrun for example_skip_dag to 2023-08-06T17:16:26.413910+00:00, run_after=2023-08-07T17:16:26.413910+00:00
[2023-08-07T17:16:26.434+0000] {processor.py:179} INFO - Processing /home/airflow/.local/lib/python3.7/site-packages/airflow/example_dags/example_skip_dag.py took 0.072 seconds
[2023-08-07T17:41:14.050+0000] {processor.py:157} INFO - Started process (PID=41) to work on /home/airflow/.local/lib/python3.7/site-packages/airflow/example_dags/example_skip_dag.py
[2023-08-07T17:41:14.051+0000] {processor.py:826} INFO - Processing file /home/airflow/.local/lib/python3.7/site-packages/airflow/example_dags/example_skip_dag.py for tasks to queue
[2023-08-07T17:41:14.053+0000] {logging_mixin.py:150} INFO - [2023-08-07T17:41:14.053+0000] {dagbag.py:541} INFO - Filling up the DagBag from /home/airflow/.local/lib/python3.7/site-packages/airflow/example_dags/example_skip_dag.py
[2023-08-07T17:41:14.069+0000] {processor.py:836} INFO - DAG(s) dict_keys(['example_skip_dag']) retrieved from /home/airflow/.local/lib/python3.7/site-packages/airflow/example_dags/example_skip_dag.py
[2023-08-07T17:41:14.082+0000] {logging_mixin.py:150} INFO - [2023-08-07T17:41:14.082+0000] {dag.py:2742} INFO - Sync 1 DAGs
[2023-08-07T17:41:14.113+0000] {logging_mixin.py:150} INFO - [2023-08-07T17:41:14.113+0000] {dag.py:3508} INFO - Setting next_dagrun for example_skip_dag to 2023-08-06T17:41:14.113269+00:00, run_after=2023-08-07T17:41:14.113269+00:00
[2023-08-07T17:41:14.141+0000] {processor.py:179} INFO - Processing /home/airflow/.local/lib/python3.7/site-packages/airflow/example_dags/example_skip_dag.py took 0.105 seconds
[2023-08-07T17:41:44.802+0000] {processor.py:157} INFO - Started process (PID=103) to work on /home/airflow/.local/lib/python3.7/site-packages/airflow/example_dags/example_skip_dag.py
[2023-08-07T17:41:44.802+0000] {processor.py:826} INFO - Processing file /home/airflow/.local/lib/python3.7/site-packages/airflow/example_dags/example_skip_dag.py for tasks to queue
[2023-08-07T17:41:44.803+0000] {logging_mixin.py:150} INFO - [2023-08-07T17:41:44.803+0000] {dagbag.py:541} INFO - Filling up the DagBag from /home/airflow/.local/lib/python3.7/site-packages/airflow/example_dags/example_skip_dag.py
[2023-08-07T17:41:44.808+0000] {processor.py:836} INFO - DAG(s) dict_keys(['example_skip_dag']) retrieved from /home/airflow/.local/lib/python3.7/site-packages/airflow/example_dags/example_skip_dag.py
[2023-08-07T17:41:44.826+0000] {logging_mixin.py:150} INFO - [2023-08-07T17:41:44.826+0000] {dag.py:2742} INFO - Sync 1 DAGs
[2023-08-07T17:41:44.847+0000] {logging_mixin.py:150} INFO - [2023-08-07T17:41:44.847+0000] {dag.py:3508} INFO - Setting next_dagrun for example_skip_dag to 2023-08-06T17:41:44.847430+00:00, run_after=2023-08-07T17:41:44.847430+00:00
[2023-08-07T17:41:44.866+0000] {processor.py:179} INFO - Processing /home/airflow/.local/lib/python3.7/site-packages/airflow/example_dags/example_skip_dag.py took 0.066 seconds
[2023-08-07T17:42:15.530+0000] {processor.py:157} INFO - Started process (PID=165) to work on /home/airflow/.local/lib/python3.7/site-packages/airflow/example_dags/example_skip_dag.py
[2023-08-07T17:42:15.530+0000] {processor.py:826} INFO - Processing file /home/airflow/.local/lib/python3.7/site-packages/airflow/example_dags/example_skip_dag.py for tasks to queue
[2023-08-07T17:42:15.531+0000] {logging_mixin.py:150} INFO - [2023-08-07T17:42:15.531+0000] {dagbag.py:541} INFO - Filling up the DagBag from /home/airflow/.local/lib/python3.7/site-packages/airflow/example_dags/example_skip_dag.py
[2023-08-07T17:42:15.536+0000] {processor.py:836} INFO - DAG(s) dict_keys(['example_skip_dag']) retrieved from /home/airflow/.local/lib/python3.7/site-packages/airflow/example_dags/example_skip_dag.py
[2023-08-07T17:42:15.556+0000] {logging_mixin.py:150} INFO - [2023-08-07T17:42:15.556+0000] {dag.py:2742} INFO - Sync 1 DAGs
[2023-08-07T17:42:15.580+0000] {logging_mixin.py:150} INFO - [2023-08-07T17:42:15.580+0000] {dag.py:3508} INFO - Setting next_dagrun for example_skip_dag to 2023-08-06T17:42:15.579802+00:00, run_after=2023-08-07T17:42:15.579802+00:00
[2023-08-07T17:42:15.598+0000] {processor.py:179} INFO - Processing /home/airflow/.local/lib/python3.7/site-packages/airflow/example_dags/example_skip_dag.py took 0.070 seconds
[2023-08-07T17:42:46.448+0000] {processor.py:157} INFO - Started process (PID=227) to work on /home/airflow/.local/lib/python3.7/site-packages/airflow/example_dags/example_skip_dag.py
[2023-08-07T17:42:46.449+0000] {processor.py:826} INFO - Processing file /home/airflow/.local/lib/python3.7/site-packages/airflow/example_dags/example_skip_dag.py for tasks to queue
[2023-08-07T17:42:46.450+0000] {logging_mixin.py:150} INFO - [2023-08-07T17:42:46.449+0000] {dagbag.py:541} INFO - Filling up the DagBag from /home/airflow/.local/lib/python3.7/site-packages/airflow/example_dags/example_skip_dag.py
[2023-08-07T17:42:46.459+0000] {processor.py:836} INFO - DAG(s) dict_keys(['example_skip_dag']) retrieved from /home/airflow/.local/lib/python3.7/site-packages/airflow/example_dags/example_skip_dag.py
[2023-08-07T17:42:46.485+0000] {logging_mixin.py:150} INFO - [2023-08-07T17:42:46.485+0000] {dag.py:2742} INFO - Sync 1 DAGs
[2023-08-07T17:42:46.510+0000] {logging_mixin.py:150} INFO - [2023-08-07T17:42:46.509+0000] {dag.py:3508} INFO - Setting next_dagrun for example_skip_dag to 2023-08-06T17:42:46.509733+00:00, run_after=2023-08-07T17:42:46.509733+00:00
[2023-08-07T17:42:46.528+0000] {processor.py:179} INFO - Processing /home/airflow/.local/lib/python3.7/site-packages/airflow/example_dags/example_skip_dag.py took 0.085 seconds
[2023-08-07T17:43:17.354+0000] {processor.py:157} INFO - Started process (PID=290) to work on /home/airflow/.local/lib/python3.7/site-packages/airflow/example_dags/example_skip_dag.py
[2023-08-07T17:43:17.355+0000] {processor.py:826} INFO - Processing file /home/airflow/.local/lib/python3.7/site-packages/airflow/example_dags/example_skip_dag.py for tasks to queue
[2023-08-07T17:43:17.356+0000] {logging_mixin.py:150} INFO - [2023-08-07T17:43:17.356+0000] {dagbag.py:541} INFO - Filling up the DagBag from /home/airflow/.local/lib/python3.7/site-packages/airflow/example_dags/example_skip_dag.py
[2023-08-07T17:43:17.361+0000] {processor.py:836} INFO - DAG(s) dict_keys(['example_skip_dag']) retrieved from /home/airflow/.local/lib/python3.7/site-packages/airflow/example_dags/example_skip_dag.py
[2023-08-07T17:43:17.381+0000] {logging_mixin.py:150} INFO - [2023-08-07T17:43:17.381+0000] {dag.py:2742} INFO - Sync 1 DAGs
[2023-08-07T17:43:17.404+0000] {logging_mixin.py:150} INFO - [2023-08-07T17:43:17.404+0000] {dag.py:3508} INFO - Setting next_dagrun for example_skip_dag to 2023-08-06T17:43:17.404469+00:00, run_after=2023-08-07T17:43:17.404469+00:00
[2023-08-07T17:43:17.423+0000] {processor.py:179} INFO - Processing /home/airflow/.local/lib/python3.7/site-packages/airflow/example_dags/example_skip_dag.py took 0.072 seconds
[2023-08-07T17:43:47.537+0000] {processor.py:157} INFO - Started process (PID=352) to work on /home/airflow/.local/lib/python3.7/site-packages/airflow/example_dags/example_skip_dag.py
[2023-08-07T17:43:47.538+0000] {processor.py:826} INFO - Processing file /home/airflow/.local/lib/python3.7/site-packages/airflow/example_dags/example_skip_dag.py for tasks to queue
[2023-08-07T17:43:47.538+0000] {logging_mixin.py:150} INFO - [2023-08-07T17:43:47.538+0000] {dagbag.py:541} INFO - Filling up the DagBag from /home/airflow/.local/lib/python3.7/site-packages/airflow/example_dags/example_skip_dag.py
[2023-08-07T17:43:47.543+0000] {processor.py:836} INFO - DAG(s) dict_keys(['example_skip_dag']) retrieved from /home/airflow/.local/lib/python3.7/site-packages/airflow/example_dags/example_skip_dag.py
[2023-08-07T17:43:47.568+0000] {logging_mixin.py:150} INFO - [2023-08-07T17:43:47.568+0000] {dag.py:2742} INFO - Sync 1 DAGs
[2023-08-07T17:43:47.590+0000] {logging_mixin.py:150} INFO - [2023-08-07T17:43:47.590+0000] {dag.py:3508} INFO - Setting next_dagrun for example_skip_dag to 2023-08-06T17:43:47.590433+00:00, run_after=2023-08-07T17:43:47.590433+00:00
[2023-08-07T17:43:47.607+0000] {processor.py:179} INFO - Processing /home/airflow/.local/lib/python3.7/site-packages/airflow/example_dags/example_skip_dag.py took 0.072 seconds
[2023-08-07T18:11:00.582+0000] {processor.py:157} INFO - Started process (PID=42) to work on /home/airflow/.local/lib/python3.7/site-packages/airflow/example_dags/example_skip_dag.py
[2023-08-07T18:11:00.584+0000] {processor.py:826} INFO - Processing file /home/airflow/.local/lib/python3.7/site-packages/airflow/example_dags/example_skip_dag.py for tasks to queue
[2023-08-07T18:11:00.584+0000] {logging_mixin.py:150} INFO - [2023-08-07T18:11:00.584+0000] {dagbag.py:541} INFO - Filling up the DagBag from /home/airflow/.local/lib/python3.7/site-packages/airflow/example_dags/example_skip_dag.py
[2023-08-07T18:11:00.594+0000] {processor.py:836} INFO - DAG(s) dict_keys(['example_skip_dag']) retrieved from /home/airflow/.local/lib/python3.7/site-packages/airflow/example_dags/example_skip_dag.py
[2023-08-07T18:11:00.608+0000] {logging_mixin.py:150} INFO - [2023-08-07T18:11:00.608+0000] {dag.py:2742} INFO - Sync 1 DAGs
[2023-08-07T18:11:00.637+0000] {logging_mixin.py:150} INFO - [2023-08-07T18:11:00.637+0000] {dag.py:3508} INFO - Setting next_dagrun for example_skip_dag to 2023-08-06T18:11:00.637109+00:00, run_after=2023-08-07T18:11:00.637109+00:00
[2023-08-07T18:11:00.662+0000] {processor.py:179} INFO - Processing /home/airflow/.local/lib/python3.7/site-packages/airflow/example_dags/example_skip_dag.py took 0.083 seconds
