[2023-08-07T17:08:47.213+0000] {processor.py:157} INFO - Started process (PID=34) to work on /home/airflow/.local/lib/python3.7/site-packages/airflow/example_dags/example_sla_dag.py
[2023-08-07T17:08:47.213+0000] {processor.py:826} INFO - Processing file /home/airflow/.local/lib/python3.7/site-packages/airflow/example_dags/example_sla_dag.py for tasks to queue
[2023-08-07T17:08:47.214+0000] {logging_mixin.py:150} INFO - [2023-08-07T17:08:47.214+0000] {dagbag.py:541} INFO - Filling up the DagBag from /home/airflow/.local/lib/python3.7/site-packages/airflow/example_dags/example_sla_dag.py
[2023-08-07T17:08:47.224+0000] {processor.py:836} INFO - DAG(s) dict_keys(['example_sla_dag']) retrieved from /home/airflow/.local/lib/python3.7/site-packages/airflow/example_dags/example_sla_dag.py
[2023-08-07T17:08:47.236+0000] {logging_mixin.py:150} INFO - [2023-08-07T17:08:47.236+0000] {dag.py:2742} INFO - Sync 1 DAGs
[2023-08-07T17:08:47.270+0000] {logging_mixin.py:150} INFO - [2023-08-07T17:08:47.270+0000] {dag.py:3508} INFO - Setting next_dagrun for example_sla_dag to 2023-08-07T17:06:00+00:00, run_after=2023-08-07T17:08:00+00:00
[2023-08-07T17:08:47.299+0000] {processor.py:179} INFO - Processing /home/airflow/.local/lib/python3.7/site-packages/airflow/example_dags/example_sla_dag.py took 0.089 seconds
[2023-08-07T17:09:18.118+0000] {processor.py:157} INFO - Started process (PID=96) to work on /home/airflow/.local/lib/python3.7/site-packages/airflow/example_dags/example_sla_dag.py
[2023-08-07T17:09:18.119+0000] {processor.py:826} INFO - Processing file /home/airflow/.local/lib/python3.7/site-packages/airflow/example_dags/example_sla_dag.py for tasks to queue
[2023-08-07T17:09:18.119+0000] {logging_mixin.py:150} INFO - [2023-08-07T17:09:18.119+0000] {dagbag.py:541} INFO - Filling up the DagBag from /home/airflow/.local/lib/python3.7/site-packages/airflow/example_dags/example_sla_dag.py
[2023-08-07T17:09:18.132+0000] {processor.py:836} INFO - DAG(s) dict_keys(['example_sla_dag']) retrieved from /home/airflow/.local/lib/python3.7/site-packages/airflow/example_dags/example_sla_dag.py
[2023-08-07T17:09:18.152+0000] {logging_mixin.py:150} INFO - [2023-08-07T17:09:18.151+0000] {dag.py:2742} INFO - Sync 1 DAGs
[2023-08-07T17:09:18.177+0000] {logging_mixin.py:150} INFO - [2023-08-07T17:09:18.177+0000] {dag.py:3508} INFO - Setting next_dagrun for example_sla_dag to 2023-08-07T17:06:00+00:00, run_after=2023-08-07T17:08:00+00:00
[2023-08-07T17:09:18.194+0000] {processor.py:179} INFO - Processing /home/airflow/.local/lib/python3.7/site-packages/airflow/example_dags/example_sla_dag.py took 0.080 seconds
[2023-08-07T17:09:48.675+0000] {processor.py:157} INFO - Started process (PID=158) to work on /home/airflow/.local/lib/python3.7/site-packages/airflow/example_dags/example_sla_dag.py
[2023-08-07T17:09:48.676+0000] {processor.py:826} INFO - Processing file /home/airflow/.local/lib/python3.7/site-packages/airflow/example_dags/example_sla_dag.py for tasks to queue
[2023-08-07T17:09:48.677+0000] {logging_mixin.py:150} INFO - [2023-08-07T17:09:48.677+0000] {dagbag.py:541} INFO - Filling up the DagBag from /home/airflow/.local/lib/python3.7/site-packages/airflow/example_dags/example_sla_dag.py
[2023-08-07T17:09:48.691+0000] {processor.py:836} INFO - DAG(s) dict_keys(['example_sla_dag']) retrieved from /home/airflow/.local/lib/python3.7/site-packages/airflow/example_dags/example_sla_dag.py
[2023-08-07T17:09:48.714+0000] {logging_mixin.py:150} INFO - [2023-08-07T17:09:48.713+0000] {dag.py:2742} INFO - Sync 1 DAGs
[2023-08-07T17:09:48.738+0000] {logging_mixin.py:150} INFO - [2023-08-07T17:09:48.738+0000] {dag.py:3508} INFO - Setting next_dagrun for example_sla_dag to 2023-08-07T17:06:00+00:00, run_after=2023-08-07T17:08:00+00:00
[2023-08-07T17:09:48.757+0000] {processor.py:179} INFO - Processing /home/airflow/.local/lib/python3.7/site-packages/airflow/example_dags/example_sla_dag.py took 0.087 seconds
[2023-08-07T17:10:18.811+0000] {processor.py:157} INFO - Started process (PID=220) to work on /home/airflow/.local/lib/python3.7/site-packages/airflow/example_dags/example_sla_dag.py
[2023-08-07T17:10:18.812+0000] {processor.py:826} INFO - Processing file /home/airflow/.local/lib/python3.7/site-packages/airflow/example_dags/example_sla_dag.py for tasks to queue
[2023-08-07T17:10:18.813+0000] {logging_mixin.py:150} INFO - [2023-08-07T17:10:18.813+0000] {dagbag.py:541} INFO - Filling up the DagBag from /home/airflow/.local/lib/python3.7/site-packages/airflow/example_dags/example_sla_dag.py
[2023-08-07T17:10:18.824+0000] {processor.py:836} INFO - DAG(s) dict_keys(['example_sla_dag']) retrieved from /home/airflow/.local/lib/python3.7/site-packages/airflow/example_dags/example_sla_dag.py
[2023-08-07T17:10:18.859+0000] {logging_mixin.py:150} INFO - [2023-08-07T17:10:18.858+0000] {dag.py:2742} INFO - Sync 1 DAGs
[2023-08-07T17:10:18.890+0000] {logging_mixin.py:150} INFO - [2023-08-07T17:10:18.890+0000] {dag.py:3508} INFO - Setting next_dagrun for example_sla_dag to 2023-08-07T17:08:00+00:00, run_after=2023-08-07T17:10:00+00:00
[2023-08-07T17:10:18.907+0000] {processor.py:179} INFO - Processing /home/airflow/.local/lib/python3.7/site-packages/airflow/example_dags/example_sla_dag.py took 0.100 seconds
[2023-08-07T17:10:49.192+0000] {processor.py:157} INFO - Started process (PID=282) to work on /home/airflow/.local/lib/python3.7/site-packages/airflow/example_dags/example_sla_dag.py
[2023-08-07T17:10:49.192+0000] {processor.py:826} INFO - Processing file /home/airflow/.local/lib/python3.7/site-packages/airflow/example_dags/example_sla_dag.py for tasks to queue
[2023-08-07T17:10:49.193+0000] {logging_mixin.py:150} INFO - [2023-08-07T17:10:49.193+0000] {dagbag.py:541} INFO - Filling up the DagBag from /home/airflow/.local/lib/python3.7/site-packages/airflow/example_dags/example_sla_dag.py
[2023-08-07T17:10:49.198+0000] {processor.py:836} INFO - DAG(s) dict_keys(['example_sla_dag']) retrieved from /home/airflow/.local/lib/python3.7/site-packages/airflow/example_dags/example_sla_dag.py
[2023-08-07T17:10:49.219+0000] {logging_mixin.py:150} INFO - [2023-08-07T17:10:49.219+0000] {dag.py:2742} INFO - Sync 1 DAGs
[2023-08-07T17:10:49.245+0000] {logging_mixin.py:150} INFO - [2023-08-07T17:10:49.245+0000] {dag.py:3508} INFO - Setting next_dagrun for example_sla_dag to 2023-08-07T17:08:00+00:00, run_after=2023-08-07T17:10:00+00:00
[2023-08-07T17:10:49.262+0000] {processor.py:179} INFO - Processing /home/airflow/.local/lib/python3.7/site-packages/airflow/example_dags/example_sla_dag.py took 0.072 seconds
[2023-08-07T17:11:19.401+0000] {processor.py:157} INFO - Started process (PID=344) to work on /home/airflow/.local/lib/python3.7/site-packages/airflow/example_dags/example_sla_dag.py
[2023-08-07T17:11:19.402+0000] {processor.py:826} INFO - Processing file /home/airflow/.local/lib/python3.7/site-packages/airflow/example_dags/example_sla_dag.py for tasks to queue
[2023-08-07T17:11:19.403+0000] {logging_mixin.py:150} INFO - [2023-08-07T17:11:19.402+0000] {dagbag.py:541} INFO - Filling up the DagBag from /home/airflow/.local/lib/python3.7/site-packages/airflow/example_dags/example_sla_dag.py
[2023-08-07T17:11:19.408+0000] {processor.py:836} INFO - DAG(s) dict_keys(['example_sla_dag']) retrieved from /home/airflow/.local/lib/python3.7/site-packages/airflow/example_dags/example_sla_dag.py
[2023-08-07T17:11:19.427+0000] {logging_mixin.py:150} INFO - [2023-08-07T17:11:19.427+0000] {dag.py:2742} INFO - Sync 1 DAGs
[2023-08-07T17:11:19.453+0000] {logging_mixin.py:150} INFO - [2023-08-07T17:11:19.453+0000] {dag.py:3508} INFO - Setting next_dagrun for example_sla_dag to 2023-08-07T17:08:00+00:00, run_after=2023-08-07T17:10:00+00:00
[2023-08-07T17:11:19.469+0000] {processor.py:179} INFO - Processing /home/airflow/.local/lib/python3.7/site-packages/airflow/example_dags/example_sla_dag.py took 0.070 seconds
[2023-08-07T17:11:49.974+0000] {processor.py:157} INFO - Started process (PID=406) to work on /home/airflow/.local/lib/python3.7/site-packages/airflow/example_dags/example_sla_dag.py
[2023-08-07T17:11:49.975+0000] {processor.py:826} INFO - Processing file /home/airflow/.local/lib/python3.7/site-packages/airflow/example_dags/example_sla_dag.py for tasks to queue
[2023-08-07T17:11:49.976+0000] {logging_mixin.py:150} INFO - [2023-08-07T17:11:49.975+0000] {dagbag.py:541} INFO - Filling up the DagBag from /home/airflow/.local/lib/python3.7/site-packages/airflow/example_dags/example_sla_dag.py
[2023-08-07T17:11:49.986+0000] {processor.py:836} INFO - DAG(s) dict_keys(['example_sla_dag']) retrieved from /home/airflow/.local/lib/python3.7/site-packages/airflow/example_dags/example_sla_dag.py
[2023-08-07T17:11:50.006+0000] {logging_mixin.py:150} INFO - [2023-08-07T17:11:50.006+0000] {dag.py:2742} INFO - Sync 1 DAGs
[2023-08-07T17:11:50.031+0000] {logging_mixin.py:150} INFO - [2023-08-07T17:11:50.031+0000] {dag.py:3508} INFO - Setting next_dagrun for example_sla_dag to 2023-08-07T17:08:00+00:00, run_after=2023-08-07T17:10:00+00:00
[2023-08-07T17:11:50.048+0000] {processor.py:179} INFO - Processing /home/airflow/.local/lib/python3.7/site-packages/airflow/example_dags/example_sla_dag.py took 0.078 seconds
[2023-08-07T17:12:20.677+0000] {processor.py:157} INFO - Started process (PID=468) to work on /home/airflow/.local/lib/python3.7/site-packages/airflow/example_dags/example_sla_dag.py
[2023-08-07T17:12:20.678+0000] {processor.py:826} INFO - Processing file /home/airflow/.local/lib/python3.7/site-packages/airflow/example_dags/example_sla_dag.py for tasks to queue
[2023-08-07T17:12:20.679+0000] {logging_mixin.py:150} INFO - [2023-08-07T17:12:20.678+0000] {dagbag.py:541} INFO - Filling up the DagBag from /home/airflow/.local/lib/python3.7/site-packages/airflow/example_dags/example_sla_dag.py
[2023-08-07T17:12:20.685+0000] {processor.py:836} INFO - DAG(s) dict_keys(['example_sla_dag']) retrieved from /home/airflow/.local/lib/python3.7/site-packages/airflow/example_dags/example_sla_dag.py
[2023-08-07T17:12:20.704+0000] {logging_mixin.py:150} INFO - [2023-08-07T17:12:20.704+0000] {dag.py:2742} INFO - Sync 1 DAGs
[2023-08-07T17:12:20.730+0000] {logging_mixin.py:150} INFO - [2023-08-07T17:12:20.730+0000] {dag.py:3508} INFO - Setting next_dagrun for example_sla_dag to 2023-08-07T17:10:00+00:00, run_after=2023-08-07T17:12:00+00:00
[2023-08-07T17:12:20.747+0000] {processor.py:179} INFO - Processing /home/airflow/.local/lib/python3.7/site-packages/airflow/example_dags/example_sla_dag.py took 0.073 seconds
[2023-08-07T17:12:51.581+0000] {processor.py:157} INFO - Started process (PID=530) to work on /home/airflow/.local/lib/python3.7/site-packages/airflow/example_dags/example_sla_dag.py
[2023-08-07T17:12:51.581+0000] {processor.py:826} INFO - Processing file /home/airflow/.local/lib/python3.7/site-packages/airflow/example_dags/example_sla_dag.py for tasks to queue
[2023-08-07T17:12:51.582+0000] {logging_mixin.py:150} INFO - [2023-08-07T17:12:51.582+0000] {dagbag.py:541} INFO - Filling up the DagBag from /home/airflow/.local/lib/python3.7/site-packages/airflow/example_dags/example_sla_dag.py
[2023-08-07T17:12:51.588+0000] {processor.py:836} INFO - DAG(s) dict_keys(['example_sla_dag']) retrieved from /home/airflow/.local/lib/python3.7/site-packages/airflow/example_dags/example_sla_dag.py
[2023-08-07T17:12:51.607+0000] {logging_mixin.py:150} INFO - [2023-08-07T17:12:51.607+0000] {dag.py:2742} INFO - Sync 1 DAGs
[2023-08-07T17:12:51.632+0000] {logging_mixin.py:150} INFO - [2023-08-07T17:12:51.632+0000] {dag.py:3508} INFO - Setting next_dagrun for example_sla_dag to 2023-08-07T17:10:00+00:00, run_after=2023-08-07T17:12:00+00:00
[2023-08-07T17:12:51.647+0000] {processor.py:179} INFO - Processing /home/airflow/.local/lib/python3.7/site-packages/airflow/example_dags/example_sla_dag.py took 0.068 seconds
[2023-08-07T17:13:21.765+0000] {processor.py:157} INFO - Started process (PID=592) to work on /home/airflow/.local/lib/python3.7/site-packages/airflow/example_dags/example_sla_dag.py
[2023-08-07T17:13:21.766+0000] {processor.py:826} INFO - Processing file /home/airflow/.local/lib/python3.7/site-packages/airflow/example_dags/example_sla_dag.py for tasks to queue
[2023-08-07T17:13:21.766+0000] {logging_mixin.py:150} INFO - [2023-08-07T17:13:21.766+0000] {dagbag.py:541} INFO - Filling up the DagBag from /home/airflow/.local/lib/python3.7/site-packages/airflow/example_dags/example_sla_dag.py
[2023-08-07T17:13:21.772+0000] {processor.py:836} INFO - DAG(s) dict_keys(['example_sla_dag']) retrieved from /home/airflow/.local/lib/python3.7/site-packages/airflow/example_dags/example_sla_dag.py
[2023-08-07T17:13:21.801+0000] {logging_mixin.py:150} INFO - [2023-08-07T17:13:21.800+0000] {dag.py:2742} INFO - Sync 1 DAGs
[2023-08-07T17:13:21.835+0000] {logging_mixin.py:150} INFO - [2023-08-07T17:13:21.835+0000] {dag.py:3508} INFO - Setting next_dagrun for example_sla_dag to 2023-08-07T17:10:00+00:00, run_after=2023-08-07T17:12:00+00:00
[2023-08-07T17:13:21.852+0000] {processor.py:179} INFO - Processing /home/airflow/.local/lib/python3.7/site-packages/airflow/example_dags/example_sla_dag.py took 0.089 seconds
[2023-08-07T17:13:52.637+0000] {processor.py:157} INFO - Started process (PID=654) to work on /home/airflow/.local/lib/python3.7/site-packages/airflow/example_dags/example_sla_dag.py
[2023-08-07T17:13:52.637+0000] {processor.py:826} INFO - Processing file /home/airflow/.local/lib/python3.7/site-packages/airflow/example_dags/example_sla_dag.py for tasks to queue
[2023-08-07T17:13:52.638+0000] {logging_mixin.py:150} INFO - [2023-08-07T17:13:52.637+0000] {dagbag.py:541} INFO - Filling up the DagBag from /home/airflow/.local/lib/python3.7/site-packages/airflow/example_dags/example_sla_dag.py
[2023-08-07T17:13:52.643+0000] {processor.py:836} INFO - DAG(s) dict_keys(['example_sla_dag']) retrieved from /home/airflow/.local/lib/python3.7/site-packages/airflow/example_dags/example_sla_dag.py
[2023-08-07T17:13:52.662+0000] {logging_mixin.py:150} INFO - [2023-08-07T17:13:52.662+0000] {dag.py:2742} INFO - Sync 1 DAGs
[2023-08-07T17:13:52.687+0000] {logging_mixin.py:150} INFO - [2023-08-07T17:13:52.686+0000] {dag.py:3508} INFO - Setting next_dagrun for example_sla_dag to 2023-08-07T17:10:00+00:00, run_after=2023-08-07T17:12:00+00:00
[2023-08-07T17:13:52.702+0000] {processor.py:179} INFO - Processing /home/airflow/.local/lib/python3.7/site-packages/airflow/example_dags/example_sla_dag.py took 0.068 seconds
[2023-08-07T17:14:23.473+0000] {processor.py:157} INFO - Started process (PID=716) to work on /home/airflow/.local/lib/python3.7/site-packages/airflow/example_dags/example_sla_dag.py
[2023-08-07T17:14:23.474+0000] {processor.py:826} INFO - Processing file /home/airflow/.local/lib/python3.7/site-packages/airflow/example_dags/example_sla_dag.py for tasks to queue
[2023-08-07T17:14:23.475+0000] {logging_mixin.py:150} INFO - [2023-08-07T17:14:23.475+0000] {dagbag.py:541} INFO - Filling up the DagBag from /home/airflow/.local/lib/python3.7/site-packages/airflow/example_dags/example_sla_dag.py
[2023-08-07T17:14:23.488+0000] {processor.py:836} INFO - DAG(s) dict_keys(['example_sla_dag']) retrieved from /home/airflow/.local/lib/python3.7/site-packages/airflow/example_dags/example_sla_dag.py
[2023-08-07T17:14:23.510+0000] {logging_mixin.py:150} INFO - [2023-08-07T17:14:23.510+0000] {dag.py:2742} INFO - Sync 1 DAGs
[2023-08-07T17:14:23.536+0000] {logging_mixin.py:150} INFO - [2023-08-07T17:14:23.536+0000] {dag.py:3508} INFO - Setting next_dagrun for example_sla_dag to 2023-08-07T17:12:00+00:00, run_after=2023-08-07T17:14:00+00:00
[2023-08-07T17:14:23.555+0000] {processor.py:179} INFO - Processing /home/airflow/.local/lib/python3.7/site-packages/airflow/example_dags/example_sla_dag.py took 0.087 seconds
[2023-08-07T17:14:53.652+0000] {processor.py:157} INFO - Started process (PID=778) to work on /home/airflow/.local/lib/python3.7/site-packages/airflow/example_dags/example_sla_dag.py
[2023-08-07T17:14:53.652+0000] {processor.py:826} INFO - Processing file /home/airflow/.local/lib/python3.7/site-packages/airflow/example_dags/example_sla_dag.py for tasks to queue
[2023-08-07T17:14:53.653+0000] {logging_mixin.py:150} INFO - [2023-08-07T17:14:53.653+0000] {dagbag.py:541} INFO - Filling up the DagBag from /home/airflow/.local/lib/python3.7/site-packages/airflow/example_dags/example_sla_dag.py
[2023-08-07T17:14:53.658+0000] {processor.py:836} INFO - DAG(s) dict_keys(['example_sla_dag']) retrieved from /home/airflow/.local/lib/python3.7/site-packages/airflow/example_dags/example_sla_dag.py
[2023-08-07T17:14:53.691+0000] {logging_mixin.py:150} INFO - [2023-08-07T17:14:53.690+0000] {dag.py:2742} INFO - Sync 1 DAGs
[2023-08-07T17:14:53.721+0000] {logging_mixin.py:150} INFO - [2023-08-07T17:14:53.721+0000] {dag.py:3508} INFO - Setting next_dagrun for example_sla_dag to 2023-08-07T17:12:00+00:00, run_after=2023-08-07T17:14:00+00:00
[2023-08-07T17:14:53.738+0000] {processor.py:179} INFO - Processing /home/airflow/.local/lib/python3.7/site-packages/airflow/example_dags/example_sla_dag.py took 0.089 seconds
[2023-08-07T17:15:23.798+0000] {processor.py:157} INFO - Started process (PID=840) to work on /home/airflow/.local/lib/python3.7/site-packages/airflow/example_dags/example_sla_dag.py
[2023-08-07T17:15:23.799+0000] {processor.py:826} INFO - Processing file /home/airflow/.local/lib/python3.7/site-packages/airflow/example_dags/example_sla_dag.py for tasks to queue
[2023-08-07T17:15:23.800+0000] {logging_mixin.py:150} INFO - [2023-08-07T17:15:23.799+0000] {dagbag.py:541} INFO - Filling up the DagBag from /home/airflow/.local/lib/python3.7/site-packages/airflow/example_dags/example_sla_dag.py
[2023-08-07T17:15:23.813+0000] {processor.py:836} INFO - DAG(s) dict_keys(['example_sla_dag']) retrieved from /home/airflow/.local/lib/python3.7/site-packages/airflow/example_dags/example_sla_dag.py
[2023-08-07T17:15:23.833+0000] {logging_mixin.py:150} INFO - [2023-08-07T17:15:23.833+0000] {dag.py:2742} INFO - Sync 1 DAGs
[2023-08-07T17:15:23.859+0000] {logging_mixin.py:150} INFO - [2023-08-07T17:15:23.859+0000] {dag.py:3508} INFO - Setting next_dagrun for example_sla_dag to 2023-08-07T17:12:00+00:00, run_after=2023-08-07T17:14:00+00:00
[2023-08-07T17:15:23.878+0000] {processor.py:179} INFO - Processing /home/airflow/.local/lib/python3.7/site-packages/airflow/example_dags/example_sla_dag.py took 0.085 seconds
[2023-08-07T17:15:54.293+0000] {processor.py:157} INFO - Started process (PID=902) to work on /home/airflow/.local/lib/python3.7/site-packages/airflow/example_dags/example_sla_dag.py
[2023-08-07T17:15:54.293+0000] {processor.py:826} INFO - Processing file /home/airflow/.local/lib/python3.7/site-packages/airflow/example_dags/example_sla_dag.py for tasks to queue
[2023-08-07T17:15:54.294+0000] {logging_mixin.py:150} INFO - [2023-08-07T17:15:54.294+0000] {dagbag.py:541} INFO - Filling up the DagBag from /home/airflow/.local/lib/python3.7/site-packages/airflow/example_dags/example_sla_dag.py
[2023-08-07T17:15:54.299+0000] {processor.py:836} INFO - DAG(s) dict_keys(['example_sla_dag']) retrieved from /home/airflow/.local/lib/python3.7/site-packages/airflow/example_dags/example_sla_dag.py
[2023-08-07T17:15:54.318+0000] {logging_mixin.py:150} INFO - [2023-08-07T17:15:54.318+0000] {dag.py:2742} INFO - Sync 1 DAGs
[2023-08-07T17:15:54.344+0000] {logging_mixin.py:150} INFO - [2023-08-07T17:15:54.344+0000] {dag.py:3508} INFO - Setting next_dagrun for example_sla_dag to 2023-08-07T17:12:00+00:00, run_after=2023-08-07T17:14:00+00:00
[2023-08-07T17:15:54.361+0000] {processor.py:179} INFO - Processing /home/airflow/.local/lib/python3.7/site-packages/airflow/example_dags/example_sla_dag.py took 0.071 seconds
[2023-08-07T17:16:24.977+0000] {processor.py:157} INFO - Started process (PID=964) to work on /home/airflow/.local/lib/python3.7/site-packages/airflow/example_dags/example_sla_dag.py
[2023-08-07T17:16:24.978+0000] {processor.py:826} INFO - Processing file /home/airflow/.local/lib/python3.7/site-packages/airflow/example_dags/example_sla_dag.py for tasks to queue
[2023-08-07T17:16:24.979+0000] {logging_mixin.py:150} INFO - [2023-08-07T17:16:24.979+0000] {dagbag.py:541} INFO - Filling up the DagBag from /home/airflow/.local/lib/python3.7/site-packages/airflow/example_dags/example_sla_dag.py
[2023-08-07T17:16:24.985+0000] {processor.py:836} INFO - DAG(s) dict_keys(['example_sla_dag']) retrieved from /home/airflow/.local/lib/python3.7/site-packages/airflow/example_dags/example_sla_dag.py
[2023-08-07T17:16:25.004+0000] {logging_mixin.py:150} INFO - [2023-08-07T17:16:25.004+0000] {dag.py:2742} INFO - Sync 1 DAGs
[2023-08-07T17:16:25.030+0000] {logging_mixin.py:150} INFO - [2023-08-07T17:16:25.030+0000] {dag.py:3508} INFO - Setting next_dagrun for example_sla_dag to 2023-08-07T17:14:00+00:00, run_after=2023-08-07T17:16:00+00:00
[2023-08-07T17:16:25.049+0000] {processor.py:179} INFO - Processing /home/airflow/.local/lib/python3.7/site-packages/airflow/example_dags/example_sla_dag.py took 0.074 seconds
[2023-08-07T17:41:13.462+0000] {processor.py:157} INFO - Started process (PID=33) to work on /home/airflow/.local/lib/python3.7/site-packages/airflow/example_dags/example_sla_dag.py
[2023-08-07T17:41:13.463+0000] {processor.py:826} INFO - Processing file /home/airflow/.local/lib/python3.7/site-packages/airflow/example_dags/example_sla_dag.py for tasks to queue
[2023-08-07T17:41:13.464+0000] {logging_mixin.py:150} INFO - [2023-08-07T17:41:13.463+0000] {dagbag.py:541} INFO - Filling up the DagBag from /home/airflow/.local/lib/python3.7/site-packages/airflow/example_dags/example_sla_dag.py
[2023-08-07T17:41:13.474+0000] {processor.py:836} INFO - DAG(s) dict_keys(['example_sla_dag']) retrieved from /home/airflow/.local/lib/python3.7/site-packages/airflow/example_dags/example_sla_dag.py
[2023-08-07T17:41:13.487+0000] {logging_mixin.py:150} INFO - [2023-08-07T17:41:13.487+0000] {dag.py:2742} INFO - Sync 1 DAGs
[2023-08-07T17:41:13.523+0000] {logging_mixin.py:150} INFO - [2023-08-07T17:41:13.523+0000] {dag.py:3508} INFO - Setting next_dagrun for example_sla_dag to 2023-08-07T17:38:00+00:00, run_after=2023-08-07T17:40:00+00:00
[2023-08-07T17:41:13.545+0000] {processor.py:179} INFO - Processing /home/airflow/.local/lib/python3.7/site-packages/airflow/example_dags/example_sla_dag.py took 0.085 seconds
[2023-08-07T17:41:44.354+0000] {processor.py:157} INFO - Started process (PID=95) to work on /home/airflow/.local/lib/python3.7/site-packages/airflow/example_dags/example_sla_dag.py
[2023-08-07T17:41:44.355+0000] {processor.py:826} INFO - Processing file /home/airflow/.local/lib/python3.7/site-packages/airflow/example_dags/example_sla_dag.py for tasks to queue
[2023-08-07T17:41:44.356+0000] {logging_mixin.py:150} INFO - [2023-08-07T17:41:44.355+0000] {dagbag.py:541} INFO - Filling up the DagBag from /home/airflow/.local/lib/python3.7/site-packages/airflow/example_dags/example_sla_dag.py
[2023-08-07T17:41:44.368+0000] {processor.py:836} INFO - DAG(s) dict_keys(['example_sla_dag']) retrieved from /home/airflow/.local/lib/python3.7/site-packages/airflow/example_dags/example_sla_dag.py
[2023-08-07T17:41:44.390+0000] {logging_mixin.py:150} INFO - [2023-08-07T17:41:44.390+0000] {dag.py:2742} INFO - Sync 1 DAGs
[2023-08-07T17:41:44.415+0000] {logging_mixin.py:150} INFO - [2023-08-07T17:41:44.415+0000] {dag.py:3508} INFO - Setting next_dagrun for example_sla_dag to 2023-08-07T17:38:00+00:00, run_after=2023-08-07T17:40:00+00:00
[2023-08-07T17:41:44.431+0000] {processor.py:179} INFO - Processing /home/airflow/.local/lib/python3.7/site-packages/airflow/example_dags/example_sla_dag.py took 0.081 seconds
[2023-08-07T17:42:15.084+0000] {processor.py:157} INFO - Started process (PID=157) to work on /home/airflow/.local/lib/python3.7/site-packages/airflow/example_dags/example_sla_dag.py
[2023-08-07T17:42:15.085+0000] {processor.py:826} INFO - Processing file /home/airflow/.local/lib/python3.7/site-packages/airflow/example_dags/example_sla_dag.py for tasks to queue
[2023-08-07T17:42:15.085+0000] {logging_mixin.py:150} INFO - [2023-08-07T17:42:15.085+0000] {dagbag.py:541} INFO - Filling up the DagBag from /home/airflow/.local/lib/python3.7/site-packages/airflow/example_dags/example_sla_dag.py
[2023-08-07T17:42:15.091+0000] {processor.py:836} INFO - DAG(s) dict_keys(['example_sla_dag']) retrieved from /home/airflow/.local/lib/python3.7/site-packages/airflow/example_dags/example_sla_dag.py
[2023-08-07T17:42:15.121+0000] {logging_mixin.py:150} INFO - [2023-08-07T17:42:15.121+0000] {dag.py:2742} INFO - Sync 1 DAGs
[2023-08-07T17:42:15.154+0000] {logging_mixin.py:150} INFO - [2023-08-07T17:42:15.154+0000] {dag.py:3508} INFO - Setting next_dagrun for example_sla_dag to 2023-08-07T17:40:00+00:00, run_after=2023-08-07T17:42:00+00:00
[2023-08-07T17:42:15.171+0000] {processor.py:179} INFO - Processing /home/airflow/.local/lib/python3.7/site-packages/airflow/example_dags/example_sla_dag.py took 0.089 seconds
[2023-08-07T17:42:45.975+0000] {processor.py:157} INFO - Started process (PID=219) to work on /home/airflow/.local/lib/python3.7/site-packages/airflow/example_dags/example_sla_dag.py
[2023-08-07T17:42:45.975+0000] {processor.py:826} INFO - Processing file /home/airflow/.local/lib/python3.7/site-packages/airflow/example_dags/example_sla_dag.py for tasks to queue
[2023-08-07T17:42:45.976+0000] {logging_mixin.py:150} INFO - [2023-08-07T17:42:45.976+0000] {dagbag.py:541} INFO - Filling up the DagBag from /home/airflow/.local/lib/python3.7/site-packages/airflow/example_dags/example_sla_dag.py
[2023-08-07T17:42:45.981+0000] {processor.py:836} INFO - DAG(s) dict_keys(['example_sla_dag']) retrieved from /home/airflow/.local/lib/python3.7/site-packages/airflow/example_dags/example_sla_dag.py
[2023-08-07T17:42:46.001+0000] {logging_mixin.py:150} INFO - [2023-08-07T17:42:46.001+0000] {dag.py:2742} INFO - Sync 1 DAGs
[2023-08-07T17:42:46.027+0000] {logging_mixin.py:150} INFO - [2023-08-07T17:42:46.027+0000] {dag.py:3508} INFO - Setting next_dagrun for example_sla_dag to 2023-08-07T17:40:00+00:00, run_after=2023-08-07T17:42:00+00:00
[2023-08-07T17:42:46.045+0000] {processor.py:179} INFO - Processing /home/airflow/.local/lib/python3.7/site-packages/airflow/example_dags/example_sla_dag.py took 0.072 seconds
[2023-08-07T17:43:16.839+0000] {processor.py:157} INFO - Started process (PID=282) to work on /home/airflow/.local/lib/python3.7/site-packages/airflow/example_dags/example_sla_dag.py
[2023-08-07T17:43:16.840+0000] {processor.py:826} INFO - Processing file /home/airflow/.local/lib/python3.7/site-packages/airflow/example_dags/example_sla_dag.py for tasks to queue
[2023-08-07T17:43:16.841+0000] {logging_mixin.py:150} INFO - [2023-08-07T17:43:16.841+0000] {dagbag.py:541} INFO - Filling up the DagBag from /home/airflow/.local/lib/python3.7/site-packages/airflow/example_dags/example_sla_dag.py
[2023-08-07T17:43:16.846+0000] {processor.py:836} INFO - DAG(s) dict_keys(['example_sla_dag']) retrieved from /home/airflow/.local/lib/python3.7/site-packages/airflow/example_dags/example_sla_dag.py
[2023-08-07T17:43:16.865+0000] {logging_mixin.py:150} INFO - [2023-08-07T17:43:16.865+0000] {dag.py:2742} INFO - Sync 1 DAGs
[2023-08-07T17:43:16.889+0000] {logging_mixin.py:150} INFO - [2023-08-07T17:43:16.889+0000] {dag.py:3508} INFO - Setting next_dagrun for example_sla_dag to 2023-08-07T17:40:00+00:00, run_after=2023-08-07T17:42:00+00:00
[2023-08-07T17:43:16.906+0000] {processor.py:179} INFO - Processing /home/airflow/.local/lib/python3.7/site-packages/airflow/example_dags/example_sla_dag.py took 0.069 seconds
[2023-08-07T17:43:46.985+0000] {processor.py:157} INFO - Started process (PID=344) to work on /home/airflow/.local/lib/python3.7/site-packages/airflow/example_dags/example_sla_dag.py
[2023-08-07T17:43:46.986+0000] {processor.py:826} INFO - Processing file /home/airflow/.local/lib/python3.7/site-packages/airflow/example_dags/example_sla_dag.py for tasks to queue
[2023-08-07T17:43:46.986+0000] {logging_mixin.py:150} INFO - [2023-08-07T17:43:46.986+0000] {dagbag.py:541} INFO - Filling up the DagBag from /home/airflow/.local/lib/python3.7/site-packages/airflow/example_dags/example_sla_dag.py
[2023-08-07T17:43:46.992+0000] {processor.py:836} INFO - DAG(s) dict_keys(['example_sla_dag']) retrieved from /home/airflow/.local/lib/python3.7/site-packages/airflow/example_dags/example_sla_dag.py
[2023-08-07T17:43:47.010+0000] {logging_mixin.py:150} INFO - [2023-08-07T17:43:47.009+0000] {dag.py:2742} INFO - Sync 1 DAGs
[2023-08-07T17:43:47.037+0000] {logging_mixin.py:150} INFO - [2023-08-07T17:43:47.037+0000] {dag.py:3508} INFO - Setting next_dagrun for example_sla_dag to 2023-08-07T17:40:00+00:00, run_after=2023-08-07T17:42:00+00:00
[2023-08-07T17:43:47.054+0000] {processor.py:179} INFO - Processing /home/airflow/.local/lib/python3.7/site-packages/airflow/example_dags/example_sla_dag.py took 0.072 seconds
[2023-08-07T18:10:59.940+0000] {processor.py:157} INFO - Started process (PID=34) to work on /home/airflow/.local/lib/python3.7/site-packages/airflow/example_dags/example_sla_dag.py
[2023-08-07T18:10:59.941+0000] {processor.py:826} INFO - Processing file /home/airflow/.local/lib/python3.7/site-packages/airflow/example_dags/example_sla_dag.py for tasks to queue
[2023-08-07T18:10:59.941+0000] {logging_mixin.py:150} INFO - [2023-08-07T18:10:59.941+0000] {dagbag.py:541} INFO - Filling up the DagBag from /home/airflow/.local/lib/python3.7/site-packages/airflow/example_dags/example_sla_dag.py
[2023-08-07T18:10:59.952+0000] {processor.py:836} INFO - DAG(s) dict_keys(['example_sla_dag']) retrieved from /home/airflow/.local/lib/python3.7/site-packages/airflow/example_dags/example_sla_dag.py
[2023-08-07T18:10:59.965+0000] {logging_mixin.py:150} INFO - [2023-08-07T18:10:59.965+0000] {dag.py:2742} INFO - Sync 1 DAGs
[2023-08-07T18:10:59.995+0000] {logging_mixin.py:150} INFO - [2023-08-07T18:10:59.994+0000] {dag.py:3508} INFO - Setting next_dagrun for example_sla_dag to 2023-08-07T18:08:00+00:00, run_after=2023-08-07T18:10:00+00:00
[2023-08-07T18:11:00.016+0000] {processor.py:179} INFO - Processing /home/airflow/.local/lib/python3.7/site-packages/airflow/example_dags/example_sla_dag.py took 0.078 seconds
