[2023-08-07T17:08:47.059+0000] {processor.py:157} INFO - Started process (PID=33) to work on /home/airflow/.local/lib/python3.7/site-packages/airflow/example_dags/example_latest_only_with_trigger.py
[2023-08-07T17:08:47.060+0000] {processor.py:826} INFO - Processing file /home/airflow/.local/lib/python3.7/site-packages/airflow/example_dags/example_latest_only_with_trigger.py for tasks to queue
[2023-08-07T17:08:47.061+0000] {logging_mixin.py:150} INFO - [2023-08-07T17:08:47.061+0000] {dagbag.py:541} INFO - Filling up the DagBag from /home/airflow/.local/lib/python3.7/site-packages/airflow/example_dags/example_latest_only_with_trigger.py
[2023-08-07T17:08:47.072+0000] {processor.py:836} INFO - DAG(s) dict_keys(['latest_only_with_trigger']) retrieved from /home/airflow/.local/lib/python3.7/site-packages/airflow/example_dags/example_latest_only_with_trigger.py
[2023-08-07T17:08:47.109+0000] {logging_mixin.py:150} INFO - [2023-08-07T17:08:47.109+0000] {dag.py:2742} INFO - Sync 1 DAGs
[2023-08-07T17:08:47.139+0000] {logging_mixin.py:150} INFO - [2023-08-07T17:08:47.139+0000] {dag.py:3508} INFO - Setting next_dagrun for latest_only_with_trigger to 2023-08-07T13:08:47.139108+00:00, run_after=2023-08-07T17:08:47.139108+00:00
[2023-08-07T17:08:47.166+0000] {processor.py:179} INFO - Processing /home/airflow/.local/lib/python3.7/site-packages/airflow/example_dags/example_latest_only_with_trigger.py took 0.109 seconds
[2023-08-07T17:09:18.036+0000] {processor.py:157} INFO - Started process (PID=95) to work on /home/airflow/.local/lib/python3.7/site-packages/airflow/example_dags/example_latest_only_with_trigger.py
[2023-08-07T17:09:18.037+0000] {processor.py:826} INFO - Processing file /home/airflow/.local/lib/python3.7/site-packages/airflow/example_dags/example_latest_only_with_trigger.py for tasks to queue
[2023-08-07T17:09:18.038+0000] {logging_mixin.py:150} INFO - [2023-08-07T17:09:18.037+0000] {dagbag.py:541} INFO - Filling up the DagBag from /home/airflow/.local/lib/python3.7/site-packages/airflow/example_dags/example_latest_only_with_trigger.py
[2023-08-07T17:09:18.045+0000] {processor.py:836} INFO - DAG(s) dict_keys(['latest_only_with_trigger']) retrieved from /home/airflow/.local/lib/python3.7/site-packages/airflow/example_dags/example_latest_only_with_trigger.py
[2023-08-07T17:09:18.067+0000] {logging_mixin.py:150} INFO - [2023-08-07T17:09:18.067+0000] {dag.py:2742} INFO - Sync 1 DAGs
[2023-08-07T17:09:18.089+0000] {logging_mixin.py:150} INFO - [2023-08-07T17:09:18.089+0000] {dag.py:3508} INFO - Setting next_dagrun for latest_only_with_trigger to 2023-08-07T13:09:18.089413+00:00, run_after=2023-08-07T17:09:18.089413+00:00
[2023-08-07T17:09:18.107+0000] {processor.py:179} INFO - Processing /home/airflow/.local/lib/python3.7/site-packages/airflow/example_dags/example_latest_only_with_trigger.py took 0.075 seconds
[2023-08-07T17:09:48.554+0000] {processor.py:157} INFO - Started process (PID=157) to work on /home/airflow/.local/lib/python3.7/site-packages/airflow/example_dags/example_latest_only_with_trigger.py
[2023-08-07T17:09:48.562+0000] {processor.py:826} INFO - Processing file /home/airflow/.local/lib/python3.7/site-packages/airflow/example_dags/example_latest_only_with_trigger.py for tasks to queue
[2023-08-07T17:09:48.563+0000] {logging_mixin.py:150} INFO - [2023-08-07T17:09:48.562+0000] {dagbag.py:541} INFO - Filling up the DagBag from /home/airflow/.local/lib/python3.7/site-packages/airflow/example_dags/example_latest_only_with_trigger.py
[2023-08-07T17:09:48.572+0000] {processor.py:836} INFO - DAG(s) dict_keys(['latest_only_with_trigger']) retrieved from /home/airflow/.local/lib/python3.7/site-packages/airflow/example_dags/example_latest_only_with_trigger.py
[2023-08-07T17:09:48.608+0000] {logging_mixin.py:150} INFO - [2023-08-07T17:09:48.608+0000] {dag.py:2742} INFO - Sync 1 DAGs
[2023-08-07T17:09:48.638+0000] {logging_mixin.py:150} INFO - [2023-08-07T17:09:48.638+0000] {dag.py:3508} INFO - Setting next_dagrun for latest_only_with_trigger to 2023-08-07T13:09:48.637937+00:00, run_after=2023-08-07T17:09:48.637937+00:00
[2023-08-07T17:09:48.656+0000] {processor.py:179} INFO - Processing /home/airflow/.local/lib/python3.7/site-packages/airflow/example_dags/example_latest_only_with_trigger.py took 0.106 seconds
[2023-08-07T17:10:18.720+0000] {processor.py:157} INFO - Started process (PID=219) to work on /home/airflow/.local/lib/python3.7/site-packages/airflow/example_dags/example_latest_only_with_trigger.py
[2023-08-07T17:10:18.723+0000] {processor.py:826} INFO - Processing file /home/airflow/.local/lib/python3.7/site-packages/airflow/example_dags/example_latest_only_with_trigger.py for tasks to queue
[2023-08-07T17:10:18.724+0000] {logging_mixin.py:150} INFO - [2023-08-07T17:10:18.723+0000] {dagbag.py:541} INFO - Filling up the DagBag from /home/airflow/.local/lib/python3.7/site-packages/airflow/example_dags/example_latest_only_with_trigger.py
[2023-08-07T17:10:18.733+0000] {processor.py:836} INFO - DAG(s) dict_keys(['latest_only_with_trigger']) retrieved from /home/airflow/.local/lib/python3.7/site-packages/airflow/example_dags/example_latest_only_with_trigger.py
[2023-08-07T17:10:18.767+0000] {logging_mixin.py:150} INFO - [2023-08-07T17:10:18.767+0000] {dag.py:2742} INFO - Sync 1 DAGs
[2023-08-07T17:10:18.795+0000] {logging_mixin.py:150} INFO - [2023-08-07T17:10:18.794+0000] {dag.py:3508} INFO - Setting next_dagrun for latest_only_with_trigger to 2023-08-07T13:10:18.794677+00:00, run_after=2023-08-07T17:10:18.794677+00:00
[2023-08-07T17:10:18.812+0000] {processor.py:179} INFO - Processing /home/airflow/.local/lib/python3.7/site-packages/airflow/example_dags/example_latest_only_with_trigger.py took 0.097 seconds
[2023-08-07T17:10:49.075+0000] {processor.py:157} INFO - Started process (PID=281) to work on /home/airflow/.local/lib/python3.7/site-packages/airflow/example_dags/example_latest_only_with_trigger.py
[2023-08-07T17:10:49.078+0000] {processor.py:826} INFO - Processing file /home/airflow/.local/lib/python3.7/site-packages/airflow/example_dags/example_latest_only_with_trigger.py for tasks to queue
[2023-08-07T17:10:49.079+0000] {logging_mixin.py:150} INFO - [2023-08-07T17:10:49.079+0000] {dagbag.py:541} INFO - Filling up the DagBag from /home/airflow/.local/lib/python3.7/site-packages/airflow/example_dags/example_latest_only_with_trigger.py
[2023-08-07T17:10:49.088+0000] {processor.py:836} INFO - DAG(s) dict_keys(['latest_only_with_trigger']) retrieved from /home/airflow/.local/lib/python3.7/site-packages/airflow/example_dags/example_latest_only_with_trigger.py
[2023-08-07T17:10:49.130+0000] {logging_mixin.py:150} INFO - [2023-08-07T17:10:49.130+0000] {dag.py:2742} INFO - Sync 1 DAGs
[2023-08-07T17:10:49.154+0000] {logging_mixin.py:150} INFO - [2023-08-07T17:10:49.154+0000] {dag.py:3508} INFO - Setting next_dagrun for latest_only_with_trigger to 2023-08-07T13:10:49.154371+00:00, run_after=2023-08-07T17:10:49.154371+00:00
[2023-08-07T17:10:49.172+0000] {processor.py:179} INFO - Processing /home/airflow/.local/lib/python3.7/site-packages/airflow/example_dags/example_latest_only_with_trigger.py took 0.102 seconds
[2023-08-07T17:11:19.291+0000] {processor.py:157} INFO - Started process (PID=343) to work on /home/airflow/.local/lib/python3.7/site-packages/airflow/example_dags/example_latest_only_with_trigger.py
[2023-08-07T17:11:19.294+0000] {processor.py:826} INFO - Processing file /home/airflow/.local/lib/python3.7/site-packages/airflow/example_dags/example_latest_only_with_trigger.py for tasks to queue
[2023-08-07T17:11:19.295+0000] {logging_mixin.py:150} INFO - [2023-08-07T17:11:19.295+0000] {dagbag.py:541} INFO - Filling up the DagBag from /home/airflow/.local/lib/python3.7/site-packages/airflow/example_dags/example_latest_only_with_trigger.py
[2023-08-07T17:11:19.305+0000] {processor.py:836} INFO - DAG(s) dict_keys(['latest_only_with_trigger']) retrieved from /home/airflow/.local/lib/python3.7/site-packages/airflow/example_dags/example_latest_only_with_trigger.py
[2023-08-07T17:11:19.342+0000] {logging_mixin.py:150} INFO - [2023-08-07T17:11:19.342+0000] {dag.py:2742} INFO - Sync 1 DAGs
[2023-08-07T17:11:19.366+0000] {logging_mixin.py:150} INFO - [2023-08-07T17:11:19.366+0000] {dag.py:3508} INFO - Setting next_dagrun for latest_only_with_trigger to 2023-08-07T13:11:19.366476+00:00, run_after=2023-08-07T17:11:19.366476+00:00
[2023-08-07T17:11:19.383+0000] {processor.py:179} INFO - Processing /home/airflow/.local/lib/python3.7/site-packages/airflow/example_dags/example_latest_only_with_trigger.py took 0.097 seconds
[2023-08-07T17:11:49.890+0000] {processor.py:157} INFO - Started process (PID=405) to work on /home/airflow/.local/lib/python3.7/site-packages/airflow/example_dags/example_latest_only_with_trigger.py
[2023-08-07T17:11:49.891+0000] {processor.py:826} INFO - Processing file /home/airflow/.local/lib/python3.7/site-packages/airflow/example_dags/example_latest_only_with_trigger.py for tasks to queue
[2023-08-07T17:11:49.892+0000] {logging_mixin.py:150} INFO - [2023-08-07T17:11:49.892+0000] {dagbag.py:541} INFO - Filling up the DagBag from /home/airflow/.local/lib/python3.7/site-packages/airflow/example_dags/example_latest_only_with_trigger.py
[2023-08-07T17:11:49.899+0000] {processor.py:836} INFO - DAG(s) dict_keys(['latest_only_with_trigger']) retrieved from /home/airflow/.local/lib/python3.7/site-packages/airflow/example_dags/example_latest_only_with_trigger.py
[2023-08-07T17:11:49.930+0000] {logging_mixin.py:150} INFO - [2023-08-07T17:11:49.929+0000] {dag.py:2742} INFO - Sync 1 DAGs
[2023-08-07T17:11:49.951+0000] {logging_mixin.py:150} INFO - [2023-08-07T17:11:49.951+0000] {dag.py:3508} INFO - Setting next_dagrun for latest_only_with_trigger to 2023-08-07T13:11:49.951338+00:00, run_after=2023-08-07T17:11:49.951338+00:00
[2023-08-07T17:11:49.970+0000] {processor.py:179} INFO - Processing /home/airflow/.local/lib/python3.7/site-packages/airflow/example_dags/example_latest_only_with_trigger.py took 0.085 seconds
[2023-08-07T17:12:20.586+0000] {processor.py:157} INFO - Started process (PID=467) to work on /home/airflow/.local/lib/python3.7/site-packages/airflow/example_dags/example_latest_only_with_trigger.py
[2023-08-07T17:12:20.587+0000] {processor.py:826} INFO - Processing file /home/airflow/.local/lib/python3.7/site-packages/airflow/example_dags/example_latest_only_with_trigger.py for tasks to queue
[2023-08-07T17:12:20.588+0000] {logging_mixin.py:150} INFO - [2023-08-07T17:12:20.588+0000] {dagbag.py:541} INFO - Filling up the DagBag from /home/airflow/.local/lib/python3.7/site-packages/airflow/example_dags/example_latest_only_with_trigger.py
[2023-08-07T17:12:20.596+0000] {processor.py:836} INFO - DAG(s) dict_keys(['latest_only_with_trigger']) retrieved from /home/airflow/.local/lib/python3.7/site-packages/airflow/example_dags/example_latest_only_with_trigger.py
[2023-08-07T17:12:20.617+0000] {logging_mixin.py:150} INFO - [2023-08-07T17:12:20.617+0000] {dag.py:2742} INFO - Sync 1 DAGs
[2023-08-07T17:12:20.642+0000] {logging_mixin.py:150} INFO - [2023-08-07T17:12:20.641+0000] {dag.py:3508} INFO - Setting next_dagrun for latest_only_with_trigger to 2023-08-07T13:12:20.641435+00:00, run_after=2023-08-07T17:12:20.641435+00:00
[2023-08-07T17:12:20.661+0000] {processor.py:179} INFO - Processing /home/airflow/.local/lib/python3.7/site-packages/airflow/example_dags/example_latest_only_with_trigger.py took 0.078 seconds
[2023-08-07T17:12:51.471+0000] {processor.py:157} INFO - Started process (PID=529) to work on /home/airflow/.local/lib/python3.7/site-packages/airflow/example_dags/example_latest_only_with_trigger.py
[2023-08-07T17:12:51.473+0000] {processor.py:826} INFO - Processing file /home/airflow/.local/lib/python3.7/site-packages/airflow/example_dags/example_latest_only_with_trigger.py for tasks to queue
[2023-08-07T17:12:51.474+0000] {logging_mixin.py:150} INFO - [2023-08-07T17:12:51.474+0000] {dagbag.py:541} INFO - Filling up the DagBag from /home/airflow/.local/lib/python3.7/site-packages/airflow/example_dags/example_latest_only_with_trigger.py
[2023-08-07T17:12:51.485+0000] {processor.py:836} INFO - DAG(s) dict_keys(['latest_only_with_trigger']) retrieved from /home/airflow/.local/lib/python3.7/site-packages/airflow/example_dags/example_latest_only_with_trigger.py
[2023-08-07T17:12:51.521+0000] {logging_mixin.py:150} INFO - [2023-08-07T17:12:51.521+0000] {dag.py:2742} INFO - Sync 1 DAGs
[2023-08-07T17:12:51.544+0000] {logging_mixin.py:150} INFO - [2023-08-07T17:12:51.544+0000] {dag.py:3508} INFO - Setting next_dagrun for latest_only_with_trigger to 2023-08-07T13:12:51.544388+00:00, run_after=2023-08-07T17:12:51.544388+00:00
[2023-08-07T17:12:51.563+0000] {processor.py:179} INFO - Processing /home/airflow/.local/lib/python3.7/site-packages/airflow/example_dags/example_latest_only_with_trigger.py took 0.097 seconds
[2023-08-07T17:13:21.669+0000] {processor.py:157} INFO - Started process (PID=591) to work on /home/airflow/.local/lib/python3.7/site-packages/airflow/example_dags/example_latest_only_with_trigger.py
[2023-08-07T17:13:21.674+0000] {processor.py:826} INFO - Processing file /home/airflow/.local/lib/python3.7/site-packages/airflow/example_dags/example_latest_only_with_trigger.py for tasks to queue
[2023-08-07T17:13:21.674+0000] {logging_mixin.py:150} INFO - [2023-08-07T17:13:21.674+0000] {dagbag.py:541} INFO - Filling up the DagBag from /home/airflow/.local/lib/python3.7/site-packages/airflow/example_dags/example_latest_only_with_trigger.py
[2023-08-07T17:13:21.679+0000] {processor.py:836} INFO - DAG(s) dict_keys(['latest_only_with_trigger']) retrieved from /home/airflow/.local/lib/python3.7/site-packages/airflow/example_dags/example_latest_only_with_trigger.py
[2023-08-07T17:13:21.703+0000] {logging_mixin.py:150} INFO - [2023-08-07T17:13:21.703+0000] {dag.py:2742} INFO - Sync 1 DAGs
[2023-08-07T17:13:21.726+0000] {logging_mixin.py:150} INFO - [2023-08-07T17:13:21.726+0000] {dag.py:3508} INFO - Setting next_dagrun for latest_only_with_trigger to 2023-08-07T13:13:21.726541+00:00, run_after=2023-08-07T17:13:21.726541+00:00
[2023-08-07T17:13:21.743+0000] {processor.py:179} INFO - Processing /home/airflow/.local/lib/python3.7/site-packages/airflow/example_dags/example_latest_only_with_trigger.py took 0.077 seconds
[2023-08-07T17:13:52.548+0000] {processor.py:157} INFO - Started process (PID=653) to work on /home/airflow/.local/lib/python3.7/site-packages/airflow/example_dags/example_latest_only_with_trigger.py
[2023-08-07T17:13:52.559+0000] {processor.py:826} INFO - Processing file /home/airflow/.local/lib/python3.7/site-packages/airflow/example_dags/example_latest_only_with_trigger.py for tasks to queue
[2023-08-07T17:13:52.560+0000] {logging_mixin.py:150} INFO - [2023-08-07T17:13:52.559+0000] {dagbag.py:541} INFO - Filling up the DagBag from /home/airflow/.local/lib/python3.7/site-packages/airflow/example_dags/example_latest_only_with_trigger.py
[2023-08-07T17:13:52.565+0000] {processor.py:836} INFO - DAG(s) dict_keys(['latest_only_with_trigger']) retrieved from /home/airflow/.local/lib/python3.7/site-packages/airflow/example_dags/example_latest_only_with_trigger.py
[2023-08-07T17:13:52.585+0000] {logging_mixin.py:150} INFO - [2023-08-07T17:13:52.584+0000] {dag.py:2742} INFO - Sync 1 DAGs
[2023-08-07T17:13:52.606+0000] {logging_mixin.py:150} INFO - [2023-08-07T17:13:52.606+0000] {dag.py:3508} INFO - Setting next_dagrun for latest_only_with_trigger to 2023-08-07T13:13:52.606239+00:00, run_after=2023-08-07T17:13:52.606239+00:00
[2023-08-07T17:13:52.622+0000] {processor.py:179} INFO - Processing /home/airflow/.local/lib/python3.7/site-packages/airflow/example_dags/example_latest_only_with_trigger.py took 0.076 seconds
[2023-08-07T17:14:23.377+0000] {processor.py:157} INFO - Started process (PID=715) to work on /home/airflow/.local/lib/python3.7/site-packages/airflow/example_dags/example_latest_only_with_trigger.py
[2023-08-07T17:14:23.386+0000] {processor.py:826} INFO - Processing file /home/airflow/.local/lib/python3.7/site-packages/airflow/example_dags/example_latest_only_with_trigger.py for tasks to queue
[2023-08-07T17:14:23.387+0000] {logging_mixin.py:150} INFO - [2023-08-07T17:14:23.387+0000] {dagbag.py:541} INFO - Filling up the DagBag from /home/airflow/.local/lib/python3.7/site-packages/airflow/example_dags/example_latest_only_with_trigger.py
[2023-08-07T17:14:23.391+0000] {processor.py:836} INFO - DAG(s) dict_keys(['latest_only_with_trigger']) retrieved from /home/airflow/.local/lib/python3.7/site-packages/airflow/example_dags/example_latest_only_with_trigger.py
[2023-08-07T17:14:23.413+0000] {logging_mixin.py:150} INFO - [2023-08-07T17:14:23.413+0000] {dag.py:2742} INFO - Sync 1 DAGs
[2023-08-07T17:14:23.435+0000] {logging_mixin.py:150} INFO - [2023-08-07T17:14:23.435+0000] {dag.py:3508} INFO - Setting next_dagrun for latest_only_with_trigger to 2023-08-07T13:14:23.434914+00:00, run_after=2023-08-07T17:14:23.434914+00:00
[2023-08-07T17:14:23.451+0000] {processor.py:179} INFO - Processing /home/airflow/.local/lib/python3.7/site-packages/airflow/example_dags/example_latest_only_with_trigger.py took 0.076 seconds
[2023-08-07T17:14:53.538+0000] {processor.py:157} INFO - Started process (PID=777) to work on /home/airflow/.local/lib/python3.7/site-packages/airflow/example_dags/example_latest_only_with_trigger.py
[2023-08-07T17:14:53.539+0000] {processor.py:826} INFO - Processing file /home/airflow/.local/lib/python3.7/site-packages/airflow/example_dags/example_latest_only_with_trigger.py for tasks to queue
[2023-08-07T17:14:53.540+0000] {logging_mixin.py:150} INFO - [2023-08-07T17:14:53.540+0000] {dagbag.py:541} INFO - Filling up the DagBag from /home/airflow/.local/lib/python3.7/site-packages/airflow/example_dags/example_latest_only_with_trigger.py
[2023-08-07T17:14:53.550+0000] {processor.py:836} INFO - DAG(s) dict_keys(['latest_only_with_trigger']) retrieved from /home/airflow/.local/lib/python3.7/site-packages/airflow/example_dags/example_latest_only_with_trigger.py
[2023-08-07T17:14:53.591+0000] {logging_mixin.py:150} INFO - [2023-08-07T17:14:53.591+0000] {dag.py:2742} INFO - Sync 1 DAGs
[2023-08-07T17:14:53.615+0000] {logging_mixin.py:150} INFO - [2023-08-07T17:14:53.615+0000] {dag.py:3508} INFO - Setting next_dagrun for latest_only_with_trigger to 2023-08-07T13:14:53.615606+00:00, run_after=2023-08-07T17:14:53.615606+00:00
[2023-08-07T17:14:53.635+0000] {processor.py:179} INFO - Processing /home/airflow/.local/lib/python3.7/site-packages/airflow/example_dags/example_latest_only_with_trigger.py took 0.102 seconds
[2023-08-07T17:15:23.685+0000] {processor.py:157} INFO - Started process (PID=839) to work on /home/airflow/.local/lib/python3.7/site-packages/airflow/example_dags/example_latest_only_with_trigger.py
[2023-08-07T17:15:23.686+0000] {processor.py:826} INFO - Processing file /home/airflow/.local/lib/python3.7/site-packages/airflow/example_dags/example_latest_only_with_trigger.py for tasks to queue
[2023-08-07T17:15:23.687+0000] {logging_mixin.py:150} INFO - [2023-08-07T17:15:23.687+0000] {dagbag.py:541} INFO - Filling up the DagBag from /home/airflow/.local/lib/python3.7/site-packages/airflow/example_dags/example_latest_only_with_trigger.py
[2023-08-07T17:15:23.697+0000] {processor.py:836} INFO - DAG(s) dict_keys(['latest_only_with_trigger']) retrieved from /home/airflow/.local/lib/python3.7/site-packages/airflow/example_dags/example_latest_only_with_trigger.py
[2023-08-07T17:15:23.723+0000] {logging_mixin.py:150} INFO - [2023-08-07T17:15:23.723+0000] {dag.py:2742} INFO - Sync 1 DAGs
[2023-08-07T17:15:23.747+0000] {logging_mixin.py:150} INFO - [2023-08-07T17:15:23.747+0000] {dag.py:3508} INFO - Setting next_dagrun for latest_only_with_trigger to 2023-08-07T13:15:23.747111+00:00, run_after=2023-08-07T17:15:23.747111+00:00
[2023-08-07T17:15:23.776+0000] {processor.py:179} INFO - Processing /home/airflow/.local/lib/python3.7/site-packages/airflow/example_dags/example_latest_only_with_trigger.py took 0.096 seconds
[2023-08-07T17:15:54.214+0000] {processor.py:157} INFO - Started process (PID=901) to work on /home/airflow/.local/lib/python3.7/site-packages/airflow/example_dags/example_latest_only_with_trigger.py
[2023-08-07T17:15:54.215+0000] {processor.py:826} INFO - Processing file /home/airflow/.local/lib/python3.7/site-packages/airflow/example_dags/example_latest_only_with_trigger.py for tasks to queue
[2023-08-07T17:15:54.216+0000] {logging_mixin.py:150} INFO - [2023-08-07T17:15:54.216+0000] {dagbag.py:541} INFO - Filling up the DagBag from /home/airflow/.local/lib/python3.7/site-packages/airflow/example_dags/example_latest_only_with_trigger.py
[2023-08-07T17:15:54.225+0000] {processor.py:836} INFO - DAG(s) dict_keys(['latest_only_with_trigger']) retrieved from /home/airflow/.local/lib/python3.7/site-packages/airflow/example_dags/example_latest_only_with_trigger.py
[2023-08-07T17:15:54.257+0000] {logging_mixin.py:150} INFO - [2023-08-07T17:15:54.257+0000] {dag.py:2742} INFO - Sync 1 DAGs
[2023-08-07T17:15:54.281+0000] {logging_mixin.py:150} INFO - [2023-08-07T17:15:54.281+0000] {dag.py:3508} INFO - Setting next_dagrun for latest_only_with_trigger to 2023-08-07T13:15:54.281465+00:00, run_after=2023-08-07T17:15:54.281465+00:00
[2023-08-07T17:15:54.299+0000] {processor.py:179} INFO - Processing /home/airflow/.local/lib/python3.7/site-packages/airflow/example_dags/example_latest_only_with_trigger.py took 0.090 seconds
[2023-08-07T17:16:24.890+0000] {processor.py:157} INFO - Started process (PID=963) to work on /home/airflow/.local/lib/python3.7/site-packages/airflow/example_dags/example_latest_only_with_trigger.py
[2023-08-07T17:16:24.891+0000] {processor.py:826} INFO - Processing file /home/airflow/.local/lib/python3.7/site-packages/airflow/example_dags/example_latest_only_with_trigger.py for tasks to queue
[2023-08-07T17:16:24.891+0000] {logging_mixin.py:150} INFO - [2023-08-07T17:16:24.891+0000] {dagbag.py:541} INFO - Filling up the DagBag from /home/airflow/.local/lib/python3.7/site-packages/airflow/example_dags/example_latest_only_with_trigger.py
[2023-08-07T17:16:24.896+0000] {processor.py:836} INFO - DAG(s) dict_keys(['latest_only_with_trigger']) retrieved from /home/airflow/.local/lib/python3.7/site-packages/airflow/example_dags/example_latest_only_with_trigger.py
[2023-08-07T17:16:24.920+0000] {logging_mixin.py:150} INFO - [2023-08-07T17:16:24.919+0000] {dag.py:2742} INFO - Sync 1 DAGs
[2023-08-07T17:16:24.946+0000] {logging_mixin.py:150} INFO - [2023-08-07T17:16:24.945+0000] {dag.py:3508} INFO - Setting next_dagrun for latest_only_with_trigger to 2023-08-07T13:16:24.945714+00:00, run_after=2023-08-07T17:16:24.945714+00:00
[2023-08-07T17:16:24.966+0000] {processor.py:179} INFO - Processing /home/airflow/.local/lib/python3.7/site-packages/airflow/example_dags/example_latest_only_with_trigger.py took 0.079 seconds
[2023-08-07T17:41:13.270+0000] {processor.py:157} INFO - Started process (PID=32) to work on /home/airflow/.local/lib/python3.7/site-packages/airflow/example_dags/example_latest_only_with_trigger.py
[2023-08-07T17:41:13.272+0000] {processor.py:826} INFO - Processing file /home/airflow/.local/lib/python3.7/site-packages/airflow/example_dags/example_latest_only_with_trigger.py for tasks to queue
[2023-08-07T17:41:13.273+0000] {logging_mixin.py:150} INFO - [2023-08-07T17:41:13.273+0000] {dagbag.py:541} INFO - Filling up the DagBag from /home/airflow/.local/lib/python3.7/site-packages/airflow/example_dags/example_latest_only_with_trigger.py
[2023-08-07T17:41:13.298+0000] {processor.py:836} INFO - DAG(s) dict_keys(['latest_only_with_trigger']) retrieved from /home/airflow/.local/lib/python3.7/site-packages/airflow/example_dags/example_latest_only_with_trigger.py
[2023-08-07T17:41:13.343+0000] {logging_mixin.py:150} INFO - [2023-08-07T17:41:13.343+0000] {dag.py:2742} INFO - Sync 1 DAGs
[2023-08-07T17:41:13.371+0000] {logging_mixin.py:150} INFO - [2023-08-07T17:41:13.371+0000] {dag.py:3508} INFO - Setting next_dagrun for latest_only_with_trigger to 2023-08-07T13:41:13.370875+00:00, run_after=2023-08-07T17:41:13.370875+00:00
[2023-08-07T17:41:13.399+0000] {processor.py:179} INFO - Processing /home/airflow/.local/lib/python3.7/site-packages/airflow/example_dags/example_latest_only_with_trigger.py took 0.132 seconds
[2023-08-07T17:41:44.269+0000] {processor.py:157} INFO - Started process (PID=94) to work on /home/airflow/.local/lib/python3.7/site-packages/airflow/example_dags/example_latest_only_with_trigger.py
[2023-08-07T17:41:44.270+0000] {processor.py:826} INFO - Processing file /home/airflow/.local/lib/python3.7/site-packages/airflow/example_dags/example_latest_only_with_trigger.py for tasks to queue
[2023-08-07T17:41:44.271+0000] {logging_mixin.py:150} INFO - [2023-08-07T17:41:44.271+0000] {dagbag.py:541} INFO - Filling up the DagBag from /home/airflow/.local/lib/python3.7/site-packages/airflow/example_dags/example_latest_only_with_trigger.py
[2023-08-07T17:41:44.281+0000] {processor.py:836} INFO - DAG(s) dict_keys(['latest_only_with_trigger']) retrieved from /home/airflow/.local/lib/python3.7/site-packages/airflow/example_dags/example_latest_only_with_trigger.py
[2023-08-07T17:41:44.303+0000] {logging_mixin.py:150} INFO - [2023-08-07T17:41:44.302+0000] {dag.py:2742} INFO - Sync 1 DAGs
[2023-08-07T17:41:44.325+0000] {logging_mixin.py:150} INFO - [2023-08-07T17:41:44.325+0000] {dag.py:3508} INFO - Setting next_dagrun for latest_only_with_trigger to 2023-08-07T13:41:44.325092+00:00, run_after=2023-08-07T17:41:44.325092+00:00
[2023-08-07T17:41:44.343+0000] {processor.py:179} INFO - Processing /home/airflow/.local/lib/python3.7/site-packages/airflow/example_dags/example_latest_only_with_trigger.py took 0.079 seconds
[2023-08-07T17:42:14.977+0000] {processor.py:157} INFO - Started process (PID=156) to work on /home/airflow/.local/lib/python3.7/site-packages/airflow/example_dags/example_latest_only_with_trigger.py
[2023-08-07T17:42:14.981+0000] {processor.py:826} INFO - Processing file /home/airflow/.local/lib/python3.7/site-packages/airflow/example_dags/example_latest_only_with_trigger.py for tasks to queue
[2023-08-07T17:42:14.982+0000] {logging_mixin.py:150} INFO - [2023-08-07T17:42:14.982+0000] {dagbag.py:541} INFO - Filling up the DagBag from /home/airflow/.local/lib/python3.7/site-packages/airflow/example_dags/example_latest_only_with_trigger.py
[2023-08-07T17:42:14.992+0000] {processor.py:836} INFO - DAG(s) dict_keys(['latest_only_with_trigger']) retrieved from /home/airflow/.local/lib/python3.7/site-packages/airflow/example_dags/example_latest_only_with_trigger.py
[2023-08-07T17:42:15.028+0000] {logging_mixin.py:150} INFO - [2023-08-07T17:42:15.028+0000] {dag.py:2742} INFO - Sync 1 DAGs
[2023-08-07T17:42:15.051+0000] {logging_mixin.py:150} INFO - [2023-08-07T17:42:15.051+0000] {dag.py:3508} INFO - Setting next_dagrun for latest_only_with_trigger to 2023-08-07T13:42:15.051570+00:00, run_after=2023-08-07T17:42:15.051570+00:00
[2023-08-07T17:42:15.069+0000] {processor.py:179} INFO - Processing /home/airflow/.local/lib/python3.7/site-packages/airflow/example_dags/example_latest_only_with_trigger.py took 0.095 seconds
[2023-08-07T17:42:45.885+0000] {processor.py:157} INFO - Started process (PID=218) to work on /home/airflow/.local/lib/python3.7/site-packages/airflow/example_dags/example_latest_only_with_trigger.py
[2023-08-07T17:42:45.892+0000] {processor.py:826} INFO - Processing file /home/airflow/.local/lib/python3.7/site-packages/airflow/example_dags/example_latest_only_with_trigger.py for tasks to queue
[2023-08-07T17:42:45.893+0000] {logging_mixin.py:150} INFO - [2023-08-07T17:42:45.893+0000] {dagbag.py:541} INFO - Filling up the DagBag from /home/airflow/.local/lib/python3.7/site-packages/airflow/example_dags/example_latest_only_with_trigger.py
[2023-08-07T17:42:45.897+0000] {processor.py:836} INFO - DAG(s) dict_keys(['latest_only_with_trigger']) retrieved from /home/airflow/.local/lib/python3.7/site-packages/airflow/example_dags/example_latest_only_with_trigger.py
[2023-08-07T17:42:45.918+0000] {logging_mixin.py:150} INFO - [2023-08-07T17:42:45.917+0000] {dag.py:2742} INFO - Sync 1 DAGs
[2023-08-07T17:42:45.942+0000] {logging_mixin.py:150} INFO - [2023-08-07T17:42:45.942+0000] {dag.py:3508} INFO - Setting next_dagrun for latest_only_with_trigger to 2023-08-07T13:42:45.941978+00:00, run_after=2023-08-07T17:42:45.941978+00:00
[2023-08-07T17:42:45.959+0000] {processor.py:179} INFO - Processing /home/airflow/.local/lib/python3.7/site-packages/airflow/example_dags/example_latest_only_with_trigger.py took 0.076 seconds
[2023-08-07T17:43:16.743+0000] {processor.py:157} INFO - Started process (PID=281) to work on /home/airflow/.local/lib/python3.7/site-packages/airflow/example_dags/example_latest_only_with_trigger.py
[2023-08-07T17:43:16.746+0000] {processor.py:826} INFO - Processing file /home/airflow/.local/lib/python3.7/site-packages/airflow/example_dags/example_latest_only_with_trigger.py for tasks to queue
[2023-08-07T17:43:16.748+0000] {logging_mixin.py:150} INFO - [2023-08-07T17:43:16.747+0000] {dagbag.py:541} INFO - Filling up the DagBag from /home/airflow/.local/lib/python3.7/site-packages/airflow/example_dags/example_latest_only_with_trigger.py
[2023-08-07T17:43:16.757+0000] {processor.py:836} INFO - DAG(s) dict_keys(['latest_only_with_trigger']) retrieved from /home/airflow/.local/lib/python3.7/site-packages/airflow/example_dags/example_latest_only_with_trigger.py
[2023-08-07T17:43:16.782+0000] {logging_mixin.py:150} INFO - [2023-08-07T17:43:16.781+0000] {dag.py:2742} INFO - Sync 1 DAGs
[2023-08-07T17:43:16.805+0000] {logging_mixin.py:150} INFO - [2023-08-07T17:43:16.805+0000] {dag.py:3508} INFO - Setting next_dagrun for latest_only_with_trigger to 2023-08-07T13:43:16.805522+00:00, run_after=2023-08-07T17:43:16.805522+00:00
[2023-08-07T17:43:16.824+0000] {processor.py:179} INFO - Processing /home/airflow/.local/lib/python3.7/site-packages/airflow/example_dags/example_latest_only_with_trigger.py took 0.085 seconds
[2023-08-07T17:43:46.898+0000] {processor.py:157} INFO - Started process (PID=343) to work on /home/airflow/.local/lib/python3.7/site-packages/airflow/example_dags/example_latest_only_with_trigger.py
[2023-08-07T17:43:46.898+0000] {processor.py:826} INFO - Processing file /home/airflow/.local/lib/python3.7/site-packages/airflow/example_dags/example_latest_only_with_trigger.py for tasks to queue
[2023-08-07T17:43:46.899+0000] {logging_mixin.py:150} INFO - [2023-08-07T17:43:46.899+0000] {dagbag.py:541} INFO - Filling up the DagBag from /home/airflow/.local/lib/python3.7/site-packages/airflow/example_dags/example_latest_only_with_trigger.py
[2023-08-07T17:43:46.904+0000] {processor.py:836} INFO - DAG(s) dict_keys(['latest_only_with_trigger']) retrieved from /home/airflow/.local/lib/python3.7/site-packages/airflow/example_dags/example_latest_only_with_trigger.py
[2023-08-07T17:43:46.924+0000] {logging_mixin.py:150} INFO - [2023-08-07T17:43:46.924+0000] {dag.py:2742} INFO - Sync 1 DAGs
[2023-08-07T17:43:46.948+0000] {logging_mixin.py:150} INFO - [2023-08-07T17:43:46.948+0000] {dag.py:3508} INFO - Setting next_dagrun for latest_only_with_trigger to 2023-08-07T13:43:46.948045+00:00, run_after=2023-08-07T17:43:46.948045+00:00
[2023-08-07T17:43:46.967+0000] {processor.py:179} INFO - Processing /home/airflow/.local/lib/python3.7/site-packages/airflow/example_dags/example_latest_only_with_trigger.py took 0.071 seconds
[2023-08-07T18:10:59.813+0000] {processor.py:157} INFO - Started process (PID=33) to work on /home/airflow/.local/lib/python3.7/site-packages/airflow/example_dags/example_latest_only_with_trigger.py
[2023-08-07T18:10:59.813+0000] {processor.py:826} INFO - Processing file /home/airflow/.local/lib/python3.7/site-packages/airflow/example_dags/example_latest_only_with_trigger.py for tasks to queue
[2023-08-07T18:10:59.814+0000] {logging_mixin.py:150} INFO - [2023-08-07T18:10:59.814+0000] {dagbag.py:541} INFO - Filling up the DagBag from /home/airflow/.local/lib/python3.7/site-packages/airflow/example_dags/example_latest_only_with_trigger.py
[2023-08-07T18:10:59.826+0000] {processor.py:836} INFO - DAG(s) dict_keys(['latest_only_with_trigger']) retrieved from /home/airflow/.local/lib/python3.7/site-packages/airflow/example_dags/example_latest_only_with_trigger.py
[2023-08-07T18:10:59.855+0000] {logging_mixin.py:150} INFO - [2023-08-07T18:10:59.855+0000] {dag.py:2742} INFO - Sync 1 DAGs
[2023-08-07T18:10:59.886+0000] {logging_mixin.py:150} INFO - [2023-08-07T18:10:59.886+0000] {dag.py:3508} INFO - Setting next_dagrun for latest_only_with_trigger to 2023-08-07T14:10:59.885800+00:00, run_after=2023-08-07T18:10:59.885800+00:00
[2023-08-07T18:10:59.905+0000] {processor.py:179} INFO - Processing /home/airflow/.local/lib/python3.7/site-packages/airflow/example_dags/example_latest_only_with_trigger.py took 0.095 seconds
