[2023-08-07T17:08:49.908+0000] {processor.py:157} INFO - Started process (PID=60) to work on /home/airflow/.local/lib/python3.7/site-packages/airflow/example_dags/example_external_task_marker_dag.py
[2023-08-07T17:08:49.909+0000] {processor.py:826} INFO - Processing file /home/airflow/.local/lib/python3.7/site-packages/airflow/example_dags/example_external_task_marker_dag.py for tasks to queue
[2023-08-07T17:08:49.910+0000] {logging_mixin.py:150} INFO - [2023-08-07T17:08:49.910+0000] {dagbag.py:541} INFO - Filling up the DagBag from /home/airflow/.local/lib/python3.7/site-packages/airflow/example_dags/example_external_task_marker_dag.py
[2023-08-07T17:08:49.919+0000] {processor.py:836} INFO - DAG(s) dict_keys(['example_external_task_marker_parent', 'example_external_task_marker_child']) retrieved from /home/airflow/.local/lib/python3.7/site-packages/airflow/example_dags/example_external_task_marker_dag.py
[2023-08-07T17:08:49.933+0000] {logging_mixin.py:150} INFO - [2023-08-07T17:08:49.933+0000] {dag.py:2742} INFO - Sync 2 DAGs
[2023-08-07T17:08:49.962+0000] {logging_mixin.py:150} INFO - [2023-08-07T17:08:49.962+0000] {dag.py:3508} INFO - Setting next_dagrun for example_external_task_marker_child to None, run_after=None
[2023-08-07T17:08:49.970+0000] {logging_mixin.py:150} INFO - [2023-08-07T17:08:49.969+0000] {dag.py:3508} INFO - Setting next_dagrun for example_external_task_marker_parent to None, run_after=None
[2023-08-07T17:08:49.989+0000] {processor.py:179} INFO - Processing /home/airflow/.local/lib/python3.7/site-packages/airflow/example_dags/example_external_task_marker_dag.py took 0.084 seconds
[2023-08-07T17:09:20.583+0000] {processor.py:157} INFO - Started process (PID=122) to work on /home/airflow/.local/lib/python3.7/site-packages/airflow/example_dags/example_external_task_marker_dag.py
[2023-08-07T17:09:20.584+0000] {processor.py:826} INFO - Processing file /home/airflow/.local/lib/python3.7/site-packages/airflow/example_dags/example_external_task_marker_dag.py for tasks to queue
[2023-08-07T17:09:20.584+0000] {logging_mixin.py:150} INFO - [2023-08-07T17:09:20.584+0000] {dagbag.py:541} INFO - Filling up the DagBag from /home/airflow/.local/lib/python3.7/site-packages/airflow/example_dags/example_external_task_marker_dag.py
[2023-08-07T17:09:20.588+0000] {processor.py:836} INFO - DAG(s) dict_keys(['example_external_task_marker_child', 'example_external_task_marker_parent']) retrieved from /home/airflow/.local/lib/python3.7/site-packages/airflow/example_dags/example_external_task_marker_dag.py
[2023-08-07T17:09:20.610+0000] {logging_mixin.py:150} INFO - [2023-08-07T17:09:20.610+0000] {dag.py:2742} INFO - Sync 2 DAGs
[2023-08-07T17:09:20.633+0000] {logging_mixin.py:150} INFO - [2023-08-07T17:09:20.633+0000] {dag.py:3508} INFO - Setting next_dagrun for example_external_task_marker_child to None, run_after=None
[2023-08-07T17:09:20.636+0000] {logging_mixin.py:150} INFO - [2023-08-07T17:09:20.636+0000] {dag.py:3508} INFO - Setting next_dagrun for example_external_task_marker_parent to None, run_after=None
[2023-08-07T17:09:20.651+0000] {processor.py:179} INFO - Processing /home/airflow/.local/lib/python3.7/site-packages/airflow/example_dags/example_external_task_marker_dag.py took 0.071 seconds
[2023-08-07T17:09:51.297+0000] {processor.py:157} INFO - Started process (PID=184) to work on /home/airflow/.local/lib/python3.7/site-packages/airflow/example_dags/example_external_task_marker_dag.py
[2023-08-07T17:09:51.298+0000] {processor.py:826} INFO - Processing file /home/airflow/.local/lib/python3.7/site-packages/airflow/example_dags/example_external_task_marker_dag.py for tasks to queue
[2023-08-07T17:09:51.299+0000] {logging_mixin.py:150} INFO - [2023-08-07T17:09:51.299+0000] {dagbag.py:541} INFO - Filling up the DagBag from /home/airflow/.local/lib/python3.7/site-packages/airflow/example_dags/example_external_task_marker_dag.py
[2023-08-07T17:09:51.308+0000] {processor.py:836} INFO - DAG(s) dict_keys(['example_external_task_marker_child', 'example_external_task_marker_parent']) retrieved from /home/airflow/.local/lib/python3.7/site-packages/airflow/example_dags/example_external_task_marker_dag.py
[2023-08-07T17:09:51.336+0000] {logging_mixin.py:150} INFO - [2023-08-07T17:09:51.336+0000] {dag.py:2742} INFO - Sync 2 DAGs
[2023-08-07T17:09:51.358+0000] {logging_mixin.py:150} INFO - [2023-08-07T17:09:51.358+0000] {dag.py:3508} INFO - Setting next_dagrun for example_external_task_marker_child to None, run_after=None
[2023-08-07T17:09:51.362+0000] {logging_mixin.py:150} INFO - [2023-08-07T17:09:51.361+0000] {dag.py:3508} INFO - Setting next_dagrun for example_external_task_marker_parent to None, run_after=None
[2023-08-07T17:09:51.378+0000] {processor.py:179} INFO - Processing /home/airflow/.local/lib/python3.7/site-packages/airflow/example_dags/example_external_task_marker_dag.py took 0.086 seconds
[2023-08-07T17:10:21.654+0000] {processor.py:157} INFO - Started process (PID=246) to work on /home/airflow/.local/lib/python3.7/site-packages/airflow/example_dags/example_external_task_marker_dag.py
[2023-08-07T17:10:21.655+0000] {processor.py:826} INFO - Processing file /home/airflow/.local/lib/python3.7/site-packages/airflow/example_dags/example_external_task_marker_dag.py for tasks to queue
[2023-08-07T17:10:21.656+0000] {logging_mixin.py:150} INFO - [2023-08-07T17:10:21.656+0000] {dagbag.py:541} INFO - Filling up the DagBag from /home/airflow/.local/lib/python3.7/site-packages/airflow/example_dags/example_external_task_marker_dag.py
[2023-08-07T17:10:21.664+0000] {processor.py:836} INFO - DAG(s) dict_keys(['example_external_task_marker_child', 'example_external_task_marker_parent']) retrieved from /home/airflow/.local/lib/python3.7/site-packages/airflow/example_dags/example_external_task_marker_dag.py
[2023-08-07T17:10:21.689+0000] {logging_mixin.py:150} INFO - [2023-08-07T17:10:21.688+0000] {dag.py:2742} INFO - Sync 2 DAGs
[2023-08-07T17:10:21.710+0000] {logging_mixin.py:150} INFO - [2023-08-07T17:10:21.710+0000] {dag.py:3508} INFO - Setting next_dagrun for example_external_task_marker_child to None, run_after=None
[2023-08-07T17:10:21.713+0000] {logging_mixin.py:150} INFO - [2023-08-07T17:10:21.713+0000] {dag.py:3508} INFO - Setting next_dagrun for example_external_task_marker_parent to None, run_after=None
[2023-08-07T17:10:21.727+0000] {processor.py:179} INFO - Processing /home/airflow/.local/lib/python3.7/site-packages/airflow/example_dags/example_external_task_marker_dag.py took 0.077 seconds
[2023-08-07T17:10:51.941+0000] {processor.py:157} INFO - Started process (PID=308) to work on /home/airflow/.local/lib/python3.7/site-packages/airflow/example_dags/example_external_task_marker_dag.py
[2023-08-07T17:10:51.941+0000] {processor.py:826} INFO - Processing file /home/airflow/.local/lib/python3.7/site-packages/airflow/example_dags/example_external_task_marker_dag.py for tasks to queue
[2023-08-07T17:10:51.942+0000] {logging_mixin.py:150} INFO - [2023-08-07T17:10:51.942+0000] {dagbag.py:541} INFO - Filling up the DagBag from /home/airflow/.local/lib/python3.7/site-packages/airflow/example_dags/example_external_task_marker_dag.py
[2023-08-07T17:10:51.946+0000] {processor.py:836} INFO - DAG(s) dict_keys(['example_external_task_marker_child', 'example_external_task_marker_parent']) retrieved from /home/airflow/.local/lib/python3.7/site-packages/airflow/example_dags/example_external_task_marker_dag.py
[2023-08-07T17:10:51.982+0000] {logging_mixin.py:150} INFO - [2023-08-07T17:10:51.982+0000] {dag.py:2742} INFO - Sync 2 DAGs
[2023-08-07T17:10:52.012+0000] {logging_mixin.py:150} INFO - [2023-08-07T17:10:52.012+0000] {dag.py:3508} INFO - Setting next_dagrun for example_external_task_marker_child to None, run_after=None
[2023-08-07T17:10:52.016+0000] {logging_mixin.py:150} INFO - [2023-08-07T17:10:52.016+0000] {dag.py:3508} INFO - Setting next_dagrun for example_external_task_marker_parent to None, run_after=None
[2023-08-07T17:10:52.030+0000] {processor.py:179} INFO - Processing /home/airflow/.local/lib/python3.7/site-packages/airflow/example_dags/example_external_task_marker_dag.py took 0.091 seconds
[2023-08-07T17:11:22.961+0000] {processor.py:157} INFO - Started process (PID=370) to work on /home/airflow/.local/lib/python3.7/site-packages/airflow/example_dags/example_external_task_marker_dag.py
[2023-08-07T17:11:22.962+0000] {processor.py:826} INFO - Processing file /home/airflow/.local/lib/python3.7/site-packages/airflow/example_dags/example_external_task_marker_dag.py for tasks to queue
[2023-08-07T17:11:22.962+0000] {logging_mixin.py:150} INFO - [2023-08-07T17:11:22.962+0000] {dagbag.py:541} INFO - Filling up the DagBag from /home/airflow/.local/lib/python3.7/site-packages/airflow/example_dags/example_external_task_marker_dag.py
[2023-08-07T17:11:22.967+0000] {processor.py:836} INFO - DAG(s) dict_keys(['example_external_task_marker_parent', 'example_external_task_marker_child']) retrieved from /home/airflow/.local/lib/python3.7/site-packages/airflow/example_dags/example_external_task_marker_dag.py
[2023-08-07T17:11:23.002+0000] {logging_mixin.py:150} INFO - [2023-08-07T17:11:23.001+0000] {dag.py:2742} INFO - Sync 2 DAGs
[2023-08-07T17:11:23.032+0000] {logging_mixin.py:150} INFO - [2023-08-07T17:11:23.032+0000] {dag.py:3508} INFO - Setting next_dagrun for example_external_task_marker_child to None, run_after=None
[2023-08-07T17:11:23.036+0000] {logging_mixin.py:150} INFO - [2023-08-07T17:11:23.035+0000] {dag.py:3508} INFO - Setting next_dagrun for example_external_task_marker_parent to None, run_after=None
[2023-08-07T17:11:23.050+0000] {processor.py:179} INFO - Processing /home/airflow/.local/lib/python3.7/site-packages/airflow/example_dags/example_external_task_marker_dag.py took 0.091 seconds
[2023-08-07T17:11:53.594+0000] {processor.py:157} INFO - Started process (PID=432) to work on /home/airflow/.local/lib/python3.7/site-packages/airflow/example_dags/example_external_task_marker_dag.py
[2023-08-07T17:11:53.595+0000] {processor.py:826} INFO - Processing file /home/airflow/.local/lib/python3.7/site-packages/airflow/example_dags/example_external_task_marker_dag.py for tasks to queue
[2023-08-07T17:11:53.595+0000] {logging_mixin.py:150} INFO - [2023-08-07T17:11:53.595+0000] {dagbag.py:541} INFO - Filling up the DagBag from /home/airflow/.local/lib/python3.7/site-packages/airflow/example_dags/example_external_task_marker_dag.py
[2023-08-07T17:11:53.599+0000] {processor.py:836} INFO - DAG(s) dict_keys(['example_external_task_marker_child', 'example_external_task_marker_parent']) retrieved from /home/airflow/.local/lib/python3.7/site-packages/airflow/example_dags/example_external_task_marker_dag.py
[2023-08-07T17:11:53.631+0000] {logging_mixin.py:150} INFO - [2023-08-07T17:11:53.630+0000] {dag.py:2742} INFO - Sync 2 DAGs
[2023-08-07T17:11:53.655+0000] {logging_mixin.py:150} INFO - [2023-08-07T17:11:53.655+0000] {dag.py:3508} INFO - Setting next_dagrun for example_external_task_marker_child to None, run_after=None
[2023-08-07T17:11:53.658+0000] {logging_mixin.py:150} INFO - [2023-08-07T17:11:53.658+0000] {dag.py:3508} INFO - Setting next_dagrun for example_external_task_marker_parent to None, run_after=None
[2023-08-07T17:11:53.677+0000] {processor.py:179} INFO - Processing /home/airflow/.local/lib/python3.7/site-packages/airflow/example_dags/example_external_task_marker_dag.py took 0.085 seconds
[2023-08-07T17:12:24.333+0000] {processor.py:157} INFO - Started process (PID=494) to work on /home/airflow/.local/lib/python3.7/site-packages/airflow/example_dags/example_external_task_marker_dag.py
[2023-08-07T17:12:24.334+0000] {processor.py:826} INFO - Processing file /home/airflow/.local/lib/python3.7/site-packages/airflow/example_dags/example_external_task_marker_dag.py for tasks to queue
[2023-08-07T17:12:24.334+0000] {logging_mixin.py:150} INFO - [2023-08-07T17:12:24.334+0000] {dagbag.py:541} INFO - Filling up the DagBag from /home/airflow/.local/lib/python3.7/site-packages/airflow/example_dags/example_external_task_marker_dag.py
[2023-08-07T17:12:24.338+0000] {processor.py:836} INFO - DAG(s) dict_keys(['example_external_task_marker_parent', 'example_external_task_marker_child']) retrieved from /home/airflow/.local/lib/python3.7/site-packages/airflow/example_dags/example_external_task_marker_dag.py
[2023-08-07T17:12:24.362+0000] {logging_mixin.py:150} INFO - [2023-08-07T17:12:24.362+0000] {dag.py:2742} INFO - Sync 2 DAGs
[2023-08-07T17:12:24.385+0000] {logging_mixin.py:150} INFO - [2023-08-07T17:12:24.385+0000] {dag.py:3508} INFO - Setting next_dagrun for example_external_task_marker_child to None, run_after=None
[2023-08-07T17:12:24.388+0000] {logging_mixin.py:150} INFO - [2023-08-07T17:12:24.388+0000] {dag.py:3508} INFO - Setting next_dagrun for example_external_task_marker_parent to None, run_after=None
[2023-08-07T17:12:24.404+0000] {processor.py:179} INFO - Processing /home/airflow/.local/lib/python3.7/site-packages/airflow/example_dags/example_external_task_marker_dag.py took 0.073 seconds
[2023-08-07T17:12:55.241+0000] {processor.py:157} INFO - Started process (PID=556) to work on /home/airflow/.local/lib/python3.7/site-packages/airflow/example_dags/example_external_task_marker_dag.py
[2023-08-07T17:12:55.242+0000] {processor.py:826} INFO - Processing file /home/airflow/.local/lib/python3.7/site-packages/airflow/example_dags/example_external_task_marker_dag.py for tasks to queue
[2023-08-07T17:12:55.242+0000] {logging_mixin.py:150} INFO - [2023-08-07T17:12:55.242+0000] {dagbag.py:541} INFO - Filling up the DagBag from /home/airflow/.local/lib/python3.7/site-packages/airflow/example_dags/example_external_task_marker_dag.py
[2023-08-07T17:12:55.246+0000] {processor.py:836} INFO - DAG(s) dict_keys(['example_external_task_marker_child', 'example_external_task_marker_parent']) retrieved from /home/airflow/.local/lib/python3.7/site-packages/airflow/example_dags/example_external_task_marker_dag.py
[2023-08-07T17:12:55.271+0000] {logging_mixin.py:150} INFO - [2023-08-07T17:12:55.270+0000] {dag.py:2742} INFO - Sync 2 DAGs
[2023-08-07T17:12:55.305+0000] {logging_mixin.py:150} INFO - [2023-08-07T17:12:55.304+0000] {dag.py:3508} INFO - Setting next_dagrun for example_external_task_marker_child to None, run_after=None
[2023-08-07T17:12:55.308+0000] {logging_mixin.py:150} INFO - [2023-08-07T17:12:55.307+0000] {dag.py:3508} INFO - Setting next_dagrun for example_external_task_marker_parent to None, run_after=None
[2023-08-07T17:12:55.324+0000] {processor.py:179} INFO - Processing /home/airflow/.local/lib/python3.7/site-packages/airflow/example_dags/example_external_task_marker_dag.py took 0.085 seconds
[2023-08-07T17:13:25.481+0000] {processor.py:157} INFO - Started process (PID=618) to work on /home/airflow/.local/lib/python3.7/site-packages/airflow/example_dags/example_external_task_marker_dag.py
[2023-08-07T17:13:25.482+0000] {processor.py:826} INFO - Processing file /home/airflow/.local/lib/python3.7/site-packages/airflow/example_dags/example_external_task_marker_dag.py for tasks to queue
[2023-08-07T17:13:25.482+0000] {logging_mixin.py:150} INFO - [2023-08-07T17:13:25.482+0000] {dagbag.py:541} INFO - Filling up the DagBag from /home/airflow/.local/lib/python3.7/site-packages/airflow/example_dags/example_external_task_marker_dag.py
[2023-08-07T17:13:25.486+0000] {processor.py:836} INFO - DAG(s) dict_keys(['example_external_task_marker_child', 'example_external_task_marker_parent']) retrieved from /home/airflow/.local/lib/python3.7/site-packages/airflow/example_dags/example_external_task_marker_dag.py
[2023-08-07T17:13:25.511+0000] {logging_mixin.py:150} INFO - [2023-08-07T17:13:25.510+0000] {dag.py:2742} INFO - Sync 2 DAGs
[2023-08-07T17:13:25.533+0000] {logging_mixin.py:150} INFO - [2023-08-07T17:13:25.532+0000] {dag.py:3508} INFO - Setting next_dagrun for example_external_task_marker_child to None, run_after=None
[2023-08-07T17:13:25.536+0000] {logging_mixin.py:150} INFO - [2023-08-07T17:13:25.536+0000] {dag.py:3508} INFO - Setting next_dagrun for example_external_task_marker_parent to None, run_after=None
[2023-08-07T17:13:25.552+0000] {processor.py:179} INFO - Processing /home/airflow/.local/lib/python3.7/site-packages/airflow/example_dags/example_external_task_marker_dag.py took 0.073 seconds
[2023-08-07T17:13:56.290+0000] {processor.py:157} INFO - Started process (PID=680) to work on /home/airflow/.local/lib/python3.7/site-packages/airflow/example_dags/example_external_task_marker_dag.py
[2023-08-07T17:13:56.291+0000] {processor.py:826} INFO - Processing file /home/airflow/.local/lib/python3.7/site-packages/airflow/example_dags/example_external_task_marker_dag.py for tasks to queue
[2023-08-07T17:13:56.292+0000] {logging_mixin.py:150} INFO - [2023-08-07T17:13:56.292+0000] {dagbag.py:541} INFO - Filling up the DagBag from /home/airflow/.local/lib/python3.7/site-packages/airflow/example_dags/example_external_task_marker_dag.py
[2023-08-07T17:13:56.297+0000] {processor.py:836} INFO - DAG(s) dict_keys(['example_external_task_marker_parent', 'example_external_task_marker_child']) retrieved from /home/airflow/.local/lib/python3.7/site-packages/airflow/example_dags/example_external_task_marker_dag.py
[2023-08-07T17:13:56.319+0000] {logging_mixin.py:150} INFO - [2023-08-07T17:13:56.319+0000] {dag.py:2742} INFO - Sync 2 DAGs
[2023-08-07T17:13:56.343+0000] {logging_mixin.py:150} INFO - [2023-08-07T17:13:56.343+0000] {dag.py:3508} INFO - Setting next_dagrun for example_external_task_marker_child to None, run_after=None
[2023-08-07T17:13:56.347+0000] {logging_mixin.py:150} INFO - [2023-08-07T17:13:56.347+0000] {dag.py:3508} INFO - Setting next_dagrun for example_external_task_marker_parent to None, run_after=None
[2023-08-07T17:13:56.362+0000] {processor.py:179} INFO - Processing /home/airflow/.local/lib/python3.7/site-packages/airflow/example_dags/example_external_task_marker_dag.py took 0.076 seconds
[2023-08-07T17:14:27.067+0000] {processor.py:157} INFO - Started process (PID=742) to work on /home/airflow/.local/lib/python3.7/site-packages/airflow/example_dags/example_external_task_marker_dag.py
[2023-08-07T17:14:27.068+0000] {processor.py:826} INFO - Processing file /home/airflow/.local/lib/python3.7/site-packages/airflow/example_dags/example_external_task_marker_dag.py for tasks to queue
[2023-08-07T17:14:27.068+0000] {logging_mixin.py:150} INFO - [2023-08-07T17:14:27.068+0000] {dagbag.py:541} INFO - Filling up the DagBag from /home/airflow/.local/lib/python3.7/site-packages/airflow/example_dags/example_external_task_marker_dag.py
[2023-08-07T17:14:27.072+0000] {processor.py:836} INFO - DAG(s) dict_keys(['example_external_task_marker_child', 'example_external_task_marker_parent']) retrieved from /home/airflow/.local/lib/python3.7/site-packages/airflow/example_dags/example_external_task_marker_dag.py
[2023-08-07T17:14:27.109+0000] {logging_mixin.py:150} INFO - [2023-08-07T17:14:27.109+0000] {dag.py:2742} INFO - Sync 2 DAGs
[2023-08-07T17:14:27.160+0000] {logging_mixin.py:150} INFO - [2023-08-07T17:14:27.160+0000] {dag.py:3508} INFO - Setting next_dagrun for example_external_task_marker_child to None, run_after=None
[2023-08-07T17:14:27.163+0000] {logging_mixin.py:150} INFO - [2023-08-07T17:14:27.163+0000] {dag.py:3508} INFO - Setting next_dagrun for example_external_task_marker_parent to None, run_after=None
[2023-08-07T17:14:27.177+0000] {processor.py:179} INFO - Processing /home/airflow/.local/lib/python3.7/site-packages/airflow/example_dags/example_external_task_marker_dag.py took 0.112 seconds
[2023-08-07T17:14:57.593+0000] {processor.py:157} INFO - Started process (PID=804) to work on /home/airflow/.local/lib/python3.7/site-packages/airflow/example_dags/example_external_task_marker_dag.py
[2023-08-07T17:14:57.594+0000] {processor.py:826} INFO - Processing file /home/airflow/.local/lib/python3.7/site-packages/airflow/example_dags/example_external_task_marker_dag.py for tasks to queue
[2023-08-07T17:14:57.595+0000] {logging_mixin.py:150} INFO - [2023-08-07T17:14:57.595+0000] {dagbag.py:541} INFO - Filling up the DagBag from /home/airflow/.local/lib/python3.7/site-packages/airflow/example_dags/example_external_task_marker_dag.py
[2023-08-07T17:14:57.604+0000] {processor.py:836} INFO - DAG(s) dict_keys(['example_external_task_marker_parent', 'example_external_task_marker_child']) retrieved from /home/airflow/.local/lib/python3.7/site-packages/airflow/example_dags/example_external_task_marker_dag.py
[2023-08-07T17:14:57.629+0000] {logging_mixin.py:150} INFO - [2023-08-07T17:14:57.629+0000] {dag.py:2742} INFO - Sync 2 DAGs
[2023-08-07T17:14:57.650+0000] {logging_mixin.py:150} INFO - [2023-08-07T17:14:57.650+0000] {dag.py:3508} INFO - Setting next_dagrun for example_external_task_marker_child to None, run_after=None
[2023-08-07T17:14:57.653+0000] {logging_mixin.py:150} INFO - [2023-08-07T17:14:57.653+0000] {dag.py:3508} INFO - Setting next_dagrun for example_external_task_marker_parent to None, run_after=None
[2023-08-07T17:14:57.669+0000] {processor.py:179} INFO - Processing /home/airflow/.local/lib/python3.7/site-packages/airflow/example_dags/example_external_task_marker_dag.py took 0.081 seconds
[2023-08-07T17:15:28.582+0000] {processor.py:157} INFO - Started process (PID=866) to work on /home/airflow/.local/lib/python3.7/site-packages/airflow/example_dags/example_external_task_marker_dag.py
[2023-08-07T17:15:28.583+0000] {processor.py:826} INFO - Processing file /home/airflow/.local/lib/python3.7/site-packages/airflow/example_dags/example_external_task_marker_dag.py for tasks to queue
[2023-08-07T17:15:28.584+0000] {logging_mixin.py:150} INFO - [2023-08-07T17:15:28.584+0000] {dagbag.py:541} INFO - Filling up the DagBag from /home/airflow/.local/lib/python3.7/site-packages/airflow/example_dags/example_external_task_marker_dag.py
[2023-08-07T17:15:28.592+0000] {processor.py:836} INFO - DAG(s) dict_keys(['example_external_task_marker_child', 'example_external_task_marker_parent']) retrieved from /home/airflow/.local/lib/python3.7/site-packages/airflow/example_dags/example_external_task_marker_dag.py
[2023-08-07T17:15:28.628+0000] {logging_mixin.py:150} INFO - [2023-08-07T17:15:28.627+0000] {dag.py:2742} INFO - Sync 2 DAGs
[2023-08-07T17:15:28.650+0000] {logging_mixin.py:150} INFO - [2023-08-07T17:15:28.649+0000] {dag.py:3508} INFO - Setting next_dagrun for example_external_task_marker_child to None, run_after=None
[2023-08-07T17:15:28.653+0000] {logging_mixin.py:150} INFO - [2023-08-07T17:15:28.653+0000] {dag.py:3508} INFO - Setting next_dagrun for example_external_task_marker_parent to None, run_after=None
[2023-08-07T17:15:28.667+0000] {processor.py:179} INFO - Processing /home/airflow/.local/lib/python3.7/site-packages/airflow/example_dags/example_external_task_marker_dag.py took 0.091 seconds
[2023-08-07T17:15:58.941+0000] {processor.py:157} INFO - Started process (PID=928) to work on /home/airflow/.local/lib/python3.7/site-packages/airflow/example_dags/example_external_task_marker_dag.py
[2023-08-07T17:15:58.942+0000] {processor.py:826} INFO - Processing file /home/airflow/.local/lib/python3.7/site-packages/airflow/example_dags/example_external_task_marker_dag.py for tasks to queue
[2023-08-07T17:15:58.943+0000] {logging_mixin.py:150} INFO - [2023-08-07T17:15:58.943+0000] {dagbag.py:541} INFO - Filling up the DagBag from /home/airflow/.local/lib/python3.7/site-packages/airflow/example_dags/example_external_task_marker_dag.py
[2023-08-07T17:15:58.950+0000] {processor.py:836} INFO - DAG(s) dict_keys(['example_external_task_marker_parent', 'example_external_task_marker_child']) retrieved from /home/airflow/.local/lib/python3.7/site-packages/airflow/example_dags/example_external_task_marker_dag.py
[2023-08-07T17:15:58.974+0000] {logging_mixin.py:150} INFO - [2023-08-07T17:15:58.974+0000] {dag.py:2742} INFO - Sync 2 DAGs
[2023-08-07T17:15:58.996+0000] {logging_mixin.py:150} INFO - [2023-08-07T17:15:58.996+0000] {dag.py:3508} INFO - Setting next_dagrun for example_external_task_marker_child to None, run_after=None
[2023-08-07T17:15:58.999+0000] {logging_mixin.py:150} INFO - [2023-08-07T17:15:58.999+0000] {dag.py:3508} INFO - Setting next_dagrun for example_external_task_marker_parent to None, run_after=None
[2023-08-07T17:15:59.014+0000] {processor.py:179} INFO - Processing /home/airflow/.local/lib/python3.7/site-packages/airflow/example_dags/example_external_task_marker_dag.py took 0.076 seconds
[2023-08-07T17:16:29.335+0000] {processor.py:157} INFO - Started process (PID=990) to work on /home/airflow/.local/lib/python3.7/site-packages/airflow/example_dags/example_external_task_marker_dag.py
[2023-08-07T17:16:29.336+0000] {processor.py:826} INFO - Processing file /home/airflow/.local/lib/python3.7/site-packages/airflow/example_dags/example_external_task_marker_dag.py for tasks to queue
[2023-08-07T17:16:29.337+0000] {logging_mixin.py:150} INFO - [2023-08-07T17:16:29.337+0000] {dagbag.py:541} INFO - Filling up the DagBag from /home/airflow/.local/lib/python3.7/site-packages/airflow/example_dags/example_external_task_marker_dag.py
[2023-08-07T17:16:29.347+0000] {processor.py:836} INFO - DAG(s) dict_keys(['example_external_task_marker_parent', 'example_external_task_marker_child']) retrieved from /home/airflow/.local/lib/python3.7/site-packages/airflow/example_dags/example_external_task_marker_dag.py
[2023-08-07T17:16:29.374+0000] {logging_mixin.py:150} INFO - [2023-08-07T17:16:29.374+0000] {dag.py:2742} INFO - Sync 2 DAGs
[2023-08-07T17:16:29.398+0000] {logging_mixin.py:150} INFO - [2023-08-07T17:16:29.397+0000] {dag.py:3508} INFO - Setting next_dagrun for example_external_task_marker_child to None, run_after=None
[2023-08-07T17:16:29.401+0000] {logging_mixin.py:150} INFO - [2023-08-07T17:16:29.401+0000] {dag.py:3508} INFO - Setting next_dagrun for example_external_task_marker_parent to None, run_after=None
[2023-08-07T17:16:29.418+0000] {processor.py:179} INFO - Processing /home/airflow/.local/lib/python3.7/site-packages/airflow/example_dags/example_external_task_marker_dag.py took 0.087 seconds
[2023-08-07T17:41:16.208+0000] {processor.py:157} INFO - Started process (PID=59) to work on /home/airflow/.local/lib/python3.7/site-packages/airflow/example_dags/example_external_task_marker_dag.py
[2023-08-07T17:41:16.208+0000] {processor.py:826} INFO - Processing file /home/airflow/.local/lib/python3.7/site-packages/airflow/example_dags/example_external_task_marker_dag.py for tasks to queue
[2023-08-07T17:41:16.209+0000] {logging_mixin.py:150} INFO - [2023-08-07T17:41:16.209+0000] {dagbag.py:541} INFO - Filling up the DagBag from /home/airflow/.local/lib/python3.7/site-packages/airflow/example_dags/example_external_task_marker_dag.py
[2023-08-07T17:41:16.215+0000] {processor.py:836} INFO - DAG(s) dict_keys(['example_external_task_marker_child', 'example_external_task_marker_parent']) retrieved from /home/airflow/.local/lib/python3.7/site-packages/airflow/example_dags/example_external_task_marker_dag.py
[2023-08-07T17:41:16.227+0000] {logging_mixin.py:150} INFO - [2023-08-07T17:41:16.226+0000] {dag.py:2742} INFO - Sync 2 DAGs
[2023-08-07T17:41:16.253+0000] {logging_mixin.py:150} INFO - [2023-08-07T17:41:16.253+0000] {dag.py:3508} INFO - Setting next_dagrun for example_external_task_marker_child to None, run_after=None
[2023-08-07T17:41:16.258+0000] {logging_mixin.py:150} INFO - [2023-08-07T17:41:16.257+0000] {dag.py:3508} INFO - Setting next_dagrun for example_external_task_marker_parent to None, run_after=None
[2023-08-07T17:41:16.277+0000] {processor.py:179} INFO - Processing /home/airflow/.local/lib/python3.7/site-packages/airflow/example_dags/example_external_task_marker_dag.py took 0.071 seconds
[2023-08-07T17:41:46.845+0000] {processor.py:157} INFO - Started process (PID=121) to work on /home/airflow/.local/lib/python3.7/site-packages/airflow/example_dags/example_external_task_marker_dag.py
[2023-08-07T17:41:46.847+0000] {processor.py:826} INFO - Processing file /home/airflow/.local/lib/python3.7/site-packages/airflow/example_dags/example_external_task_marker_dag.py for tasks to queue
[2023-08-07T17:41:46.848+0000] {logging_mixin.py:150} INFO - [2023-08-07T17:41:46.847+0000] {dagbag.py:541} INFO - Filling up the DagBag from /home/airflow/.local/lib/python3.7/site-packages/airflow/example_dags/example_external_task_marker_dag.py
[2023-08-07T17:41:46.856+0000] {processor.py:836} INFO - DAG(s) dict_keys(['example_external_task_marker_parent', 'example_external_task_marker_child']) retrieved from /home/airflow/.local/lib/python3.7/site-packages/airflow/example_dags/example_external_task_marker_dag.py
[2023-08-07T17:41:46.896+0000] {logging_mixin.py:150} INFO - [2023-08-07T17:41:46.896+0000] {dag.py:2742} INFO - Sync 2 DAGs
[2023-08-07T17:41:46.920+0000] {logging_mixin.py:150} INFO - [2023-08-07T17:41:46.920+0000] {dag.py:3508} INFO - Setting next_dagrun for example_external_task_marker_child to None, run_after=None
[2023-08-07T17:41:46.923+0000] {logging_mixin.py:150} INFO - [2023-08-07T17:41:46.923+0000] {dag.py:3508} INFO - Setting next_dagrun for example_external_task_marker_parent to None, run_after=None
[2023-08-07T17:41:46.937+0000] {processor.py:179} INFO - Processing /home/airflow/.local/lib/python3.7/site-packages/airflow/example_dags/example_external_task_marker_dag.py took 0.096 seconds
[2023-08-07T17:42:17.610+0000] {processor.py:157} INFO - Started process (PID=183) to work on /home/airflow/.local/lib/python3.7/site-packages/airflow/example_dags/example_external_task_marker_dag.py
[2023-08-07T17:42:17.611+0000] {processor.py:826} INFO - Processing file /home/airflow/.local/lib/python3.7/site-packages/airflow/example_dags/example_external_task_marker_dag.py for tasks to queue
[2023-08-07T17:42:17.612+0000] {logging_mixin.py:150} INFO - [2023-08-07T17:42:17.612+0000] {dagbag.py:541} INFO - Filling up the DagBag from /home/airflow/.local/lib/python3.7/site-packages/airflow/example_dags/example_external_task_marker_dag.py
[2023-08-07T17:42:17.621+0000] {processor.py:836} INFO - DAG(s) dict_keys(['example_external_task_marker_child', 'example_external_task_marker_parent']) retrieved from /home/airflow/.local/lib/python3.7/site-packages/airflow/example_dags/example_external_task_marker_dag.py
[2023-08-07T17:42:17.647+0000] {logging_mixin.py:150} INFO - [2023-08-07T17:42:17.646+0000] {dag.py:2742} INFO - Sync 2 DAGs
[2023-08-07T17:42:17.668+0000] {logging_mixin.py:150} INFO - [2023-08-07T17:42:17.668+0000] {dag.py:3508} INFO - Setting next_dagrun for example_external_task_marker_child to None, run_after=None
[2023-08-07T17:42:17.671+0000] {logging_mixin.py:150} INFO - [2023-08-07T17:42:17.671+0000] {dag.py:3508} INFO - Setting next_dagrun for example_external_task_marker_parent to None, run_after=None
[2023-08-07T17:42:17.689+0000] {processor.py:179} INFO - Processing /home/airflow/.local/lib/python3.7/site-packages/airflow/example_dags/example_external_task_marker_dag.py took 0.084 seconds
[2023-08-07T17:42:48.636+0000] {processor.py:157} INFO - Started process (PID=245) to work on /home/airflow/.local/lib/python3.7/site-packages/airflow/example_dags/example_external_task_marker_dag.py
[2023-08-07T17:42:48.637+0000] {processor.py:826} INFO - Processing file /home/airflow/.local/lib/python3.7/site-packages/airflow/example_dags/example_external_task_marker_dag.py for tasks to queue
[2023-08-07T17:42:48.638+0000] {logging_mixin.py:150} INFO - [2023-08-07T17:42:48.637+0000] {dagbag.py:541} INFO - Filling up the DagBag from /home/airflow/.local/lib/python3.7/site-packages/airflow/example_dags/example_external_task_marker_dag.py
[2023-08-07T17:42:48.642+0000] {processor.py:836} INFO - DAG(s) dict_keys(['example_external_task_marker_child', 'example_external_task_marker_parent']) retrieved from /home/airflow/.local/lib/python3.7/site-packages/airflow/example_dags/example_external_task_marker_dag.py
[2023-08-07T17:42:48.666+0000] {logging_mixin.py:150} INFO - [2023-08-07T17:42:48.666+0000] {dag.py:2742} INFO - Sync 2 DAGs
[2023-08-07T17:42:48.695+0000] {logging_mixin.py:150} INFO - [2023-08-07T17:42:48.695+0000] {dag.py:3508} INFO - Setting next_dagrun for example_external_task_marker_child to None, run_after=None
[2023-08-07T17:42:48.698+0000] {logging_mixin.py:150} INFO - [2023-08-07T17:42:48.698+0000] {dag.py:3508} INFO - Setting next_dagrun for example_external_task_marker_parent to None, run_after=None
[2023-08-07T17:42:48.714+0000] {processor.py:179} INFO - Processing /home/airflow/.local/lib/python3.7/site-packages/airflow/example_dags/example_external_task_marker_dag.py took 0.080 seconds
[2023-08-07T17:43:19.641+0000] {processor.py:157} INFO - Started process (PID=308) to work on /home/airflow/.local/lib/python3.7/site-packages/airflow/example_dags/example_external_task_marker_dag.py
[2023-08-07T17:43:19.642+0000] {processor.py:826} INFO - Processing file /home/airflow/.local/lib/python3.7/site-packages/airflow/example_dags/example_external_task_marker_dag.py for tasks to queue
[2023-08-07T17:43:19.642+0000] {logging_mixin.py:150} INFO - [2023-08-07T17:43:19.642+0000] {dagbag.py:541} INFO - Filling up the DagBag from /home/airflow/.local/lib/python3.7/site-packages/airflow/example_dags/example_external_task_marker_dag.py
[2023-08-07T17:43:19.646+0000] {processor.py:836} INFO - DAG(s) dict_keys(['example_external_task_marker_child', 'example_external_task_marker_parent']) retrieved from /home/airflow/.local/lib/python3.7/site-packages/airflow/example_dags/example_external_task_marker_dag.py
[2023-08-07T17:43:19.689+0000] {logging_mixin.py:150} INFO - [2023-08-07T17:43:19.689+0000] {dag.py:2742} INFO - Sync 2 DAGs
[2023-08-07T17:43:19.720+0000] {logging_mixin.py:150} INFO - [2023-08-07T17:43:19.720+0000] {dag.py:3508} INFO - Setting next_dagrun for example_external_task_marker_child to None, run_after=None
[2023-08-07T17:43:19.723+0000] {logging_mixin.py:150} INFO - [2023-08-07T17:43:19.723+0000] {dag.py:3508} INFO - Setting next_dagrun for example_external_task_marker_parent to None, run_after=None
[2023-08-07T17:43:19.739+0000] {processor.py:179} INFO - Processing /home/airflow/.local/lib/python3.7/site-packages/airflow/example_dags/example_external_task_marker_dag.py took 0.100 seconds
[2023-08-07T17:43:50.809+0000] {processor.py:157} INFO - Started process (PID=370) to work on /home/airflow/.local/lib/python3.7/site-packages/airflow/example_dags/example_external_task_marker_dag.py
[2023-08-07T17:43:50.809+0000] {processor.py:826} INFO - Processing file /home/airflow/.local/lib/python3.7/site-packages/airflow/example_dags/example_external_task_marker_dag.py for tasks to queue
[2023-08-07T17:43:50.810+0000] {logging_mixin.py:150} INFO - [2023-08-07T17:43:50.810+0000] {dagbag.py:541} INFO - Filling up the DagBag from /home/airflow/.local/lib/python3.7/site-packages/airflow/example_dags/example_external_task_marker_dag.py
[2023-08-07T17:43:50.814+0000] {processor.py:836} INFO - DAG(s) dict_keys(['example_external_task_marker_parent', 'example_external_task_marker_child']) retrieved from /home/airflow/.local/lib/python3.7/site-packages/airflow/example_dags/example_external_task_marker_dag.py
[2023-08-07T17:43:50.863+0000] {logging_mixin.py:150} INFO - [2023-08-07T17:43:50.862+0000] {dag.py:2742} INFO - Sync 2 DAGs
[2023-08-07T17:43:50.889+0000] {logging_mixin.py:150} INFO - [2023-08-07T17:43:50.889+0000] {dag.py:3508} INFO - Setting next_dagrun for example_external_task_marker_child to None, run_after=None
[2023-08-07T17:43:50.894+0000] {logging_mixin.py:150} INFO - [2023-08-07T17:43:50.894+0000] {dag.py:3508} INFO - Setting next_dagrun for example_external_task_marker_parent to None, run_after=None
[2023-08-07T17:43:50.912+0000] {processor.py:179} INFO - Processing /home/airflow/.local/lib/python3.7/site-packages/airflow/example_dags/example_external_task_marker_dag.py took 0.106 seconds
[2023-08-07T18:11:02.667+0000] {processor.py:157} INFO - Started process (PID=60) to work on /home/airflow/.local/lib/python3.7/site-packages/airflow/example_dags/example_external_task_marker_dag.py
[2023-08-07T18:11:02.668+0000] {processor.py:826} INFO - Processing file /home/airflow/.local/lib/python3.7/site-packages/airflow/example_dags/example_external_task_marker_dag.py for tasks to queue
[2023-08-07T18:11:02.669+0000] {logging_mixin.py:150} INFO - [2023-08-07T18:11:02.668+0000] {dagbag.py:541} INFO - Filling up the DagBag from /home/airflow/.local/lib/python3.7/site-packages/airflow/example_dags/example_external_task_marker_dag.py
[2023-08-07T18:11:02.677+0000] {processor.py:836} INFO - DAG(s) dict_keys(['example_external_task_marker_child', 'example_external_task_marker_parent']) retrieved from /home/airflow/.local/lib/python3.7/site-packages/airflow/example_dags/example_external_task_marker_dag.py
[2023-08-07T18:11:02.690+0000] {logging_mixin.py:150} INFO - [2023-08-07T18:11:02.690+0000] {dag.py:2742} INFO - Sync 2 DAGs
[2023-08-07T18:11:02.717+0000] {logging_mixin.py:150} INFO - [2023-08-07T18:11:02.717+0000] {dag.py:3508} INFO - Setting next_dagrun for example_external_task_marker_child to None, run_after=None
[2023-08-07T18:11:02.722+0000] {logging_mixin.py:150} INFO - [2023-08-07T18:11:02.721+0000] {dag.py:3508} INFO - Setting next_dagrun for example_external_task_marker_parent to None, run_after=None
[2023-08-07T18:11:02.741+0000] {processor.py:179} INFO - Processing /home/airflow/.local/lib/python3.7/site-packages/airflow/example_dags/example_external_task_marker_dag.py took 0.077 seconds
