[2023-08-07T17:08:50.013+0000] {processor.py:157} INFO - Started process (PID=62) to work on /home/airflow/.local/lib/python3.7/site-packages/airflow/example_dags/example_dynamic_task_mapping.py
[2023-08-07T17:08:50.013+0000] {processor.py:826} INFO - Processing file /home/airflow/.local/lib/python3.7/site-packages/airflow/example_dags/example_dynamic_task_mapping.py for tasks to queue
[2023-08-07T17:08:50.014+0000] {logging_mixin.py:150} INFO - [2023-08-07T17:08:50.014+0000] {dagbag.py:541} INFO - Filling up the DagBag from /home/airflow/.local/lib/python3.7/site-packages/airflow/example_dags/example_dynamic_task_mapping.py
[2023-08-07T17:08:50.023+0000] {processor.py:836} INFO - DAG(s) dict_keys(['example_dynamic_task_mapping']) retrieved from /home/airflow/.local/lib/python3.7/site-packages/airflow/example_dags/example_dynamic_task_mapping.py
[2023-08-07T17:08:50.037+0000] {logging_mixin.py:150} INFO - [2023-08-07T17:08:50.036+0000] {dag.py:2742} INFO - Sync 1 DAGs
[2023-08-07T17:08:50.066+0000] {logging_mixin.py:150} INFO - [2023-08-07T17:08:50.066+0000] {dag.py:3508} INFO - Setting next_dagrun for example_dynamic_task_mapping to 2022-03-04T00:00:00+00:00, run_after=2022-03-05T00:00:00+00:00
[2023-08-07T17:08:50.099+0000] {processor.py:179} INFO - Processing /home/airflow/.local/lib/python3.7/site-packages/airflow/example_dags/example_dynamic_task_mapping.py took 0.089 seconds
[2023-08-07T17:09:20.667+0000] {processor.py:157} INFO - Started process (PID=124) to work on /home/airflow/.local/lib/python3.7/site-packages/airflow/example_dags/example_dynamic_task_mapping.py
[2023-08-07T17:09:20.667+0000] {processor.py:826} INFO - Processing file /home/airflow/.local/lib/python3.7/site-packages/airflow/example_dags/example_dynamic_task_mapping.py for tasks to queue
[2023-08-07T17:09:20.668+0000] {logging_mixin.py:150} INFO - [2023-08-07T17:09:20.668+0000] {dagbag.py:541} INFO - Filling up the DagBag from /home/airflow/.local/lib/python3.7/site-packages/airflow/example_dags/example_dynamic_task_mapping.py
[2023-08-07T17:09:20.673+0000] {processor.py:836} INFO - DAG(s) dict_keys(['example_dynamic_task_mapping']) retrieved from /home/airflow/.local/lib/python3.7/site-packages/airflow/example_dags/example_dynamic_task_mapping.py
[2023-08-07T17:09:20.691+0000] {logging_mixin.py:150} INFO - [2023-08-07T17:09:20.690+0000] {dag.py:2742} INFO - Sync 1 DAGs
[2023-08-07T17:09:20.716+0000] {logging_mixin.py:150} INFO - [2023-08-07T17:09:20.715+0000] {dag.py:3508} INFO - Setting next_dagrun for example_dynamic_task_mapping to 2022-03-04T00:00:00+00:00, run_after=2022-03-05T00:00:00+00:00
[2023-08-07T17:09:20.734+0000] {processor.py:179} INFO - Processing /home/airflow/.local/lib/python3.7/site-packages/airflow/example_dags/example_dynamic_task_mapping.py took 0.069 seconds
[2023-08-07T17:09:51.516+0000] {processor.py:157} INFO - Started process (PID=186) to work on /home/airflow/.local/lib/python3.7/site-packages/airflow/example_dags/example_dynamic_task_mapping.py
[2023-08-07T17:09:51.517+0000] {processor.py:826} INFO - Processing file /home/airflow/.local/lib/python3.7/site-packages/airflow/example_dags/example_dynamic_task_mapping.py for tasks to queue
[2023-08-07T17:09:51.517+0000] {logging_mixin.py:150} INFO - [2023-08-07T17:09:51.517+0000] {dagbag.py:541} INFO - Filling up the DagBag from /home/airflow/.local/lib/python3.7/site-packages/airflow/example_dags/example_dynamic_task_mapping.py
[2023-08-07T17:09:51.522+0000] {processor.py:836} INFO - DAG(s) dict_keys(['example_dynamic_task_mapping']) retrieved from /home/airflow/.local/lib/python3.7/site-packages/airflow/example_dags/example_dynamic_task_mapping.py
[2023-08-07T17:09:51.553+0000] {logging_mixin.py:150} INFO - [2023-08-07T17:09:51.553+0000] {dag.py:2742} INFO - Sync 1 DAGs
[2023-08-07T17:09:51.588+0000] {logging_mixin.py:150} INFO - [2023-08-07T17:09:51.587+0000] {dag.py:3508} INFO - Setting next_dagrun for example_dynamic_task_mapping to 2022-03-04T00:00:00+00:00, run_after=2022-03-05T00:00:00+00:00
[2023-08-07T17:09:51.604+0000] {processor.py:179} INFO - Processing /home/airflow/.local/lib/python3.7/site-packages/airflow/example_dags/example_dynamic_task_mapping.py took 0.090 seconds
[2023-08-07T17:10:21.746+0000] {processor.py:157} INFO - Started process (PID=248) to work on /home/airflow/.local/lib/python3.7/site-packages/airflow/example_dags/example_dynamic_task_mapping.py
[2023-08-07T17:10:21.747+0000] {processor.py:826} INFO - Processing file /home/airflow/.local/lib/python3.7/site-packages/airflow/example_dags/example_dynamic_task_mapping.py for tasks to queue
[2023-08-07T17:10:21.747+0000] {logging_mixin.py:150} INFO - [2023-08-07T17:10:21.747+0000] {dagbag.py:541} INFO - Filling up the DagBag from /home/airflow/.local/lib/python3.7/site-packages/airflow/example_dags/example_dynamic_task_mapping.py
[2023-08-07T17:10:21.752+0000] {processor.py:836} INFO - DAG(s) dict_keys(['example_dynamic_task_mapping']) retrieved from /home/airflow/.local/lib/python3.7/site-packages/airflow/example_dags/example_dynamic_task_mapping.py
[2023-08-07T17:10:21.780+0000] {logging_mixin.py:150} INFO - [2023-08-07T17:10:21.779+0000] {dag.py:2742} INFO - Sync 1 DAGs
[2023-08-07T17:10:21.810+0000] {logging_mixin.py:150} INFO - [2023-08-07T17:10:21.810+0000] {dag.py:3508} INFO - Setting next_dagrun for example_dynamic_task_mapping to 2022-03-04T00:00:00+00:00, run_after=2022-03-05T00:00:00+00:00
[2023-08-07T17:10:21.827+0000] {processor.py:179} INFO - Processing /home/airflow/.local/lib/python3.7/site-packages/airflow/example_dags/example_dynamic_task_mapping.py took 0.083 seconds
[2023-08-07T17:10:52.054+0000] {processor.py:157} INFO - Started process (PID=310) to work on /home/airflow/.local/lib/python3.7/site-packages/airflow/example_dags/example_dynamic_task_mapping.py
[2023-08-07T17:10:52.055+0000] {processor.py:826} INFO - Processing file /home/airflow/.local/lib/python3.7/site-packages/airflow/example_dags/example_dynamic_task_mapping.py for tasks to queue
[2023-08-07T17:10:52.056+0000] {logging_mixin.py:150} INFO - [2023-08-07T17:10:52.056+0000] {dagbag.py:541} INFO - Filling up the DagBag from /home/airflow/.local/lib/python3.7/site-packages/airflow/example_dags/example_dynamic_task_mapping.py
[2023-08-07T17:10:52.066+0000] {processor.py:836} INFO - DAG(s) dict_keys(['example_dynamic_task_mapping']) retrieved from /home/airflow/.local/lib/python3.7/site-packages/airflow/example_dags/example_dynamic_task_mapping.py
[2023-08-07T17:10:52.088+0000] {logging_mixin.py:150} INFO - [2023-08-07T17:10:52.088+0000] {dag.py:2742} INFO - Sync 1 DAGs
[2023-08-07T17:10:52.110+0000] {logging_mixin.py:150} INFO - [2023-08-07T17:10:52.110+0000] {dag.py:3508} INFO - Setting next_dagrun for example_dynamic_task_mapping to 2022-03-04T00:00:00+00:00, run_after=2022-03-05T00:00:00+00:00
[2023-08-07T17:10:52.125+0000] {processor.py:179} INFO - Processing /home/airflow/.local/lib/python3.7/site-packages/airflow/example_dags/example_dynamic_task_mapping.py took 0.076 seconds
[2023-08-07T17:11:23.066+0000] {processor.py:157} INFO - Started process (PID=372) to work on /home/airflow/.local/lib/python3.7/site-packages/airflow/example_dags/example_dynamic_task_mapping.py
[2023-08-07T17:11:23.066+0000] {processor.py:826} INFO - Processing file /home/airflow/.local/lib/python3.7/site-packages/airflow/example_dags/example_dynamic_task_mapping.py for tasks to queue
[2023-08-07T17:11:23.067+0000] {logging_mixin.py:150} INFO - [2023-08-07T17:11:23.067+0000] {dagbag.py:541} INFO - Filling up the DagBag from /home/airflow/.local/lib/python3.7/site-packages/airflow/example_dags/example_dynamic_task_mapping.py
[2023-08-07T17:11:23.071+0000] {processor.py:836} INFO - DAG(s) dict_keys(['example_dynamic_task_mapping']) retrieved from /home/airflow/.local/lib/python3.7/site-packages/airflow/example_dags/example_dynamic_task_mapping.py
[2023-08-07T17:11:23.089+0000] {logging_mixin.py:150} INFO - [2023-08-07T17:11:23.088+0000] {dag.py:2742} INFO - Sync 1 DAGs
[2023-08-07T17:11:23.111+0000] {logging_mixin.py:150} INFO - [2023-08-07T17:11:23.111+0000] {dag.py:3508} INFO - Setting next_dagrun for example_dynamic_task_mapping to 2022-03-04T00:00:00+00:00, run_after=2022-03-05T00:00:00+00:00
[2023-08-07T17:11:23.126+0000] {processor.py:179} INFO - Processing /home/airflow/.local/lib/python3.7/site-packages/airflow/example_dags/example_dynamic_task_mapping.py took 0.063 seconds
[2023-08-07T17:11:53.694+0000] {processor.py:157} INFO - Started process (PID=434) to work on /home/airflow/.local/lib/python3.7/site-packages/airflow/example_dags/example_dynamic_task_mapping.py
[2023-08-07T17:11:53.694+0000] {processor.py:826} INFO - Processing file /home/airflow/.local/lib/python3.7/site-packages/airflow/example_dags/example_dynamic_task_mapping.py for tasks to queue
[2023-08-07T17:11:53.695+0000] {logging_mixin.py:150} INFO - [2023-08-07T17:11:53.695+0000] {dagbag.py:541} INFO - Filling up the DagBag from /home/airflow/.local/lib/python3.7/site-packages/airflow/example_dags/example_dynamic_task_mapping.py
[2023-08-07T17:11:53.700+0000] {processor.py:836} INFO - DAG(s) dict_keys(['example_dynamic_task_mapping']) retrieved from /home/airflow/.local/lib/python3.7/site-packages/airflow/example_dags/example_dynamic_task_mapping.py
[2023-08-07T17:11:53.718+0000] {logging_mixin.py:150} INFO - [2023-08-07T17:11:53.718+0000] {dag.py:2742} INFO - Sync 1 DAGs
[2023-08-07T17:11:53.741+0000] {logging_mixin.py:150} INFO - [2023-08-07T17:11:53.741+0000] {dag.py:3508} INFO - Setting next_dagrun for example_dynamic_task_mapping to 2022-03-04T00:00:00+00:00, run_after=2022-03-05T00:00:00+00:00
[2023-08-07T17:11:53.758+0000] {processor.py:179} INFO - Processing /home/airflow/.local/lib/python3.7/site-packages/airflow/example_dags/example_dynamic_task_mapping.py took 0.067 seconds
[2023-08-07T17:12:24.503+0000] {processor.py:157} INFO - Started process (PID=496) to work on /home/airflow/.local/lib/python3.7/site-packages/airflow/example_dags/example_dynamic_task_mapping.py
[2023-08-07T17:12:24.504+0000] {processor.py:826} INFO - Processing file /home/airflow/.local/lib/python3.7/site-packages/airflow/example_dags/example_dynamic_task_mapping.py for tasks to queue
[2023-08-07T17:12:24.505+0000] {logging_mixin.py:150} INFO - [2023-08-07T17:12:24.505+0000] {dagbag.py:541} INFO - Filling up the DagBag from /home/airflow/.local/lib/python3.7/site-packages/airflow/example_dags/example_dynamic_task_mapping.py
[2023-08-07T17:12:24.515+0000] {processor.py:836} INFO - DAG(s) dict_keys(['example_dynamic_task_mapping']) retrieved from /home/airflow/.local/lib/python3.7/site-packages/airflow/example_dags/example_dynamic_task_mapping.py
[2023-08-07T17:12:24.546+0000] {logging_mixin.py:150} INFO - [2023-08-07T17:12:24.546+0000] {dag.py:2742} INFO - Sync 1 DAGs
[2023-08-07T17:12:24.575+0000] {logging_mixin.py:150} INFO - [2023-08-07T17:12:24.574+0000] {dag.py:3508} INFO - Setting next_dagrun for example_dynamic_task_mapping to 2022-03-04T00:00:00+00:00, run_after=2022-03-05T00:00:00+00:00
[2023-08-07T17:12:24.591+0000] {processor.py:179} INFO - Processing /home/airflow/.local/lib/python3.7/site-packages/airflow/example_dags/example_dynamic_task_mapping.py took 0.093 seconds
[2023-08-07T17:12:55.344+0000] {processor.py:157} INFO - Started process (PID=558) to work on /home/airflow/.local/lib/python3.7/site-packages/airflow/example_dags/example_dynamic_task_mapping.py
[2023-08-07T17:12:55.345+0000] {processor.py:826} INFO - Processing file /home/airflow/.local/lib/python3.7/site-packages/airflow/example_dags/example_dynamic_task_mapping.py for tasks to queue
[2023-08-07T17:12:55.345+0000] {logging_mixin.py:150} INFO - [2023-08-07T17:12:55.345+0000] {dagbag.py:541} INFO - Filling up the DagBag from /home/airflow/.local/lib/python3.7/site-packages/airflow/example_dags/example_dynamic_task_mapping.py
[2023-08-07T17:12:55.351+0000] {processor.py:836} INFO - DAG(s) dict_keys(['example_dynamic_task_mapping']) retrieved from /home/airflow/.local/lib/python3.7/site-packages/airflow/example_dags/example_dynamic_task_mapping.py
[2023-08-07T17:12:55.370+0000] {logging_mixin.py:150} INFO - [2023-08-07T17:12:55.370+0000] {dag.py:2742} INFO - Sync 1 DAGs
[2023-08-07T17:12:55.392+0000] {logging_mixin.py:150} INFO - [2023-08-07T17:12:55.391+0000] {dag.py:3508} INFO - Setting next_dagrun for example_dynamic_task_mapping to 2022-03-04T00:00:00+00:00, run_after=2022-03-05T00:00:00+00:00
[2023-08-07T17:12:55.408+0000] {processor.py:179} INFO - Processing /home/airflow/.local/lib/python3.7/site-packages/airflow/example_dags/example_dynamic_task_mapping.py took 0.066 seconds
[2023-08-07T17:13:25.566+0000] {processor.py:157} INFO - Started process (PID=620) to work on /home/airflow/.local/lib/python3.7/site-packages/airflow/example_dags/example_dynamic_task_mapping.py
[2023-08-07T17:13:25.567+0000] {processor.py:826} INFO - Processing file /home/airflow/.local/lib/python3.7/site-packages/airflow/example_dags/example_dynamic_task_mapping.py for tasks to queue
[2023-08-07T17:13:25.568+0000] {logging_mixin.py:150} INFO - [2023-08-07T17:13:25.567+0000] {dagbag.py:541} INFO - Filling up the DagBag from /home/airflow/.local/lib/python3.7/site-packages/airflow/example_dags/example_dynamic_task_mapping.py
[2023-08-07T17:13:25.572+0000] {processor.py:836} INFO - DAG(s) dict_keys(['example_dynamic_task_mapping']) retrieved from /home/airflow/.local/lib/python3.7/site-packages/airflow/example_dags/example_dynamic_task_mapping.py
[2023-08-07T17:13:25.591+0000] {logging_mixin.py:150} INFO - [2023-08-07T17:13:25.591+0000] {dag.py:2742} INFO - Sync 1 DAGs
[2023-08-07T17:13:25.615+0000] {logging_mixin.py:150} INFO - [2023-08-07T17:13:25.615+0000] {dag.py:3508} INFO - Setting next_dagrun for example_dynamic_task_mapping to 2022-03-04T00:00:00+00:00, run_after=2022-03-05T00:00:00+00:00
[2023-08-07T17:13:25.633+0000] {processor.py:179} INFO - Processing /home/airflow/.local/lib/python3.7/site-packages/airflow/example_dags/example_dynamic_task_mapping.py took 0.068 seconds
[2023-08-07T17:13:56.380+0000] {processor.py:157} INFO - Started process (PID=682) to work on /home/airflow/.local/lib/python3.7/site-packages/airflow/example_dags/example_dynamic_task_mapping.py
[2023-08-07T17:13:56.381+0000] {processor.py:826} INFO - Processing file /home/airflow/.local/lib/python3.7/site-packages/airflow/example_dags/example_dynamic_task_mapping.py for tasks to queue
[2023-08-07T17:13:56.381+0000] {logging_mixin.py:150} INFO - [2023-08-07T17:13:56.381+0000] {dagbag.py:541} INFO - Filling up the DagBag from /home/airflow/.local/lib/python3.7/site-packages/airflow/example_dags/example_dynamic_task_mapping.py
[2023-08-07T17:13:56.386+0000] {processor.py:836} INFO - DAG(s) dict_keys(['example_dynamic_task_mapping']) retrieved from /home/airflow/.local/lib/python3.7/site-packages/airflow/example_dags/example_dynamic_task_mapping.py
[2023-08-07T17:13:56.419+0000] {logging_mixin.py:150} INFO - [2023-08-07T17:13:56.419+0000] {dag.py:2742} INFO - Sync 1 DAGs
[2023-08-07T17:13:56.445+0000] {logging_mixin.py:150} INFO - [2023-08-07T17:13:56.445+0000] {dag.py:3508} INFO - Setting next_dagrun for example_dynamic_task_mapping to 2022-03-04T00:00:00+00:00, run_after=2022-03-05T00:00:00+00:00
[2023-08-07T17:13:56.463+0000] {processor.py:179} INFO - Processing /home/airflow/.local/lib/python3.7/site-packages/airflow/example_dags/example_dynamic_task_mapping.py took 0.085 seconds
[2023-08-07T17:14:27.198+0000] {processor.py:157} INFO - Started process (PID=744) to work on /home/airflow/.local/lib/python3.7/site-packages/airflow/example_dags/example_dynamic_task_mapping.py
[2023-08-07T17:14:27.199+0000] {processor.py:826} INFO - Processing file /home/airflow/.local/lib/python3.7/site-packages/airflow/example_dags/example_dynamic_task_mapping.py for tasks to queue
[2023-08-07T17:14:27.200+0000] {logging_mixin.py:150} INFO - [2023-08-07T17:14:27.199+0000] {dagbag.py:541} INFO - Filling up the DagBag from /home/airflow/.local/lib/python3.7/site-packages/airflow/example_dags/example_dynamic_task_mapping.py
[2023-08-07T17:14:27.210+0000] {processor.py:836} INFO - DAG(s) dict_keys(['example_dynamic_task_mapping']) retrieved from /home/airflow/.local/lib/python3.7/site-packages/airflow/example_dags/example_dynamic_task_mapping.py
[2023-08-07T17:14:27.231+0000] {logging_mixin.py:150} INFO - [2023-08-07T17:14:27.231+0000] {dag.py:2742} INFO - Sync 1 DAGs
[2023-08-07T17:14:27.254+0000] {logging_mixin.py:150} INFO - [2023-08-07T17:14:27.254+0000] {dag.py:3508} INFO - Setting next_dagrun for example_dynamic_task_mapping to 2022-03-04T00:00:00+00:00, run_after=2022-03-05T00:00:00+00:00
[2023-08-07T17:14:27.272+0000] {processor.py:179} INFO - Processing /home/airflow/.local/lib/python3.7/site-packages/airflow/example_dags/example_dynamic_task_mapping.py took 0.079 seconds
[2023-08-07T17:14:57.701+0000] {processor.py:157} INFO - Started process (PID=806) to work on /home/airflow/.local/lib/python3.7/site-packages/airflow/example_dags/example_dynamic_task_mapping.py
[2023-08-07T17:14:57.702+0000] {processor.py:826} INFO - Processing file /home/airflow/.local/lib/python3.7/site-packages/airflow/example_dags/example_dynamic_task_mapping.py for tasks to queue
[2023-08-07T17:14:57.703+0000] {logging_mixin.py:150} INFO - [2023-08-07T17:14:57.703+0000] {dagbag.py:541} INFO - Filling up the DagBag from /home/airflow/.local/lib/python3.7/site-packages/airflow/example_dags/example_dynamic_task_mapping.py
[2023-08-07T17:14:57.714+0000] {processor.py:836} INFO - DAG(s) dict_keys(['example_dynamic_task_mapping']) retrieved from /home/airflow/.local/lib/python3.7/site-packages/airflow/example_dags/example_dynamic_task_mapping.py
[2023-08-07T17:14:57.734+0000] {logging_mixin.py:150} INFO - [2023-08-07T17:14:57.734+0000] {dag.py:2742} INFO - Sync 1 DAGs
[2023-08-07T17:14:57.757+0000] {logging_mixin.py:150} INFO - [2023-08-07T17:14:57.757+0000] {dag.py:3508} INFO - Setting next_dagrun for example_dynamic_task_mapping to 2022-03-04T00:00:00+00:00, run_after=2022-03-05T00:00:00+00:00
[2023-08-07T17:14:57.774+0000] {processor.py:179} INFO - Processing /home/airflow/.local/lib/python3.7/site-packages/airflow/example_dags/example_dynamic_task_mapping.py took 0.078 seconds
[2023-08-07T17:15:28.686+0000] {processor.py:157} INFO - Started process (PID=868) to work on /home/airflow/.local/lib/python3.7/site-packages/airflow/example_dags/example_dynamic_task_mapping.py
[2023-08-07T17:15:28.686+0000] {processor.py:826} INFO - Processing file /home/airflow/.local/lib/python3.7/site-packages/airflow/example_dags/example_dynamic_task_mapping.py for tasks to queue
[2023-08-07T17:15:28.687+0000] {logging_mixin.py:150} INFO - [2023-08-07T17:15:28.687+0000] {dagbag.py:541} INFO - Filling up the DagBag from /home/airflow/.local/lib/python3.7/site-packages/airflow/example_dags/example_dynamic_task_mapping.py
[2023-08-07T17:15:28.691+0000] {processor.py:836} INFO - DAG(s) dict_keys(['example_dynamic_task_mapping']) retrieved from /home/airflow/.local/lib/python3.7/site-packages/airflow/example_dags/example_dynamic_task_mapping.py
[2023-08-07T17:15:28.712+0000] {logging_mixin.py:150} INFO - [2023-08-07T17:15:28.712+0000] {dag.py:2742} INFO - Sync 1 DAGs
[2023-08-07T17:15:28.735+0000] {logging_mixin.py:150} INFO - [2023-08-07T17:15:28.734+0000] {dag.py:3508} INFO - Setting next_dagrun for example_dynamic_task_mapping to 2022-03-04T00:00:00+00:00, run_after=2022-03-05T00:00:00+00:00
[2023-08-07T17:15:28.751+0000] {processor.py:179} INFO - Processing /home/airflow/.local/lib/python3.7/site-packages/airflow/example_dags/example_dynamic_task_mapping.py took 0.067 seconds
[2023-08-07T17:15:59.031+0000] {processor.py:157} INFO - Started process (PID=930) to work on /home/airflow/.local/lib/python3.7/site-packages/airflow/example_dags/example_dynamic_task_mapping.py
[2023-08-07T17:15:59.032+0000] {processor.py:826} INFO - Processing file /home/airflow/.local/lib/python3.7/site-packages/airflow/example_dags/example_dynamic_task_mapping.py for tasks to queue
[2023-08-07T17:15:59.033+0000] {logging_mixin.py:150} INFO - [2023-08-07T17:15:59.032+0000] {dagbag.py:541} INFO - Filling up the DagBag from /home/airflow/.local/lib/python3.7/site-packages/airflow/example_dags/example_dynamic_task_mapping.py
[2023-08-07T17:15:59.038+0000] {processor.py:836} INFO - DAG(s) dict_keys(['example_dynamic_task_mapping']) retrieved from /home/airflow/.local/lib/python3.7/site-packages/airflow/example_dags/example_dynamic_task_mapping.py
[2023-08-07T17:15:59.067+0000] {logging_mixin.py:150} INFO - [2023-08-07T17:15:59.067+0000] {dag.py:2742} INFO - Sync 1 DAGs
[2023-08-07T17:15:59.098+0000] {logging_mixin.py:150} INFO - [2023-08-07T17:15:59.098+0000] {dag.py:3508} INFO - Setting next_dagrun for example_dynamic_task_mapping to 2022-03-04T00:00:00+00:00, run_after=2022-03-05T00:00:00+00:00
[2023-08-07T17:15:59.114+0000] {processor.py:179} INFO - Processing /home/airflow/.local/lib/python3.7/site-packages/airflow/example_dags/example_dynamic_task_mapping.py took 0.086 seconds
[2023-08-07T17:16:29.442+0000] {processor.py:157} INFO - Started process (PID=992) to work on /home/airflow/.local/lib/python3.7/site-packages/airflow/example_dags/example_dynamic_task_mapping.py
[2023-08-07T17:16:29.443+0000] {processor.py:826} INFO - Processing file /home/airflow/.local/lib/python3.7/site-packages/airflow/example_dags/example_dynamic_task_mapping.py for tasks to queue
[2023-08-07T17:16:29.444+0000] {logging_mixin.py:150} INFO - [2023-08-07T17:16:29.444+0000] {dagbag.py:541} INFO - Filling up the DagBag from /home/airflow/.local/lib/python3.7/site-packages/airflow/example_dags/example_dynamic_task_mapping.py
[2023-08-07T17:16:29.453+0000] {processor.py:836} INFO - DAG(s) dict_keys(['example_dynamic_task_mapping']) retrieved from /home/airflow/.local/lib/python3.7/site-packages/airflow/example_dags/example_dynamic_task_mapping.py
[2023-08-07T17:16:29.484+0000] {logging_mixin.py:150} INFO - [2023-08-07T17:16:29.484+0000] {dag.py:2742} INFO - Sync 1 DAGs
[2023-08-07T17:16:29.508+0000] {logging_mixin.py:150} INFO - [2023-08-07T17:16:29.508+0000] {dag.py:3508} INFO - Setting next_dagrun for example_dynamic_task_mapping to 2022-03-04T00:00:00+00:00, run_after=2022-03-05T00:00:00+00:00
[2023-08-07T17:16:29.525+0000] {processor.py:179} INFO - Processing /home/airflow/.local/lib/python3.7/site-packages/airflow/example_dags/example_dynamic_task_mapping.py took 0.087 seconds
[2023-08-07T17:41:16.307+0000] {processor.py:157} INFO - Started process (PID=61) to work on /home/airflow/.local/lib/python3.7/site-packages/airflow/example_dags/example_dynamic_task_mapping.py
[2023-08-07T17:41:16.308+0000] {processor.py:826} INFO - Processing file /home/airflow/.local/lib/python3.7/site-packages/airflow/example_dags/example_dynamic_task_mapping.py for tasks to queue
[2023-08-07T17:41:16.309+0000] {logging_mixin.py:150} INFO - [2023-08-07T17:41:16.309+0000] {dagbag.py:541} INFO - Filling up the DagBag from /home/airflow/.local/lib/python3.7/site-packages/airflow/example_dags/example_dynamic_task_mapping.py
[2023-08-07T17:41:16.318+0000] {processor.py:836} INFO - DAG(s) dict_keys(['example_dynamic_task_mapping']) retrieved from /home/airflow/.local/lib/python3.7/site-packages/airflow/example_dags/example_dynamic_task_mapping.py
[2023-08-07T17:41:16.329+0000] {logging_mixin.py:150} INFO - [2023-08-07T17:41:16.329+0000] {dag.py:2742} INFO - Sync 1 DAGs
[2023-08-07T17:41:16.357+0000] {logging_mixin.py:150} INFO - [2023-08-07T17:41:16.357+0000] {dag.py:3508} INFO - Setting next_dagrun for example_dynamic_task_mapping to 2022-03-04T00:00:00+00:00, run_after=2022-03-05T00:00:00+00:00
[2023-08-07T17:41:16.378+0000] {processor.py:179} INFO - Processing /home/airflow/.local/lib/python3.7/site-packages/airflow/example_dags/example_dynamic_task_mapping.py took 0.074 seconds
[2023-08-07T17:41:46.946+0000] {processor.py:157} INFO - Started process (PID=123) to work on /home/airflow/.local/lib/python3.7/site-packages/airflow/example_dags/example_dynamic_task_mapping.py
[2023-08-07T17:41:46.947+0000] {processor.py:826} INFO - Processing file /home/airflow/.local/lib/python3.7/site-packages/airflow/example_dags/example_dynamic_task_mapping.py for tasks to queue
[2023-08-07T17:41:46.947+0000] {logging_mixin.py:150} INFO - [2023-08-07T17:41:46.947+0000] {dagbag.py:541} INFO - Filling up the DagBag from /home/airflow/.local/lib/python3.7/site-packages/airflow/example_dags/example_dynamic_task_mapping.py
[2023-08-07T17:41:46.952+0000] {processor.py:836} INFO - DAG(s) dict_keys(['example_dynamic_task_mapping']) retrieved from /home/airflow/.local/lib/python3.7/site-packages/airflow/example_dags/example_dynamic_task_mapping.py
[2023-08-07T17:41:46.974+0000] {logging_mixin.py:150} INFO - [2023-08-07T17:41:46.973+0000] {dag.py:2742} INFO - Sync 1 DAGs
[2023-08-07T17:41:46.997+0000] {logging_mixin.py:150} INFO - [2023-08-07T17:41:46.996+0000] {dag.py:3508} INFO - Setting next_dagrun for example_dynamic_task_mapping to 2022-03-04T00:00:00+00:00, run_after=2022-03-05T00:00:00+00:00
[2023-08-07T17:41:47.012+0000] {processor.py:179} INFO - Processing /home/airflow/.local/lib/python3.7/site-packages/airflow/example_dags/example_dynamic_task_mapping.py took 0.068 seconds
[2023-08-07T17:42:17.820+0000] {processor.py:157} INFO - Started process (PID=185) to work on /home/airflow/.local/lib/python3.7/site-packages/airflow/example_dags/example_dynamic_task_mapping.py
[2023-08-07T17:42:17.821+0000] {processor.py:826} INFO - Processing file /home/airflow/.local/lib/python3.7/site-packages/airflow/example_dags/example_dynamic_task_mapping.py for tasks to queue
[2023-08-07T17:42:17.822+0000] {logging_mixin.py:150} INFO - [2023-08-07T17:42:17.822+0000] {dagbag.py:541} INFO - Filling up the DagBag from /home/airflow/.local/lib/python3.7/site-packages/airflow/example_dags/example_dynamic_task_mapping.py
[2023-08-07T17:42:17.833+0000] {processor.py:836} INFO - DAG(s) dict_keys(['example_dynamic_task_mapping']) retrieved from /home/airflow/.local/lib/python3.7/site-packages/airflow/example_dags/example_dynamic_task_mapping.py
[2023-08-07T17:42:17.871+0000] {logging_mixin.py:150} INFO - [2023-08-07T17:42:17.871+0000] {dag.py:2742} INFO - Sync 1 DAGs
[2023-08-07T17:42:17.894+0000] {logging_mixin.py:150} INFO - [2023-08-07T17:42:17.894+0000] {dag.py:3508} INFO - Setting next_dagrun for example_dynamic_task_mapping to 2022-03-04T00:00:00+00:00, run_after=2022-03-05T00:00:00+00:00
[2023-08-07T17:42:17.909+0000] {processor.py:179} INFO - Processing /home/airflow/.local/lib/python3.7/site-packages/airflow/example_dags/example_dynamic_task_mapping.py took 0.095 seconds
[2023-08-07T17:42:48.729+0000] {processor.py:157} INFO - Started process (PID=247) to work on /home/airflow/.local/lib/python3.7/site-packages/airflow/example_dags/example_dynamic_task_mapping.py
[2023-08-07T17:42:48.730+0000] {processor.py:826} INFO - Processing file /home/airflow/.local/lib/python3.7/site-packages/airflow/example_dags/example_dynamic_task_mapping.py for tasks to queue
[2023-08-07T17:42:48.730+0000] {logging_mixin.py:150} INFO - [2023-08-07T17:42:48.730+0000] {dagbag.py:541} INFO - Filling up the DagBag from /home/airflow/.local/lib/python3.7/site-packages/airflow/example_dags/example_dynamic_task_mapping.py
[2023-08-07T17:42:48.735+0000] {processor.py:836} INFO - DAG(s) dict_keys(['example_dynamic_task_mapping']) retrieved from /home/airflow/.local/lib/python3.7/site-packages/airflow/example_dags/example_dynamic_task_mapping.py
[2023-08-07T17:42:48.753+0000] {logging_mixin.py:150} INFO - [2023-08-07T17:42:48.752+0000] {dag.py:2742} INFO - Sync 1 DAGs
[2023-08-07T17:42:48.775+0000] {logging_mixin.py:150} INFO - [2023-08-07T17:42:48.774+0000] {dag.py:3508} INFO - Setting next_dagrun for example_dynamic_task_mapping to 2022-03-04T00:00:00+00:00, run_after=2022-03-05T00:00:00+00:00
[2023-08-07T17:42:48.790+0000] {processor.py:179} INFO - Processing /home/airflow/.local/lib/python3.7/site-packages/airflow/example_dags/example_dynamic_task_mapping.py took 0.063 seconds
[2023-08-07T17:43:19.768+0000] {processor.py:157} INFO - Started process (PID=310) to work on /home/airflow/.local/lib/python3.7/site-packages/airflow/example_dags/example_dynamic_task_mapping.py
[2023-08-07T17:43:19.769+0000] {processor.py:826} INFO - Processing file /home/airflow/.local/lib/python3.7/site-packages/airflow/example_dags/example_dynamic_task_mapping.py for tasks to queue
[2023-08-07T17:43:19.770+0000] {logging_mixin.py:150} INFO - [2023-08-07T17:43:19.770+0000] {dagbag.py:541} INFO - Filling up the DagBag from /home/airflow/.local/lib/python3.7/site-packages/airflow/example_dags/example_dynamic_task_mapping.py
[2023-08-07T17:43:19.781+0000] {processor.py:836} INFO - DAG(s) dict_keys(['example_dynamic_task_mapping']) retrieved from /home/airflow/.local/lib/python3.7/site-packages/airflow/example_dags/example_dynamic_task_mapping.py
[2023-08-07T17:43:19.803+0000] {logging_mixin.py:150} INFO - [2023-08-07T17:43:19.803+0000] {dag.py:2742} INFO - Sync 1 DAGs
[2023-08-07T17:43:19.826+0000] {logging_mixin.py:150} INFO - [2023-08-07T17:43:19.826+0000] {dag.py:3508} INFO - Setting next_dagrun for example_dynamic_task_mapping to 2022-03-04T00:00:00+00:00, run_after=2022-03-05T00:00:00+00:00
[2023-08-07T17:43:19.844+0000] {processor.py:179} INFO - Processing /home/airflow/.local/lib/python3.7/site-packages/airflow/example_dags/example_dynamic_task_mapping.py took 0.081 seconds
[2023-08-07T17:43:50.929+0000] {processor.py:157} INFO - Started process (PID=372) to work on /home/airflow/.local/lib/python3.7/site-packages/airflow/example_dags/example_dynamic_task_mapping.py
[2023-08-07T17:43:50.930+0000] {processor.py:826} INFO - Processing file /home/airflow/.local/lib/python3.7/site-packages/airflow/example_dags/example_dynamic_task_mapping.py for tasks to queue
[2023-08-07T17:43:50.931+0000] {logging_mixin.py:150} INFO - [2023-08-07T17:43:50.930+0000] {dagbag.py:541} INFO - Filling up the DagBag from /home/airflow/.local/lib/python3.7/site-packages/airflow/example_dags/example_dynamic_task_mapping.py
[2023-08-07T17:43:50.936+0000] {processor.py:836} INFO - DAG(s) dict_keys(['example_dynamic_task_mapping']) retrieved from /home/airflow/.local/lib/python3.7/site-packages/airflow/example_dags/example_dynamic_task_mapping.py
[2023-08-07T17:43:50.955+0000] {logging_mixin.py:150} INFO - [2023-08-07T17:43:50.955+0000] {dag.py:2742} INFO - Sync 1 DAGs
[2023-08-07T17:43:50.980+0000] {logging_mixin.py:150} INFO - [2023-08-07T17:43:50.979+0000] {dag.py:3508} INFO - Setting next_dagrun for example_dynamic_task_mapping to 2022-03-04T00:00:00+00:00, run_after=2022-03-05T00:00:00+00:00
[2023-08-07T17:43:51.193+0000] {logging_mixin.py:150} INFO - [2023-08-07T17:43:51.193+0000] {process_utils.py:258} INFO - Waiting up to 5 seconds for processes to exit...
[2023-08-07T18:11:02.845+0000] {processor.py:157} INFO - Started process (PID=62) to work on /home/airflow/.local/lib/python3.7/site-packages/airflow/example_dags/example_dynamic_task_mapping.py
[2023-08-07T18:11:02.847+0000] {processor.py:826} INFO - Processing file /home/airflow/.local/lib/python3.7/site-packages/airflow/example_dags/example_dynamic_task_mapping.py for tasks to queue
[2023-08-07T18:11:02.848+0000] {logging_mixin.py:150} INFO - [2023-08-07T18:11:02.848+0000] {dagbag.py:541} INFO - Filling up the DagBag from /home/airflow/.local/lib/python3.7/site-packages/airflow/example_dags/example_dynamic_task_mapping.py
[2023-08-07T18:11:02.868+0000] {processor.py:836} INFO - DAG(s) dict_keys(['example_dynamic_task_mapping']) retrieved from /home/airflow/.local/lib/python3.7/site-packages/airflow/example_dags/example_dynamic_task_mapping.py
[2023-08-07T18:11:02.882+0000] {logging_mixin.py:150} INFO - [2023-08-07T18:11:02.882+0000] {dag.py:2742} INFO - Sync 1 DAGs
[2023-08-07T18:11:02.920+0000] {logging_mixin.py:150} INFO - [2023-08-07T18:11:02.919+0000] {dag.py:3508} INFO - Setting next_dagrun for example_dynamic_task_mapping to 2022-03-04T00:00:00+00:00, run_after=2022-03-05T00:00:00+00:00
[2023-08-07T18:11:02.946+0000] {processor.py:179} INFO - Processing /home/airflow/.local/lib/python3.7/site-packages/airflow/example_dags/example_dynamic_task_mapping.py took 0.106 seconds
