[2023-08-07T17:08:47.706+0000] {processor.py:157} INFO - Started process (PID=40) to work on /home/airflow/.local/lib/python3.7/site-packages/airflow/example_dags/example_task_group_decorator.py
[2023-08-07T17:08:47.706+0000] {processor.py:826} INFO - Processing file /home/airflow/.local/lib/python3.7/site-packages/airflow/example_dags/example_task_group_decorator.py for tasks to queue
[2023-08-07T17:08:47.707+0000] {logging_mixin.py:150} INFO - [2023-08-07T17:08:47.707+0000] {dagbag.py:541} INFO - Filling up the DagBag from /home/airflow/.local/lib/python3.7/site-packages/airflow/example_dags/example_task_group_decorator.py
[2023-08-07T17:08:47.729+0000] {processor.py:836} INFO - DAG(s) dict_keys(['example_task_group_decorator']) retrieved from /home/airflow/.local/lib/python3.7/site-packages/airflow/example_dags/example_task_group_decorator.py
[2023-08-07T17:08:47.743+0000] {logging_mixin.py:150} INFO - [2023-08-07T17:08:47.743+0000] {dag.py:2742} INFO - Sync 1 DAGs
[2023-08-07T17:08:47.772+0000] {logging_mixin.py:150} INFO - [2023-08-07T17:08:47.772+0000] {dag.py:3508} INFO - Setting next_dagrun for example_task_group_decorator to 2023-08-06T17:08:47.772209+00:00, run_after=2023-08-07T17:08:47.772209+00:00
[2023-08-07T17:08:47.799+0000] {processor.py:179} INFO - Processing /home/airflow/.local/lib/python3.7/site-packages/airflow/example_dags/example_task_group_decorator.py took 0.096 seconds
[2023-08-07T17:09:18.396+0000] {processor.py:157} INFO - Started process (PID=102) to work on /home/airflow/.local/lib/python3.7/site-packages/airflow/example_dags/example_task_group_decorator.py
[2023-08-07T17:09:18.396+0000] {processor.py:826} INFO - Processing file /home/airflow/.local/lib/python3.7/site-packages/airflow/example_dags/example_task_group_decorator.py for tasks to queue
[2023-08-07T17:09:18.397+0000] {logging_mixin.py:150} INFO - [2023-08-07T17:09:18.397+0000] {dagbag.py:541} INFO - Filling up the DagBag from /home/airflow/.local/lib/python3.7/site-packages/airflow/example_dags/example_task_group_decorator.py
[2023-08-07T17:09:18.408+0000] {processor.py:836} INFO - DAG(s) dict_keys(['example_task_group_decorator']) retrieved from /home/airflow/.local/lib/python3.7/site-packages/airflow/example_dags/example_task_group_decorator.py
[2023-08-07T17:09:18.430+0000] {logging_mixin.py:150} INFO - [2023-08-07T17:09:18.430+0000] {dag.py:2742} INFO - Sync 1 DAGs
[2023-08-07T17:09:18.453+0000] {logging_mixin.py:150} INFO - [2023-08-07T17:09:18.453+0000] {dag.py:3508} INFO - Setting next_dagrun for example_task_group_decorator to 2023-08-06T17:09:18.453432+00:00, run_after=2023-08-07T17:09:18.453432+00:00
[2023-08-07T17:09:18.473+0000] {processor.py:179} INFO - Processing /home/airflow/.local/lib/python3.7/site-packages/airflow/example_dags/example_task_group_decorator.py took 0.080 seconds
[2023-08-07T17:09:48.975+0000] {processor.py:157} INFO - Started process (PID=164) to work on /home/airflow/.local/lib/python3.7/site-packages/airflow/example_dags/example_task_group_decorator.py
[2023-08-07T17:09:48.976+0000] {processor.py:826} INFO - Processing file /home/airflow/.local/lib/python3.7/site-packages/airflow/example_dags/example_task_group_decorator.py for tasks to queue
[2023-08-07T17:09:48.976+0000] {logging_mixin.py:150} INFO - [2023-08-07T17:09:48.976+0000] {dagbag.py:541} INFO - Filling up the DagBag from /home/airflow/.local/lib/python3.7/site-packages/airflow/example_dags/example_task_group_decorator.py
[2023-08-07T17:09:48.988+0000] {processor.py:836} INFO - DAG(s) dict_keys(['example_task_group_decorator']) retrieved from /home/airflow/.local/lib/python3.7/site-packages/airflow/example_dags/example_task_group_decorator.py
[2023-08-07T17:09:49.010+0000] {logging_mixin.py:150} INFO - [2023-08-07T17:09:49.010+0000] {dag.py:2742} INFO - Sync 1 DAGs
[2023-08-07T17:09:49.032+0000] {logging_mixin.py:150} INFO - [2023-08-07T17:09:49.032+0000] {dag.py:3508} INFO - Setting next_dagrun for example_task_group_decorator to 2023-08-06T17:09:49.032278+00:00, run_after=2023-08-07T17:09:49.032278+00:00
[2023-08-07T17:09:49.049+0000] {processor.py:179} INFO - Processing /home/airflow/.local/lib/python3.7/site-packages/airflow/example_dags/example_task_group_decorator.py took 0.076 seconds
[2023-08-07T17:10:19.295+0000] {processor.py:157} INFO - Started process (PID=226) to work on /home/airflow/.local/lib/python3.7/site-packages/airflow/example_dags/example_task_group_decorator.py
[2023-08-07T17:10:19.296+0000] {processor.py:826} INFO - Processing file /home/airflow/.local/lib/python3.7/site-packages/airflow/example_dags/example_task_group_decorator.py for tasks to queue
[2023-08-07T17:10:19.297+0000] {logging_mixin.py:150} INFO - [2023-08-07T17:10:19.297+0000] {dagbag.py:541} INFO - Filling up the DagBag from /home/airflow/.local/lib/python3.7/site-packages/airflow/example_dags/example_task_group_decorator.py
[2023-08-07T17:10:19.325+0000] {processor.py:836} INFO - DAG(s) dict_keys(['example_task_group_decorator']) retrieved from /home/airflow/.local/lib/python3.7/site-packages/airflow/example_dags/example_task_group_decorator.py
[2023-08-07T17:10:19.351+0000] {logging_mixin.py:150} INFO - [2023-08-07T17:10:19.351+0000] {dag.py:2742} INFO - Sync 1 DAGs
[2023-08-07T17:10:19.374+0000] {logging_mixin.py:150} INFO - [2023-08-07T17:10:19.374+0000] {dag.py:3508} INFO - Setting next_dagrun for example_task_group_decorator to 2023-08-06T17:10:19.374375+00:00, run_after=2023-08-07T17:10:19.374375+00:00
[2023-08-07T17:10:19.392+0000] {processor.py:179} INFO - Processing /home/airflow/.local/lib/python3.7/site-packages/airflow/example_dags/example_task_group_decorator.py took 0.102 seconds
[2023-08-07T17:10:49.605+0000] {processor.py:157} INFO - Started process (PID=288) to work on /home/airflow/.local/lib/python3.7/site-packages/airflow/example_dags/example_task_group_decorator.py
[2023-08-07T17:10:49.606+0000] {processor.py:826} INFO - Processing file /home/airflow/.local/lib/python3.7/site-packages/airflow/example_dags/example_task_group_decorator.py for tasks to queue
[2023-08-07T17:10:49.606+0000] {logging_mixin.py:150} INFO - [2023-08-07T17:10:49.606+0000] {dagbag.py:541} INFO - Filling up the DagBag from /home/airflow/.local/lib/python3.7/site-packages/airflow/example_dags/example_task_group_decorator.py
[2023-08-07T17:10:49.618+0000] {processor.py:836} INFO - DAG(s) dict_keys(['example_task_group_decorator']) retrieved from /home/airflow/.local/lib/python3.7/site-packages/airflow/example_dags/example_task_group_decorator.py
[2023-08-07T17:10:49.639+0000] {logging_mixin.py:150} INFO - [2023-08-07T17:10:49.639+0000] {dag.py:2742} INFO - Sync 1 DAGs
[2023-08-07T17:10:49.663+0000] {logging_mixin.py:150} INFO - [2023-08-07T17:10:49.663+0000] {dag.py:3508} INFO - Setting next_dagrun for example_task_group_decorator to 2023-08-06T17:10:49.663029+00:00, run_after=2023-08-07T17:10:49.663029+00:00
[2023-08-07T17:10:49.681+0000] {processor.py:179} INFO - Processing /home/airflow/.local/lib/python3.7/site-packages/airflow/example_dags/example_task_group_decorator.py took 0.078 seconds
[2023-08-07T17:11:20.709+0000] {processor.py:157} INFO - Started process (PID=350) to work on /home/airflow/.local/lib/python3.7/site-packages/airflow/example_dags/example_task_group_decorator.py
[2023-08-07T17:11:20.709+0000] {processor.py:826} INFO - Processing file /home/airflow/.local/lib/python3.7/site-packages/airflow/example_dags/example_task_group_decorator.py for tasks to queue
[2023-08-07T17:11:20.710+0000] {logging_mixin.py:150} INFO - [2023-08-07T17:11:20.710+0000] {dagbag.py:541} INFO - Filling up the DagBag from /home/airflow/.local/lib/python3.7/site-packages/airflow/example_dags/example_task_group_decorator.py
[2023-08-07T17:11:20.721+0000] {processor.py:836} INFO - DAG(s) dict_keys(['example_task_group_decorator']) retrieved from /home/airflow/.local/lib/python3.7/site-packages/airflow/example_dags/example_task_group_decorator.py
[2023-08-07T17:11:20.742+0000] {logging_mixin.py:150} INFO - [2023-08-07T17:11:20.742+0000] {dag.py:2742} INFO - Sync 1 DAGs
[2023-08-07T17:11:20.765+0000] {logging_mixin.py:150} INFO - [2023-08-07T17:11:20.765+0000] {dag.py:3508} INFO - Setting next_dagrun for example_task_group_decorator to 2023-08-06T17:11:20.765191+00:00, run_after=2023-08-07T17:11:20.765191+00:00
[2023-08-07T17:11:20.783+0000] {processor.py:179} INFO - Processing /home/airflow/.local/lib/python3.7/site-packages/airflow/example_dags/example_task_group_decorator.py took 0.076 seconds
[2023-08-07T17:11:51.296+0000] {processor.py:157} INFO - Started process (PID=412) to work on /home/airflow/.local/lib/python3.7/site-packages/airflow/example_dags/example_task_group_decorator.py
[2023-08-07T17:11:51.298+0000] {processor.py:826} INFO - Processing file /home/airflow/.local/lib/python3.7/site-packages/airflow/example_dags/example_task_group_decorator.py for tasks to queue
[2023-08-07T17:11:51.299+0000] {logging_mixin.py:150} INFO - [2023-08-07T17:11:51.298+0000] {dagbag.py:541} INFO - Filling up the DagBag from /home/airflow/.local/lib/python3.7/site-packages/airflow/example_dags/example_task_group_decorator.py
[2023-08-07T17:11:51.327+0000] {processor.py:836} INFO - DAG(s) dict_keys(['example_task_group_decorator']) retrieved from /home/airflow/.local/lib/python3.7/site-packages/airflow/example_dags/example_task_group_decorator.py
[2023-08-07T17:11:51.352+0000] {logging_mixin.py:150} INFO - [2023-08-07T17:11:51.352+0000] {dag.py:2742} INFO - Sync 1 DAGs
[2023-08-07T17:11:51.375+0000] {logging_mixin.py:150} INFO - [2023-08-07T17:11:51.375+0000] {dag.py:3508} INFO - Setting next_dagrun for example_task_group_decorator to 2023-08-06T17:11:51.375240+00:00, run_after=2023-08-07T17:11:51.375240+00:00
[2023-08-07T17:11:51.391+0000] {processor.py:179} INFO - Processing /home/airflow/.local/lib/python3.7/site-packages/airflow/example_dags/example_task_group_decorator.py took 0.099 seconds
[2023-08-07T17:12:21.965+0000] {processor.py:157} INFO - Started process (PID=474) to work on /home/airflow/.local/lib/python3.7/site-packages/airflow/example_dags/example_task_group_decorator.py
[2023-08-07T17:12:21.966+0000] {processor.py:826} INFO - Processing file /home/airflow/.local/lib/python3.7/site-packages/airflow/example_dags/example_task_group_decorator.py for tasks to queue
[2023-08-07T17:12:21.967+0000] {logging_mixin.py:150} INFO - [2023-08-07T17:12:21.967+0000] {dagbag.py:541} INFO - Filling up the DagBag from /home/airflow/.local/lib/python3.7/site-packages/airflow/example_dags/example_task_group_decorator.py
[2023-08-07T17:12:21.990+0000] {processor.py:836} INFO - DAG(s) dict_keys(['example_task_group_decorator']) retrieved from /home/airflow/.local/lib/python3.7/site-packages/airflow/example_dags/example_task_group_decorator.py
[2023-08-07T17:12:22.014+0000] {logging_mixin.py:150} INFO - [2023-08-07T17:12:22.014+0000] {dag.py:2742} INFO - Sync 1 DAGs
[2023-08-07T17:12:22.037+0000] {logging_mixin.py:150} INFO - [2023-08-07T17:12:22.037+0000] {dag.py:3508} INFO - Setting next_dagrun for example_task_group_decorator to 2023-08-06T17:12:22.037234+00:00, run_after=2023-08-07T17:12:22.037234+00:00
[2023-08-07T17:12:22.054+0000] {processor.py:179} INFO - Processing /home/airflow/.local/lib/python3.7/site-packages/airflow/example_dags/example_task_group_decorator.py took 0.092 seconds
[2023-08-07T17:12:52.865+0000] {processor.py:157} INFO - Started process (PID=536) to work on /home/airflow/.local/lib/python3.7/site-packages/airflow/example_dags/example_task_group_decorator.py
[2023-08-07T17:12:52.866+0000] {processor.py:826} INFO - Processing file /home/airflow/.local/lib/python3.7/site-packages/airflow/example_dags/example_task_group_decorator.py for tasks to queue
[2023-08-07T17:12:52.866+0000] {logging_mixin.py:150} INFO - [2023-08-07T17:12:52.866+0000] {dagbag.py:541} INFO - Filling up the DagBag from /home/airflow/.local/lib/python3.7/site-packages/airflow/example_dags/example_task_group_decorator.py
[2023-08-07T17:12:52.878+0000] {processor.py:836} INFO - DAG(s) dict_keys(['example_task_group_decorator']) retrieved from /home/airflow/.local/lib/python3.7/site-packages/airflow/example_dags/example_task_group_decorator.py
[2023-08-07T17:12:52.900+0000] {logging_mixin.py:150} INFO - [2023-08-07T17:12:52.900+0000] {dag.py:2742} INFO - Sync 1 DAGs
[2023-08-07T17:12:52.923+0000] {logging_mixin.py:150} INFO - [2023-08-07T17:12:52.923+0000] {dag.py:3508} INFO - Setting next_dagrun for example_task_group_decorator to 2023-08-06T17:12:52.923133+00:00, run_after=2023-08-07T17:12:52.923133+00:00
[2023-08-07T17:12:52.943+0000] {processor.py:179} INFO - Processing /home/airflow/.local/lib/python3.7/site-packages/airflow/example_dags/example_task_group_decorator.py took 0.080 seconds
[2023-08-07T17:13:23.082+0000] {processor.py:157} INFO - Started process (PID=598) to work on /home/airflow/.local/lib/python3.7/site-packages/airflow/example_dags/example_task_group_decorator.py
[2023-08-07T17:13:23.083+0000] {processor.py:826} INFO - Processing file /home/airflow/.local/lib/python3.7/site-packages/airflow/example_dags/example_task_group_decorator.py for tasks to queue
[2023-08-07T17:13:23.084+0000] {logging_mixin.py:150} INFO - [2023-08-07T17:13:23.084+0000] {dagbag.py:541} INFO - Filling up the DagBag from /home/airflow/.local/lib/python3.7/site-packages/airflow/example_dags/example_task_group_decorator.py
[2023-08-07T17:13:23.114+0000] {processor.py:836} INFO - DAG(s) dict_keys(['example_task_group_decorator']) retrieved from /home/airflow/.local/lib/python3.7/site-packages/airflow/example_dags/example_task_group_decorator.py
[2023-08-07T17:13:23.138+0000] {logging_mixin.py:150} INFO - [2023-08-07T17:13:23.138+0000] {dag.py:2742} INFO - Sync 1 DAGs
[2023-08-07T17:13:23.160+0000] {logging_mixin.py:150} INFO - [2023-08-07T17:13:23.160+0000] {dag.py:3508} INFO - Setting next_dagrun for example_task_group_decorator to 2023-08-06T17:13:23.160135+00:00, run_after=2023-08-07T17:13:23.160135+00:00
[2023-08-07T17:13:23.176+0000] {processor.py:179} INFO - Processing /home/airflow/.local/lib/python3.7/site-packages/airflow/example_dags/example_task_group_decorator.py took 0.099 seconds
[2023-08-07T17:13:53.976+0000] {processor.py:157} INFO - Started process (PID=660) to work on /home/airflow/.local/lib/python3.7/site-packages/airflow/example_dags/example_task_group_decorator.py
[2023-08-07T17:13:53.977+0000] {processor.py:826} INFO - Processing file /home/airflow/.local/lib/python3.7/site-packages/airflow/example_dags/example_task_group_decorator.py for tasks to queue
[2023-08-07T17:13:53.978+0000] {logging_mixin.py:150} INFO - [2023-08-07T17:13:53.978+0000] {dagbag.py:541} INFO - Filling up the DagBag from /home/airflow/.local/lib/python3.7/site-packages/airflow/example_dags/example_task_group_decorator.py
[2023-08-07T17:13:54.004+0000] {processor.py:836} INFO - DAG(s) dict_keys(['example_task_group_decorator']) retrieved from /home/airflow/.local/lib/python3.7/site-packages/airflow/example_dags/example_task_group_decorator.py
[2023-08-07T17:13:54.031+0000] {logging_mixin.py:150} INFO - [2023-08-07T17:13:54.031+0000] {dag.py:2742} INFO - Sync 1 DAGs
[2023-08-07T17:13:54.053+0000] {logging_mixin.py:150} INFO - [2023-08-07T17:13:54.053+0000] {dag.py:3508} INFO - Setting next_dagrun for example_task_group_decorator to 2023-08-06T17:13:54.053396+00:00, run_after=2023-08-07T17:13:54.053396+00:00
[2023-08-07T17:13:54.071+0000] {processor.py:179} INFO - Processing /home/airflow/.local/lib/python3.7/site-packages/airflow/example_dags/example_task_group_decorator.py took 0.100 seconds
[2023-08-07T17:14:24.793+0000] {processor.py:157} INFO - Started process (PID=722) to work on /home/airflow/.local/lib/python3.7/site-packages/airflow/example_dags/example_task_group_decorator.py
[2023-08-07T17:14:24.794+0000] {processor.py:826} INFO - Processing file /home/airflow/.local/lib/python3.7/site-packages/airflow/example_dags/example_task_group_decorator.py for tasks to queue
[2023-08-07T17:14:24.794+0000] {logging_mixin.py:150} INFO - [2023-08-07T17:14:24.794+0000] {dagbag.py:541} INFO - Filling up the DagBag from /home/airflow/.local/lib/python3.7/site-packages/airflow/example_dags/example_task_group_decorator.py
[2023-08-07T17:14:24.806+0000] {processor.py:836} INFO - DAG(s) dict_keys(['example_task_group_decorator']) retrieved from /home/airflow/.local/lib/python3.7/site-packages/airflow/example_dags/example_task_group_decorator.py
[2023-08-07T17:14:24.828+0000] {logging_mixin.py:150} INFO - [2023-08-07T17:14:24.828+0000] {dag.py:2742} INFO - Sync 1 DAGs
[2023-08-07T17:14:24.849+0000] {logging_mixin.py:150} INFO - [2023-08-07T17:14:24.849+0000] {dag.py:3508} INFO - Setting next_dagrun for example_task_group_decorator to 2023-08-06T17:14:24.849445+00:00, run_after=2023-08-07T17:14:24.849445+00:00
[2023-08-07T17:14:24.866+0000] {processor.py:179} INFO - Processing /home/airflow/.local/lib/python3.7/site-packages/airflow/example_dags/example_task_group_decorator.py took 0.074 seconds
[2023-08-07T17:14:55.013+0000] {processor.py:157} INFO - Started process (PID=783) to work on /home/airflow/.local/lib/python3.7/site-packages/airflow/example_dags/example_task_group_decorator.py
[2023-08-07T17:14:55.014+0000] {processor.py:826} INFO - Processing file /home/airflow/.local/lib/python3.7/site-packages/airflow/example_dags/example_task_group_decorator.py for tasks to queue
[2023-08-07T17:14:55.014+0000] {logging_mixin.py:150} INFO - [2023-08-07T17:14:55.014+0000] {dagbag.py:541} INFO - Filling up the DagBag from /home/airflow/.local/lib/python3.7/site-packages/airflow/example_dags/example_task_group_decorator.py
[2023-08-07T17:14:55.040+0000] {processor.py:836} INFO - DAG(s) dict_keys(['example_task_group_decorator']) retrieved from /home/airflow/.local/lib/python3.7/site-packages/airflow/example_dags/example_task_group_decorator.py
[2023-08-07T17:14:55.064+0000] {logging_mixin.py:150} INFO - [2023-08-07T17:14:55.063+0000] {dag.py:2742} INFO - Sync 1 DAGs
[2023-08-07T17:14:55.086+0000] {logging_mixin.py:150} INFO - [2023-08-07T17:14:55.086+0000] {dag.py:3508} INFO - Setting next_dagrun for example_task_group_decorator to 2023-08-06T17:14:55.085901+00:00, run_after=2023-08-07T17:14:55.085901+00:00
[2023-08-07T17:14:55.104+0000] {processor.py:179} INFO - Processing /home/airflow/.local/lib/python3.7/site-packages/airflow/example_dags/example_task_group_decorator.py took 0.096 seconds
[2023-08-07T17:15:25.270+0000] {processor.py:157} INFO - Started process (PID=846) to work on /home/airflow/.local/lib/python3.7/site-packages/airflow/example_dags/example_task_group_decorator.py
[2023-08-07T17:15:25.270+0000] {processor.py:826} INFO - Processing file /home/airflow/.local/lib/python3.7/site-packages/airflow/example_dags/example_task_group_decorator.py for tasks to queue
[2023-08-07T17:15:25.271+0000] {logging_mixin.py:150} INFO - [2023-08-07T17:15:25.271+0000] {dagbag.py:541} INFO - Filling up the DagBag from /home/airflow/.local/lib/python3.7/site-packages/airflow/example_dags/example_task_group_decorator.py
[2023-08-07T17:15:25.281+0000] {processor.py:836} INFO - DAG(s) dict_keys(['example_task_group_decorator']) retrieved from /home/airflow/.local/lib/python3.7/site-packages/airflow/example_dags/example_task_group_decorator.py
[2023-08-07T17:15:25.321+0000] {logging_mixin.py:150} INFO - [2023-08-07T17:15:25.321+0000] {dag.py:2742} INFO - Sync 1 DAGs
[2023-08-07T17:15:25.342+0000] {logging_mixin.py:150} INFO - [2023-08-07T17:15:25.342+0000] {dag.py:3508} INFO - Setting next_dagrun for example_task_group_decorator to 2023-08-06T17:15:25.342622+00:00, run_after=2023-08-07T17:15:25.342622+00:00
[2023-08-07T17:15:25.359+0000] {processor.py:179} INFO - Processing /home/airflow/.local/lib/python3.7/site-packages/airflow/example_dags/example_task_group_decorator.py took 0.092 seconds
[2023-08-07T17:15:55.592+0000] {processor.py:157} INFO - Started process (PID=908) to work on /home/airflow/.local/lib/python3.7/site-packages/airflow/example_dags/example_task_group_decorator.py
[2023-08-07T17:15:55.593+0000] {processor.py:826} INFO - Processing file /home/airflow/.local/lib/python3.7/site-packages/airflow/example_dags/example_task_group_decorator.py for tasks to queue
[2023-08-07T17:15:55.593+0000] {logging_mixin.py:150} INFO - [2023-08-07T17:15:55.593+0000] {dagbag.py:541} INFO - Filling up the DagBag from /home/airflow/.local/lib/python3.7/site-packages/airflow/example_dags/example_task_group_decorator.py
[2023-08-07T17:15:55.604+0000] {processor.py:836} INFO - DAG(s) dict_keys(['example_task_group_decorator']) retrieved from /home/airflow/.local/lib/python3.7/site-packages/airflow/example_dags/example_task_group_decorator.py
[2023-08-07T17:15:55.629+0000] {logging_mixin.py:150} INFO - [2023-08-07T17:15:55.628+0000] {dag.py:2742} INFO - Sync 1 DAGs
[2023-08-07T17:15:55.652+0000] {logging_mixin.py:150} INFO - [2023-08-07T17:15:55.652+0000] {dag.py:3508} INFO - Setting next_dagrun for example_task_group_decorator to 2023-08-06T17:15:55.652506+00:00, run_after=2023-08-07T17:15:55.652506+00:00
[2023-08-07T17:15:55.672+0000] {processor.py:179} INFO - Processing /home/airflow/.local/lib/python3.7/site-packages/airflow/example_dags/example_task_group_decorator.py took 0.082 seconds
[2023-08-07T17:16:26.263+0000] {processor.py:157} INFO - Started process (PID=970) to work on /home/airflow/.local/lib/python3.7/site-packages/airflow/example_dags/example_task_group_decorator.py
[2023-08-07T17:16:26.264+0000] {processor.py:826} INFO - Processing file /home/airflow/.local/lib/python3.7/site-packages/airflow/example_dags/example_task_group_decorator.py for tasks to queue
[2023-08-07T17:16:26.265+0000] {logging_mixin.py:150} INFO - [2023-08-07T17:16:26.264+0000] {dagbag.py:541} INFO - Filling up the DagBag from /home/airflow/.local/lib/python3.7/site-packages/airflow/example_dags/example_task_group_decorator.py
[2023-08-07T17:16:26.278+0000] {processor.py:836} INFO - DAG(s) dict_keys(['example_task_group_decorator']) retrieved from /home/airflow/.local/lib/python3.7/site-packages/airflow/example_dags/example_task_group_decorator.py
[2023-08-07T17:16:26.301+0000] {logging_mixin.py:150} INFO - [2023-08-07T17:16:26.301+0000] {dag.py:2742} INFO - Sync 1 DAGs
[2023-08-07T17:16:26.325+0000] {logging_mixin.py:150} INFO - [2023-08-07T17:16:26.325+0000] {dag.py:3508} INFO - Setting next_dagrun for example_task_group_decorator to 2023-08-06T17:16:26.324890+00:00, run_after=2023-08-07T17:16:26.324890+00:00
[2023-08-07T17:16:26.343+0000] {processor.py:179} INFO - Processing /home/airflow/.local/lib/python3.7/site-packages/airflow/example_dags/example_task_group_decorator.py took 0.082 seconds
[2023-08-07T17:41:13.918+0000] {processor.py:157} INFO - Started process (PID=39) to work on /home/airflow/.local/lib/python3.7/site-packages/airflow/example_dags/example_task_group_decorator.py
[2023-08-07T17:41:13.919+0000] {processor.py:826} INFO - Processing file /home/airflow/.local/lib/python3.7/site-packages/airflow/example_dags/example_task_group_decorator.py for tasks to queue
[2023-08-07T17:41:13.920+0000] {logging_mixin.py:150} INFO - [2023-08-07T17:41:13.920+0000] {dagbag.py:541} INFO - Filling up the DagBag from /home/airflow/.local/lib/python3.7/site-packages/airflow/example_dags/example_task_group_decorator.py
[2023-08-07T17:41:13.946+0000] {processor.py:836} INFO - DAG(s) dict_keys(['example_task_group_decorator']) retrieved from /home/airflow/.local/lib/python3.7/site-packages/airflow/example_dags/example_task_group_decorator.py
[2023-08-07T17:41:13.960+0000] {logging_mixin.py:150} INFO - [2023-08-07T17:41:13.960+0000] {dag.py:2742} INFO - Sync 1 DAGs
[2023-08-07T17:41:13.990+0000] {logging_mixin.py:150} INFO - [2023-08-07T17:41:13.990+0000] {dag.py:3508} INFO - Setting next_dagrun for example_task_group_decorator to 2023-08-06T17:41:13.990011+00:00, run_after=2023-08-07T17:41:13.990011+00:00
[2023-08-07T17:41:14.015+0000] {processor.py:179} INFO - Processing /home/airflow/.local/lib/python3.7/site-packages/airflow/example_dags/example_task_group_decorator.py took 0.101 seconds
[2023-08-07T17:41:44.695+0000] {processor.py:157} INFO - Started process (PID=101) to work on /home/airflow/.local/lib/python3.7/site-packages/airflow/example_dags/example_task_group_decorator.py
[2023-08-07T17:41:44.696+0000] {processor.py:826} INFO - Processing file /home/airflow/.local/lib/python3.7/site-packages/airflow/example_dags/example_task_group_decorator.py for tasks to queue
[2023-08-07T17:41:44.696+0000] {logging_mixin.py:150} INFO - [2023-08-07T17:41:44.696+0000] {dagbag.py:541} INFO - Filling up the DagBag from /home/airflow/.local/lib/python3.7/site-packages/airflow/example_dags/example_task_group_decorator.py
[2023-08-07T17:41:44.707+0000] {processor.py:836} INFO - DAG(s) dict_keys(['example_task_group_decorator']) retrieved from /home/airflow/.local/lib/python3.7/site-packages/airflow/example_dags/example_task_group_decorator.py
[2023-08-07T17:41:44.745+0000] {logging_mixin.py:150} INFO - [2023-08-07T17:41:44.745+0000] {dag.py:2742} INFO - Sync 1 DAGs
[2023-08-07T17:41:44.769+0000] {logging_mixin.py:150} INFO - [2023-08-07T17:41:44.769+0000] {dag.py:3508} INFO - Setting next_dagrun for example_task_group_decorator to 2023-08-06T17:41:44.769552+00:00, run_after=2023-08-07T17:41:44.769552+00:00
[2023-08-07T17:41:44.787+0000] {processor.py:179} INFO - Processing /home/airflow/.local/lib/python3.7/site-packages/airflow/example_dags/example_task_group_decorator.py took 0.094 seconds
[2023-08-07T17:42:15.439+0000] {processor.py:157} INFO - Started process (PID=163) to work on /home/airflow/.local/lib/python3.7/site-packages/airflow/example_dags/example_task_group_decorator.py
[2023-08-07T17:42:15.439+0000] {processor.py:826} INFO - Processing file /home/airflow/.local/lib/python3.7/site-packages/airflow/example_dags/example_task_group_decorator.py for tasks to queue
[2023-08-07T17:42:15.440+0000] {logging_mixin.py:150} INFO - [2023-08-07T17:42:15.440+0000] {dagbag.py:541} INFO - Filling up the DagBag from /home/airflow/.local/lib/python3.7/site-packages/airflow/example_dags/example_task_group_decorator.py
[2023-08-07T17:42:15.452+0000] {processor.py:836} INFO - DAG(s) dict_keys(['example_task_group_decorator']) retrieved from /home/airflow/.local/lib/python3.7/site-packages/airflow/example_dags/example_task_group_decorator.py
[2023-08-07T17:42:15.474+0000] {logging_mixin.py:150} INFO - [2023-08-07T17:42:15.474+0000] {dag.py:2742} INFO - Sync 1 DAGs
[2023-08-07T17:42:15.497+0000] {logging_mixin.py:150} INFO - [2023-08-07T17:42:15.497+0000] {dag.py:3508} INFO - Setting next_dagrun for example_task_group_decorator to 2023-08-06T17:42:15.497269+00:00, run_after=2023-08-07T17:42:15.497269+00:00
[2023-08-07T17:42:15.515+0000] {processor.py:179} INFO - Processing /home/airflow/.local/lib/python3.7/site-packages/airflow/example_dags/example_task_group_decorator.py took 0.078 seconds
[2023-08-07T17:42:46.333+0000] {processor.py:157} INFO - Started process (PID=225) to work on /home/airflow/.local/lib/python3.7/site-packages/airflow/example_dags/example_task_group_decorator.py
[2023-08-07T17:42:46.334+0000] {processor.py:826} INFO - Processing file /home/airflow/.local/lib/python3.7/site-packages/airflow/example_dags/example_task_group_decorator.py for tasks to queue
[2023-08-07T17:42:46.335+0000] {logging_mixin.py:150} INFO - [2023-08-07T17:42:46.335+0000] {dagbag.py:541} INFO - Filling up the DagBag from /home/airflow/.local/lib/python3.7/site-packages/airflow/example_dags/example_task_group_decorator.py
[2023-08-07T17:42:46.364+0000] {processor.py:836} INFO - DAG(s) dict_keys(['example_task_group_decorator']) retrieved from /home/airflow/.local/lib/python3.7/site-packages/airflow/example_dags/example_task_group_decorator.py
[2023-08-07T17:42:46.388+0000] {logging_mixin.py:150} INFO - [2023-08-07T17:42:46.388+0000] {dag.py:2742} INFO - Sync 1 DAGs
[2023-08-07T17:42:46.410+0000] {logging_mixin.py:150} INFO - [2023-08-07T17:42:46.410+0000] {dag.py:3508} INFO - Setting next_dagrun for example_task_group_decorator to 2023-08-06T17:42:46.410493+00:00, run_after=2023-08-07T17:42:46.410493+00:00
[2023-08-07T17:42:46.428+0000] {processor.py:179} INFO - Processing /home/airflow/.local/lib/python3.7/site-packages/airflow/example_dags/example_task_group_decorator.py took 0.099 seconds
[2023-08-07T17:43:17.239+0000] {processor.py:157} INFO - Started process (PID=288) to work on /home/airflow/.local/lib/python3.7/site-packages/airflow/example_dags/example_task_group_decorator.py
[2023-08-07T17:43:17.240+0000] {processor.py:826} INFO - Processing file /home/airflow/.local/lib/python3.7/site-packages/airflow/example_dags/example_task_group_decorator.py for tasks to queue
[2023-08-07T17:43:17.241+0000] {logging_mixin.py:150} INFO - [2023-08-07T17:43:17.241+0000] {dagbag.py:541} INFO - Filling up the DagBag from /home/airflow/.local/lib/python3.7/site-packages/airflow/example_dags/example_task_group_decorator.py
[2023-08-07T17:43:17.270+0000] {processor.py:836} INFO - DAG(s) dict_keys(['example_task_group_decorator']) retrieved from /home/airflow/.local/lib/python3.7/site-packages/airflow/example_dags/example_task_group_decorator.py
[2023-08-07T17:43:17.295+0000] {logging_mixin.py:150} INFO - [2023-08-07T17:43:17.295+0000] {dag.py:2742} INFO - Sync 1 DAGs
[2023-08-07T17:43:17.318+0000] {logging_mixin.py:150} INFO - [2023-08-07T17:43:17.318+0000] {dag.py:3508} INFO - Setting next_dagrun for example_task_group_decorator to 2023-08-06T17:43:17.318597+00:00, run_after=2023-08-07T17:43:17.318597+00:00
[2023-08-07T17:43:17.337+0000] {processor.py:179} INFO - Processing /home/airflow/.local/lib/python3.7/site-packages/airflow/example_dags/example_task_group_decorator.py took 0.103 seconds
[2023-08-07T17:43:47.439+0000] {processor.py:157} INFO - Started process (PID=350) to work on /home/airflow/.local/lib/python3.7/site-packages/airflow/example_dags/example_task_group_decorator.py
[2023-08-07T17:43:47.440+0000] {processor.py:826} INFO - Processing file /home/airflow/.local/lib/python3.7/site-packages/airflow/example_dags/example_task_group_decorator.py for tasks to queue
[2023-08-07T17:43:47.441+0000] {logging_mixin.py:150} INFO - [2023-08-07T17:43:47.441+0000] {dagbag.py:541} INFO - Filling up the DagBag from /home/airflow/.local/lib/python3.7/site-packages/airflow/example_dags/example_task_group_decorator.py
[2023-08-07T17:43:47.466+0000] {processor.py:836} INFO - DAG(s) dict_keys(['example_task_group_decorator']) retrieved from /home/airflow/.local/lib/python3.7/site-packages/airflow/example_dags/example_task_group_decorator.py
[2023-08-07T17:43:47.489+0000] {logging_mixin.py:150} INFO - [2023-08-07T17:43:47.489+0000] {dag.py:2742} INFO - Sync 1 DAGs
[2023-08-07T17:43:47.512+0000] {logging_mixin.py:150} INFO - [2023-08-07T17:43:47.512+0000] {dag.py:3508} INFO - Setting next_dagrun for example_task_group_decorator to 2023-08-06T17:43:47.512510+00:00, run_after=2023-08-07T17:43:47.512510+00:00
[2023-08-07T17:43:47.530+0000] {processor.py:179} INFO - Processing /home/airflow/.local/lib/python3.7/site-packages/airflow/example_dags/example_task_group_decorator.py took 0.096 seconds
[2023-08-07T18:11:00.373+0000] {processor.py:157} INFO - Started process (PID=40) to work on /home/airflow/.local/lib/python3.7/site-packages/airflow/example_dags/example_task_group_decorator.py
[2023-08-07T18:11:00.374+0000] {processor.py:826} INFO - Processing file /home/airflow/.local/lib/python3.7/site-packages/airflow/example_dags/example_task_group_decorator.py for tasks to queue
[2023-08-07T18:11:00.374+0000] {logging_mixin.py:150} INFO - [2023-08-07T18:11:00.374+0000] {dagbag.py:541} INFO - Filling up the DagBag from /home/airflow/.local/lib/python3.7/site-packages/airflow/example_dags/example_task_group_decorator.py
[2023-08-07T18:11:00.391+0000] {processor.py:836} INFO - DAG(s) dict_keys(['example_task_group_decorator']) retrieved from /home/airflow/.local/lib/python3.7/site-packages/airflow/example_dags/example_task_group_decorator.py
[2023-08-07T18:11:00.404+0000] {logging_mixin.py:150} INFO - [2023-08-07T18:11:00.404+0000] {dag.py:2742} INFO - Sync 1 DAGs
[2023-08-07T18:11:00.436+0000] {logging_mixin.py:150} INFO - [2023-08-07T18:11:00.436+0000] {dag.py:3508} INFO - Setting next_dagrun for example_task_group_decorator to 2023-08-06T18:11:00.435810+00:00, run_after=2023-08-07T18:11:00.435810+00:00
[2023-08-07T18:11:00.462+0000] {processor.py:179} INFO - Processing /home/airflow/.local/lib/python3.7/site-packages/airflow/example_dags/example_task_group_decorator.py took 0.092 seconds
