[2023-08-07T17:08:49.570+0000] {processor.py:157} INFO - Started process (PID=53) to work on /home/airflow/.local/lib/python3.7/site-packages/airflow/example_dags/example_bash_operator.py
[2023-08-07T17:08:49.571+0000] {processor.py:826} INFO - Processing file /home/airflow/.local/lib/python3.7/site-packages/airflow/example_dags/example_bash_operator.py for tasks to queue
[2023-08-07T17:08:49.572+0000] {logging_mixin.py:150} INFO - [2023-08-07T17:08:49.571+0000] {dagbag.py:541} INFO - Filling up the DagBag from /home/airflow/.local/lib/python3.7/site-packages/airflow/example_dags/example_bash_operator.py
[2023-08-07T17:08:49.586+0000] {processor.py:836} INFO - DAG(s) dict_keys(['example_bash_operator']) retrieved from /home/airflow/.local/lib/python3.7/site-packages/airflow/example_dags/example_bash_operator.py
[2023-08-07T17:08:49.597+0000] {logging_mixin.py:150} INFO - [2023-08-07T17:08:49.596+0000] {dag.py:2742} INFO - Sync 1 DAGs
[2023-08-07T17:08:49.628+0000] {logging_mixin.py:150} INFO - [2023-08-07T17:08:49.627+0000] {dag.py:3508} INFO - Setting next_dagrun for example_bash_operator to 2023-08-06T00:00:00+00:00, run_after=2023-08-07T00:00:00+00:00
[2023-08-07T17:08:49.650+0000] {processor.py:179} INFO - Processing /home/airflow/.local/lib/python3.7/site-packages/airflow/example_dags/example_bash_operator.py took 0.082 seconds
[2023-08-07T17:09:20.205+0000] {processor.py:157} INFO - Started process (PID=115) to work on /home/airflow/.local/lib/python3.7/site-packages/airflow/example_dags/example_bash_operator.py
[2023-08-07T17:09:20.206+0000] {processor.py:826} INFO - Processing file /home/airflow/.local/lib/python3.7/site-packages/airflow/example_dags/example_bash_operator.py for tasks to queue
[2023-08-07T17:09:20.206+0000] {logging_mixin.py:150} INFO - [2023-08-07T17:09:20.206+0000] {dagbag.py:541} INFO - Filling up the DagBag from /home/airflow/.local/lib/python3.7/site-packages/airflow/example_dags/example_bash_operator.py
[2023-08-07T17:09:20.217+0000] {processor.py:836} INFO - DAG(s) dict_keys(['example_bash_operator']) retrieved from /home/airflow/.local/lib/python3.7/site-packages/airflow/example_dags/example_bash_operator.py
[2023-08-07T17:09:20.249+0000] {logging_mixin.py:150} INFO - [2023-08-07T17:09:20.249+0000] {dag.py:2742} INFO - Sync 1 DAGs
[2023-08-07T17:09:20.273+0000] {logging_mixin.py:150} INFO - [2023-08-07T17:09:20.273+0000] {dag.py:3508} INFO - Setting next_dagrun for example_bash_operator to 2023-08-06T00:00:00+00:00, run_after=2023-08-07T00:00:00+00:00
[2023-08-07T17:09:20.291+0000] {processor.py:179} INFO - Processing /home/airflow/.local/lib/python3.7/site-packages/airflow/example_dags/example_bash_operator.py took 0.088 seconds
[2023-08-07T17:09:50.819+0000] {processor.py:157} INFO - Started process (PID=177) to work on /home/airflow/.local/lib/python3.7/site-packages/airflow/example_dags/example_bash_operator.py
[2023-08-07T17:09:50.820+0000] {processor.py:826} INFO - Processing file /home/airflow/.local/lib/python3.7/site-packages/airflow/example_dags/example_bash_operator.py for tasks to queue
[2023-08-07T17:09:50.821+0000] {logging_mixin.py:150} INFO - [2023-08-07T17:09:50.821+0000] {dagbag.py:541} INFO - Filling up the DagBag from /home/airflow/.local/lib/python3.7/site-packages/airflow/example_dags/example_bash_operator.py
[2023-08-07T17:09:50.845+0000] {processor.py:836} INFO - DAG(s) dict_keys(['example_bash_operator']) retrieved from /home/airflow/.local/lib/python3.7/site-packages/airflow/example_dags/example_bash_operator.py
[2023-08-07T17:09:50.890+0000] {logging_mixin.py:150} INFO - [2023-08-07T17:09:50.890+0000] {dag.py:2742} INFO - Sync 1 DAGs
[2023-08-07T17:09:50.914+0000] {logging_mixin.py:150} INFO - [2023-08-07T17:09:50.914+0000] {dag.py:3508} INFO - Setting next_dagrun for example_bash_operator to 2023-08-06T00:00:00+00:00, run_after=2023-08-07T00:00:00+00:00
[2023-08-07T17:09:50.931+0000] {processor.py:179} INFO - Processing /home/airflow/.local/lib/python3.7/site-packages/airflow/example_dags/example_bash_operator.py took 0.117 seconds
[2023-08-07T17:10:21.203+0000] {processor.py:157} INFO - Started process (PID=239) to work on /home/airflow/.local/lib/python3.7/site-packages/airflow/example_dags/example_bash_operator.py
[2023-08-07T17:10:21.204+0000] {processor.py:826} INFO - Processing file /home/airflow/.local/lib/python3.7/site-packages/airflow/example_dags/example_bash_operator.py for tasks to queue
[2023-08-07T17:10:21.204+0000] {logging_mixin.py:150} INFO - [2023-08-07T17:10:21.204+0000] {dagbag.py:541} INFO - Filling up the DagBag from /home/airflow/.local/lib/python3.7/site-packages/airflow/example_dags/example_bash_operator.py
[2023-08-07T17:10:21.214+0000] {processor.py:836} INFO - DAG(s) dict_keys(['example_bash_operator']) retrieved from /home/airflow/.local/lib/python3.7/site-packages/airflow/example_dags/example_bash_operator.py
[2023-08-07T17:10:21.264+0000] {logging_mixin.py:150} INFO - [2023-08-07T17:10:21.264+0000] {dag.py:2742} INFO - Sync 1 DAGs
[2023-08-07T17:10:21.288+0000] {logging_mixin.py:150} INFO - [2023-08-07T17:10:21.288+0000] {dag.py:3508} INFO - Setting next_dagrun for example_bash_operator to 2023-08-06T00:00:00+00:00, run_after=2023-08-07T00:00:00+00:00
[2023-08-07T17:10:21.306+0000] {processor.py:179} INFO - Processing /home/airflow/.local/lib/python3.7/site-packages/airflow/example_dags/example_bash_operator.py took 0.104 seconds
[2023-08-07T17:10:51.542+0000] {processor.py:157} INFO - Started process (PID=301) to work on /home/airflow/.local/lib/python3.7/site-packages/airflow/example_dags/example_bash_operator.py
[2023-08-07T17:10:51.543+0000] {processor.py:826} INFO - Processing file /home/airflow/.local/lib/python3.7/site-packages/airflow/example_dags/example_bash_operator.py for tasks to queue
[2023-08-07T17:10:51.544+0000] {logging_mixin.py:150} INFO - [2023-08-07T17:10:51.544+0000] {dagbag.py:541} INFO - Filling up the DagBag from /home/airflow/.local/lib/python3.7/site-packages/airflow/example_dags/example_bash_operator.py
[2023-08-07T17:10:51.569+0000] {processor.py:836} INFO - DAG(s) dict_keys(['example_bash_operator']) retrieved from /home/airflow/.local/lib/python3.7/site-packages/airflow/example_dags/example_bash_operator.py
[2023-08-07T17:10:51.605+0000] {logging_mixin.py:150} INFO - [2023-08-07T17:10:51.605+0000] {dag.py:2742} INFO - Sync 1 DAGs
[2023-08-07T17:10:51.630+0000] {logging_mixin.py:150} INFO - [2023-08-07T17:10:51.630+0000] {dag.py:3508} INFO - Setting next_dagrun for example_bash_operator to 2023-08-06T00:00:00+00:00, run_after=2023-08-07T00:00:00+00:00
[2023-08-07T17:10:51.650+0000] {processor.py:179} INFO - Processing /home/airflow/.local/lib/python3.7/site-packages/airflow/example_dags/example_bash_operator.py took 0.112 seconds
[2023-08-07T17:11:22.473+0000] {processor.py:157} INFO - Started process (PID=363) to work on /home/airflow/.local/lib/python3.7/site-packages/airflow/example_dags/example_bash_operator.py
[2023-08-07T17:11:22.475+0000] {processor.py:826} INFO - Processing file /home/airflow/.local/lib/python3.7/site-packages/airflow/example_dags/example_bash_operator.py for tasks to queue
[2023-08-07T17:11:22.476+0000] {logging_mixin.py:150} INFO - [2023-08-07T17:11:22.475+0000] {dagbag.py:541} INFO - Filling up the DagBag from /home/airflow/.local/lib/python3.7/site-packages/airflow/example_dags/example_bash_operator.py
[2023-08-07T17:11:22.500+0000] {processor.py:836} INFO - DAG(s) dict_keys(['example_bash_operator']) retrieved from /home/airflow/.local/lib/python3.7/site-packages/airflow/example_dags/example_bash_operator.py
[2023-08-07T17:11:22.533+0000] {logging_mixin.py:150} INFO - [2023-08-07T17:11:22.533+0000] {dag.py:2742} INFO - Sync 1 DAGs
[2023-08-07T17:11:22.557+0000] {logging_mixin.py:150} INFO - [2023-08-07T17:11:22.557+0000] {dag.py:3508} INFO - Setting next_dagrun for example_bash_operator to 2023-08-06T00:00:00+00:00, run_after=2023-08-07T00:00:00+00:00
[2023-08-07T17:11:22.574+0000] {processor.py:179} INFO - Processing /home/airflow/.local/lib/python3.7/site-packages/airflow/example_dags/example_bash_operator.py took 0.105 seconds
[2023-08-07T17:11:53.256+0000] {processor.py:157} INFO - Started process (PID=425) to work on /home/airflow/.local/lib/python3.7/site-packages/airflow/example_dags/example_bash_operator.py
[2023-08-07T17:11:53.257+0000] {processor.py:826} INFO - Processing file /home/airflow/.local/lib/python3.7/site-packages/airflow/example_dags/example_bash_operator.py for tasks to queue
[2023-08-07T17:11:53.258+0000] {logging_mixin.py:150} INFO - [2023-08-07T17:11:53.258+0000] {dagbag.py:541} INFO - Filling up the DagBag from /home/airflow/.local/lib/python3.7/site-packages/airflow/example_dags/example_bash_operator.py
[2023-08-07T17:11:53.283+0000] {processor.py:836} INFO - DAG(s) dict_keys(['example_bash_operator']) retrieved from /home/airflow/.local/lib/python3.7/site-packages/airflow/example_dags/example_bash_operator.py
[2023-08-07T17:11:53.330+0000] {logging_mixin.py:150} INFO - [2023-08-07T17:11:53.329+0000] {dag.py:2742} INFO - Sync 1 DAGs
[2023-08-07T17:11:53.353+0000] {logging_mixin.py:150} INFO - [2023-08-07T17:11:53.353+0000] {dag.py:3508} INFO - Setting next_dagrun for example_bash_operator to 2023-08-06T00:00:00+00:00, run_after=2023-08-07T00:00:00+00:00
[2023-08-07T17:11:53.370+0000] {processor.py:179} INFO - Processing /home/airflow/.local/lib/python3.7/site-packages/airflow/example_dags/example_bash_operator.py took 0.119 seconds
[2023-08-07T17:12:23.876+0000] {processor.py:157} INFO - Started process (PID=487) to work on /home/airflow/.local/lib/python3.7/site-packages/airflow/example_dags/example_bash_operator.py
[2023-08-07T17:12:23.876+0000] {processor.py:826} INFO - Processing file /home/airflow/.local/lib/python3.7/site-packages/airflow/example_dags/example_bash_operator.py for tasks to queue
[2023-08-07T17:12:23.877+0000] {logging_mixin.py:150} INFO - [2023-08-07T17:12:23.877+0000] {dagbag.py:541} INFO - Filling up the DagBag from /home/airflow/.local/lib/python3.7/site-packages/airflow/example_dags/example_bash_operator.py
[2023-08-07T17:12:23.887+0000] {processor.py:836} INFO - DAG(s) dict_keys(['example_bash_operator']) retrieved from /home/airflow/.local/lib/python3.7/site-packages/airflow/example_dags/example_bash_operator.py
[2023-08-07T17:12:23.937+0000] {logging_mixin.py:150} INFO - [2023-08-07T17:12:23.936+0000] {dag.py:2742} INFO - Sync 1 DAGs
[2023-08-07T17:12:23.961+0000] {logging_mixin.py:150} INFO - [2023-08-07T17:12:23.961+0000] {dag.py:3508} INFO - Setting next_dagrun for example_bash_operator to 2023-08-06T00:00:00+00:00, run_after=2023-08-07T00:00:00+00:00
[2023-08-07T17:12:23.981+0000] {processor.py:179} INFO - Processing /home/airflow/.local/lib/python3.7/site-packages/airflow/example_dags/example_bash_operator.py took 0.107 seconds
[2023-08-07T17:12:54.751+0000] {processor.py:157} INFO - Started process (PID=549) to work on /home/airflow/.local/lib/python3.7/site-packages/airflow/example_dags/example_bash_operator.py
[2023-08-07T17:12:54.752+0000] {processor.py:826} INFO - Processing file /home/airflow/.local/lib/python3.7/site-packages/airflow/example_dags/example_bash_operator.py for tasks to queue
[2023-08-07T17:12:54.752+0000] {logging_mixin.py:150} INFO - [2023-08-07T17:12:54.752+0000] {dagbag.py:541} INFO - Filling up the DagBag from /home/airflow/.local/lib/python3.7/site-packages/airflow/example_dags/example_bash_operator.py
[2023-08-07T17:12:54.762+0000] {processor.py:836} INFO - DAG(s) dict_keys(['example_bash_operator']) retrieved from /home/airflow/.local/lib/python3.7/site-packages/airflow/example_dags/example_bash_operator.py
[2023-08-07T17:12:54.793+0000] {logging_mixin.py:150} INFO - [2023-08-07T17:12:54.793+0000] {dag.py:2742} INFO - Sync 1 DAGs
[2023-08-07T17:12:54.817+0000] {logging_mixin.py:150} INFO - [2023-08-07T17:12:54.817+0000] {dag.py:3508} INFO - Setting next_dagrun for example_bash_operator to 2023-08-06T00:00:00+00:00, run_after=2023-08-07T00:00:00+00:00
[2023-08-07T17:12:54.833+0000] {processor.py:179} INFO - Processing /home/airflow/.local/lib/python3.7/site-packages/airflow/example_dags/example_bash_operator.py took 0.084 seconds
[2023-08-07T17:13:25.144+0000] {processor.py:157} INFO - Started process (PID=611) to work on /home/airflow/.local/lib/python3.7/site-packages/airflow/example_dags/example_bash_operator.py
[2023-08-07T17:13:25.144+0000] {processor.py:826} INFO - Processing file /home/airflow/.local/lib/python3.7/site-packages/airflow/example_dags/example_bash_operator.py for tasks to queue
[2023-08-07T17:13:25.145+0000] {logging_mixin.py:150} INFO - [2023-08-07T17:13:25.145+0000] {dagbag.py:541} INFO - Filling up the DagBag from /home/airflow/.local/lib/python3.7/site-packages/airflow/example_dags/example_bash_operator.py
[2023-08-07T17:13:25.155+0000] {processor.py:836} INFO - DAG(s) dict_keys(['example_bash_operator']) retrieved from /home/airflow/.local/lib/python3.7/site-packages/airflow/example_dags/example_bash_operator.py
[2023-08-07T17:13:25.187+0000] {logging_mixin.py:150} INFO - [2023-08-07T17:13:25.187+0000] {dag.py:2742} INFO - Sync 1 DAGs
[2023-08-07T17:13:25.211+0000] {logging_mixin.py:150} INFO - [2023-08-07T17:13:25.210+0000] {dag.py:3508} INFO - Setting next_dagrun for example_bash_operator to 2023-08-06T00:00:00+00:00, run_after=2023-08-07T00:00:00+00:00
[2023-08-07T17:13:25.229+0000] {processor.py:179} INFO - Processing /home/airflow/.local/lib/python3.7/site-packages/airflow/example_dags/example_bash_operator.py took 0.087 seconds
[2023-08-07T17:13:55.857+0000] {processor.py:157} INFO - Started process (PID=673) to work on /home/airflow/.local/lib/python3.7/site-packages/airflow/example_dags/example_bash_operator.py
[2023-08-07T17:13:55.858+0000] {processor.py:826} INFO - Processing file /home/airflow/.local/lib/python3.7/site-packages/airflow/example_dags/example_bash_operator.py for tasks to queue
[2023-08-07T17:13:55.858+0000] {logging_mixin.py:150} INFO - [2023-08-07T17:13:55.858+0000] {dagbag.py:541} INFO - Filling up the DagBag from /home/airflow/.local/lib/python3.7/site-packages/airflow/example_dags/example_bash_operator.py
[2023-08-07T17:13:55.869+0000] {processor.py:836} INFO - DAG(s) dict_keys(['example_bash_operator']) retrieved from /home/airflow/.local/lib/python3.7/site-packages/airflow/example_dags/example_bash_operator.py
[2023-08-07T17:13:55.914+0000] {logging_mixin.py:150} INFO - [2023-08-07T17:13:55.914+0000] {dag.py:2742} INFO - Sync 1 DAGs
[2023-08-07T17:13:55.940+0000] {logging_mixin.py:150} INFO - [2023-08-07T17:13:55.940+0000] {dag.py:3508} INFO - Setting next_dagrun for example_bash_operator to 2023-08-06T00:00:00+00:00, run_after=2023-08-07T00:00:00+00:00
[2023-08-07T17:13:55.958+0000] {processor.py:179} INFO - Processing /home/airflow/.local/lib/python3.7/site-packages/airflow/example_dags/example_bash_operator.py took 0.103 seconds
[2023-08-07T17:14:26.744+0000] {processor.py:157} INFO - Started process (PID=735) to work on /home/airflow/.local/lib/python3.7/site-packages/airflow/example_dags/example_bash_operator.py
[2023-08-07T17:14:26.744+0000] {processor.py:826} INFO - Processing file /home/airflow/.local/lib/python3.7/site-packages/airflow/example_dags/example_bash_operator.py for tasks to queue
[2023-08-07T17:14:26.745+0000] {logging_mixin.py:150} INFO - [2023-08-07T17:14:26.745+0000] {dagbag.py:541} INFO - Filling up the DagBag from /home/airflow/.local/lib/python3.7/site-packages/airflow/example_dags/example_bash_operator.py
[2023-08-07T17:14:26.755+0000] {processor.py:836} INFO - DAG(s) dict_keys(['example_bash_operator']) retrieved from /home/airflow/.local/lib/python3.7/site-packages/airflow/example_dags/example_bash_operator.py
[2023-08-07T17:14:26.786+0000] {logging_mixin.py:150} INFO - [2023-08-07T17:14:26.786+0000] {dag.py:2742} INFO - Sync 1 DAGs
[2023-08-07T17:14:26.810+0000] {logging_mixin.py:150} INFO - [2023-08-07T17:14:26.810+0000] {dag.py:3508} INFO - Setting next_dagrun for example_bash_operator to 2023-08-06T00:00:00+00:00, run_after=2023-08-07T00:00:00+00:00
[2023-08-07T17:14:26.828+0000] {processor.py:179} INFO - Processing /home/airflow/.local/lib/python3.7/site-packages/airflow/example_dags/example_bash_operator.py took 0.086 seconds
[2023-08-07T17:14:57.039+0000] {processor.py:157} INFO - Started process (PID=797) to work on /home/airflow/.local/lib/python3.7/site-packages/airflow/example_dags/example_bash_operator.py
[2023-08-07T17:14:57.040+0000] {processor.py:826} INFO - Processing file /home/airflow/.local/lib/python3.7/site-packages/airflow/example_dags/example_bash_operator.py for tasks to queue
[2023-08-07T17:14:57.041+0000] {logging_mixin.py:150} INFO - [2023-08-07T17:14:57.041+0000] {dagbag.py:541} INFO - Filling up the DagBag from /home/airflow/.local/lib/python3.7/site-packages/airflow/example_dags/example_bash_operator.py
[2023-08-07T17:14:57.066+0000] {processor.py:836} INFO - DAG(s) dict_keys(['example_bash_operator']) retrieved from /home/airflow/.local/lib/python3.7/site-packages/airflow/example_dags/example_bash_operator.py
[2023-08-07T17:14:57.102+0000] {logging_mixin.py:150} INFO - [2023-08-07T17:14:57.102+0000] {dag.py:2742} INFO - Sync 1 DAGs
[2023-08-07T17:14:57.126+0000] {logging_mixin.py:150} INFO - [2023-08-07T17:14:57.126+0000] {dag.py:3508} INFO - Setting next_dagrun for example_bash_operator to 2023-08-06T00:00:00+00:00, run_after=2023-08-07T00:00:00+00:00
[2023-08-07T17:14:57.143+0000] {processor.py:179} INFO - Processing /home/airflow/.local/lib/python3.7/site-packages/airflow/example_dags/example_bash_operator.py took 0.109 seconds
[2023-08-07T17:15:28.176+0000] {processor.py:157} INFO - Started process (PID=859) to work on /home/airflow/.local/lib/python3.7/site-packages/airflow/example_dags/example_bash_operator.py
[2023-08-07T17:15:28.177+0000] {processor.py:826} INFO - Processing file /home/airflow/.local/lib/python3.7/site-packages/airflow/example_dags/example_bash_operator.py for tasks to queue
[2023-08-07T17:15:28.178+0000] {logging_mixin.py:150} INFO - [2023-08-07T17:15:28.178+0000] {dagbag.py:541} INFO - Filling up the DagBag from /home/airflow/.local/lib/python3.7/site-packages/airflow/example_dags/example_bash_operator.py
[2023-08-07T17:15:28.202+0000] {processor.py:836} INFO - DAG(s) dict_keys(['example_bash_operator']) retrieved from /home/airflow/.local/lib/python3.7/site-packages/airflow/example_dags/example_bash_operator.py
[2023-08-07T17:15:28.235+0000] {logging_mixin.py:150} INFO - [2023-08-07T17:15:28.235+0000] {dag.py:2742} INFO - Sync 1 DAGs
[2023-08-07T17:15:28.259+0000] {logging_mixin.py:150} INFO - [2023-08-07T17:15:28.259+0000] {dag.py:3508} INFO - Setting next_dagrun for example_bash_operator to 2023-08-06T00:00:00+00:00, run_after=2023-08-07T00:00:00+00:00
[2023-08-07T17:15:28.275+0000] {processor.py:179} INFO - Processing /home/airflow/.local/lib/python3.7/site-packages/airflow/example_dags/example_bash_operator.py took 0.103 seconds
[2023-08-07T17:15:58.521+0000] {processor.py:157} INFO - Started process (PID=921) to work on /home/airflow/.local/lib/python3.7/site-packages/airflow/example_dags/example_bash_operator.py
[2023-08-07T17:15:58.522+0000] {processor.py:826} INFO - Processing file /home/airflow/.local/lib/python3.7/site-packages/airflow/example_dags/example_bash_operator.py for tasks to queue
[2023-08-07T17:15:58.523+0000] {logging_mixin.py:150} INFO - [2023-08-07T17:15:58.523+0000] {dagbag.py:541} INFO - Filling up the DagBag from /home/airflow/.local/lib/python3.7/site-packages/airflow/example_dags/example_bash_operator.py
[2023-08-07T17:15:58.535+0000] {processor.py:836} INFO - DAG(s) dict_keys(['example_bash_operator']) retrieved from /home/airflow/.local/lib/python3.7/site-packages/airflow/example_dags/example_bash_operator.py
[2023-08-07T17:15:58.575+0000] {logging_mixin.py:150} INFO - [2023-08-07T17:15:58.575+0000] {dag.py:2742} INFO - Sync 1 DAGs
[2023-08-07T17:15:58.598+0000] {logging_mixin.py:150} INFO - [2023-08-07T17:15:58.598+0000] {dag.py:3508} INFO - Setting next_dagrun for example_bash_operator to 2023-08-06T00:00:00+00:00, run_after=2023-08-07T00:00:00+00:00
[2023-08-07T17:15:58.618+0000] {processor.py:179} INFO - Processing /home/airflow/.local/lib/python3.7/site-packages/airflow/example_dags/example_bash_operator.py took 0.103 seconds
[2023-08-07T17:16:29.031+0000] {processor.py:157} INFO - Started process (PID=983) to work on /home/airflow/.local/lib/python3.7/site-packages/airflow/example_dags/example_bash_operator.py
[2023-08-07T17:16:29.031+0000] {processor.py:826} INFO - Processing file /home/airflow/.local/lib/python3.7/site-packages/airflow/example_dags/example_bash_operator.py for tasks to queue
[2023-08-07T17:16:29.032+0000] {logging_mixin.py:150} INFO - [2023-08-07T17:16:29.032+0000] {dagbag.py:541} INFO - Filling up the DagBag from /home/airflow/.local/lib/python3.7/site-packages/airflow/example_dags/example_bash_operator.py
[2023-08-07T17:16:29.042+0000] {processor.py:836} INFO - DAG(s) dict_keys(['example_bash_operator']) retrieved from /home/airflow/.local/lib/python3.7/site-packages/airflow/example_dags/example_bash_operator.py
[2023-08-07T17:16:29.072+0000] {logging_mixin.py:150} INFO - [2023-08-07T17:16:29.072+0000] {dag.py:2742} INFO - Sync 1 DAGs
[2023-08-07T17:16:29.094+0000] {logging_mixin.py:150} INFO - [2023-08-07T17:16:29.094+0000] {dag.py:3508} INFO - Setting next_dagrun for example_bash_operator to 2023-08-06T00:00:00+00:00, run_after=2023-08-07T00:00:00+00:00
[2023-08-07T17:16:29.111+0000] {processor.py:179} INFO - Processing /home/airflow/.local/lib/python3.7/site-packages/airflow/example_dags/example_bash_operator.py took 0.082 seconds
[2023-08-07T17:41:15.821+0000] {processor.py:157} INFO - Started process (PID=52) to work on /home/airflow/.local/lib/python3.7/site-packages/airflow/example_dags/example_bash_operator.py
[2023-08-07T17:41:15.822+0000] {processor.py:826} INFO - Processing file /home/airflow/.local/lib/python3.7/site-packages/airflow/example_dags/example_bash_operator.py for tasks to queue
[2023-08-07T17:41:15.823+0000] {logging_mixin.py:150} INFO - [2023-08-07T17:41:15.823+0000] {dagbag.py:541} INFO - Filling up the DagBag from /home/airflow/.local/lib/python3.7/site-packages/airflow/example_dags/example_bash_operator.py
[2023-08-07T17:41:15.839+0000] {processor.py:836} INFO - DAG(s) dict_keys(['example_bash_operator']) retrieved from /home/airflow/.local/lib/python3.7/site-packages/airflow/example_dags/example_bash_operator.py
[2023-08-07T17:41:15.853+0000] {logging_mixin.py:150} INFO - [2023-08-07T17:41:15.853+0000] {dag.py:2742} INFO - Sync 1 DAGs
[2023-08-07T17:41:15.884+0000] {logging_mixin.py:150} INFO - [2023-08-07T17:41:15.883+0000] {dag.py:3508} INFO - Setting next_dagrun for example_bash_operator to 2023-08-06T00:00:00+00:00, run_after=2023-08-07T00:00:00+00:00
[2023-08-07T17:41:15.905+0000] {processor.py:179} INFO - Processing /home/airflow/.local/lib/python3.7/site-packages/airflow/example_dags/example_bash_operator.py took 0.088 seconds
[2023-08-07T17:41:46.461+0000] {processor.py:157} INFO - Started process (PID=114) to work on /home/airflow/.local/lib/python3.7/site-packages/airflow/example_dags/example_bash_operator.py
[2023-08-07T17:41:46.462+0000] {processor.py:826} INFO - Processing file /home/airflow/.local/lib/python3.7/site-packages/airflow/example_dags/example_bash_operator.py for tasks to queue
[2023-08-07T17:41:46.462+0000] {logging_mixin.py:150} INFO - [2023-08-07T17:41:46.462+0000] {dagbag.py:541} INFO - Filling up the DagBag from /home/airflow/.local/lib/python3.7/site-packages/airflow/example_dags/example_bash_operator.py
[2023-08-07T17:41:46.472+0000] {processor.py:836} INFO - DAG(s) dict_keys(['example_bash_operator']) retrieved from /home/airflow/.local/lib/python3.7/site-packages/airflow/example_dags/example_bash_operator.py
[2023-08-07T17:41:46.503+0000] {logging_mixin.py:150} INFO - [2023-08-07T17:41:46.503+0000] {dag.py:2742} INFO - Sync 1 DAGs
[2023-08-07T17:41:46.525+0000] {logging_mixin.py:150} INFO - [2023-08-07T17:41:46.525+0000] {dag.py:3508} INFO - Setting next_dagrun for example_bash_operator to 2023-08-06T00:00:00+00:00, run_after=2023-08-07T00:00:00+00:00
[2023-08-07T17:41:46.543+0000] {processor.py:179} INFO - Processing /home/airflow/.local/lib/python3.7/site-packages/airflow/example_dags/example_bash_operator.py took 0.084 seconds
[2023-08-07T17:42:17.225+0000] {processor.py:157} INFO - Started process (PID=176) to work on /home/airflow/.local/lib/python3.7/site-packages/airflow/example_dags/example_bash_operator.py
[2023-08-07T17:42:17.225+0000] {processor.py:826} INFO - Processing file /home/airflow/.local/lib/python3.7/site-packages/airflow/example_dags/example_bash_operator.py for tasks to queue
[2023-08-07T17:42:17.226+0000] {logging_mixin.py:150} INFO - [2023-08-07T17:42:17.226+0000] {dagbag.py:541} INFO - Filling up the DagBag from /home/airflow/.local/lib/python3.7/site-packages/airflow/example_dags/example_bash_operator.py
[2023-08-07T17:42:17.236+0000] {processor.py:836} INFO - DAG(s) dict_keys(['example_bash_operator']) retrieved from /home/airflow/.local/lib/python3.7/site-packages/airflow/example_dags/example_bash_operator.py
[2023-08-07T17:42:17.267+0000] {logging_mixin.py:150} INFO - [2023-08-07T17:42:17.267+0000] {dag.py:2742} INFO - Sync 1 DAGs
[2023-08-07T17:42:17.290+0000] {logging_mixin.py:150} INFO - [2023-08-07T17:42:17.290+0000] {dag.py:3508} INFO - Setting next_dagrun for example_bash_operator to 2023-08-06T00:00:00+00:00, run_after=2023-08-07T00:00:00+00:00
[2023-08-07T17:42:17.307+0000] {processor.py:179} INFO - Processing /home/airflow/.local/lib/python3.7/site-packages/airflow/example_dags/example_bash_operator.py took 0.084 seconds
[2023-08-07T17:42:48.258+0000] {processor.py:157} INFO - Started process (PID=238) to work on /home/airflow/.local/lib/python3.7/site-packages/airflow/example_dags/example_bash_operator.py
[2023-08-07T17:42:48.258+0000] {processor.py:826} INFO - Processing file /home/airflow/.local/lib/python3.7/site-packages/airflow/example_dags/example_bash_operator.py for tasks to queue
[2023-08-07T17:42:48.259+0000] {logging_mixin.py:150} INFO - [2023-08-07T17:42:48.259+0000] {dagbag.py:541} INFO - Filling up the DagBag from /home/airflow/.local/lib/python3.7/site-packages/airflow/example_dags/example_bash_operator.py
[2023-08-07T17:42:48.270+0000] {processor.py:836} INFO - DAG(s) dict_keys(['example_bash_operator']) retrieved from /home/airflow/.local/lib/python3.7/site-packages/airflow/example_dags/example_bash_operator.py
[2023-08-07T17:42:48.304+0000] {logging_mixin.py:150} INFO - [2023-08-07T17:42:48.304+0000] {dag.py:2742} INFO - Sync 1 DAGs
[2023-08-07T17:42:48.329+0000] {logging_mixin.py:150} INFO - [2023-08-07T17:42:48.328+0000] {dag.py:3508} INFO - Setting next_dagrun for example_bash_operator to 2023-08-06T00:00:00+00:00, run_after=2023-08-07T00:00:00+00:00
[2023-08-07T17:42:48.346+0000] {processor.py:179} INFO - Processing /home/airflow/.local/lib/python3.7/site-packages/airflow/example_dags/example_bash_operator.py took 0.091 seconds
[2023-08-07T17:43:19.215+0000] {processor.py:157} INFO - Started process (PID=301) to work on /home/airflow/.local/lib/python3.7/site-packages/airflow/example_dags/example_bash_operator.py
[2023-08-07T17:43:19.216+0000] {processor.py:826} INFO - Processing file /home/airflow/.local/lib/python3.7/site-packages/airflow/example_dags/example_bash_operator.py for tasks to queue
[2023-08-07T17:43:19.217+0000] {logging_mixin.py:150} INFO - [2023-08-07T17:43:19.216+0000] {dagbag.py:541} INFO - Filling up the DagBag from /home/airflow/.local/lib/python3.7/site-packages/airflow/example_dags/example_bash_operator.py
[2023-08-07T17:43:19.229+0000] {processor.py:836} INFO - DAG(s) dict_keys(['example_bash_operator']) retrieved from /home/airflow/.local/lib/python3.7/site-packages/airflow/example_dags/example_bash_operator.py
[2023-08-07T17:43:19.274+0000] {logging_mixin.py:150} INFO - [2023-08-07T17:43:19.274+0000] {dag.py:2742} INFO - Sync 1 DAGs
[2023-08-07T17:43:19.299+0000] {logging_mixin.py:150} INFO - [2023-08-07T17:43:19.299+0000] {dag.py:3508} INFO - Setting next_dagrun for example_bash_operator to 2023-08-06T00:00:00+00:00, run_after=2023-08-07T00:00:00+00:00
[2023-08-07T17:43:19.317+0000] {processor.py:179} INFO - Processing /home/airflow/.local/lib/python3.7/site-packages/airflow/example_dags/example_bash_operator.py took 0.105 seconds
[2023-08-07T17:43:50.365+0000] {processor.py:157} INFO - Started process (PID=363) to work on /home/airflow/.local/lib/python3.7/site-packages/airflow/example_dags/example_bash_operator.py
[2023-08-07T17:43:50.366+0000] {processor.py:826} INFO - Processing file /home/airflow/.local/lib/python3.7/site-packages/airflow/example_dags/example_bash_operator.py for tasks to queue
[2023-08-07T17:43:50.366+0000] {logging_mixin.py:150} INFO - [2023-08-07T17:43:50.366+0000] {dagbag.py:541} INFO - Filling up the DagBag from /home/airflow/.local/lib/python3.7/site-packages/airflow/example_dags/example_bash_operator.py
[2023-08-07T17:43:50.378+0000] {processor.py:836} INFO - DAG(s) dict_keys(['example_bash_operator']) retrieved from /home/airflow/.local/lib/python3.7/site-packages/airflow/example_dags/example_bash_operator.py
[2023-08-07T17:43:50.412+0000] {logging_mixin.py:150} INFO - [2023-08-07T17:43:50.412+0000] {dag.py:2742} INFO - Sync 1 DAGs
[2023-08-07T17:43:50.439+0000] {logging_mixin.py:150} INFO - [2023-08-07T17:43:50.438+0000] {dag.py:3508} INFO - Setting next_dagrun for example_bash_operator to 2023-08-06T00:00:00+00:00, run_after=2023-08-07T00:00:00+00:00
[2023-08-07T17:43:50.460+0000] {processor.py:179} INFO - Processing /home/airflow/.local/lib/python3.7/site-packages/airflow/example_dags/example_bash_operator.py took 0.097 seconds
[2023-08-07T18:11:02.274+0000] {processor.py:157} INFO - Started process (PID=53) to work on /home/airflow/.local/lib/python3.7/site-packages/airflow/example_dags/example_bash_operator.py
[2023-08-07T18:11:02.275+0000] {processor.py:826} INFO - Processing file /home/airflow/.local/lib/python3.7/site-packages/airflow/example_dags/example_bash_operator.py for tasks to queue
[2023-08-07T18:11:02.276+0000] {logging_mixin.py:150} INFO - [2023-08-07T18:11:02.275+0000] {dagbag.py:541} INFO - Filling up the DagBag from /home/airflow/.local/lib/python3.7/site-packages/airflow/example_dags/example_bash_operator.py
[2023-08-07T18:11:02.290+0000] {processor.py:836} INFO - DAG(s) dict_keys(['example_bash_operator']) retrieved from /home/airflow/.local/lib/python3.7/site-packages/airflow/example_dags/example_bash_operator.py
[2023-08-07T18:11:02.300+0000] {logging_mixin.py:150} INFO - [2023-08-07T18:11:02.300+0000] {dag.py:2742} INFO - Sync 1 DAGs
[2023-08-07T18:11:02.328+0000] {logging_mixin.py:150} INFO - [2023-08-07T18:11:02.328+0000] {dag.py:3508} INFO - Setting next_dagrun for example_bash_operator to 2023-08-06T00:00:00+00:00, run_after=2023-08-07T00:00:00+00:00
[2023-08-07T18:11:02.347+0000] {processor.py:179} INFO - Processing /home/airflow/.local/lib/python3.7/site-packages/airflow/example_dags/example_bash_operator.py took 0.076 seconds
