[2023-08-07T17:08:47.327+0000] {processor.py:157} INFO - Started process (PID=35) to work on /home/airflow/.local/lib/python3.7/site-packages/airflow/example_dags/example_dynamic_task_mapping_with_no_taskflow_operators.py
[2023-08-07T17:08:47.335+0000] {processor.py:826} INFO - Processing file /home/airflow/.local/lib/python3.7/site-packages/airflow/example_dags/example_dynamic_task_mapping_with_no_taskflow_operators.py for tasks to queue
[2023-08-07T17:08:47.338+0000] {logging_mixin.py:150} INFO - [2023-08-07T17:08:47.338+0000] {dagbag.py:541} INFO - Filling up the DagBag from /home/airflow/.local/lib/python3.7/site-packages/airflow/example_dags/example_dynamic_task_mapping_with_no_taskflow_operators.py
[2023-08-07T17:08:47.347+0000] {processor.py:836} INFO - DAG(s) dict_keys(['example_dynamic_task_mapping_with_no_taskflow_operators']) retrieved from /home/airflow/.local/lib/python3.7/site-packages/airflow/example_dags/example_dynamic_task_mapping_with_no_taskflow_operators.py
[2023-08-07T17:08:47.360+0000] {logging_mixin.py:150} INFO - [2023-08-07T17:08:47.360+0000] {dag.py:2742} INFO - Sync 1 DAGs
[2023-08-07T17:08:47.389+0000] {logging_mixin.py:150} INFO - [2023-08-07T17:08:47.389+0000] {dag.py:3508} INFO - Setting next_dagrun for example_dynamic_task_mapping_with_no_taskflow_operators to 2023-08-06T17:08:47.389442+00:00, run_after=2023-08-07T17:08:47.389442+00:00
[2023-08-07T17:08:47.409+0000] {processor.py:179} INFO - Processing /home/airflow/.local/lib/python3.7/site-packages/airflow/example_dags/example_dynamic_task_mapping_with_no_taskflow_operators.py took 0.093 seconds
[2023-08-07T17:09:18.133+0000] {processor.py:157} INFO - Started process (PID=97) to work on /home/airflow/.local/lib/python3.7/site-packages/airflow/example_dags/example_dynamic_task_mapping_with_no_taskflow_operators.py
[2023-08-07T17:09:18.134+0000] {processor.py:826} INFO - Processing file /home/airflow/.local/lib/python3.7/site-packages/airflow/example_dags/example_dynamic_task_mapping_with_no_taskflow_operators.py for tasks to queue
[2023-08-07T17:09:18.134+0000] {logging_mixin.py:150} INFO - [2023-08-07T17:09:18.134+0000] {dagbag.py:541} INFO - Filling up the DagBag from /home/airflow/.local/lib/python3.7/site-packages/airflow/example_dags/example_dynamic_task_mapping_with_no_taskflow_operators.py
[2023-08-07T17:09:18.143+0000] {processor.py:836} INFO - DAG(s) dict_keys(['example_dynamic_task_mapping_with_no_taskflow_operators']) retrieved from /home/airflow/.local/lib/python3.7/site-packages/airflow/example_dags/example_dynamic_task_mapping_with_no_taskflow_operators.py
[2023-08-07T17:09:18.163+0000] {logging_mixin.py:150} INFO - [2023-08-07T17:09:18.163+0000] {dag.py:2742} INFO - Sync 1 DAGs
[2023-08-07T17:09:18.185+0000] {logging_mixin.py:150} INFO - [2023-08-07T17:09:18.185+0000] {dag.py:3508} INFO - Setting next_dagrun for example_dynamic_task_mapping_with_no_taskflow_operators to 2023-08-06T17:09:18.185127+00:00, run_after=2023-08-07T17:09:18.185127+00:00
[2023-08-07T17:09:18.202+0000] {processor.py:179} INFO - Processing /home/airflow/.local/lib/python3.7/site-packages/airflow/example_dags/example_dynamic_task_mapping_with_no_taskflow_operators.py took 0.074 seconds
[2023-08-07T17:09:48.675+0000] {processor.py:157} INFO - Started process (PID=159) to work on /home/airflow/.local/lib/python3.7/site-packages/airflow/example_dags/example_dynamic_task_mapping_with_no_taskflow_operators.py
[2023-08-07T17:09:48.675+0000] {processor.py:826} INFO - Processing file /home/airflow/.local/lib/python3.7/site-packages/airflow/example_dags/example_dynamic_task_mapping_with_no_taskflow_operators.py for tasks to queue
[2023-08-07T17:09:48.676+0000] {logging_mixin.py:150} INFO - [2023-08-07T17:09:48.675+0000] {dagbag.py:541} INFO - Filling up the DagBag from /home/airflow/.local/lib/python3.7/site-packages/airflow/example_dags/example_dynamic_task_mapping_with_no_taskflow_operators.py
[2023-08-07T17:09:48.680+0000] {processor.py:836} INFO - DAG(s) dict_keys(['example_dynamic_task_mapping_with_no_taskflow_operators']) retrieved from /home/airflow/.local/lib/python3.7/site-packages/airflow/example_dags/example_dynamic_task_mapping_with_no_taskflow_operators.py
[2023-08-07T17:09:48.698+0000] {logging_mixin.py:150} INFO - [2023-08-07T17:09:48.698+0000] {dag.py:2742} INFO - Sync 1 DAGs
[2023-08-07T17:09:48.720+0000] {logging_mixin.py:150} INFO - [2023-08-07T17:09:48.720+0000] {dag.py:3508} INFO - Setting next_dagrun for example_dynamic_task_mapping_with_no_taskflow_operators to 2023-08-06T17:09:48.720462+00:00, run_after=2023-08-07T17:09:48.720462+00:00
[2023-08-07T17:09:48.736+0000] {processor.py:179} INFO - Processing /home/airflow/.local/lib/python3.7/site-packages/airflow/example_dags/example_dynamic_task_mapping_with_no_taskflow_operators.py took 0.064 seconds
[2023-08-07T17:10:18.835+0000] {processor.py:157} INFO - Started process (PID=221) to work on /home/airflow/.local/lib/python3.7/site-packages/airflow/example_dags/example_dynamic_task_mapping_with_no_taskflow_operators.py
[2023-08-07T17:10:18.836+0000] {processor.py:826} INFO - Processing file /home/airflow/.local/lib/python3.7/site-packages/airflow/example_dags/example_dynamic_task_mapping_with_no_taskflow_operators.py for tasks to queue
[2023-08-07T17:10:18.837+0000] {logging_mixin.py:150} INFO - [2023-08-07T17:10:18.837+0000] {dagbag.py:541} INFO - Filling up the DagBag from /home/airflow/.local/lib/python3.7/site-packages/airflow/example_dags/example_dynamic_task_mapping_with_no_taskflow_operators.py
[2023-08-07T17:10:18.847+0000] {processor.py:836} INFO - DAG(s) dict_keys(['example_dynamic_task_mapping_with_no_taskflow_operators']) retrieved from /home/airflow/.local/lib/python3.7/site-packages/airflow/example_dags/example_dynamic_task_mapping_with_no_taskflow_operators.py
[2023-08-07T17:10:18.873+0000] {logging_mixin.py:150} INFO - [2023-08-07T17:10:18.873+0000] {dag.py:2742} INFO - Sync 1 DAGs
[2023-08-07T17:10:18.896+0000] {logging_mixin.py:150} INFO - [2023-08-07T17:10:18.896+0000] {dag.py:3508} INFO - Setting next_dagrun for example_dynamic_task_mapping_with_no_taskflow_operators to 2023-08-06T17:10:18.896153+00:00, run_after=2023-08-07T17:10:18.896153+00:00
[2023-08-07T17:10:18.911+0000] {processor.py:179} INFO - Processing /home/airflow/.local/lib/python3.7/site-packages/airflow/example_dags/example_dynamic_task_mapping_with_no_taskflow_operators.py took 0.080 seconds
[2023-08-07T17:10:49.285+0000] {processor.py:157} INFO - Started process (PID=283) to work on /home/airflow/.local/lib/python3.7/site-packages/airflow/example_dags/example_dynamic_task_mapping_with_no_taskflow_operators.py
[2023-08-07T17:10:49.287+0000] {processor.py:826} INFO - Processing file /home/airflow/.local/lib/python3.7/site-packages/airflow/example_dags/example_dynamic_task_mapping_with_no_taskflow_operators.py for tasks to queue
[2023-08-07T17:10:49.288+0000] {logging_mixin.py:150} INFO - [2023-08-07T17:10:49.287+0000] {dagbag.py:541} INFO - Filling up the DagBag from /home/airflow/.local/lib/python3.7/site-packages/airflow/example_dags/example_dynamic_task_mapping_with_no_taskflow_operators.py
[2023-08-07T17:10:49.298+0000] {processor.py:836} INFO - DAG(s) dict_keys(['example_dynamic_task_mapping_with_no_taskflow_operators']) retrieved from /home/airflow/.local/lib/python3.7/site-packages/airflow/example_dags/example_dynamic_task_mapping_with_no_taskflow_operators.py
[2023-08-07T17:10:49.322+0000] {logging_mixin.py:150} INFO - [2023-08-07T17:10:49.322+0000] {dag.py:2742} INFO - Sync 1 DAGs
[2023-08-07T17:10:49.345+0000] {logging_mixin.py:150} INFO - [2023-08-07T17:10:49.345+0000] {dag.py:3508} INFO - Setting next_dagrun for example_dynamic_task_mapping_with_no_taskflow_operators to 2023-08-06T17:10:49.344725+00:00, run_after=2023-08-07T17:10:49.344725+00:00
[2023-08-07T17:10:49.366+0000] {processor.py:179} INFO - Processing /home/airflow/.local/lib/python3.7/site-packages/airflow/example_dags/example_dynamic_task_mapping_with_no_taskflow_operators.py took 0.085 seconds
[2023-08-07T17:11:19.416+0000] {processor.py:157} INFO - Started process (PID=345) to work on /home/airflow/.local/lib/python3.7/site-packages/airflow/example_dags/example_dynamic_task_mapping_with_no_taskflow_operators.py
[2023-08-07T17:11:19.417+0000] {processor.py:826} INFO - Processing file /home/airflow/.local/lib/python3.7/site-packages/airflow/example_dags/example_dynamic_task_mapping_with_no_taskflow_operators.py for tasks to queue
[2023-08-07T17:11:19.418+0000] {logging_mixin.py:150} INFO - [2023-08-07T17:11:19.417+0000] {dagbag.py:541} INFO - Filling up the DagBag from /home/airflow/.local/lib/python3.7/site-packages/airflow/example_dags/example_dynamic_task_mapping_with_no_taskflow_operators.py
[2023-08-07T17:11:19.422+0000] {processor.py:836} INFO - DAG(s) dict_keys(['example_dynamic_task_mapping_with_no_taskflow_operators']) retrieved from /home/airflow/.local/lib/python3.7/site-packages/airflow/example_dags/example_dynamic_task_mapping_with_no_taskflow_operators.py
[2023-08-07T17:11:19.441+0000] {logging_mixin.py:150} INFO - [2023-08-07T17:11:19.440+0000] {dag.py:2742} INFO - Sync 1 DAGs
[2023-08-07T17:11:19.463+0000] {logging_mixin.py:150} INFO - [2023-08-07T17:11:19.463+0000] {dag.py:3508} INFO - Setting next_dagrun for example_dynamic_task_mapping_with_no_taskflow_operators to 2023-08-06T17:11:19.463141+00:00, run_after=2023-08-07T17:11:19.463141+00:00
[2023-08-07T17:11:19.480+0000] {processor.py:179} INFO - Processing /home/airflow/.local/lib/python3.7/site-packages/airflow/example_dags/example_dynamic_task_mapping_with_no_taskflow_operators.py took 0.066 seconds
[2023-08-07T17:11:49.986+0000] {processor.py:157} INFO - Started process (PID=407) to work on /home/airflow/.local/lib/python3.7/site-packages/airflow/example_dags/example_dynamic_task_mapping_with_no_taskflow_operators.py
[2023-08-07T17:11:49.986+0000] {processor.py:826} INFO - Processing file /home/airflow/.local/lib/python3.7/site-packages/airflow/example_dags/example_dynamic_task_mapping_with_no_taskflow_operators.py for tasks to queue
[2023-08-07T17:11:49.987+0000] {logging_mixin.py:150} INFO - [2023-08-07T17:11:49.986+0000] {dagbag.py:541} INFO - Filling up the DagBag from /home/airflow/.local/lib/python3.7/site-packages/airflow/example_dags/example_dynamic_task_mapping_with_no_taskflow_operators.py
[2023-08-07T17:11:49.991+0000] {processor.py:836} INFO - DAG(s) dict_keys(['example_dynamic_task_mapping_with_no_taskflow_operators']) retrieved from /home/airflow/.local/lib/python3.7/site-packages/airflow/example_dags/example_dynamic_task_mapping_with_no_taskflow_operators.py
[2023-08-07T17:11:50.019+0000] {logging_mixin.py:150} INFO - [2023-08-07T17:11:50.018+0000] {dag.py:2742} INFO - Sync 1 DAGs
[2023-08-07T17:11:50.050+0000] {logging_mixin.py:150} INFO - [2023-08-07T17:11:50.050+0000] {dag.py:3508} INFO - Setting next_dagrun for example_dynamic_task_mapping_with_no_taskflow_operators to 2023-08-06T17:11:50.050582+00:00, run_after=2023-08-07T17:11:50.050582+00:00
[2023-08-07T17:11:50.068+0000] {processor.py:179} INFO - Processing /home/airflow/.local/lib/python3.7/site-packages/airflow/example_dags/example_dynamic_task_mapping_with_no_taskflow_operators.py took 0.085 seconds
[2023-08-07T17:12:20.693+0000] {processor.py:157} INFO - Started process (PID=469) to work on /home/airflow/.local/lib/python3.7/site-packages/airflow/example_dags/example_dynamic_task_mapping_with_no_taskflow_operators.py
[2023-08-07T17:12:20.694+0000] {processor.py:826} INFO - Processing file /home/airflow/.local/lib/python3.7/site-packages/airflow/example_dags/example_dynamic_task_mapping_with_no_taskflow_operators.py for tasks to queue
[2023-08-07T17:12:20.695+0000] {logging_mixin.py:150} INFO - [2023-08-07T17:12:20.695+0000] {dagbag.py:541} INFO - Filling up the DagBag from /home/airflow/.local/lib/python3.7/site-packages/airflow/example_dags/example_dynamic_task_mapping_with_no_taskflow_operators.py
[2023-08-07T17:12:20.700+0000] {processor.py:836} INFO - DAG(s) dict_keys(['example_dynamic_task_mapping_with_no_taskflow_operators']) retrieved from /home/airflow/.local/lib/python3.7/site-packages/airflow/example_dags/example_dynamic_task_mapping_with_no_taskflow_operators.py
[2023-08-07T17:12:20.718+0000] {logging_mixin.py:150} INFO - [2023-08-07T17:12:20.718+0000] {dag.py:2742} INFO - Sync 1 DAGs
[2023-08-07T17:12:20.740+0000] {logging_mixin.py:150} INFO - [2023-08-07T17:12:20.740+0000] {dag.py:3508} INFO - Setting next_dagrun for example_dynamic_task_mapping_with_no_taskflow_operators to 2023-08-06T17:12:20.740303+00:00, run_after=2023-08-07T17:12:20.740303+00:00
[2023-08-07T17:12:20.757+0000] {processor.py:179} INFO - Processing /home/airflow/.local/lib/python3.7/site-packages/airflow/example_dags/example_dynamic_task_mapping_with_no_taskflow_operators.py took 0.066 seconds
[2023-08-07T17:12:51.667+0000] {processor.py:157} INFO - Started process (PID=531) to work on /home/airflow/.local/lib/python3.7/site-packages/airflow/example_dags/example_dynamic_task_mapping_with_no_taskflow_operators.py
[2023-08-07T17:12:51.668+0000] {processor.py:826} INFO - Processing file /home/airflow/.local/lib/python3.7/site-packages/airflow/example_dags/example_dynamic_task_mapping_with_no_taskflow_operators.py for tasks to queue
[2023-08-07T17:12:51.669+0000] {logging_mixin.py:150} INFO - [2023-08-07T17:12:51.669+0000] {dagbag.py:541} INFO - Filling up the DagBag from /home/airflow/.local/lib/python3.7/site-packages/airflow/example_dags/example_dynamic_task_mapping_with_no_taskflow_operators.py
[2023-08-07T17:12:51.679+0000] {processor.py:836} INFO - DAG(s) dict_keys(['example_dynamic_task_mapping_with_no_taskflow_operators']) retrieved from /home/airflow/.local/lib/python3.7/site-packages/airflow/example_dags/example_dynamic_task_mapping_with_no_taskflow_operators.py
[2023-08-07T17:12:51.712+0000] {logging_mixin.py:150} INFO - [2023-08-07T17:12:51.711+0000] {dag.py:2742} INFO - Sync 1 DAGs
[2023-08-07T17:12:51.738+0000] {logging_mixin.py:150} INFO - [2023-08-07T17:12:51.737+0000] {dag.py:3508} INFO - Setting next_dagrun for example_dynamic_task_mapping_with_no_taskflow_operators to 2023-08-06T17:12:51.737748+00:00, run_after=2023-08-07T17:12:51.737748+00:00
[2023-08-07T17:12:51.755+0000] {processor.py:179} INFO - Processing /home/airflow/.local/lib/python3.7/site-packages/airflow/example_dags/example_dynamic_task_mapping_with_no_taskflow_operators.py took 0.092 seconds
[2023-08-07T17:13:21.878+0000] {processor.py:157} INFO - Started process (PID=593) to work on /home/airflow/.local/lib/python3.7/site-packages/airflow/example_dags/example_dynamic_task_mapping_with_no_taskflow_operators.py
[2023-08-07T17:13:21.879+0000] {processor.py:826} INFO - Processing file /home/airflow/.local/lib/python3.7/site-packages/airflow/example_dags/example_dynamic_task_mapping_with_no_taskflow_operators.py for tasks to queue
[2023-08-07T17:13:21.881+0000] {logging_mixin.py:150} INFO - [2023-08-07T17:13:21.880+0000] {dagbag.py:541} INFO - Filling up the DagBag from /home/airflow/.local/lib/python3.7/site-packages/airflow/example_dags/example_dynamic_task_mapping_with_no_taskflow_operators.py
[2023-08-07T17:13:21.891+0000] {processor.py:836} INFO - DAG(s) dict_keys(['example_dynamic_task_mapping_with_no_taskflow_operators']) retrieved from /home/airflow/.local/lib/python3.7/site-packages/airflow/example_dags/example_dynamic_task_mapping_with_no_taskflow_operators.py
[2023-08-07T17:13:21.912+0000] {logging_mixin.py:150} INFO - [2023-08-07T17:13:21.912+0000] {dag.py:2742} INFO - Sync 1 DAGs
[2023-08-07T17:13:21.936+0000] {logging_mixin.py:150} INFO - [2023-08-07T17:13:21.936+0000] {dag.py:3508} INFO - Setting next_dagrun for example_dynamic_task_mapping_with_no_taskflow_operators to 2023-08-06T17:13:21.935953+00:00, run_after=2023-08-07T17:13:21.935953+00:00
[2023-08-07T17:13:21.953+0000] {processor.py:179} INFO - Processing /home/airflow/.local/lib/python3.7/site-packages/airflow/example_dags/example_dynamic_task_mapping_with_no_taskflow_operators.py took 0.080 seconds
[2023-08-07T17:13:52.657+0000] {processor.py:157} INFO - Started process (PID=655) to work on /home/airflow/.local/lib/python3.7/site-packages/airflow/example_dags/example_dynamic_task_mapping_with_no_taskflow_operators.py
[2023-08-07T17:13:52.657+0000] {processor.py:826} INFO - Processing file /home/airflow/.local/lib/python3.7/site-packages/airflow/example_dags/example_dynamic_task_mapping_with_no_taskflow_operators.py for tasks to queue
[2023-08-07T17:13:52.658+0000] {logging_mixin.py:150} INFO - [2023-08-07T17:13:52.658+0000] {dagbag.py:541} INFO - Filling up the DagBag from /home/airflow/.local/lib/python3.7/site-packages/airflow/example_dags/example_dynamic_task_mapping_with_no_taskflow_operators.py
[2023-08-07T17:13:52.662+0000] {processor.py:836} INFO - DAG(s) dict_keys(['example_dynamic_task_mapping_with_no_taskflow_operators']) retrieved from /home/airflow/.local/lib/python3.7/site-packages/airflow/example_dags/example_dynamic_task_mapping_with_no_taskflow_operators.py
[2023-08-07T17:13:52.679+0000] {logging_mixin.py:150} INFO - [2023-08-07T17:13:52.679+0000] {dag.py:2742} INFO - Sync 1 DAGs
[2023-08-07T17:13:52.701+0000] {logging_mixin.py:150} INFO - [2023-08-07T17:13:52.701+0000] {dag.py:3508} INFO - Setting next_dagrun for example_dynamic_task_mapping_with_no_taskflow_operators to 2023-08-06T17:13:52.700963+00:00, run_after=2023-08-07T17:13:52.700963+00:00
[2023-08-07T17:13:52.722+0000] {processor.py:179} INFO - Processing /home/airflow/.local/lib/python3.7/site-packages/airflow/example_dags/example_dynamic_task_mapping_with_no_taskflow_operators.py took 0.068 seconds
[2023-08-07T17:14:23.578+0000] {processor.py:157} INFO - Started process (PID=717) to work on /home/airflow/.local/lib/python3.7/site-packages/airflow/example_dags/example_dynamic_task_mapping_with_no_taskflow_operators.py
[2023-08-07T17:14:23.580+0000] {processor.py:826} INFO - Processing file /home/airflow/.local/lib/python3.7/site-packages/airflow/example_dags/example_dynamic_task_mapping_with_no_taskflow_operators.py for tasks to queue
[2023-08-07T17:14:23.581+0000] {logging_mixin.py:150} INFO - [2023-08-07T17:14:23.580+0000] {dagbag.py:541} INFO - Filling up the DagBag from /home/airflow/.local/lib/python3.7/site-packages/airflow/example_dags/example_dynamic_task_mapping_with_no_taskflow_operators.py
[2023-08-07T17:14:23.590+0000] {processor.py:836} INFO - DAG(s) dict_keys(['example_dynamic_task_mapping_with_no_taskflow_operators']) retrieved from /home/airflow/.local/lib/python3.7/site-packages/airflow/example_dags/example_dynamic_task_mapping_with_no_taskflow_operators.py
[2023-08-07T17:14:23.627+0000] {logging_mixin.py:150} INFO - [2023-08-07T17:14:23.626+0000] {dag.py:2742} INFO - Sync 1 DAGs
[2023-08-07T17:14:23.655+0000] {logging_mixin.py:150} INFO - [2023-08-07T17:14:23.655+0000] {dag.py:3508} INFO - Setting next_dagrun for example_dynamic_task_mapping_with_no_taskflow_operators to 2023-08-06T17:14:23.655210+00:00, run_after=2023-08-07T17:14:23.655210+00:00
[2023-08-07T17:14:23.673+0000] {processor.py:179} INFO - Processing /home/airflow/.local/lib/python3.7/site-packages/airflow/example_dags/example_dynamic_task_mapping_with_no_taskflow_operators.py took 0.099 seconds
[2023-08-07T17:14:53.762+0000] {processor.py:157} INFO - Started process (PID=779) to work on /home/airflow/.local/lib/python3.7/site-packages/airflow/example_dags/example_dynamic_task_mapping_with_no_taskflow_operators.py
[2023-08-07T17:14:53.763+0000] {processor.py:826} INFO - Processing file /home/airflow/.local/lib/python3.7/site-packages/airflow/example_dags/example_dynamic_task_mapping_with_no_taskflow_operators.py for tasks to queue
[2023-08-07T17:14:53.764+0000] {logging_mixin.py:150} INFO - [2023-08-07T17:14:53.764+0000] {dagbag.py:541} INFO - Filling up the DagBag from /home/airflow/.local/lib/python3.7/site-packages/airflow/example_dags/example_dynamic_task_mapping_with_no_taskflow_operators.py
[2023-08-07T17:14:53.775+0000] {processor.py:836} INFO - DAG(s) dict_keys(['example_dynamic_task_mapping_with_no_taskflow_operators']) retrieved from /home/airflow/.local/lib/python3.7/site-packages/airflow/example_dags/example_dynamic_task_mapping_with_no_taskflow_operators.py
[2023-08-07T17:14:53.814+0000] {logging_mixin.py:150} INFO - [2023-08-07T17:14:53.814+0000] {dag.py:2742} INFO - Sync 1 DAGs
[2023-08-07T17:14:53.844+0000] {logging_mixin.py:150} INFO - [2023-08-07T17:14:53.844+0000] {dag.py:3508} INFO - Setting next_dagrun for example_dynamic_task_mapping_with_no_taskflow_operators to 2023-08-06T17:14:53.843924+00:00, run_after=2023-08-07T17:14:53.843924+00:00
[2023-08-07T17:14:53.860+0000] {processor.py:179} INFO - Processing /home/airflow/.local/lib/python3.7/site-packages/airflow/example_dags/example_dynamic_task_mapping_with_no_taskflow_operators.py took 0.103 seconds
[2023-08-07T17:15:23.893+0000] {processor.py:157} INFO - Started process (PID=841) to work on /home/airflow/.local/lib/python3.7/site-packages/airflow/example_dags/example_dynamic_task_mapping_with_no_taskflow_operators.py
[2023-08-07T17:15:23.894+0000] {processor.py:826} INFO - Processing file /home/airflow/.local/lib/python3.7/site-packages/airflow/example_dags/example_dynamic_task_mapping_with_no_taskflow_operators.py for tasks to queue
[2023-08-07T17:15:23.894+0000] {logging_mixin.py:150} INFO - [2023-08-07T17:15:23.894+0000] {dagbag.py:541} INFO - Filling up the DagBag from /home/airflow/.local/lib/python3.7/site-packages/airflow/example_dags/example_dynamic_task_mapping_with_no_taskflow_operators.py
[2023-08-07T17:15:23.899+0000] {processor.py:836} INFO - DAG(s) dict_keys(['example_dynamic_task_mapping_with_no_taskflow_operators']) retrieved from /home/airflow/.local/lib/python3.7/site-packages/airflow/example_dags/example_dynamic_task_mapping_with_no_taskflow_operators.py
[2023-08-07T17:15:23.921+0000] {logging_mixin.py:150} INFO - [2023-08-07T17:15:23.920+0000] {dag.py:2742} INFO - Sync 1 DAGs
[2023-08-07T17:15:23.944+0000] {logging_mixin.py:150} INFO - [2023-08-07T17:15:23.944+0000] {dag.py:3508} INFO - Setting next_dagrun for example_dynamic_task_mapping_with_no_taskflow_operators to 2023-08-06T17:15:23.944151+00:00, run_after=2023-08-07T17:15:23.944151+00:00
[2023-08-07T17:15:23.962+0000] {processor.py:179} INFO - Processing /home/airflow/.local/lib/python3.7/site-packages/airflow/example_dags/example_dynamic_task_mapping_with_no_taskflow_operators.py took 0.070 seconds
[2023-08-07T17:15:54.317+0000] {processor.py:157} INFO - Started process (PID=903) to work on /home/airflow/.local/lib/python3.7/site-packages/airflow/example_dags/example_dynamic_task_mapping_with_no_taskflow_operators.py
[2023-08-07T17:15:54.318+0000] {processor.py:826} INFO - Processing file /home/airflow/.local/lib/python3.7/site-packages/airflow/example_dags/example_dynamic_task_mapping_with_no_taskflow_operators.py for tasks to queue
[2023-08-07T17:15:54.318+0000] {logging_mixin.py:150} INFO - [2023-08-07T17:15:54.318+0000] {dagbag.py:541} INFO - Filling up the DagBag from /home/airflow/.local/lib/python3.7/site-packages/airflow/example_dags/example_dynamic_task_mapping_with_no_taskflow_operators.py
[2023-08-07T17:15:54.323+0000] {processor.py:836} INFO - DAG(s) dict_keys(['example_dynamic_task_mapping_with_no_taskflow_operators']) retrieved from /home/airflow/.local/lib/python3.7/site-packages/airflow/example_dags/example_dynamic_task_mapping_with_no_taskflow_operators.py
[2023-08-07T17:15:54.340+0000] {logging_mixin.py:150} INFO - [2023-08-07T17:15:54.340+0000] {dag.py:2742} INFO - Sync 1 DAGs
[2023-08-07T17:15:54.362+0000] {logging_mixin.py:150} INFO - [2023-08-07T17:15:54.362+0000] {dag.py:3508} INFO - Setting next_dagrun for example_dynamic_task_mapping_with_no_taskflow_operators to 2023-08-06T17:15:54.362226+00:00, run_after=2023-08-07T17:15:54.362226+00:00
[2023-08-07T17:15:54.379+0000] {processor.py:179} INFO - Processing /home/airflow/.local/lib/python3.7/site-packages/airflow/example_dags/example_dynamic_task_mapping_with_no_taskflow_operators.py took 0.063 seconds
[2023-08-07T17:16:25.065+0000] {processor.py:157} INFO - Started process (PID=965) to work on /home/airflow/.local/lib/python3.7/site-packages/airflow/example_dags/example_dynamic_task_mapping_with_no_taskflow_operators.py
[2023-08-07T17:16:25.066+0000] {processor.py:826} INFO - Processing file /home/airflow/.local/lib/python3.7/site-packages/airflow/example_dags/example_dynamic_task_mapping_with_no_taskflow_operators.py for tasks to queue
[2023-08-07T17:16:25.066+0000] {logging_mixin.py:150} INFO - [2023-08-07T17:16:25.066+0000] {dagbag.py:541} INFO - Filling up the DagBag from /home/airflow/.local/lib/python3.7/site-packages/airflow/example_dags/example_dynamic_task_mapping_with_no_taskflow_operators.py
[2023-08-07T17:16:25.071+0000] {processor.py:836} INFO - DAG(s) dict_keys(['example_dynamic_task_mapping_with_no_taskflow_operators']) retrieved from /home/airflow/.local/lib/python3.7/site-packages/airflow/example_dags/example_dynamic_task_mapping_with_no_taskflow_operators.py
[2023-08-07T17:16:25.100+0000] {logging_mixin.py:150} INFO - [2023-08-07T17:16:25.099+0000] {dag.py:2742} INFO - Sync 1 DAGs
[2023-08-07T17:16:25.132+0000] {logging_mixin.py:150} INFO - [2023-08-07T17:16:25.132+0000] {dag.py:3508} INFO - Setting next_dagrun for example_dynamic_task_mapping_with_no_taskflow_operators to 2023-08-06T17:16:25.132023+00:00, run_after=2023-08-07T17:16:25.132023+00:00
[2023-08-07T17:16:25.150+0000] {processor.py:179} INFO - Processing /home/airflow/.local/lib/python3.7/site-packages/airflow/example_dags/example_dynamic_task_mapping_with_no_taskflow_operators.py took 0.087 seconds
[2023-08-07T17:41:13.573+0000] {processor.py:157} INFO - Started process (PID=34) to work on /home/airflow/.local/lib/python3.7/site-packages/airflow/example_dags/example_dynamic_task_mapping_with_no_taskflow_operators.py
[2023-08-07T17:41:13.578+0000] {processor.py:826} INFO - Processing file /home/airflow/.local/lib/python3.7/site-packages/airflow/example_dags/example_dynamic_task_mapping_with_no_taskflow_operators.py for tasks to queue
[2023-08-07T17:41:13.579+0000] {logging_mixin.py:150} INFO - [2023-08-07T17:41:13.578+0000] {dagbag.py:541} INFO - Filling up the DagBag from /home/airflow/.local/lib/python3.7/site-packages/airflow/example_dags/example_dynamic_task_mapping_with_no_taskflow_operators.py
[2023-08-07T17:41:13.589+0000] {processor.py:836} INFO - DAG(s) dict_keys(['example_dynamic_task_mapping_with_no_taskflow_operators']) retrieved from /home/airflow/.local/lib/python3.7/site-packages/airflow/example_dags/example_dynamic_task_mapping_with_no_taskflow_operators.py
[2023-08-07T17:41:13.602+0000] {logging_mixin.py:150} INFO - [2023-08-07T17:41:13.602+0000] {dag.py:2742} INFO - Sync 1 DAGs
[2023-08-07T17:41:13.631+0000] {logging_mixin.py:150} INFO - [2023-08-07T17:41:13.631+0000] {dag.py:3508} INFO - Setting next_dagrun for example_dynamic_task_mapping_with_no_taskflow_operators to 2023-08-06T17:41:13.630798+00:00, run_after=2023-08-07T17:41:13.630798+00:00
[2023-08-07T17:41:13.654+0000] {processor.py:179} INFO - Processing /home/airflow/.local/lib/python3.7/site-packages/airflow/example_dags/example_dynamic_task_mapping_with_no_taskflow_operators.py took 0.085 seconds
[2023-08-07T17:41:44.449+0000] {processor.py:157} INFO - Started process (PID=96) to work on /home/airflow/.local/lib/python3.7/site-packages/airflow/example_dags/example_dynamic_task_mapping_with_no_taskflow_operators.py
[2023-08-07T17:41:44.450+0000] {processor.py:826} INFO - Processing file /home/airflow/.local/lib/python3.7/site-packages/airflow/example_dags/example_dynamic_task_mapping_with_no_taskflow_operators.py for tasks to queue
[2023-08-07T17:41:44.450+0000] {logging_mixin.py:150} INFO - [2023-08-07T17:41:44.450+0000] {dagbag.py:541} INFO - Filling up the DagBag from /home/airflow/.local/lib/python3.7/site-packages/airflow/example_dags/example_dynamic_task_mapping_with_no_taskflow_operators.py
[2023-08-07T17:41:44.455+0000] {processor.py:836} INFO - DAG(s) dict_keys(['example_dynamic_task_mapping_with_no_taskflow_operators']) retrieved from /home/airflow/.local/lib/python3.7/site-packages/airflow/example_dags/example_dynamic_task_mapping_with_no_taskflow_operators.py
[2023-08-07T17:41:44.474+0000] {logging_mixin.py:150} INFO - [2023-08-07T17:41:44.474+0000] {dag.py:2742} INFO - Sync 1 DAGs
[2023-08-07T17:41:44.498+0000] {logging_mixin.py:150} INFO - [2023-08-07T17:41:44.498+0000] {dag.py:3508} INFO - Setting next_dagrun for example_dynamic_task_mapping_with_no_taskflow_operators to 2023-08-06T17:41:44.497976+00:00, run_after=2023-08-07T17:41:44.497976+00:00
[2023-08-07T17:41:44.518+0000] {processor.py:179} INFO - Processing /home/airflow/.local/lib/python3.7/site-packages/airflow/example_dags/example_dynamic_task_mapping_with_no_taskflow_operators.py took 0.070 seconds
[2023-08-07T17:42:15.186+0000] {processor.py:157} INFO - Started process (PID=158) to work on /home/airflow/.local/lib/python3.7/site-packages/airflow/example_dags/example_dynamic_task_mapping_with_no_taskflow_operators.py
[2023-08-07T17:42:15.187+0000] {processor.py:826} INFO - Processing file /home/airflow/.local/lib/python3.7/site-packages/airflow/example_dags/example_dynamic_task_mapping_with_no_taskflow_operators.py for tasks to queue
[2023-08-07T17:42:15.188+0000] {logging_mixin.py:150} INFO - [2023-08-07T17:42:15.188+0000] {dagbag.py:541} INFO - Filling up the DagBag from /home/airflow/.local/lib/python3.7/site-packages/airflow/example_dags/example_dynamic_task_mapping_with_no_taskflow_operators.py
[2023-08-07T17:42:15.192+0000] {processor.py:836} INFO - DAG(s) dict_keys(['example_dynamic_task_mapping_with_no_taskflow_operators']) retrieved from /home/airflow/.local/lib/python3.7/site-packages/airflow/example_dags/example_dynamic_task_mapping_with_no_taskflow_operators.py
[2023-08-07T17:42:15.210+0000] {logging_mixin.py:150} INFO - [2023-08-07T17:42:15.210+0000] {dag.py:2742} INFO - Sync 1 DAGs
[2023-08-07T17:42:15.233+0000] {logging_mixin.py:150} INFO - [2023-08-07T17:42:15.233+0000] {dag.py:3508} INFO - Setting next_dagrun for example_dynamic_task_mapping_with_no_taskflow_operators to 2023-08-06T17:42:15.232905+00:00, run_after=2023-08-07T17:42:15.232905+00:00
[2023-08-07T17:42:15.252+0000] {processor.py:179} INFO - Processing /home/airflow/.local/lib/python3.7/site-packages/airflow/example_dags/example_dynamic_task_mapping_with_no_taskflow_operators.py took 0.068 seconds
[2023-08-07T17:42:46.068+0000] {processor.py:157} INFO - Started process (PID=220) to work on /home/airflow/.local/lib/python3.7/site-packages/airflow/example_dags/example_dynamic_task_mapping_with_no_taskflow_operators.py
[2023-08-07T17:42:46.069+0000] {processor.py:826} INFO - Processing file /home/airflow/.local/lib/python3.7/site-packages/airflow/example_dags/example_dynamic_task_mapping_with_no_taskflow_operators.py for tasks to queue
[2023-08-07T17:42:46.071+0000] {logging_mixin.py:150} INFO - [2023-08-07T17:42:46.070+0000] {dagbag.py:541} INFO - Filling up the DagBag from /home/airflow/.local/lib/python3.7/site-packages/airflow/example_dags/example_dynamic_task_mapping_with_no_taskflow_operators.py
[2023-08-07T17:42:46.081+0000] {processor.py:836} INFO - DAG(s) dict_keys(['example_dynamic_task_mapping_with_no_taskflow_operators']) retrieved from /home/airflow/.local/lib/python3.7/site-packages/airflow/example_dags/example_dynamic_task_mapping_with_no_taskflow_operators.py
[2023-08-07T17:42:46.102+0000] {logging_mixin.py:150} INFO - [2023-08-07T17:42:46.102+0000] {dag.py:2742} INFO - Sync 1 DAGs
[2023-08-07T17:42:46.125+0000] {logging_mixin.py:150} INFO - [2023-08-07T17:42:46.125+0000] {dag.py:3508} INFO - Setting next_dagrun for example_dynamic_task_mapping_with_no_taskflow_operators to 2023-08-06T17:42:46.125619+00:00, run_after=2023-08-07T17:42:46.125619+00:00
[2023-08-07T17:42:46.143+0000] {processor.py:179} INFO - Processing /home/airflow/.local/lib/python3.7/site-packages/airflow/example_dags/example_dynamic_task_mapping_with_no_taskflow_operators.py took 0.080 seconds
[2023-08-07T17:43:16.925+0000] {processor.py:157} INFO - Started process (PID=283) to work on /home/airflow/.local/lib/python3.7/site-packages/airflow/example_dags/example_dynamic_task_mapping_with_no_taskflow_operators.py
[2023-08-07T17:43:16.926+0000] {processor.py:826} INFO - Processing file /home/airflow/.local/lib/python3.7/site-packages/airflow/example_dags/example_dynamic_task_mapping_with_no_taskflow_operators.py for tasks to queue
[2023-08-07T17:43:16.926+0000] {logging_mixin.py:150} INFO - [2023-08-07T17:43:16.926+0000] {dagbag.py:541} INFO - Filling up the DagBag from /home/airflow/.local/lib/python3.7/site-packages/airflow/example_dags/example_dynamic_task_mapping_with_no_taskflow_operators.py
[2023-08-07T17:43:16.931+0000] {processor.py:836} INFO - DAG(s) dict_keys(['example_dynamic_task_mapping_with_no_taskflow_operators']) retrieved from /home/airflow/.local/lib/python3.7/site-packages/airflow/example_dags/example_dynamic_task_mapping_with_no_taskflow_operators.py
[2023-08-07T17:43:16.950+0000] {logging_mixin.py:150} INFO - [2023-08-07T17:43:16.949+0000] {dag.py:2742} INFO - Sync 1 DAGs
[2023-08-07T17:43:16.972+0000] {logging_mixin.py:150} INFO - [2023-08-07T17:43:16.972+0000] {dag.py:3508} INFO - Setting next_dagrun for example_dynamic_task_mapping_with_no_taskflow_operators to 2023-08-06T17:43:16.971900+00:00, run_after=2023-08-07T17:43:16.971900+00:00
[2023-08-07T17:43:16.988+0000] {processor.py:179} INFO - Processing /home/airflow/.local/lib/python3.7/site-packages/airflow/example_dags/example_dynamic_task_mapping_with_no_taskflow_operators.py took 0.065 seconds
[2023-08-07T17:43:47.070+0000] {processor.py:157} INFO - Started process (PID=345) to work on /home/airflow/.local/lib/python3.7/site-packages/airflow/example_dags/example_dynamic_task_mapping_with_no_taskflow_operators.py
[2023-08-07T17:43:47.071+0000] {processor.py:826} INFO - Processing file /home/airflow/.local/lib/python3.7/site-packages/airflow/example_dags/example_dynamic_task_mapping_with_no_taskflow_operators.py for tasks to queue
[2023-08-07T17:43:47.071+0000] {logging_mixin.py:150} INFO - [2023-08-07T17:43:47.071+0000] {dagbag.py:541} INFO - Filling up the DagBag from /home/airflow/.local/lib/python3.7/site-packages/airflow/example_dags/example_dynamic_task_mapping_with_no_taskflow_operators.py
[2023-08-07T17:43:47.076+0000] {processor.py:836} INFO - DAG(s) dict_keys(['example_dynamic_task_mapping_with_no_taskflow_operators']) retrieved from /home/airflow/.local/lib/python3.7/site-packages/airflow/example_dags/example_dynamic_task_mapping_with_no_taskflow_operators.py
[2023-08-07T17:43:47.096+0000] {logging_mixin.py:150} INFO - [2023-08-07T17:43:47.096+0000] {dag.py:2742} INFO - Sync 1 DAGs
[2023-08-07T17:43:47.119+0000] {logging_mixin.py:150} INFO - [2023-08-07T17:43:47.119+0000] {dag.py:3508} INFO - Setting next_dagrun for example_dynamic_task_mapping_with_no_taskflow_operators to 2023-08-06T17:43:47.119010+00:00, run_after=2023-08-07T17:43:47.119010+00:00
[2023-08-07T17:43:47.135+0000] {processor.py:179} INFO - Processing /home/airflow/.local/lib/python3.7/site-packages/airflow/example_dags/example_dynamic_task_mapping_with_no_taskflow_operators.py took 0.067 seconds
[2023-08-07T18:11:00.035+0000] {processor.py:157} INFO - Started process (PID=35) to work on /home/airflow/.local/lib/python3.7/site-packages/airflow/example_dags/example_dynamic_task_mapping_with_no_taskflow_operators.py
[2023-08-07T18:11:00.036+0000] {processor.py:826} INFO - Processing file /home/airflow/.local/lib/python3.7/site-packages/airflow/example_dags/example_dynamic_task_mapping_with_no_taskflow_operators.py for tasks to queue
[2023-08-07T18:11:00.036+0000] {logging_mixin.py:150} INFO - [2023-08-07T18:11:00.036+0000] {dagbag.py:541} INFO - Filling up the DagBag from /home/airflow/.local/lib/python3.7/site-packages/airflow/example_dags/example_dynamic_task_mapping_with_no_taskflow_operators.py
[2023-08-07T18:11:00.044+0000] {processor.py:836} INFO - DAG(s) dict_keys(['example_dynamic_task_mapping_with_no_taskflow_operators']) retrieved from /home/airflow/.local/lib/python3.7/site-packages/airflow/example_dags/example_dynamic_task_mapping_with_no_taskflow_operators.py
[2023-08-07T18:11:00.056+0000] {logging_mixin.py:150} INFO - [2023-08-07T18:11:00.056+0000] {dag.py:2742} INFO - Sync 1 DAGs
[2023-08-07T18:11:00.086+0000] {logging_mixin.py:150} INFO - [2023-08-07T18:11:00.086+0000] {dag.py:3508} INFO - Setting next_dagrun for example_dynamic_task_mapping_with_no_taskflow_operators to 2023-08-06T18:11:00.086173+00:00, run_after=2023-08-07T18:11:00.086173+00:00
[2023-08-07T18:11:00.114+0000] {processor.py:179} INFO - Processing /home/airflow/.local/lib/python3.7/site-packages/airflow/example_dags/example_dynamic_task_mapping_with_no_taskflow_operators.py took 0.082 seconds
