[2023-08-07T17:08:49.580+0000] {processor.py:157} INFO - Started process (PID=54) to work on /home/airflow/.local/lib/python3.7/site-packages/airflow/example_dags/example_complex.py
[2023-08-07T17:08:49.580+0000] {processor.py:826} INFO - Processing file /home/airflow/.local/lib/python3.7/site-packages/airflow/example_dags/example_complex.py for tasks to queue
[2023-08-07T17:08:49.581+0000] {logging_mixin.py:150} INFO - [2023-08-07T17:08:49.581+0000] {dagbag.py:541} INFO - Filling up the DagBag from /home/airflow/.local/lib/python3.7/site-packages/airflow/example_dags/example_complex.py
[2023-08-07T17:08:49.598+0000] {processor.py:836} INFO - DAG(s) dict_keys(['example_complex']) retrieved from /home/airflow/.local/lib/python3.7/site-packages/airflow/example_dags/example_complex.py
[2023-08-07T17:08:49.613+0000] {logging_mixin.py:150} INFO - [2023-08-07T17:08:49.612+0000] {dag.py:2742} INFO - Sync 1 DAGs
[2023-08-07T17:08:49.644+0000] {logging_mixin.py:150} INFO - [2023-08-07T17:08:49.644+0000] {dag.py:3508} INFO - Setting next_dagrun for example_complex to None, run_after=None
[2023-08-07T17:08:49.667+0000] {processor.py:179} INFO - Processing /home/airflow/.local/lib/python3.7/site-packages/airflow/example_dags/example_complex.py took 0.090 seconds
[2023-08-07T17:09:20.311+0000] {processor.py:157} INFO - Started process (PID=116) to work on /home/airflow/.local/lib/python3.7/site-packages/airflow/example_dags/example_complex.py
[2023-08-07T17:09:20.311+0000] {processor.py:826} INFO - Processing file /home/airflow/.local/lib/python3.7/site-packages/airflow/example_dags/example_complex.py for tasks to queue
[2023-08-07T17:09:20.312+0000] {logging_mixin.py:150} INFO - [2023-08-07T17:09:20.312+0000] {dagbag.py:541} INFO - Filling up the DagBag from /home/airflow/.local/lib/python3.7/site-packages/airflow/example_dags/example_complex.py
[2023-08-07T17:09:20.321+0000] {processor.py:836} INFO - DAG(s) dict_keys(['example_complex']) retrieved from /home/airflow/.local/lib/python3.7/site-packages/airflow/example_dags/example_complex.py
[2023-08-07T17:09:20.349+0000] {logging_mixin.py:150} INFO - [2023-08-07T17:09:20.349+0000] {dag.py:2742} INFO - Sync 1 DAGs
[2023-08-07T17:09:20.371+0000] {logging_mixin.py:150} INFO - [2023-08-07T17:09:20.371+0000] {dag.py:3508} INFO - Setting next_dagrun for example_complex to None, run_after=None
[2023-08-07T17:09:20.388+0000] {processor.py:179} INFO - Processing /home/airflow/.local/lib/python3.7/site-packages/airflow/example_dags/example_complex.py took 0.080 seconds
[2023-08-07T17:09:50.954+0000] {processor.py:157} INFO - Started process (PID=178) to work on /home/airflow/.local/lib/python3.7/site-packages/airflow/example_dags/example_complex.py
[2023-08-07T17:09:50.954+0000] {processor.py:826} INFO - Processing file /home/airflow/.local/lib/python3.7/site-packages/airflow/example_dags/example_complex.py for tasks to queue
[2023-08-07T17:09:50.955+0000] {logging_mixin.py:150} INFO - [2023-08-07T17:09:50.954+0000] {dagbag.py:541} INFO - Filling up the DagBag from /home/airflow/.local/lib/python3.7/site-packages/airflow/example_dags/example_complex.py
[2023-08-07T17:09:50.964+0000] {processor.py:836} INFO - DAG(s) dict_keys(['example_complex']) retrieved from /home/airflow/.local/lib/python3.7/site-packages/airflow/example_dags/example_complex.py
[2023-08-07T17:09:50.997+0000] {logging_mixin.py:150} INFO - [2023-08-07T17:09:50.996+0000] {dag.py:2742} INFO - Sync 1 DAGs
[2023-08-07T17:09:51.019+0000] {logging_mixin.py:150} INFO - [2023-08-07T17:09:51.019+0000] {dag.py:3508} INFO - Setting next_dagrun for example_complex to None, run_after=None
[2023-08-07T17:09:51.037+0000] {processor.py:179} INFO - Processing /home/airflow/.local/lib/python3.7/site-packages/airflow/example_dags/example_complex.py took 0.086 seconds
[2023-08-07T17:10:21.330+0000] {processor.py:157} INFO - Started process (PID=240) to work on /home/airflow/.local/lib/python3.7/site-packages/airflow/example_dags/example_complex.py
[2023-08-07T17:10:21.332+0000] {processor.py:826} INFO - Processing file /home/airflow/.local/lib/python3.7/site-packages/airflow/example_dags/example_complex.py for tasks to queue
[2023-08-07T17:10:21.333+0000] {logging_mixin.py:150} INFO - [2023-08-07T17:10:21.332+0000] {dagbag.py:541} INFO - Filling up the DagBag from /home/airflow/.local/lib/python3.7/site-packages/airflow/example_dags/example_complex.py
[2023-08-07T17:10:21.357+0000] {processor.py:836} INFO - DAG(s) dict_keys(['example_complex']) retrieved from /home/airflow/.local/lib/python3.7/site-packages/airflow/example_dags/example_complex.py
[2023-08-07T17:10:21.389+0000] {logging_mixin.py:150} INFO - [2023-08-07T17:10:21.389+0000] {dag.py:2742} INFO - Sync 1 DAGs
[2023-08-07T17:10:21.411+0000] {logging_mixin.py:150} INFO - [2023-08-07T17:10:21.411+0000] {dag.py:3508} INFO - Setting next_dagrun for example_complex to None, run_after=None
[2023-08-07T17:10:21.427+0000] {processor.py:179} INFO - Processing /home/airflow/.local/lib/python3.7/site-packages/airflow/example_dags/example_complex.py took 0.102 seconds
[2023-08-07T17:10:51.675+0000] {processor.py:157} INFO - Started process (PID=302) to work on /home/airflow/.local/lib/python3.7/site-packages/airflow/example_dags/example_complex.py
[2023-08-07T17:10:51.676+0000] {processor.py:826} INFO - Processing file /home/airflow/.local/lib/python3.7/site-packages/airflow/example_dags/example_complex.py for tasks to queue
[2023-08-07T17:10:51.677+0000] {logging_mixin.py:150} INFO - [2023-08-07T17:10:51.677+0000] {dagbag.py:541} INFO - Filling up the DagBag from /home/airflow/.local/lib/python3.7/site-packages/airflow/example_dags/example_complex.py
[2023-08-07T17:10:51.701+0000] {processor.py:836} INFO - DAG(s) dict_keys(['example_complex']) retrieved from /home/airflow/.local/lib/python3.7/site-packages/airflow/example_dags/example_complex.py
[2023-08-07T17:10:51.732+0000] {logging_mixin.py:150} INFO - [2023-08-07T17:10:51.732+0000] {dag.py:2742} INFO - Sync 1 DAGs
[2023-08-07T17:10:51.755+0000] {logging_mixin.py:150} INFO - [2023-08-07T17:10:51.755+0000] {dag.py:3508} INFO - Setting next_dagrun for example_complex to None, run_after=None
[2023-08-07T17:10:51.777+0000] {processor.py:179} INFO - Processing /home/airflow/.local/lib/python3.7/site-packages/airflow/example_dags/example_complex.py took 0.107 seconds
[2023-08-07T17:11:22.597+0000] {processor.py:157} INFO - Started process (PID=364) to work on /home/airflow/.local/lib/python3.7/site-packages/airflow/example_dags/example_complex.py
[2023-08-07T17:11:22.598+0000] {processor.py:826} INFO - Processing file /home/airflow/.local/lib/python3.7/site-packages/airflow/example_dags/example_complex.py for tasks to queue
[2023-08-07T17:11:22.599+0000] {logging_mixin.py:150} INFO - [2023-08-07T17:11:22.598+0000] {dagbag.py:541} INFO - Filling up the DagBag from /home/airflow/.local/lib/python3.7/site-packages/airflow/example_dags/example_complex.py
[2023-08-07T17:11:22.618+0000] {processor.py:836} INFO - DAG(s) dict_keys(['example_complex']) retrieved from /home/airflow/.local/lib/python3.7/site-packages/airflow/example_dags/example_complex.py
[2023-08-07T17:11:22.652+0000] {logging_mixin.py:150} INFO - [2023-08-07T17:11:22.652+0000] {dag.py:2742} INFO - Sync 1 DAGs
[2023-08-07T17:11:22.675+0000] {logging_mixin.py:150} INFO - [2023-08-07T17:11:22.675+0000] {dag.py:3508} INFO - Setting next_dagrun for example_complex to None, run_after=None
[2023-08-07T17:11:22.694+0000] {processor.py:179} INFO - Processing /home/airflow/.local/lib/python3.7/site-packages/airflow/example_dags/example_complex.py took 0.101 seconds
[2023-08-07T17:11:53.279+0000] {processor.py:157} INFO - Started process (PID=426) to work on /home/airflow/.local/lib/python3.7/site-packages/airflow/example_dags/example_complex.py
[2023-08-07T17:11:53.280+0000] {processor.py:826} INFO - Processing file /home/airflow/.local/lib/python3.7/site-packages/airflow/example_dags/example_complex.py for tasks to queue
[2023-08-07T17:11:53.280+0000] {logging_mixin.py:150} INFO - [2023-08-07T17:11:53.280+0000] {dagbag.py:541} INFO - Filling up the DagBag from /home/airflow/.local/lib/python3.7/site-packages/airflow/example_dags/example_complex.py
[2023-08-07T17:11:53.289+0000] {processor.py:836} INFO - DAG(s) dict_keys(['example_complex']) retrieved from /home/airflow/.local/lib/python3.7/site-packages/airflow/example_dags/example_complex.py
[2023-08-07T17:11:53.318+0000] {logging_mixin.py:150} INFO - [2023-08-07T17:11:53.318+0000] {dag.py:2742} INFO - Sync 1 DAGs
[2023-08-07T17:11:53.341+0000] {logging_mixin.py:150} INFO - [2023-08-07T17:11:53.341+0000] {dag.py:3508} INFO - Setting next_dagrun for example_complex to None, run_after=None
[2023-08-07T17:11:53.357+0000] {processor.py:179} INFO - Processing /home/airflow/.local/lib/python3.7/site-packages/airflow/example_dags/example_complex.py took 0.080 seconds
[2023-08-07T17:12:24.000+0000] {processor.py:157} INFO - Started process (PID=488) to work on /home/airflow/.local/lib/python3.7/site-packages/airflow/example_dags/example_complex.py
[2023-08-07T17:12:24.001+0000] {processor.py:826} INFO - Processing file /home/airflow/.local/lib/python3.7/site-packages/airflow/example_dags/example_complex.py for tasks to queue
[2023-08-07T17:12:24.002+0000] {logging_mixin.py:150} INFO - [2023-08-07T17:12:24.002+0000] {dagbag.py:541} INFO - Filling up the DagBag from /home/airflow/.local/lib/python3.7/site-packages/airflow/example_dags/example_complex.py
[2023-08-07T17:12:24.025+0000] {processor.py:836} INFO - DAG(s) dict_keys(['example_complex']) retrieved from /home/airflow/.local/lib/python3.7/site-packages/airflow/example_dags/example_complex.py
[2023-08-07T17:12:24.059+0000] {logging_mixin.py:150} INFO - [2023-08-07T17:12:24.059+0000] {dag.py:2742} INFO - Sync 1 DAGs
[2023-08-07T17:12:24.083+0000] {logging_mixin.py:150} INFO - [2023-08-07T17:12:24.083+0000] {dag.py:3508} INFO - Setting next_dagrun for example_complex to None, run_after=None
[2023-08-07T17:12:24.099+0000] {processor.py:179} INFO - Processing /home/airflow/.local/lib/python3.7/site-packages/airflow/example_dags/example_complex.py took 0.103 seconds
[2023-08-07T17:12:54.859+0000] {processor.py:157} INFO - Started process (PID=550) to work on /home/airflow/.local/lib/python3.7/site-packages/airflow/example_dags/example_complex.py
[2023-08-07T17:12:54.860+0000] {processor.py:826} INFO - Processing file /home/airflow/.local/lib/python3.7/site-packages/airflow/example_dags/example_complex.py for tasks to queue
[2023-08-07T17:12:54.861+0000] {logging_mixin.py:150} INFO - [2023-08-07T17:12:54.861+0000] {dagbag.py:541} INFO - Filling up the DagBag from /home/airflow/.local/lib/python3.7/site-packages/airflow/example_dags/example_complex.py
[2023-08-07T17:12:54.885+0000] {processor.py:836} INFO - DAG(s) dict_keys(['example_complex']) retrieved from /home/airflow/.local/lib/python3.7/site-packages/airflow/example_dags/example_complex.py
[2023-08-07T17:12:54.915+0000] {logging_mixin.py:150} INFO - [2023-08-07T17:12:54.915+0000] {dag.py:2742} INFO - Sync 1 DAGs
[2023-08-07T17:12:54.939+0000] {logging_mixin.py:150} INFO - [2023-08-07T17:12:54.939+0000] {dag.py:3508} INFO - Setting next_dagrun for example_complex to None, run_after=None
[2023-08-07T17:12:54.956+0000] {processor.py:179} INFO - Processing /home/airflow/.local/lib/python3.7/site-packages/airflow/example_dags/example_complex.py took 0.101 seconds
[2023-08-07T17:13:25.162+0000] {processor.py:157} INFO - Started process (PID=612) to work on /home/airflow/.local/lib/python3.7/site-packages/airflow/example_dags/example_complex.py
[2023-08-07T17:13:25.163+0000] {processor.py:826} INFO - Processing file /home/airflow/.local/lib/python3.7/site-packages/airflow/example_dags/example_complex.py for tasks to queue
[2023-08-07T17:13:25.164+0000] {logging_mixin.py:150} INFO - [2023-08-07T17:13:25.164+0000] {dagbag.py:541} INFO - Filling up the DagBag from /home/airflow/.local/lib/python3.7/site-packages/airflow/example_dags/example_complex.py
[2023-08-07T17:13:25.185+0000] {processor.py:836} INFO - DAG(s) dict_keys(['example_complex']) retrieved from /home/airflow/.local/lib/python3.7/site-packages/airflow/example_dags/example_complex.py
[2023-08-07T17:13:25.220+0000] {logging_mixin.py:150} INFO - [2023-08-07T17:13:25.220+0000] {dag.py:2742} INFO - Sync 1 DAGs
[2023-08-07T17:13:25.243+0000] {logging_mixin.py:150} INFO - [2023-08-07T17:13:25.243+0000] {dag.py:3508} INFO - Setting next_dagrun for example_complex to None, run_after=None
[2023-08-07T17:13:25.262+0000] {processor.py:179} INFO - Processing /home/airflow/.local/lib/python3.7/site-packages/airflow/example_dags/example_complex.py took 0.104 seconds
[2023-08-07T17:13:55.984+0000] {processor.py:157} INFO - Started process (PID=674) to work on /home/airflow/.local/lib/python3.7/site-packages/airflow/example_dags/example_complex.py
[2023-08-07T17:13:55.985+0000] {processor.py:826} INFO - Processing file /home/airflow/.local/lib/python3.7/site-packages/airflow/example_dags/example_complex.py for tasks to queue
[2023-08-07T17:13:55.986+0000] {logging_mixin.py:150} INFO - [2023-08-07T17:13:55.986+0000] {dagbag.py:541} INFO - Filling up the DagBag from /home/airflow/.local/lib/python3.7/site-packages/airflow/example_dags/example_complex.py
[2023-08-07T17:13:56.010+0000] {processor.py:836} INFO - DAG(s) dict_keys(['example_complex']) retrieved from /home/airflow/.local/lib/python3.7/site-packages/airflow/example_dags/example_complex.py
[2023-08-07T17:13:56.041+0000] {logging_mixin.py:150} INFO - [2023-08-07T17:13:56.041+0000] {dag.py:2742} INFO - Sync 1 DAGs
[2023-08-07T17:13:56.064+0000] {logging_mixin.py:150} INFO - [2023-08-07T17:13:56.064+0000] {dag.py:3508} INFO - Setting next_dagrun for example_complex to None, run_after=None
[2023-08-07T17:13:56.081+0000] {processor.py:179} INFO - Processing /home/airflow/.local/lib/python3.7/site-packages/airflow/example_dags/example_complex.py took 0.103 seconds
[2023-08-07T17:14:26.772+0000] {processor.py:157} INFO - Started process (PID=736) to work on /home/airflow/.local/lib/python3.7/site-packages/airflow/example_dags/example_complex.py
[2023-08-07T17:14:26.773+0000] {processor.py:826} INFO - Processing file /home/airflow/.local/lib/python3.7/site-packages/airflow/example_dags/example_complex.py for tasks to queue
[2023-08-07T17:14:26.774+0000] {logging_mixin.py:150} INFO - [2023-08-07T17:14:26.773+0000] {dagbag.py:541} INFO - Filling up the DagBag from /home/airflow/.local/lib/python3.7/site-packages/airflow/example_dags/example_complex.py
[2023-08-07T17:14:26.795+0000] {processor.py:836} INFO - DAG(s) dict_keys(['example_complex']) retrieved from /home/airflow/.local/lib/python3.7/site-packages/airflow/example_dags/example_complex.py
[2023-08-07T17:14:26.828+0000] {logging_mixin.py:150} INFO - [2023-08-07T17:14:26.828+0000] {dag.py:2742} INFO - Sync 1 DAGs
[2023-08-07T17:14:26.852+0000] {logging_mixin.py:150} INFO - [2023-08-07T17:14:26.852+0000] {dag.py:3508} INFO - Setting next_dagrun for example_complex to None, run_after=None
[2023-08-07T17:14:26.869+0000] {processor.py:179} INFO - Processing /home/airflow/.local/lib/python3.7/site-packages/airflow/example_dags/example_complex.py took 0.102 seconds
[2023-08-07T17:14:57.157+0000] {processor.py:157} INFO - Started process (PID=798) to work on /home/airflow/.local/lib/python3.7/site-packages/airflow/example_dags/example_complex.py
[2023-08-07T17:14:57.157+0000] {processor.py:826} INFO - Processing file /home/airflow/.local/lib/python3.7/site-packages/airflow/example_dags/example_complex.py for tasks to queue
[2023-08-07T17:14:57.158+0000] {logging_mixin.py:150} INFO - [2023-08-07T17:14:57.158+0000] {dagbag.py:541} INFO - Filling up the DagBag from /home/airflow/.local/lib/python3.7/site-packages/airflow/example_dags/example_complex.py
[2023-08-07T17:14:57.167+0000] {processor.py:836} INFO - DAG(s) dict_keys(['example_complex']) retrieved from /home/airflow/.local/lib/python3.7/site-packages/airflow/example_dags/example_complex.py
[2023-08-07T17:14:57.224+0000] {logging_mixin.py:150} INFO - [2023-08-07T17:14:57.224+0000] {dag.py:2742} INFO - Sync 1 DAGs
[2023-08-07T17:14:57.254+0000] {logging_mixin.py:150} INFO - [2023-08-07T17:14:57.254+0000] {dag.py:3508} INFO - Setting next_dagrun for example_complex to None, run_after=None
[2023-08-07T17:14:57.273+0000] {processor.py:179} INFO - Processing /home/airflow/.local/lib/python3.7/site-packages/airflow/example_dags/example_complex.py took 0.118 seconds
[2023-08-07T17:15:28.294+0000] {processor.py:157} INFO - Started process (PID=860) to work on /home/airflow/.local/lib/python3.7/site-packages/airflow/example_dags/example_complex.py
[2023-08-07T17:15:28.295+0000] {processor.py:826} INFO - Processing file /home/airflow/.local/lib/python3.7/site-packages/airflow/example_dags/example_complex.py for tasks to queue
[2023-08-07T17:15:28.296+0000] {logging_mixin.py:150} INFO - [2023-08-07T17:15:28.296+0000] {dagbag.py:541} INFO - Filling up the DagBag from /home/airflow/.local/lib/python3.7/site-packages/airflow/example_dags/example_complex.py
[2023-08-07T17:15:28.317+0000] {processor.py:836} INFO - DAG(s) dict_keys(['example_complex']) retrieved from /home/airflow/.local/lib/python3.7/site-packages/airflow/example_dags/example_complex.py
[2023-08-07T17:15:28.349+0000] {logging_mixin.py:150} INFO - [2023-08-07T17:15:28.349+0000] {dag.py:2742} INFO - Sync 1 DAGs
[2023-08-07T17:15:28.375+0000] {logging_mixin.py:150} INFO - [2023-08-07T17:15:28.375+0000] {dag.py:3508} INFO - Setting next_dagrun for example_complex to None, run_after=None
[2023-08-07T17:15:28.391+0000] {processor.py:179} INFO - Processing /home/airflow/.local/lib/python3.7/site-packages/airflow/example_dags/example_complex.py took 0.102 seconds
[2023-08-07T17:15:58.538+0000] {processor.py:157} INFO - Started process (PID=922) to work on /home/airflow/.local/lib/python3.7/site-packages/airflow/example_dags/example_complex.py
[2023-08-07T17:15:58.539+0000] {processor.py:826} INFO - Processing file /home/airflow/.local/lib/python3.7/site-packages/airflow/example_dags/example_complex.py for tasks to queue
[2023-08-07T17:15:58.539+0000] {logging_mixin.py:150} INFO - [2023-08-07T17:15:58.539+0000] {dagbag.py:541} INFO - Filling up the DagBag from /home/airflow/.local/lib/python3.7/site-packages/airflow/example_dags/example_complex.py
[2023-08-07T17:15:58.549+0000] {processor.py:836} INFO - DAG(s) dict_keys(['example_complex']) retrieved from /home/airflow/.local/lib/python3.7/site-packages/airflow/example_dags/example_complex.py
[2023-08-07T17:15:58.577+0000] {logging_mixin.py:150} INFO - [2023-08-07T17:15:58.577+0000] {dag.py:2742} INFO - Sync 1 DAGs
[2023-08-07T17:15:58.600+0000] {logging_mixin.py:150} INFO - [2023-08-07T17:15:58.600+0000] {dag.py:3508} INFO - Setting next_dagrun for example_complex to None, run_after=None
[2023-08-07T17:15:58.618+0000] {processor.py:179} INFO - Processing /home/airflow/.local/lib/python3.7/site-packages/airflow/example_dags/example_complex.py took 0.082 seconds
[2023-08-07T17:16:29.050+0000] {processor.py:157} INFO - Started process (PID=984) to work on /home/airflow/.local/lib/python3.7/site-packages/airflow/example_dags/example_complex.py
[2023-08-07T17:16:29.051+0000] {processor.py:826} INFO - Processing file /home/airflow/.local/lib/python3.7/site-packages/airflow/example_dags/example_complex.py for tasks to queue
[2023-08-07T17:16:29.051+0000] {logging_mixin.py:150} INFO - [2023-08-07T17:16:29.051+0000] {dagbag.py:541} INFO - Filling up the DagBag from /home/airflow/.local/lib/python3.7/site-packages/airflow/example_dags/example_complex.py
[2023-08-07T17:16:29.060+0000] {processor.py:836} INFO - DAG(s) dict_keys(['example_complex']) retrieved from /home/airflow/.local/lib/python3.7/site-packages/airflow/example_dags/example_complex.py
[2023-08-07T17:16:29.088+0000] {logging_mixin.py:150} INFO - [2023-08-07T17:16:29.088+0000] {dag.py:2742} INFO - Sync 1 DAGs
[2023-08-07T17:16:29.110+0000] {logging_mixin.py:150} INFO - [2023-08-07T17:16:29.109+0000] {dag.py:3508} INFO - Setting next_dagrun for example_complex to None, run_after=None
[2023-08-07T17:16:29.128+0000] {processor.py:179} INFO - Processing /home/airflow/.local/lib/python3.7/site-packages/airflow/example_dags/example_complex.py took 0.080 seconds
[2023-08-07T17:41:15.830+0000] {processor.py:157} INFO - Started process (PID=53) to work on /home/airflow/.local/lib/python3.7/site-packages/airflow/example_dags/example_complex.py
[2023-08-07T17:41:15.831+0000] {processor.py:826} INFO - Processing file /home/airflow/.local/lib/python3.7/site-packages/airflow/example_dags/example_complex.py for tasks to queue
[2023-08-07T17:41:15.832+0000] {logging_mixin.py:150} INFO - [2023-08-07T17:41:15.832+0000] {dagbag.py:541} INFO - Filling up the DagBag from /home/airflow/.local/lib/python3.7/site-packages/airflow/example_dags/example_complex.py
[2023-08-07T17:41:15.847+0000] {processor.py:836} INFO - DAG(s) dict_keys(['example_complex']) retrieved from /home/airflow/.local/lib/python3.7/site-packages/airflow/example_dags/example_complex.py
[2023-08-07T17:41:15.861+0000] {logging_mixin.py:150} INFO - [2023-08-07T17:41:15.860+0000] {dag.py:2742} INFO - Sync 1 DAGs
[2023-08-07T17:41:15.890+0000] {logging_mixin.py:150} INFO - [2023-08-07T17:41:15.890+0000] {dag.py:3508} INFO - Setting next_dagrun for example_complex to None, run_after=None
[2023-08-07T17:41:15.912+0000] {processor.py:179} INFO - Processing /home/airflow/.local/lib/python3.7/site-packages/airflow/example_dags/example_complex.py took 0.084 seconds
[2023-08-07T17:41:46.567+0000] {processor.py:157} INFO - Started process (PID=115) to work on /home/airflow/.local/lib/python3.7/site-packages/airflow/example_dags/example_complex.py
[2023-08-07T17:41:46.568+0000] {processor.py:826} INFO - Processing file /home/airflow/.local/lib/python3.7/site-packages/airflow/example_dags/example_complex.py for tasks to queue
[2023-08-07T17:41:46.569+0000] {logging_mixin.py:150} INFO - [2023-08-07T17:41:46.569+0000] {dagbag.py:541} INFO - Filling up the DagBag from /home/airflow/.local/lib/python3.7/site-packages/airflow/example_dags/example_complex.py
[2023-08-07T17:41:46.593+0000] {processor.py:836} INFO - DAG(s) dict_keys(['example_complex']) retrieved from /home/airflow/.local/lib/python3.7/site-packages/airflow/example_dags/example_complex.py
[2023-08-07T17:41:46.625+0000] {logging_mixin.py:150} INFO - [2023-08-07T17:41:46.625+0000] {dag.py:2742} INFO - Sync 1 DAGs
[2023-08-07T17:41:46.649+0000] {logging_mixin.py:150} INFO - [2023-08-07T17:41:46.649+0000] {dag.py:3508} INFO - Setting next_dagrun for example_complex to None, run_after=None
[2023-08-07T17:41:46.667+0000] {processor.py:179} INFO - Processing /home/airflow/.local/lib/python3.7/site-packages/airflow/example_dags/example_complex.py took 0.104 seconds
[2023-08-07T17:42:17.242+0000] {processor.py:157} INFO - Started process (PID=177) to work on /home/airflow/.local/lib/python3.7/site-packages/airflow/example_dags/example_complex.py
[2023-08-07T17:42:17.243+0000] {processor.py:826} INFO - Processing file /home/airflow/.local/lib/python3.7/site-packages/airflow/example_dags/example_complex.py for tasks to queue
[2023-08-07T17:42:17.243+0000] {logging_mixin.py:150} INFO - [2023-08-07T17:42:17.243+0000] {dagbag.py:541} INFO - Filling up the DagBag from /home/airflow/.local/lib/python3.7/site-packages/airflow/example_dags/example_complex.py
[2023-08-07T17:42:17.252+0000] {processor.py:836} INFO - DAG(s) dict_keys(['example_complex']) retrieved from /home/airflow/.local/lib/python3.7/site-packages/airflow/example_dags/example_complex.py
[2023-08-07T17:42:17.280+0000] {logging_mixin.py:150} INFO - [2023-08-07T17:42:17.280+0000] {dag.py:2742} INFO - Sync 1 DAGs
[2023-08-07T17:42:17.302+0000] {logging_mixin.py:150} INFO - [2023-08-07T17:42:17.302+0000] {dag.py:3508} INFO - Setting next_dagrun for example_complex to None, run_after=None
[2023-08-07T17:42:17.320+0000] {processor.py:179} INFO - Processing /home/airflow/.local/lib/python3.7/site-packages/airflow/example_dags/example_complex.py took 0.080 seconds
[2023-08-07T17:42:48.361+0000] {processor.py:157} INFO - Started process (PID=239) to work on /home/airflow/.local/lib/python3.7/site-packages/airflow/example_dags/example_complex.py
[2023-08-07T17:42:48.361+0000] {processor.py:826} INFO - Processing file /home/airflow/.local/lib/python3.7/site-packages/airflow/example_dags/example_complex.py for tasks to queue
[2023-08-07T17:42:48.362+0000] {logging_mixin.py:150} INFO - [2023-08-07T17:42:48.362+0000] {dagbag.py:541} INFO - Filling up the DagBag from /home/airflow/.local/lib/python3.7/site-packages/airflow/example_dags/example_complex.py
[2023-08-07T17:42:48.371+0000] {processor.py:836} INFO - DAG(s) dict_keys(['example_complex']) retrieved from /home/airflow/.local/lib/python3.7/site-packages/airflow/example_dags/example_complex.py
[2023-08-07T17:42:48.399+0000] {logging_mixin.py:150} INFO - [2023-08-07T17:42:48.399+0000] {dag.py:2742} INFO - Sync 1 DAGs
[2023-08-07T17:42:48.421+0000] {logging_mixin.py:150} INFO - [2023-08-07T17:42:48.421+0000] {dag.py:3508} INFO - Setting next_dagrun for example_complex to None, run_after=None
[2023-08-07T17:42:48.440+0000] {processor.py:179} INFO - Processing /home/airflow/.local/lib/python3.7/site-packages/airflow/example_dags/example_complex.py took 0.082 seconds
[2023-08-07T17:43:19.223+0000] {processor.py:157} INFO - Started process (PID=302) to work on /home/airflow/.local/lib/python3.7/site-packages/airflow/example_dags/example_complex.py
[2023-08-07T17:43:19.224+0000] {processor.py:826} INFO - Processing file /home/airflow/.local/lib/python3.7/site-packages/airflow/example_dags/example_complex.py for tasks to queue
[2023-08-07T17:43:19.224+0000] {logging_mixin.py:150} INFO - [2023-08-07T17:43:19.224+0000] {dagbag.py:541} INFO - Filling up the DagBag from /home/airflow/.local/lib/python3.7/site-packages/airflow/example_dags/example_complex.py
[2023-08-07T17:43:19.234+0000] {processor.py:836} INFO - DAG(s) dict_keys(['example_complex']) retrieved from /home/airflow/.local/lib/python3.7/site-packages/airflow/example_dags/example_complex.py
[2023-08-07T17:43:19.263+0000] {logging_mixin.py:150} INFO - [2023-08-07T17:43:19.263+0000] {dag.py:2742} INFO - Sync 1 DAGs
[2023-08-07T17:43:19.288+0000] {logging_mixin.py:150} INFO - [2023-08-07T17:43:19.288+0000] {dag.py:3508} INFO - Setting next_dagrun for example_complex to None, run_after=None
[2023-08-07T17:43:19.306+0000] {processor.py:179} INFO - Processing /home/airflow/.local/lib/python3.7/site-packages/airflow/example_dags/example_complex.py took 0.085 seconds
[2023-08-07T17:43:50.478+0000] {processor.py:157} INFO - Started process (PID=364) to work on /home/airflow/.local/lib/python3.7/site-packages/airflow/example_dags/example_complex.py
[2023-08-07T17:43:50.479+0000] {processor.py:826} INFO - Processing file /home/airflow/.local/lib/python3.7/site-packages/airflow/example_dags/example_complex.py for tasks to queue
[2023-08-07T17:43:50.479+0000] {logging_mixin.py:150} INFO - [2023-08-07T17:43:50.479+0000] {dagbag.py:541} INFO - Filling up the DagBag from /home/airflow/.local/lib/python3.7/site-packages/airflow/example_dags/example_complex.py
[2023-08-07T17:43:50.489+0000] {processor.py:836} INFO - DAG(s) dict_keys(['example_complex']) retrieved from /home/airflow/.local/lib/python3.7/site-packages/airflow/example_dags/example_complex.py
[2023-08-07T17:43:50.519+0000] {logging_mixin.py:150} INFO - [2023-08-07T17:43:50.519+0000] {dag.py:2742} INFO - Sync 1 DAGs
[2023-08-07T17:43:50.542+0000] {logging_mixin.py:150} INFO - [2023-08-07T17:43:50.542+0000] {dag.py:3508} INFO - Setting next_dagrun for example_complex to None, run_after=None
[2023-08-07T17:43:50.563+0000] {processor.py:179} INFO - Processing /home/airflow/.local/lib/python3.7/site-packages/airflow/example_dags/example_complex.py took 0.087 seconds
[2023-08-07T18:11:02.369+0000] {processor.py:157} INFO - Started process (PID=54) to work on /home/airflow/.local/lib/python3.7/site-packages/airflow/example_dags/example_complex.py
[2023-08-07T18:11:02.370+0000] {processor.py:826} INFO - Processing file /home/airflow/.local/lib/python3.7/site-packages/airflow/example_dags/example_complex.py for tasks to queue
[2023-08-07T18:11:02.371+0000] {logging_mixin.py:150} INFO - [2023-08-07T18:11:02.371+0000] {dagbag.py:541} INFO - Filling up the DagBag from /home/airflow/.local/lib/python3.7/site-packages/airflow/example_dags/example_complex.py
[2023-08-07T18:11:02.384+0000] {processor.py:836} INFO - DAG(s) dict_keys(['example_complex']) retrieved from /home/airflow/.local/lib/python3.7/site-packages/airflow/example_dags/example_complex.py
[2023-08-07T18:11:02.396+0000] {logging_mixin.py:150} INFO - [2023-08-07T18:11:02.396+0000] {dag.py:2742} INFO - Sync 1 DAGs
[2023-08-07T18:11:02.428+0000] {logging_mixin.py:150} INFO - [2023-08-07T18:11:02.428+0000] {dag.py:3508} INFO - Setting next_dagrun for example_complex to None, run_after=None
[2023-08-07T18:11:02.450+0000] {processor.py:179} INFO - Processing /home/airflow/.local/lib/python3.7/site-packages/airflow/example_dags/example_complex.py took 0.084 seconds
