[2023-08-07T17:08:49.699+0000] {processor.py:157} INFO - Started process (PID=56) to work on /home/airflow/.local/lib/python3.7/site-packages/airflow/example_dags/example_sensors.py
[2023-08-07T17:08:49.700+0000] {processor.py:826} INFO - Processing file /home/airflow/.local/lib/python3.7/site-packages/airflow/example_dags/example_sensors.py for tasks to queue
[2023-08-07T17:08:49.701+0000] {logging_mixin.py:150} INFO - [2023-08-07T17:08:49.701+0000] {dagbag.py:541} INFO - Filling up the DagBag from /home/airflow/.local/lib/python3.7/site-packages/airflow/example_dags/example_sensors.py
[2023-08-07T17:08:49.712+0000] {processor.py:836} INFO - DAG(s) dict_keys(['example_sensors']) retrieved from /home/airflow/.local/lib/python3.7/site-packages/airflow/example_dags/example_sensors.py
[2023-08-07T17:08:49.727+0000] {logging_mixin.py:150} INFO - [2023-08-07T17:08:49.727+0000] {dag.py:2742} INFO - Sync 1 DAGs
[2023-08-07T17:08:49.755+0000] {logging_mixin.py:150} INFO - [2023-08-07T17:08:49.755+0000] {dag.py:3508} INFO - Setting next_dagrun for example_sensors to None, run_after=None
[2023-08-07T17:08:49.779+0000] {processor.py:179} INFO - Processing /home/airflow/.local/lib/python3.7/site-packages/airflow/example_dags/example_sensors.py took 0.086 seconds
[2023-08-07T17:09:20.406+0000] {processor.py:157} INFO - Started process (PID=118) to work on /home/airflow/.local/lib/python3.7/site-packages/airflow/example_dags/example_sensors.py
[2023-08-07T17:09:20.406+0000] {processor.py:826} INFO - Processing file /home/airflow/.local/lib/python3.7/site-packages/airflow/example_dags/example_sensors.py for tasks to queue
[2023-08-07T17:09:20.407+0000] {logging_mixin.py:150} INFO - [2023-08-07T17:09:20.406+0000] {dagbag.py:541} INFO - Filling up the DagBag from /home/airflow/.local/lib/python3.7/site-packages/airflow/example_dags/example_sensors.py
[2023-08-07T17:09:20.414+0000] {processor.py:836} INFO - DAG(s) dict_keys(['example_sensors']) retrieved from /home/airflow/.local/lib/python3.7/site-packages/airflow/example_dags/example_sensors.py
[2023-08-07T17:09:20.438+0000] {logging_mixin.py:150} INFO - [2023-08-07T17:09:20.438+0000] {dag.py:2742} INFO - Sync 1 DAGs
[2023-08-07T17:09:20.463+0000] {logging_mixin.py:150} INFO - [2023-08-07T17:09:20.462+0000] {dag.py:3508} INFO - Setting next_dagrun for example_sensors to None, run_after=None
[2023-08-07T17:09:20.480+0000] {processor.py:179} INFO - Processing /home/airflow/.local/lib/python3.7/site-packages/airflow/example_dags/example_sensors.py took 0.077 seconds
[2023-08-07T17:09:51.058+0000] {processor.py:157} INFO - Started process (PID=180) to work on /home/airflow/.local/lib/python3.7/site-packages/airflow/example_dags/example_sensors.py
[2023-08-07T17:09:51.059+0000] {processor.py:826} INFO - Processing file /home/airflow/.local/lib/python3.7/site-packages/airflow/example_dags/example_sensors.py for tasks to queue
[2023-08-07T17:09:51.060+0000] {logging_mixin.py:150} INFO - [2023-08-07T17:09:51.060+0000] {dagbag.py:541} INFO - Filling up the DagBag from /home/airflow/.local/lib/python3.7/site-packages/airflow/example_dags/example_sensors.py
[2023-08-07T17:09:51.078+0000] {processor.py:836} INFO - DAG(s) dict_keys(['example_sensors']) retrieved from /home/airflow/.local/lib/python3.7/site-packages/airflow/example_dags/example_sensors.py
[2023-08-07T17:09:51.114+0000] {logging_mixin.py:150} INFO - [2023-08-07T17:09:51.114+0000] {dag.py:2742} INFO - Sync 1 DAGs
[2023-08-07T17:09:51.138+0000] {logging_mixin.py:150} INFO - [2023-08-07T17:09:51.137+0000] {dag.py:3508} INFO - Setting next_dagrun for example_sensors to None, run_after=None
[2023-08-07T17:09:51.155+0000] {processor.py:179} INFO - Processing /home/airflow/.local/lib/python3.7/site-packages/airflow/example_dags/example_sensors.py took 0.102 seconds
[2023-08-07T17:10:21.438+0000] {processor.py:157} INFO - Started process (PID=242) to work on /home/airflow/.local/lib/python3.7/site-packages/airflow/example_dags/example_sensors.py
[2023-08-07T17:10:21.439+0000] {processor.py:826} INFO - Processing file /home/airflow/.local/lib/python3.7/site-packages/airflow/example_dags/example_sensors.py for tasks to queue
[2023-08-07T17:10:21.440+0000] {logging_mixin.py:150} INFO - [2023-08-07T17:10:21.439+0000] {dagbag.py:541} INFO - Filling up the DagBag from /home/airflow/.local/lib/python3.7/site-packages/airflow/example_dags/example_sensors.py
[2023-08-07T17:10:21.455+0000] {processor.py:836} INFO - DAG(s) dict_keys(['example_sensors']) retrieved from /home/airflow/.local/lib/python3.7/site-packages/airflow/example_dags/example_sensors.py
[2023-08-07T17:10:21.477+0000] {logging_mixin.py:150} INFO - [2023-08-07T17:10:21.477+0000] {dag.py:2742} INFO - Sync 1 DAGs
[2023-08-07T17:10:21.499+0000] {logging_mixin.py:150} INFO - [2023-08-07T17:10:21.499+0000] {dag.py:3508} INFO - Setting next_dagrun for example_sensors to None, run_after=None
[2023-08-07T17:10:21.518+0000] {processor.py:179} INFO - Processing /home/airflow/.local/lib/python3.7/site-packages/airflow/example_dags/example_sensors.py took 0.085 seconds
[2023-08-07T17:10:51.767+0000] {processor.py:157} INFO - Started process (PID=304) to work on /home/airflow/.local/lib/python3.7/site-packages/airflow/example_dags/example_sensors.py
[2023-08-07T17:10:51.767+0000] {processor.py:826} INFO - Processing file /home/airflow/.local/lib/python3.7/site-packages/airflow/example_dags/example_sensors.py for tasks to queue
[2023-08-07T17:10:51.768+0000] {logging_mixin.py:150} INFO - [2023-08-07T17:10:51.768+0000] {dagbag.py:541} INFO - Filling up the DagBag from /home/airflow/.local/lib/python3.7/site-packages/airflow/example_dags/example_sensors.py
[2023-08-07T17:10:51.775+0000] {processor.py:836} INFO - DAG(s) dict_keys(['example_sensors']) retrieved from /home/airflow/.local/lib/python3.7/site-packages/airflow/example_dags/example_sensors.py
[2023-08-07T17:10:51.797+0000] {logging_mixin.py:150} INFO - [2023-08-07T17:10:51.797+0000] {dag.py:2742} INFO - Sync 1 DAGs
[2023-08-07T17:10:51.820+0000] {logging_mixin.py:150} INFO - [2023-08-07T17:10:51.820+0000] {dag.py:3508} INFO - Setting next_dagrun for example_sensors to None, run_after=None
[2023-08-07T17:10:51.837+0000] {processor.py:179} INFO - Processing /home/airflow/.local/lib/python3.7/site-packages/airflow/example_dags/example_sensors.py took 0.072 seconds
[2023-08-07T17:11:22.712+0000] {processor.py:157} INFO - Started process (PID=366) to work on /home/airflow/.local/lib/python3.7/site-packages/airflow/example_dags/example_sensors.py
[2023-08-07T17:11:22.713+0000] {processor.py:826} INFO - Processing file /home/airflow/.local/lib/python3.7/site-packages/airflow/example_dags/example_sensors.py for tasks to queue
[2023-08-07T17:11:22.714+0000] {logging_mixin.py:150} INFO - [2023-08-07T17:11:22.714+0000] {dagbag.py:541} INFO - Filling up the DagBag from /home/airflow/.local/lib/python3.7/site-packages/airflow/example_dags/example_sensors.py
[2023-08-07T17:11:22.729+0000] {processor.py:836} INFO - DAG(s) dict_keys(['example_sensors']) retrieved from /home/airflow/.local/lib/python3.7/site-packages/airflow/example_dags/example_sensors.py
[2023-08-07T17:11:22.753+0000] {logging_mixin.py:150} INFO - [2023-08-07T17:11:22.753+0000] {dag.py:2742} INFO - Sync 1 DAGs
[2023-08-07T17:11:22.775+0000] {logging_mixin.py:150} INFO - [2023-08-07T17:11:22.775+0000] {dag.py:3508} INFO - Setting next_dagrun for example_sensors to None, run_after=None
[2023-08-07T17:11:22.791+0000] {processor.py:179} INFO - Processing /home/airflow/.local/lib/python3.7/site-packages/airflow/example_dags/example_sensors.py took 0.083 seconds
[2023-08-07T17:11:53.390+0000] {processor.py:157} INFO - Started process (PID=428) to work on /home/airflow/.local/lib/python3.7/site-packages/airflow/example_dags/example_sensors.py
[2023-08-07T17:11:53.391+0000] {processor.py:826} INFO - Processing file /home/airflow/.local/lib/python3.7/site-packages/airflow/example_dags/example_sensors.py for tasks to queue
[2023-08-07T17:11:53.392+0000] {logging_mixin.py:150} INFO - [2023-08-07T17:11:53.392+0000] {dagbag.py:541} INFO - Filling up the DagBag from /home/airflow/.local/lib/python3.7/site-packages/airflow/example_dags/example_sensors.py
[2023-08-07T17:11:53.408+0000] {processor.py:836} INFO - DAG(s) dict_keys(['example_sensors']) retrieved from /home/airflow/.local/lib/python3.7/site-packages/airflow/example_dags/example_sensors.py
[2023-08-07T17:11:53.433+0000] {logging_mixin.py:150} INFO - [2023-08-07T17:11:53.433+0000] {dag.py:2742} INFO - Sync 1 DAGs
[2023-08-07T17:11:53.456+0000] {logging_mixin.py:150} INFO - [2023-08-07T17:11:53.456+0000] {dag.py:3508} INFO - Setting next_dagrun for example_sensors to None, run_after=None
[2023-08-07T17:11:53.475+0000] {processor.py:179} INFO - Processing /home/airflow/.local/lib/python3.7/site-packages/airflow/example_dags/example_sensors.py took 0.089 seconds
[2023-08-07T17:12:24.114+0000] {processor.py:157} INFO - Started process (PID=490) to work on /home/airflow/.local/lib/python3.7/site-packages/airflow/example_dags/example_sensors.py
[2023-08-07T17:12:24.115+0000] {processor.py:826} INFO - Processing file /home/airflow/.local/lib/python3.7/site-packages/airflow/example_dags/example_sensors.py for tasks to queue
[2023-08-07T17:12:24.116+0000] {logging_mixin.py:150} INFO - [2023-08-07T17:12:24.115+0000] {dagbag.py:541} INFO - Filling up the DagBag from /home/airflow/.local/lib/python3.7/site-packages/airflow/example_dags/example_sensors.py
[2023-08-07T17:12:24.122+0000] {processor.py:836} INFO - DAG(s) dict_keys(['example_sensors']) retrieved from /home/airflow/.local/lib/python3.7/site-packages/airflow/example_dags/example_sensors.py
[2023-08-07T17:12:24.168+0000] {logging_mixin.py:150} INFO - [2023-08-07T17:12:24.168+0000] {dag.py:2742} INFO - Sync 1 DAGs
[2023-08-07T17:12:24.197+0000] {logging_mixin.py:150} INFO - [2023-08-07T17:12:24.197+0000] {dag.py:3508} INFO - Setting next_dagrun for example_sensors to None, run_after=None
[2023-08-07T17:12:24.215+0000] {processor.py:179} INFO - Processing /home/airflow/.local/lib/python3.7/site-packages/airflow/example_dags/example_sensors.py took 0.103 seconds
[2023-08-07T17:12:54.972+0000] {processor.py:157} INFO - Started process (PID=552) to work on /home/airflow/.local/lib/python3.7/site-packages/airflow/example_dags/example_sensors.py
[2023-08-07T17:12:54.972+0000] {processor.py:826} INFO - Processing file /home/airflow/.local/lib/python3.7/site-packages/airflow/example_dags/example_sensors.py for tasks to queue
[2023-08-07T17:12:54.973+0000] {logging_mixin.py:150} INFO - [2023-08-07T17:12:54.973+0000] {dagbag.py:541} INFO - Filling up the DagBag from /home/airflow/.local/lib/python3.7/site-packages/airflow/example_dags/example_sensors.py
[2023-08-07T17:12:54.980+0000] {processor.py:836} INFO - DAG(s) dict_keys(['example_sensors']) retrieved from /home/airflow/.local/lib/python3.7/site-packages/airflow/example_dags/example_sensors.py
[2023-08-07T17:12:55.002+0000] {logging_mixin.py:150} INFO - [2023-08-07T17:12:55.002+0000] {dag.py:2742} INFO - Sync 1 DAGs
[2023-08-07T17:12:55.024+0000] {logging_mixin.py:150} INFO - [2023-08-07T17:12:55.024+0000] {dag.py:3508} INFO - Setting next_dagrun for example_sensors to None, run_after=None
[2023-08-07T17:12:55.041+0000] {processor.py:179} INFO - Processing /home/airflow/.local/lib/python3.7/site-packages/airflow/example_dags/example_sensors.py took 0.072 seconds
[2023-08-07T17:13:25.279+0000] {processor.py:157} INFO - Started process (PID=614) to work on /home/airflow/.local/lib/python3.7/site-packages/airflow/example_dags/example_sensors.py
[2023-08-07T17:13:25.279+0000] {processor.py:826} INFO - Processing file /home/airflow/.local/lib/python3.7/site-packages/airflow/example_dags/example_sensors.py for tasks to queue
[2023-08-07T17:13:25.280+0000] {logging_mixin.py:150} INFO - [2023-08-07T17:13:25.280+0000] {dagbag.py:541} INFO - Filling up the DagBag from /home/airflow/.local/lib/python3.7/site-packages/airflow/example_dags/example_sensors.py
[2023-08-07T17:13:25.287+0000] {processor.py:836} INFO - DAG(s) dict_keys(['example_sensors']) retrieved from /home/airflow/.local/lib/python3.7/site-packages/airflow/example_dags/example_sensors.py
[2023-08-07T17:13:25.334+0000] {logging_mixin.py:150} INFO - [2023-08-07T17:13:25.333+0000] {dag.py:2742} INFO - Sync 1 DAGs
[2023-08-07T17:13:25.358+0000] {logging_mixin.py:150} INFO - [2023-08-07T17:13:25.358+0000] {dag.py:3508} INFO - Setting next_dagrun for example_sensors to None, run_after=None
[2023-08-07T17:13:25.375+0000] {processor.py:179} INFO - Processing /home/airflow/.local/lib/python3.7/site-packages/airflow/example_dags/example_sensors.py took 0.098 seconds
[2023-08-07T17:13:56.098+0000] {processor.py:157} INFO - Started process (PID=676) to work on /home/airflow/.local/lib/python3.7/site-packages/airflow/example_dags/example_sensors.py
[2023-08-07T17:13:56.099+0000] {processor.py:826} INFO - Processing file /home/airflow/.local/lib/python3.7/site-packages/airflow/example_dags/example_sensors.py for tasks to queue
[2023-08-07T17:13:56.099+0000] {logging_mixin.py:150} INFO - [2023-08-07T17:13:56.099+0000] {dagbag.py:541} INFO - Filling up the DagBag from /home/airflow/.local/lib/python3.7/site-packages/airflow/example_dags/example_sensors.py
[2023-08-07T17:13:56.106+0000] {processor.py:836} INFO - DAG(s) dict_keys(['example_sensors']) retrieved from /home/airflow/.local/lib/python3.7/site-packages/airflow/example_dags/example_sensors.py
[2023-08-07T17:13:56.127+0000] {logging_mixin.py:150} INFO - [2023-08-07T17:13:56.127+0000] {dag.py:2742} INFO - Sync 1 DAGs
[2023-08-07T17:13:56.150+0000] {logging_mixin.py:150} INFO - [2023-08-07T17:13:56.150+0000] {dag.py:3508} INFO - Setting next_dagrun for example_sensors to None, run_after=None
[2023-08-07T17:13:56.170+0000] {processor.py:179} INFO - Processing /home/airflow/.local/lib/python3.7/site-packages/airflow/example_dags/example_sensors.py took 0.073 seconds
[2023-08-07T17:14:26.885+0000] {processor.py:157} INFO - Started process (PID=738) to work on /home/airflow/.local/lib/python3.7/site-packages/airflow/example_dags/example_sensors.py
[2023-08-07T17:14:26.886+0000] {processor.py:826} INFO - Processing file /home/airflow/.local/lib/python3.7/site-packages/airflow/example_dags/example_sensors.py for tasks to queue
[2023-08-07T17:14:26.886+0000] {logging_mixin.py:150} INFO - [2023-08-07T17:14:26.886+0000] {dagbag.py:541} INFO - Filling up the DagBag from /home/airflow/.local/lib/python3.7/site-packages/airflow/example_dags/example_sensors.py
[2023-08-07T17:14:26.893+0000] {processor.py:836} INFO - DAG(s) dict_keys(['example_sensors']) retrieved from /home/airflow/.local/lib/python3.7/site-packages/airflow/example_dags/example_sensors.py
[2023-08-07T17:14:26.915+0000] {logging_mixin.py:150} INFO - [2023-08-07T17:14:26.915+0000] {dag.py:2742} INFO - Sync 1 DAGs
[2023-08-07T17:14:26.937+0000] {logging_mixin.py:150} INFO - [2023-08-07T17:14:26.936+0000] {dag.py:3508} INFO - Setting next_dagrun for example_sensors to None, run_after=None
[2023-08-07T17:14:26.957+0000] {processor.py:179} INFO - Processing /home/airflow/.local/lib/python3.7/site-packages/airflow/example_dags/example_sensors.py took 0.074 seconds
[2023-08-07T17:14:57.307+0000] {processor.py:157} INFO - Started process (PID=800) to work on /home/airflow/.local/lib/python3.7/site-packages/airflow/example_dags/example_sensors.py
[2023-08-07T17:14:57.308+0000] {processor.py:826} INFO - Processing file /home/airflow/.local/lib/python3.7/site-packages/airflow/example_dags/example_sensors.py for tasks to queue
[2023-08-07T17:14:57.309+0000] {logging_mixin.py:150} INFO - [2023-08-07T17:14:57.309+0000] {dagbag.py:541} INFO - Filling up the DagBag from /home/airflow/.local/lib/python3.7/site-packages/airflow/example_dags/example_sensors.py
[2023-08-07T17:14:57.323+0000] {processor.py:836} INFO - DAG(s) dict_keys(['example_sensors']) retrieved from /home/airflow/.local/lib/python3.7/site-packages/airflow/example_dags/example_sensors.py
[2023-08-07T17:14:57.350+0000] {logging_mixin.py:150} INFO - [2023-08-07T17:14:57.350+0000] {dag.py:2742} INFO - Sync 1 DAGs
[2023-08-07T17:14:57.373+0000] {logging_mixin.py:150} INFO - [2023-08-07T17:14:57.373+0000] {dag.py:3508} INFO - Setting next_dagrun for example_sensors to None, run_after=None
[2023-08-07T17:14:57.391+0000] {processor.py:179} INFO - Processing /home/airflow/.local/lib/python3.7/site-packages/airflow/example_dags/example_sensors.py took 0.089 seconds
[2023-08-07T17:15:28.389+0000] {processor.py:157} INFO - Started process (PID=862) to work on /home/airflow/.local/lib/python3.7/site-packages/airflow/example_dags/example_sensors.py
[2023-08-07T17:15:28.390+0000] {processor.py:826} INFO - Processing file /home/airflow/.local/lib/python3.7/site-packages/airflow/example_dags/example_sensors.py for tasks to queue
[2023-08-07T17:15:28.390+0000] {logging_mixin.py:150} INFO - [2023-08-07T17:15:28.390+0000] {dagbag.py:541} INFO - Filling up the DagBag from /home/airflow/.local/lib/python3.7/site-packages/airflow/example_dags/example_sensors.py
[2023-08-07T17:15:28.397+0000] {processor.py:836} INFO - DAG(s) dict_keys(['example_sensors']) retrieved from /home/airflow/.local/lib/python3.7/site-packages/airflow/example_dags/example_sensors.py
[2023-08-07T17:15:28.436+0000] {logging_mixin.py:150} INFO - [2023-08-07T17:15:28.436+0000] {dag.py:2742} INFO - Sync 1 DAGs
[2023-08-07T17:15:28.460+0000] {logging_mixin.py:150} INFO - [2023-08-07T17:15:28.460+0000] {dag.py:3508} INFO - Setting next_dagrun for example_sensors to None, run_after=None
[2023-08-07T17:15:28.476+0000] {processor.py:179} INFO - Processing /home/airflow/.local/lib/python3.7/site-packages/airflow/example_dags/example_sensors.py took 0.089 seconds
[2023-08-07T17:15:58.756+0000] {processor.py:157} INFO - Started process (PID=924) to work on /home/airflow/.local/lib/python3.7/site-packages/airflow/example_dags/example_sensors.py
[2023-08-07T17:15:58.757+0000] {processor.py:826} INFO - Processing file /home/airflow/.local/lib/python3.7/site-packages/airflow/example_dags/example_sensors.py for tasks to queue
[2023-08-07T17:15:58.758+0000] {logging_mixin.py:150} INFO - [2023-08-07T17:15:58.758+0000] {dagbag.py:541} INFO - Filling up the DagBag from /home/airflow/.local/lib/python3.7/site-packages/airflow/example_dags/example_sensors.py
[2023-08-07T17:15:58.772+0000] {processor.py:836} INFO - DAG(s) dict_keys(['example_sensors']) retrieved from /home/airflow/.local/lib/python3.7/site-packages/airflow/example_dags/example_sensors.py
[2023-08-07T17:15:58.808+0000] {logging_mixin.py:150} INFO - [2023-08-07T17:15:58.808+0000] {dag.py:2742} INFO - Sync 1 DAGs
[2023-08-07T17:15:58.830+0000] {logging_mixin.py:150} INFO - [2023-08-07T17:15:58.830+0000] {dag.py:3508} INFO - Setting next_dagrun for example_sensors to None, run_after=None
[2023-08-07T17:15:58.848+0000] {processor.py:179} INFO - Processing /home/airflow/.local/lib/python3.7/site-packages/airflow/example_dags/example_sensors.py took 0.095 seconds
[2023-08-07T17:16:29.150+0000] {processor.py:157} INFO - Started process (PID=986) to work on /home/airflow/.local/lib/python3.7/site-packages/airflow/example_dags/example_sensors.py
[2023-08-07T17:16:29.150+0000] {processor.py:826} INFO - Processing file /home/airflow/.local/lib/python3.7/site-packages/airflow/example_dags/example_sensors.py for tasks to queue
[2023-08-07T17:16:29.151+0000] {logging_mixin.py:150} INFO - [2023-08-07T17:16:29.151+0000] {dagbag.py:541} INFO - Filling up the DagBag from /home/airflow/.local/lib/python3.7/site-packages/airflow/example_dags/example_sensors.py
[2023-08-07T17:16:29.158+0000] {processor.py:836} INFO - DAG(s) dict_keys(['example_sensors']) retrieved from /home/airflow/.local/lib/python3.7/site-packages/airflow/example_dags/example_sensors.py
[2023-08-07T17:16:29.181+0000] {logging_mixin.py:150} INFO - [2023-08-07T17:16:29.181+0000] {dag.py:2742} INFO - Sync 1 DAGs
[2023-08-07T17:16:29.205+0000] {logging_mixin.py:150} INFO - [2023-08-07T17:16:29.205+0000] {dag.py:3508} INFO - Setting next_dagrun for example_sensors to None, run_after=None
[2023-08-07T17:16:29.222+0000] {processor.py:179} INFO - Processing /home/airflow/.local/lib/python3.7/site-packages/airflow/example_dags/example_sensors.py took 0.074 seconds
[2023-08-07T17:41:15.940+0000] {processor.py:157} INFO - Started process (PID=55) to work on /home/airflow/.local/lib/python3.7/site-packages/airflow/example_dags/example_sensors.py
[2023-08-07T17:41:15.941+0000] {processor.py:826} INFO - Processing file /home/airflow/.local/lib/python3.7/site-packages/airflow/example_dags/example_sensors.py for tasks to queue
[2023-08-07T17:41:15.941+0000] {logging_mixin.py:150} INFO - [2023-08-07T17:41:15.941+0000] {dagbag.py:541} INFO - Filling up the DagBag from /home/airflow/.local/lib/python3.7/site-packages/airflow/example_dags/example_sensors.py
[2023-08-07T17:41:15.951+0000] {processor.py:836} INFO - DAG(s) dict_keys(['example_sensors']) retrieved from /home/airflow/.local/lib/python3.7/site-packages/airflow/example_dags/example_sensors.py
[2023-08-07T17:41:15.964+0000] {logging_mixin.py:150} INFO - [2023-08-07T17:41:15.964+0000] {dag.py:2742} INFO - Sync 1 DAGs
[2023-08-07T17:41:15.990+0000] {logging_mixin.py:150} INFO - [2023-08-07T17:41:15.990+0000] {dag.py:3508} INFO - Setting next_dagrun for example_sensors to None, run_after=None
[2023-08-07T17:41:16.010+0000] {processor.py:179} INFO - Processing /home/airflow/.local/lib/python3.7/site-packages/airflow/example_dags/example_sensors.py took 0.072 seconds
[2023-08-07T17:41:46.673+0000] {processor.py:157} INFO - Started process (PID=117) to work on /home/airflow/.local/lib/python3.7/site-packages/airflow/example_dags/example_sensors.py
[2023-08-07T17:41:46.674+0000] {processor.py:826} INFO - Processing file /home/airflow/.local/lib/python3.7/site-packages/airflow/example_dags/example_sensors.py for tasks to queue
[2023-08-07T17:41:46.674+0000] {logging_mixin.py:150} INFO - [2023-08-07T17:41:46.674+0000] {dagbag.py:541} INFO - Filling up the DagBag from /home/airflow/.local/lib/python3.7/site-packages/airflow/example_dags/example_sensors.py
[2023-08-07T17:41:46.681+0000] {processor.py:836} INFO - DAG(s) dict_keys(['example_sensors']) retrieved from /home/airflow/.local/lib/python3.7/site-packages/airflow/example_dags/example_sensors.py
[2023-08-07T17:41:46.703+0000] {logging_mixin.py:150} INFO - [2023-08-07T17:41:46.702+0000] {dag.py:2742} INFO - Sync 1 DAGs
[2023-08-07T17:41:46.725+0000] {logging_mixin.py:150} INFO - [2023-08-07T17:41:46.725+0000] {dag.py:3508} INFO - Setting next_dagrun for example_sensors to None, run_after=None
[2023-08-07T17:41:46.742+0000] {processor.py:179} INFO - Processing /home/airflow/.local/lib/python3.7/site-packages/airflow/example_dags/example_sensors.py took 0.073 seconds
[2023-08-07T17:42:17.336+0000] {processor.py:157} INFO - Started process (PID=179) to work on /home/airflow/.local/lib/python3.7/site-packages/airflow/example_dags/example_sensors.py
[2023-08-07T17:42:17.337+0000] {processor.py:826} INFO - Processing file /home/airflow/.local/lib/python3.7/site-packages/airflow/example_dags/example_sensors.py for tasks to queue
[2023-08-07T17:42:17.337+0000] {logging_mixin.py:150} INFO - [2023-08-07T17:42:17.337+0000] {dagbag.py:541} INFO - Filling up the DagBag from /home/airflow/.local/lib/python3.7/site-packages/airflow/example_dags/example_sensors.py
[2023-08-07T17:42:17.344+0000] {processor.py:836} INFO - DAG(s) dict_keys(['example_sensors']) retrieved from /home/airflow/.local/lib/python3.7/site-packages/airflow/example_dags/example_sensors.py
[2023-08-07T17:42:17.365+0000] {logging_mixin.py:150} INFO - [2023-08-07T17:42:17.365+0000] {dag.py:2742} INFO - Sync 1 DAGs
[2023-08-07T17:42:17.388+0000] {logging_mixin.py:150} INFO - [2023-08-07T17:42:17.388+0000] {dag.py:3508} INFO - Setting next_dagrun for example_sensors to None, run_after=None
[2023-08-07T17:42:17.405+0000] {processor.py:179} INFO - Processing /home/airflow/.local/lib/python3.7/site-packages/airflow/example_dags/example_sensors.py took 0.071 seconds
[2023-08-07T17:42:48.457+0000] {processor.py:157} INFO - Started process (PID=241) to work on /home/airflow/.local/lib/python3.7/site-packages/airflow/example_dags/example_sensors.py
[2023-08-07T17:42:48.457+0000] {processor.py:826} INFO - Processing file /home/airflow/.local/lib/python3.7/site-packages/airflow/example_dags/example_sensors.py for tasks to queue
[2023-08-07T17:42:48.458+0000] {logging_mixin.py:150} INFO - [2023-08-07T17:42:48.458+0000] {dagbag.py:541} INFO - Filling up the DagBag from /home/airflow/.local/lib/python3.7/site-packages/airflow/example_dags/example_sensors.py
[2023-08-07T17:42:48.465+0000] {processor.py:836} INFO - DAG(s) dict_keys(['example_sensors']) retrieved from /home/airflow/.local/lib/python3.7/site-packages/airflow/example_dags/example_sensors.py
[2023-08-07T17:42:48.487+0000] {logging_mixin.py:150} INFO - [2023-08-07T17:42:48.486+0000] {dag.py:2742} INFO - Sync 1 DAGs
[2023-08-07T17:42:48.508+0000] {logging_mixin.py:150} INFO - [2023-08-07T17:42:48.508+0000] {dag.py:3508} INFO - Setting next_dagrun for example_sensors to None, run_after=None
[2023-08-07T17:42:48.527+0000] {processor.py:179} INFO - Processing /home/airflow/.local/lib/python3.7/site-packages/airflow/example_dags/example_sensors.py took 0.072 seconds
[2023-08-07T17:43:19.334+0000] {processor.py:157} INFO - Started process (PID=304) to work on /home/airflow/.local/lib/python3.7/site-packages/airflow/example_dags/example_sensors.py
[2023-08-07T17:43:19.334+0000] {processor.py:826} INFO - Processing file /home/airflow/.local/lib/python3.7/site-packages/airflow/example_dags/example_sensors.py for tasks to queue
[2023-08-07T17:43:19.335+0000] {logging_mixin.py:150} INFO - [2023-08-07T17:43:19.335+0000] {dagbag.py:541} INFO - Filling up the DagBag from /home/airflow/.local/lib/python3.7/site-packages/airflow/example_dags/example_sensors.py
[2023-08-07T17:43:19.342+0000] {processor.py:836} INFO - DAG(s) dict_keys(['example_sensors']) retrieved from /home/airflow/.local/lib/python3.7/site-packages/airflow/example_dags/example_sensors.py
[2023-08-07T17:43:19.365+0000] {logging_mixin.py:150} INFO - [2023-08-07T17:43:19.364+0000] {dag.py:2742} INFO - Sync 1 DAGs
[2023-08-07T17:43:19.387+0000] {logging_mixin.py:150} INFO - [2023-08-07T17:43:19.387+0000] {dag.py:3508} INFO - Setting next_dagrun for example_sensors to None, run_after=None
[2023-08-07T17:43:19.406+0000] {processor.py:179} INFO - Processing /home/airflow/.local/lib/python3.7/site-packages/airflow/example_dags/example_sensors.py took 0.074 seconds
[2023-08-07T17:43:50.582+0000] {processor.py:157} INFO - Started process (PID=366) to work on /home/airflow/.local/lib/python3.7/site-packages/airflow/example_dags/example_sensors.py
[2023-08-07T17:43:50.583+0000] {processor.py:826} INFO - Processing file /home/airflow/.local/lib/python3.7/site-packages/airflow/example_dags/example_sensors.py for tasks to queue
[2023-08-07T17:43:50.584+0000] {logging_mixin.py:150} INFO - [2023-08-07T17:43:50.583+0000] {dagbag.py:541} INFO - Filling up the DagBag from /home/airflow/.local/lib/python3.7/site-packages/airflow/example_dags/example_sensors.py
[2023-08-07T17:43:50.592+0000] {processor.py:836} INFO - DAG(s) dict_keys(['example_sensors']) retrieved from /home/airflow/.local/lib/python3.7/site-packages/airflow/example_dags/example_sensors.py
[2023-08-07T17:43:50.615+0000] {logging_mixin.py:150} INFO - [2023-08-07T17:43:50.615+0000] {dag.py:2742} INFO - Sync 1 DAGs
[2023-08-07T17:43:50.637+0000] {logging_mixin.py:150} INFO - [2023-08-07T17:43:50.637+0000] {dag.py:3508} INFO - Setting next_dagrun for example_sensors to None, run_after=None
[2023-08-07T17:43:50.656+0000] {processor.py:179} INFO - Processing /home/airflow/.local/lib/python3.7/site-packages/airflow/example_dags/example_sensors.py took 0.076 seconds
[2023-08-07T18:11:02.474+0000] {processor.py:157} INFO - Started process (PID=56) to work on /home/airflow/.local/lib/python3.7/site-packages/airflow/example_dags/example_sensors.py
[2023-08-07T18:11:02.474+0000] {processor.py:826} INFO - Processing file /home/airflow/.local/lib/python3.7/site-packages/airflow/example_dags/example_sensors.py for tasks to queue
[2023-08-07T18:11:02.475+0000] {logging_mixin.py:150} INFO - [2023-08-07T18:11:02.475+0000] {dagbag.py:541} INFO - Filling up the DagBag from /home/airflow/.local/lib/python3.7/site-packages/airflow/example_dags/example_sensors.py
[2023-08-07T18:11:02.485+0000] {processor.py:836} INFO - DAG(s) dict_keys(['example_sensors']) retrieved from /home/airflow/.local/lib/python3.7/site-packages/airflow/example_dags/example_sensors.py
[2023-08-07T18:11:02.496+0000] {logging_mixin.py:150} INFO - [2023-08-07T18:11:02.496+0000] {dag.py:2742} INFO - Sync 1 DAGs
[2023-08-07T18:11:02.524+0000] {logging_mixin.py:150} INFO - [2023-08-07T18:11:02.524+0000] {dag.py:3508} INFO - Setting next_dagrun for example_sensors to None, run_after=None
[2023-08-07T18:11:02.543+0000] {processor.py:179} INFO - Processing /home/airflow/.local/lib/python3.7/site-packages/airflow/example_dags/example_sensors.py took 0.072 seconds
