[2023-08-07T17:08:47.945+0000] {processor.py:157} INFO - Started process (PID=44) to work on /home/airflow/.local/lib/python3.7/site-packages/airflow/example_dags/example_branch_operator.py
[2023-08-07T17:08:47.945+0000] {processor.py:826} INFO - Processing file /home/airflow/.local/lib/python3.7/site-packages/airflow/example_dags/example_branch_operator.py for tasks to queue
[2023-08-07T17:08:47.946+0000] {logging_mixin.py:150} INFO - [2023-08-07T17:08:47.946+0000] {dagbag.py:541} INFO - Filling up the DagBag from /home/airflow/.local/lib/python3.7/site-packages/airflow/example_dags/example_branch_operator.py
[2023-08-07T17:08:47.970+0000] {processor.py:836} INFO - DAG(s) dict_keys(['example_branch_operator']) retrieved from /home/airflow/.local/lib/python3.7/site-packages/airflow/example_dags/example_branch_operator.py
[2023-08-07T17:08:47.985+0000] {logging_mixin.py:150} INFO - [2023-08-07T17:08:47.985+0000] {dag.py:2742} INFO - Sync 1 DAGs
[2023-08-07T17:08:48.017+0000] {logging_mixin.py:150} INFO - [2023-08-07T17:08:48.017+0000] {dag.py:3508} INFO - Setting next_dagrun for example_branch_operator to 2023-08-06T00:00:00+00:00, run_after=2023-08-07T00:00:00+00:00
[2023-08-07T17:08:48.047+0000] {processor.py:179} INFO - Processing /home/airflow/.local/lib/python3.7/site-packages/airflow/example_dags/example_branch_operator.py took 0.105 seconds
[2023-08-07T17:09:18.562+0000] {processor.py:157} INFO - Started process (PID=106) to work on /home/airflow/.local/lib/python3.7/site-packages/airflow/example_dags/example_branch_operator.py
[2023-08-07T17:09:18.563+0000] {processor.py:826} INFO - Processing file /home/airflow/.local/lib/python3.7/site-packages/airflow/example_dags/example_branch_operator.py for tasks to queue
[2023-08-07T17:09:18.563+0000] {logging_mixin.py:150} INFO - [2023-08-07T17:09:18.563+0000] {dagbag.py:541} INFO - Filling up the DagBag from /home/airflow/.local/lib/python3.7/site-packages/airflow/example_dags/example_branch_operator.py
[2023-08-07T17:09:18.570+0000] {processor.py:836} INFO - DAG(s) dict_keys(['example_branch_operator']) retrieved from /home/airflow/.local/lib/python3.7/site-packages/airflow/example_dags/example_branch_operator.py
[2023-08-07T17:09:18.591+0000] {logging_mixin.py:150} INFO - [2023-08-07T17:09:18.590+0000] {dag.py:2742} INFO - Sync 1 DAGs
[2023-08-07T17:09:18.613+0000] {logging_mixin.py:150} INFO - [2023-08-07T17:09:18.613+0000] {dag.py:3508} INFO - Setting next_dagrun for example_branch_operator to 2023-08-06T00:00:00+00:00, run_after=2023-08-07T00:00:00+00:00
[2023-08-07T17:09:18.630+0000] {processor.py:179} INFO - Processing /home/airflow/.local/lib/python3.7/site-packages/airflow/example_dags/example_branch_operator.py took 0.071 seconds
[2023-08-07T17:09:49.126+0000] {processor.py:157} INFO - Started process (PID=168) to work on /home/airflow/.local/lib/python3.7/site-packages/airflow/example_dags/example_branch_operator.py
[2023-08-07T17:09:49.127+0000] {processor.py:826} INFO - Processing file /home/airflow/.local/lib/python3.7/site-packages/airflow/example_dags/example_branch_operator.py for tasks to queue
[2023-08-07T17:09:49.127+0000] {logging_mixin.py:150} INFO - [2023-08-07T17:09:49.127+0000] {dagbag.py:541} INFO - Filling up the DagBag from /home/airflow/.local/lib/python3.7/site-packages/airflow/example_dags/example_branch_operator.py
[2023-08-07T17:09:49.134+0000] {processor.py:836} INFO - DAG(s) dict_keys(['example_branch_operator']) retrieved from /home/airflow/.local/lib/python3.7/site-packages/airflow/example_dags/example_branch_operator.py
[2023-08-07T17:09:49.157+0000] {logging_mixin.py:150} INFO - [2023-08-07T17:09:49.157+0000] {dag.py:2742} INFO - Sync 1 DAGs
[2023-08-07T17:09:49.181+0000] {logging_mixin.py:150} INFO - [2023-08-07T17:09:49.181+0000] {dag.py:3508} INFO - Setting next_dagrun for example_branch_operator to 2023-08-06T00:00:00+00:00, run_after=2023-08-07T00:00:00+00:00
[2023-08-07T17:09:49.199+0000] {processor.py:179} INFO - Processing /home/airflow/.local/lib/python3.7/site-packages/airflow/example_dags/example_branch_operator.py took 0.075 seconds
[2023-08-07T17:10:19.529+0000] {processor.py:157} INFO - Started process (PID=230) to work on /home/airflow/.local/lib/python3.7/site-packages/airflow/example_dags/example_branch_operator.py
[2023-08-07T17:10:19.531+0000] {processor.py:826} INFO - Processing file /home/airflow/.local/lib/python3.7/site-packages/airflow/example_dags/example_branch_operator.py for tasks to queue
[2023-08-07T17:10:19.532+0000] {logging_mixin.py:150} INFO - [2023-08-07T17:10:19.531+0000] {dagbag.py:541} INFO - Filling up the DagBag from /home/airflow/.local/lib/python3.7/site-packages/airflow/example_dags/example_branch_operator.py
[2023-08-07T17:10:19.546+0000] {processor.py:836} INFO - DAG(s) dict_keys(['example_branch_operator']) retrieved from /home/airflow/.local/lib/python3.7/site-packages/airflow/example_dags/example_branch_operator.py
[2023-08-07T17:10:19.570+0000] {logging_mixin.py:150} INFO - [2023-08-07T17:10:19.569+0000] {dag.py:2742} INFO - Sync 1 DAGs
[2023-08-07T17:10:19.593+0000] {logging_mixin.py:150} INFO - [2023-08-07T17:10:19.593+0000] {dag.py:3508} INFO - Setting next_dagrun for example_branch_operator to 2023-08-06T00:00:00+00:00, run_after=2023-08-07T00:00:00+00:00
[2023-08-07T17:10:19.611+0000] {processor.py:179} INFO - Processing /home/airflow/.local/lib/python3.7/site-packages/airflow/example_dags/example_branch_operator.py took 0.086 seconds
[2023-08-07T17:10:49.801+0000] {processor.py:157} INFO - Started process (PID=292) to work on /home/airflow/.local/lib/python3.7/site-packages/airflow/example_dags/example_branch_operator.py
[2023-08-07T17:10:49.802+0000] {processor.py:826} INFO - Processing file /home/airflow/.local/lib/python3.7/site-packages/airflow/example_dags/example_branch_operator.py for tasks to queue
[2023-08-07T17:10:49.802+0000] {logging_mixin.py:150} INFO - [2023-08-07T17:10:49.802+0000] {dagbag.py:541} INFO - Filling up the DagBag from /home/airflow/.local/lib/python3.7/site-packages/airflow/example_dags/example_branch_operator.py
[2023-08-07T17:10:49.809+0000] {processor.py:836} INFO - DAG(s) dict_keys(['example_branch_operator']) retrieved from /home/airflow/.local/lib/python3.7/site-packages/airflow/example_dags/example_branch_operator.py
[2023-08-07T17:10:49.831+0000] {logging_mixin.py:150} INFO - [2023-08-07T17:10:49.831+0000] {dag.py:2742} INFO - Sync 1 DAGs
[2023-08-07T17:10:49.855+0000] {logging_mixin.py:150} INFO - [2023-08-07T17:10:49.855+0000] {dag.py:3508} INFO - Setting next_dagrun for example_branch_operator to 2023-08-06T00:00:00+00:00, run_after=2023-08-07T00:00:00+00:00
[2023-08-07T17:10:49.871+0000] {processor.py:179} INFO - Processing /home/airflow/.local/lib/python3.7/site-packages/airflow/example_dags/example_branch_operator.py took 0.072 seconds
[2023-08-07T17:11:20.889+0000] {processor.py:157} INFO - Started process (PID=354) to work on /home/airflow/.local/lib/python3.7/site-packages/airflow/example_dags/example_branch_operator.py
[2023-08-07T17:11:20.890+0000] {processor.py:826} INFO - Processing file /home/airflow/.local/lib/python3.7/site-packages/airflow/example_dags/example_branch_operator.py for tasks to queue
[2023-08-07T17:11:20.891+0000] {logging_mixin.py:150} INFO - [2023-08-07T17:11:20.890+0000] {dagbag.py:541} INFO - Filling up the DagBag from /home/airflow/.local/lib/python3.7/site-packages/airflow/example_dags/example_branch_operator.py
[2023-08-07T17:11:20.898+0000] {processor.py:836} INFO - DAG(s) dict_keys(['example_branch_operator']) retrieved from /home/airflow/.local/lib/python3.7/site-packages/airflow/example_dags/example_branch_operator.py
[2023-08-07T17:11:20.920+0000] {logging_mixin.py:150} INFO - [2023-08-07T17:11:20.919+0000] {dag.py:2742} INFO - Sync 1 DAGs
[2023-08-07T17:11:20.944+0000] {logging_mixin.py:150} INFO - [2023-08-07T17:11:20.944+0000] {dag.py:3508} INFO - Setting next_dagrun for example_branch_operator to 2023-08-06T00:00:00+00:00, run_after=2023-08-07T00:00:00+00:00
[2023-08-07T17:11:20.960+0000] {processor.py:179} INFO - Processing /home/airflow/.local/lib/python3.7/site-packages/airflow/example_dags/example_branch_operator.py took 0.073 seconds
[2023-08-07T17:11:51.482+0000] {processor.py:157} INFO - Started process (PID=416) to work on /home/airflow/.local/lib/python3.7/site-packages/airflow/example_dags/example_branch_operator.py
[2023-08-07T17:11:51.483+0000] {processor.py:826} INFO - Processing file /home/airflow/.local/lib/python3.7/site-packages/airflow/example_dags/example_branch_operator.py for tasks to queue
[2023-08-07T17:11:51.483+0000] {logging_mixin.py:150} INFO - [2023-08-07T17:11:51.483+0000] {dagbag.py:541} INFO - Filling up the DagBag from /home/airflow/.local/lib/python3.7/site-packages/airflow/example_dags/example_branch_operator.py
[2023-08-07T17:11:51.491+0000] {processor.py:836} INFO - DAG(s) dict_keys(['example_branch_operator']) retrieved from /home/airflow/.local/lib/python3.7/site-packages/airflow/example_dags/example_branch_operator.py
[2023-08-07T17:11:51.512+0000] {logging_mixin.py:150} INFO - [2023-08-07T17:11:51.512+0000] {dag.py:2742} INFO - Sync 1 DAGs
[2023-08-07T17:11:51.536+0000] {logging_mixin.py:150} INFO - [2023-08-07T17:11:51.536+0000] {dag.py:3508} INFO - Setting next_dagrun for example_branch_operator to 2023-08-06T00:00:00+00:00, run_after=2023-08-07T00:00:00+00:00
[2023-08-07T17:11:51.553+0000] {processor.py:179} INFO - Processing /home/airflow/.local/lib/python3.7/site-packages/airflow/example_dags/example_branch_operator.py took 0.073 seconds
[2023-08-07T17:12:22.149+0000] {processor.py:157} INFO - Started process (PID=478) to work on /home/airflow/.local/lib/python3.7/site-packages/airflow/example_dags/example_branch_operator.py
[2023-08-07T17:12:22.150+0000] {processor.py:826} INFO - Processing file /home/airflow/.local/lib/python3.7/site-packages/airflow/example_dags/example_branch_operator.py for tasks to queue
[2023-08-07T17:12:22.151+0000] {logging_mixin.py:150} INFO - [2023-08-07T17:12:22.151+0000] {dagbag.py:541} INFO - Filling up the DagBag from /home/airflow/.local/lib/python3.7/site-packages/airflow/example_dags/example_branch_operator.py
[2023-08-07T17:12:22.165+0000] {processor.py:836} INFO - DAG(s) dict_keys(['example_branch_operator']) retrieved from /home/airflow/.local/lib/python3.7/site-packages/airflow/example_dags/example_branch_operator.py
[2023-08-07T17:12:22.189+0000] {logging_mixin.py:150} INFO - [2023-08-07T17:12:22.189+0000] {dag.py:2742} INFO - Sync 1 DAGs
[2023-08-07T17:12:22.214+0000] {logging_mixin.py:150} INFO - [2023-08-07T17:12:22.214+0000] {dag.py:3508} INFO - Setting next_dagrun for example_branch_operator to 2023-08-06T00:00:00+00:00, run_after=2023-08-07T00:00:00+00:00
[2023-08-07T17:12:22.232+0000] {processor.py:179} INFO - Processing /home/airflow/.local/lib/python3.7/site-packages/airflow/example_dags/example_branch_operator.py took 0.087 seconds
[2023-08-07T17:12:53.067+0000] {processor.py:157} INFO - Started process (PID=540) to work on /home/airflow/.local/lib/python3.7/site-packages/airflow/example_dags/example_branch_operator.py
[2023-08-07T17:12:53.068+0000] {processor.py:826} INFO - Processing file /home/airflow/.local/lib/python3.7/site-packages/airflow/example_dags/example_branch_operator.py for tasks to queue
[2023-08-07T17:12:53.068+0000] {logging_mixin.py:150} INFO - [2023-08-07T17:12:53.068+0000] {dagbag.py:541} INFO - Filling up the DagBag from /home/airflow/.local/lib/python3.7/site-packages/airflow/example_dags/example_branch_operator.py
[2023-08-07T17:12:53.075+0000] {processor.py:836} INFO - DAG(s) dict_keys(['example_branch_operator']) retrieved from /home/airflow/.local/lib/python3.7/site-packages/airflow/example_dags/example_branch_operator.py
[2023-08-07T17:12:53.097+0000] {logging_mixin.py:150} INFO - [2023-08-07T17:12:53.097+0000] {dag.py:2742} INFO - Sync 1 DAGs
[2023-08-07T17:12:53.119+0000] {logging_mixin.py:150} INFO - [2023-08-07T17:12:53.119+0000] {dag.py:3508} INFO - Setting next_dagrun for example_branch_operator to 2023-08-06T00:00:00+00:00, run_after=2023-08-07T00:00:00+00:00
[2023-08-07T17:12:53.136+0000] {processor.py:179} INFO - Processing /home/airflow/.local/lib/python3.7/site-packages/airflow/example_dags/example_branch_operator.py took 0.071 seconds
[2023-08-07T17:13:23.269+0000] {processor.py:157} INFO - Started process (PID=602) to work on /home/airflow/.local/lib/python3.7/site-packages/airflow/example_dags/example_branch_operator.py
[2023-08-07T17:13:23.269+0000] {processor.py:826} INFO - Processing file /home/airflow/.local/lib/python3.7/site-packages/airflow/example_dags/example_branch_operator.py for tasks to queue
[2023-08-07T17:13:23.270+0000] {logging_mixin.py:150} INFO - [2023-08-07T17:13:23.270+0000] {dagbag.py:541} INFO - Filling up the DagBag from /home/airflow/.local/lib/python3.7/site-packages/airflow/example_dags/example_branch_operator.py
[2023-08-07T17:13:23.276+0000] {processor.py:836} INFO - DAG(s) dict_keys(['example_branch_operator']) retrieved from /home/airflow/.local/lib/python3.7/site-packages/airflow/example_dags/example_branch_operator.py
[2023-08-07T17:13:23.299+0000] {logging_mixin.py:150} INFO - [2023-08-07T17:13:23.299+0000] {dag.py:2742} INFO - Sync 1 DAGs
[2023-08-07T17:13:23.323+0000] {logging_mixin.py:150} INFO - [2023-08-07T17:13:23.323+0000] {dag.py:3508} INFO - Setting next_dagrun for example_branch_operator to 2023-08-06T00:00:00+00:00, run_after=2023-08-07T00:00:00+00:00
[2023-08-07T17:13:23.341+0000] {processor.py:179} INFO - Processing /home/airflow/.local/lib/python3.7/site-packages/airflow/example_dags/example_branch_operator.py took 0.074 seconds
[2023-08-07T17:13:54.143+0000] {processor.py:157} INFO - Started process (PID=664) to work on /home/airflow/.local/lib/python3.7/site-packages/airflow/example_dags/example_branch_operator.py
[2023-08-07T17:13:54.144+0000] {processor.py:826} INFO - Processing file /home/airflow/.local/lib/python3.7/site-packages/airflow/example_dags/example_branch_operator.py for tasks to queue
[2023-08-07T17:13:54.145+0000] {logging_mixin.py:150} INFO - [2023-08-07T17:13:54.145+0000] {dagbag.py:541} INFO - Filling up the DagBag from /home/airflow/.local/lib/python3.7/site-packages/airflow/example_dags/example_branch_operator.py
[2023-08-07T17:13:54.159+0000] {processor.py:836} INFO - DAG(s) dict_keys(['example_branch_operator']) retrieved from /home/airflow/.local/lib/python3.7/site-packages/airflow/example_dags/example_branch_operator.py
[2023-08-07T17:13:54.183+0000] {logging_mixin.py:150} INFO - [2023-08-07T17:13:54.182+0000] {dag.py:2742} INFO - Sync 1 DAGs
[2023-08-07T17:13:54.208+0000] {logging_mixin.py:150} INFO - [2023-08-07T17:13:54.208+0000] {dag.py:3508} INFO - Setting next_dagrun for example_branch_operator to 2023-08-06T00:00:00+00:00, run_after=2023-08-07T00:00:00+00:00
[2023-08-07T17:13:54.225+0000] {processor.py:179} INFO - Processing /home/airflow/.local/lib/python3.7/site-packages/airflow/example_dags/example_branch_operator.py took 0.087 seconds
[2023-08-07T17:14:25.022+0000] {processor.py:157} INFO - Started process (PID=726) to work on /home/airflow/.local/lib/python3.7/site-packages/airflow/example_dags/example_branch_operator.py
[2023-08-07T17:14:25.023+0000] {processor.py:826} INFO - Processing file /home/airflow/.local/lib/python3.7/site-packages/airflow/example_dags/example_branch_operator.py for tasks to queue
[2023-08-07T17:14:25.024+0000] {logging_mixin.py:150} INFO - [2023-08-07T17:14:25.023+0000] {dagbag.py:541} INFO - Filling up the DagBag from /home/airflow/.local/lib/python3.7/site-packages/airflow/example_dags/example_branch_operator.py
[2023-08-07T17:14:25.037+0000] {processor.py:836} INFO - DAG(s) dict_keys(['example_branch_operator']) retrieved from /home/airflow/.local/lib/python3.7/site-packages/airflow/example_dags/example_branch_operator.py
[2023-08-07T17:14:25.062+0000] {logging_mixin.py:150} INFO - [2023-08-07T17:14:25.062+0000] {dag.py:2742} INFO - Sync 1 DAGs
[2023-08-07T17:14:25.095+0000] {logging_mixin.py:150} INFO - [2023-08-07T17:14:25.095+0000] {dag.py:3508} INFO - Setting next_dagrun for example_branch_operator to 2023-08-06T00:00:00+00:00, run_after=2023-08-07T00:00:00+00:00
[2023-08-07T17:14:25.112+0000] {processor.py:179} INFO - Processing /home/airflow/.local/lib/python3.7/site-packages/airflow/example_dags/example_branch_operator.py took 0.094 seconds
[2023-08-07T17:14:55.261+0000] {processor.py:157} INFO - Started process (PID=788) to work on /home/airflow/.local/lib/python3.7/site-packages/airflow/example_dags/example_branch_operator.py
[2023-08-07T17:14:55.261+0000] {processor.py:826} INFO - Processing file /home/airflow/.local/lib/python3.7/site-packages/airflow/example_dags/example_branch_operator.py for tasks to queue
[2023-08-07T17:14:55.262+0000] {logging_mixin.py:150} INFO - [2023-08-07T17:14:55.261+0000] {dagbag.py:541} INFO - Filling up the DagBag from /home/airflow/.local/lib/python3.7/site-packages/airflow/example_dags/example_branch_operator.py
[2023-08-07T17:14:55.268+0000] {processor.py:836} INFO - DAG(s) dict_keys(['example_branch_operator']) retrieved from /home/airflow/.local/lib/python3.7/site-packages/airflow/example_dags/example_branch_operator.py
[2023-08-07T17:14:55.308+0000] {logging_mixin.py:150} INFO - [2023-08-07T17:14:55.308+0000] {dag.py:2742} INFO - Sync 1 DAGs
[2023-08-07T17:14:55.335+0000] {logging_mixin.py:150} INFO - [2023-08-07T17:14:55.334+0000] {dag.py:3508} INFO - Setting next_dagrun for example_branch_operator to 2023-08-06T00:00:00+00:00, run_after=2023-08-07T00:00:00+00:00
[2023-08-07T17:14:55.352+0000] {processor.py:179} INFO - Processing /home/airflow/.local/lib/python3.7/site-packages/airflow/example_dags/example_branch_operator.py took 0.094 seconds
[2023-08-07T17:15:25.442+0000] {processor.py:157} INFO - Started process (PID=850) to work on /home/airflow/.local/lib/python3.7/site-packages/airflow/example_dags/example_branch_operator.py
[2023-08-07T17:15:25.442+0000] {processor.py:826} INFO - Processing file /home/airflow/.local/lib/python3.7/site-packages/airflow/example_dags/example_branch_operator.py for tasks to queue
[2023-08-07T17:15:25.443+0000] {logging_mixin.py:150} INFO - [2023-08-07T17:15:25.443+0000] {dagbag.py:541} INFO - Filling up the DagBag from /home/airflow/.local/lib/python3.7/site-packages/airflow/example_dags/example_branch_operator.py
[2023-08-07T17:15:25.449+0000] {processor.py:836} INFO - DAG(s) dict_keys(['example_branch_operator']) retrieved from /home/airflow/.local/lib/python3.7/site-packages/airflow/example_dags/example_branch_operator.py
[2023-08-07T17:15:25.472+0000] {logging_mixin.py:150} INFO - [2023-08-07T17:15:25.472+0000] {dag.py:2742} INFO - Sync 1 DAGs
[2023-08-07T17:15:25.495+0000] {logging_mixin.py:150} INFO - [2023-08-07T17:15:25.495+0000] {dag.py:3508} INFO - Setting next_dagrun for example_branch_operator to 2023-08-06T00:00:00+00:00, run_after=2023-08-07T00:00:00+00:00
[2023-08-07T17:15:25.514+0000] {processor.py:179} INFO - Processing /home/airflow/.local/lib/python3.7/site-packages/airflow/example_dags/example_branch_operator.py took 0.074 seconds
[2023-08-07T17:15:55.786+0000] {processor.py:157} INFO - Started process (PID=912) to work on /home/airflow/.local/lib/python3.7/site-packages/airflow/example_dags/example_branch_operator.py
[2023-08-07T17:15:55.787+0000] {processor.py:826} INFO - Processing file /home/airflow/.local/lib/python3.7/site-packages/airflow/example_dags/example_branch_operator.py for tasks to queue
[2023-08-07T17:15:55.787+0000] {logging_mixin.py:150} INFO - [2023-08-07T17:15:55.787+0000] {dagbag.py:541} INFO - Filling up the DagBag from /home/airflow/.local/lib/python3.7/site-packages/airflow/example_dags/example_branch_operator.py
[2023-08-07T17:15:55.794+0000] {processor.py:836} INFO - DAG(s) dict_keys(['example_branch_operator']) retrieved from /home/airflow/.local/lib/python3.7/site-packages/airflow/example_dags/example_branch_operator.py
[2023-08-07T17:15:55.815+0000] {logging_mixin.py:150} INFO - [2023-08-07T17:15:55.815+0000] {dag.py:2742} INFO - Sync 1 DAGs
[2023-08-07T17:15:55.837+0000] {logging_mixin.py:150} INFO - [2023-08-07T17:15:55.837+0000] {dag.py:3508} INFO - Setting next_dagrun for example_branch_operator to 2023-08-06T00:00:00+00:00, run_after=2023-08-07T00:00:00+00:00
[2023-08-07T17:15:55.856+0000] {processor.py:179} INFO - Processing /home/airflow/.local/lib/python3.7/site-packages/airflow/example_dags/example_branch_operator.py took 0.072 seconds
[2023-08-07T17:16:26.438+0000] {processor.py:157} INFO - Started process (PID=974) to work on /home/airflow/.local/lib/python3.7/site-packages/airflow/example_dags/example_branch_operator.py
[2023-08-07T17:16:26.438+0000] {processor.py:826} INFO - Processing file /home/airflow/.local/lib/python3.7/site-packages/airflow/example_dags/example_branch_operator.py for tasks to queue
[2023-08-07T17:16:26.439+0000] {logging_mixin.py:150} INFO - [2023-08-07T17:16:26.439+0000] {dagbag.py:541} INFO - Filling up the DagBag from /home/airflow/.local/lib/python3.7/site-packages/airflow/example_dags/example_branch_operator.py
[2023-08-07T17:16:26.446+0000] {processor.py:836} INFO - DAG(s) dict_keys(['example_branch_operator']) retrieved from /home/airflow/.local/lib/python3.7/site-packages/airflow/example_dags/example_branch_operator.py
[2023-08-07T17:16:26.467+0000] {logging_mixin.py:150} INFO - [2023-08-07T17:16:26.467+0000] {dag.py:2742} INFO - Sync 1 DAGs
[2023-08-07T17:16:26.493+0000] {logging_mixin.py:150} INFO - [2023-08-07T17:16:26.493+0000] {dag.py:3508} INFO - Setting next_dagrun for example_branch_operator to 2023-08-06T00:00:00+00:00, run_after=2023-08-07T00:00:00+00:00
[2023-08-07T17:16:26.510+0000] {processor.py:179} INFO - Processing /home/airflow/.local/lib/python3.7/site-packages/airflow/example_dags/example_branch_operator.py took 0.075 seconds
[2023-08-07T17:41:14.097+0000] {processor.py:157} INFO - Started process (PID=43) to work on /home/airflow/.local/lib/python3.7/site-packages/airflow/example_dags/example_branch_operator.py
[2023-08-07T17:41:14.098+0000] {processor.py:826} INFO - Processing file /home/airflow/.local/lib/python3.7/site-packages/airflow/example_dags/example_branch_operator.py for tasks to queue
[2023-08-07T17:41:14.099+0000] {logging_mixin.py:150} INFO - [2023-08-07T17:41:14.099+0000] {dagbag.py:541} INFO - Filling up the DagBag from /home/airflow/.local/lib/python3.7/site-packages/airflow/example_dags/example_branch_operator.py
[2023-08-07T17:41:14.117+0000] {processor.py:836} INFO - DAG(s) dict_keys(['example_branch_operator']) retrieved from /home/airflow/.local/lib/python3.7/site-packages/airflow/example_dags/example_branch_operator.py
[2023-08-07T17:41:14.129+0000] {logging_mixin.py:150} INFO - [2023-08-07T17:41:14.128+0000] {dag.py:2742} INFO - Sync 1 DAGs
[2023-08-07T17:41:14.160+0000] {logging_mixin.py:150} INFO - [2023-08-07T17:41:14.160+0000] {dag.py:3508} INFO - Setting next_dagrun for example_branch_operator to 2023-08-06T00:00:00+00:00, run_after=2023-08-07T00:00:00+00:00
[2023-08-07T17:41:14.188+0000] {processor.py:179} INFO - Processing /home/airflow/.local/lib/python3.7/site-packages/airflow/example_dags/example_branch_operator.py took 0.094 seconds
[2023-08-07T17:41:44.873+0000] {processor.py:157} INFO - Started process (PID=105) to work on /home/airflow/.local/lib/python3.7/site-packages/airflow/example_dags/example_branch_operator.py
[2023-08-07T17:41:44.874+0000] {processor.py:826} INFO - Processing file /home/airflow/.local/lib/python3.7/site-packages/airflow/example_dags/example_branch_operator.py for tasks to queue
[2023-08-07T17:41:44.875+0000] {logging_mixin.py:150} INFO - [2023-08-07T17:41:44.874+0000] {dagbag.py:541} INFO - Filling up the DagBag from /home/airflow/.local/lib/python3.7/site-packages/airflow/example_dags/example_branch_operator.py
[2023-08-07T17:41:44.881+0000] {processor.py:836} INFO - DAG(s) dict_keys(['example_branch_operator']) retrieved from /home/airflow/.local/lib/python3.7/site-packages/airflow/example_dags/example_branch_operator.py
[2023-08-07T17:41:44.901+0000] {logging_mixin.py:150} INFO - [2023-08-07T17:41:44.901+0000] {dag.py:2742} INFO - Sync 1 DAGs
[2023-08-07T17:41:44.923+0000] {logging_mixin.py:150} INFO - [2023-08-07T17:41:44.923+0000] {dag.py:3508} INFO - Setting next_dagrun for example_branch_operator to 2023-08-06T00:00:00+00:00, run_after=2023-08-07T00:00:00+00:00
[2023-08-07T17:41:44.940+0000] {processor.py:179} INFO - Processing /home/airflow/.local/lib/python3.7/site-packages/airflow/example_dags/example_branch_operator.py took 0.069 seconds
[2023-08-07T17:42:15.586+0000] {processor.py:157} INFO - Started process (PID=167) to work on /home/airflow/.local/lib/python3.7/site-packages/airflow/example_dags/example_branch_operator.py
[2023-08-07T17:42:15.586+0000] {processor.py:826} INFO - Processing file /home/airflow/.local/lib/python3.7/site-packages/airflow/example_dags/example_branch_operator.py for tasks to queue
[2023-08-07T17:42:15.587+0000] {logging_mixin.py:150} INFO - [2023-08-07T17:42:15.587+0000] {dagbag.py:541} INFO - Filling up the DagBag from /home/airflow/.local/lib/python3.7/site-packages/airflow/example_dags/example_branch_operator.py
[2023-08-07T17:42:15.593+0000] {processor.py:836} INFO - DAG(s) dict_keys(['example_branch_operator']) retrieved from /home/airflow/.local/lib/python3.7/site-packages/airflow/example_dags/example_branch_operator.py
[2023-08-07T17:42:15.614+0000] {logging_mixin.py:150} INFO - [2023-08-07T17:42:15.614+0000] {dag.py:2742} INFO - Sync 1 DAGs
[2023-08-07T17:42:15.637+0000] {logging_mixin.py:150} INFO - [2023-08-07T17:42:15.637+0000] {dag.py:3508} INFO - Setting next_dagrun for example_branch_operator to 2023-08-06T00:00:00+00:00, run_after=2023-08-07T00:00:00+00:00
[2023-08-07T17:42:15.653+0000] {processor.py:179} INFO - Processing /home/airflow/.local/lib/python3.7/site-packages/airflow/example_dags/example_branch_operator.py took 0.070 seconds
[2023-08-07T17:42:46.504+0000] {processor.py:157} INFO - Started process (PID=229) to work on /home/airflow/.local/lib/python3.7/site-packages/airflow/example_dags/example_branch_operator.py
[2023-08-07T17:42:46.506+0000] {processor.py:826} INFO - Processing file /home/airflow/.local/lib/python3.7/site-packages/airflow/example_dags/example_branch_operator.py for tasks to queue
[2023-08-07T17:42:46.507+0000] {logging_mixin.py:150} INFO - [2023-08-07T17:42:46.506+0000] {dagbag.py:541} INFO - Filling up the DagBag from /home/airflow/.local/lib/python3.7/site-packages/airflow/example_dags/example_branch_operator.py
[2023-08-07T17:42:46.522+0000] {processor.py:836} INFO - DAG(s) dict_keys(['example_branch_operator']) retrieved from /home/airflow/.local/lib/python3.7/site-packages/airflow/example_dags/example_branch_operator.py
[2023-08-07T17:42:46.562+0000] {logging_mixin.py:150} INFO - [2023-08-07T17:42:46.562+0000] {dag.py:2742} INFO - Sync 1 DAGs
[2023-08-07T17:42:46.595+0000] {logging_mixin.py:150} INFO - [2023-08-07T17:42:46.595+0000] {dag.py:3508} INFO - Setting next_dagrun for example_branch_operator to 2023-08-06T00:00:00+00:00, run_after=2023-08-07T00:00:00+00:00
[2023-08-07T17:42:46.613+0000] {processor.py:179} INFO - Processing /home/airflow/.local/lib/python3.7/site-packages/airflow/example_dags/example_branch_operator.py took 0.113 seconds
[2023-08-07T17:43:17.440+0000] {processor.py:157} INFO - Started process (PID=292) to work on /home/airflow/.local/lib/python3.7/site-packages/airflow/example_dags/example_branch_operator.py
[2023-08-07T17:43:17.441+0000] {processor.py:826} INFO - Processing file /home/airflow/.local/lib/python3.7/site-packages/airflow/example_dags/example_branch_operator.py for tasks to queue
[2023-08-07T17:43:17.441+0000] {logging_mixin.py:150} INFO - [2023-08-07T17:43:17.441+0000] {dagbag.py:541} INFO - Filling up the DagBag from /home/airflow/.local/lib/python3.7/site-packages/airflow/example_dags/example_branch_operator.py
[2023-08-07T17:43:17.448+0000] {processor.py:836} INFO - DAG(s) dict_keys(['example_branch_operator']) retrieved from /home/airflow/.local/lib/python3.7/site-packages/airflow/example_dags/example_branch_operator.py
[2023-08-07T17:43:17.468+0000] {logging_mixin.py:150} INFO - [2023-08-07T17:43:17.468+0000] {dag.py:2742} INFO - Sync 1 DAGs
[2023-08-07T17:43:17.492+0000] {logging_mixin.py:150} INFO - [2023-08-07T17:43:17.492+0000] {dag.py:3508} INFO - Setting next_dagrun for example_branch_operator to 2023-08-06T00:00:00+00:00, run_after=2023-08-07T00:00:00+00:00
[2023-08-07T17:43:17.511+0000] {processor.py:179} INFO - Processing /home/airflow/.local/lib/python3.7/site-packages/airflow/example_dags/example_branch_operator.py took 0.073 seconds
[2023-08-07T17:43:47.591+0000] {processor.py:157} INFO - Started process (PID=354) to work on /home/airflow/.local/lib/python3.7/site-packages/airflow/example_dags/example_branch_operator.py
[2023-08-07T17:43:47.592+0000] {processor.py:826} INFO - Processing file /home/airflow/.local/lib/python3.7/site-packages/airflow/example_dags/example_branch_operator.py for tasks to queue
[2023-08-07T17:43:47.592+0000] {logging_mixin.py:150} INFO - [2023-08-07T17:43:47.592+0000] {dagbag.py:541} INFO - Filling up the DagBag from /home/airflow/.local/lib/python3.7/site-packages/airflow/example_dags/example_branch_operator.py
[2023-08-07T17:43:47.599+0000] {processor.py:836} INFO - DAG(s) dict_keys(['example_branch_operator']) retrieved from /home/airflow/.local/lib/python3.7/site-packages/airflow/example_dags/example_branch_operator.py
[2023-08-07T17:43:47.620+0000] {logging_mixin.py:150} INFO - [2023-08-07T17:43:47.620+0000] {dag.py:2742} INFO - Sync 1 DAGs
[2023-08-07T17:43:47.645+0000] {logging_mixin.py:150} INFO - [2023-08-07T17:43:47.645+0000] {dag.py:3508} INFO - Setting next_dagrun for example_branch_operator to 2023-08-06T00:00:00+00:00, run_after=2023-08-07T00:00:00+00:00
[2023-08-07T17:43:47.663+0000] {processor.py:179} INFO - Processing /home/airflow/.local/lib/python3.7/site-packages/airflow/example_dags/example_branch_operator.py took 0.074 seconds
[2023-08-07T18:11:00.626+0000] {processor.py:157} INFO - Started process (PID=44) to work on /home/airflow/.local/lib/python3.7/site-packages/airflow/example_dags/example_branch_operator.py
[2023-08-07T18:11:00.626+0000] {processor.py:826} INFO - Processing file /home/airflow/.local/lib/python3.7/site-packages/airflow/example_dags/example_branch_operator.py for tasks to queue
[2023-08-07T18:11:00.627+0000] {logging_mixin.py:150} INFO - [2023-08-07T18:11:00.627+0000] {dagbag.py:541} INFO - Filling up the DagBag from /home/airflow/.local/lib/python3.7/site-packages/airflow/example_dags/example_branch_operator.py
[2023-08-07T18:11:00.639+0000] {processor.py:836} INFO - DAG(s) dict_keys(['example_branch_operator']) retrieved from /home/airflow/.local/lib/python3.7/site-packages/airflow/example_dags/example_branch_operator.py
[2023-08-07T18:11:00.657+0000] {logging_mixin.py:150} INFO - [2023-08-07T18:11:00.657+0000] {dag.py:2742} INFO - Sync 1 DAGs
[2023-08-07T18:11:00.698+0000] {logging_mixin.py:150} INFO - [2023-08-07T18:11:00.697+0000] {dag.py:3508} INFO - Setting next_dagrun for example_branch_operator to 2023-08-06T00:00:00+00:00, run_after=2023-08-07T00:00:00+00:00
[2023-08-07T18:11:00.723+0000] {processor.py:179} INFO - Processing /home/airflow/.local/lib/python3.7/site-packages/airflow/example_dags/example_branch_operator.py took 0.100 seconds
