[2023-08-07T17:08:49.887+0000] {processor.py:157} INFO - Started process (PID=59) to work on /home/airflow/.local/lib/python3.7/site-packages/airflow/example_dags/tutorial_dag.py
[2023-08-07T17:08:49.889+0000] {processor.py:826} INFO - Processing file /home/airflow/.local/lib/python3.7/site-packages/airflow/example_dags/tutorial_dag.py for tasks to queue
[2023-08-07T17:08:49.890+0000] {logging_mixin.py:150} INFO - [2023-08-07T17:08:49.890+0000] {dagbag.py:541} INFO - Filling up the DagBag from /home/airflow/.local/lib/python3.7/site-packages/airflow/example_dags/tutorial_dag.py
[2023-08-07T17:08:49.898+0000] {processor.py:836} INFO - DAG(s) dict_keys(['tutorial_dag']) retrieved from /home/airflow/.local/lib/python3.7/site-packages/airflow/example_dags/tutorial_dag.py
[2023-08-07T17:08:49.911+0000] {logging_mixin.py:150} INFO - [2023-08-07T17:08:49.911+0000] {dag.py:2742} INFO - Sync 1 DAGs
[2023-08-07T17:08:49.939+0000] {logging_mixin.py:150} INFO - [2023-08-07T17:08:49.938+0000] {dag.py:3508} INFO - Setting next_dagrun for tutorial_dag to None, run_after=None
[2023-08-07T17:08:49.958+0000] {processor.py:179} INFO - Processing /home/airflow/.local/lib/python3.7/site-packages/airflow/example_dags/tutorial_dag.py took 0.074 seconds
[2023-08-07T17:09:20.524+0000] {processor.py:157} INFO - Started process (PID=121) to work on /home/airflow/.local/lib/python3.7/site-packages/airflow/example_dags/tutorial_dag.py
[2023-08-07T17:09:20.525+0000] {processor.py:826} INFO - Processing file /home/airflow/.local/lib/python3.7/site-packages/airflow/example_dags/tutorial_dag.py for tasks to queue
[2023-08-07T17:09:20.525+0000] {logging_mixin.py:150} INFO - [2023-08-07T17:09:20.525+0000] {dagbag.py:541} INFO - Filling up the DagBag from /home/airflow/.local/lib/python3.7/site-packages/airflow/example_dags/tutorial_dag.py
[2023-08-07T17:09:20.528+0000] {processor.py:836} INFO - DAG(s) dict_keys(['tutorial_dag']) retrieved from /home/airflow/.local/lib/python3.7/site-packages/airflow/example_dags/tutorial_dag.py
[2023-08-07T17:09:20.547+0000] {logging_mixin.py:150} INFO - [2023-08-07T17:09:20.547+0000] {dag.py:2742} INFO - Sync 1 DAGs
[2023-08-07T17:09:20.569+0000] {logging_mixin.py:150} INFO - [2023-08-07T17:09:20.569+0000] {dag.py:3508} INFO - Setting next_dagrun for tutorial_dag to None, run_after=None
[2023-08-07T17:09:20.586+0000] {processor.py:179} INFO - Processing /home/airflow/.local/lib/python3.7/site-packages/airflow/example_dags/tutorial_dag.py took 0.064 seconds
[2023-08-07T17:09:51.290+0000] {processor.py:157} INFO - Started process (PID=183) to work on /home/airflow/.local/lib/python3.7/site-packages/airflow/example_dags/tutorial_dag.py
[2023-08-07T17:09:51.291+0000] {processor.py:826} INFO - Processing file /home/airflow/.local/lib/python3.7/site-packages/airflow/example_dags/tutorial_dag.py for tasks to queue
[2023-08-07T17:09:51.291+0000] {logging_mixin.py:150} INFO - [2023-08-07T17:09:51.291+0000] {dagbag.py:541} INFO - Filling up the DagBag from /home/airflow/.local/lib/python3.7/site-packages/airflow/example_dags/tutorial_dag.py
[2023-08-07T17:09:51.294+0000] {processor.py:836} INFO - DAG(s) dict_keys(['tutorial_dag']) retrieved from /home/airflow/.local/lib/python3.7/site-packages/airflow/example_dags/tutorial_dag.py
[2023-08-07T17:09:51.326+0000] {logging_mixin.py:150} INFO - [2023-08-07T17:09:51.325+0000] {dag.py:2742} INFO - Sync 1 DAGs
[2023-08-07T17:09:51.359+0000] {logging_mixin.py:150} INFO - [2023-08-07T17:09:51.358+0000] {dag.py:3508} INFO - Setting next_dagrun for tutorial_dag to None, run_after=None
[2023-08-07T17:09:51.376+0000] {processor.py:179} INFO - Processing /home/airflow/.local/lib/python3.7/site-packages/airflow/example_dags/tutorial_dag.py took 0.089 seconds
[2023-08-07T17:10:21.564+0000] {processor.py:157} INFO - Started process (PID=245) to work on /home/airflow/.local/lib/python3.7/site-packages/airflow/example_dags/tutorial_dag.py
[2023-08-07T17:10:21.565+0000] {processor.py:826} INFO - Processing file /home/airflow/.local/lib/python3.7/site-packages/airflow/example_dags/tutorial_dag.py for tasks to queue
[2023-08-07T17:10:21.566+0000] {logging_mixin.py:150} INFO - [2023-08-07T17:10:21.566+0000] {dagbag.py:541} INFO - Filling up the DagBag from /home/airflow/.local/lib/python3.7/site-packages/airflow/example_dags/tutorial_dag.py
[2023-08-07T17:10:21.573+0000] {processor.py:836} INFO - DAG(s) dict_keys(['tutorial_dag']) retrieved from /home/airflow/.local/lib/python3.7/site-packages/airflow/example_dags/tutorial_dag.py
[2023-08-07T17:10:21.610+0000] {logging_mixin.py:150} INFO - [2023-08-07T17:10:21.610+0000] {dag.py:2742} INFO - Sync 1 DAGs
[2023-08-07T17:10:21.638+0000] {logging_mixin.py:150} INFO - [2023-08-07T17:10:21.637+0000] {dag.py:3508} INFO - Setting next_dagrun for tutorial_dag to None, run_after=None
[2023-08-07T17:10:21.656+0000] {processor.py:179} INFO - Processing /home/airflow/.local/lib/python3.7/site-packages/airflow/example_dags/tutorial_dag.py took 0.096 seconds
[2023-08-07T17:10:51.887+0000] {processor.py:157} INFO - Started process (PID=307) to work on /home/airflow/.local/lib/python3.7/site-packages/airflow/example_dags/tutorial_dag.py
[2023-08-07T17:10:51.888+0000] {processor.py:826} INFO - Processing file /home/airflow/.local/lib/python3.7/site-packages/airflow/example_dags/tutorial_dag.py for tasks to queue
[2023-08-07T17:10:51.888+0000] {logging_mixin.py:150} INFO - [2023-08-07T17:10:51.888+0000] {dagbag.py:541} INFO - Filling up the DagBag from /home/airflow/.local/lib/python3.7/site-packages/airflow/example_dags/tutorial_dag.py
[2023-08-07T17:10:51.891+0000] {processor.py:836} INFO - DAG(s) dict_keys(['tutorial_dag']) retrieved from /home/airflow/.local/lib/python3.7/site-packages/airflow/example_dags/tutorial_dag.py
[2023-08-07T17:10:51.910+0000] {logging_mixin.py:150} INFO - [2023-08-07T17:10:51.910+0000] {dag.py:2742} INFO - Sync 1 DAGs
[2023-08-07T17:10:51.932+0000] {logging_mixin.py:150} INFO - [2023-08-07T17:10:51.932+0000] {dag.py:3508} INFO - Setting next_dagrun for tutorial_dag to None, run_after=None
[2023-08-07T17:10:51.950+0000] {processor.py:179} INFO - Processing /home/airflow/.local/lib/python3.7/site-packages/airflow/example_dags/tutorial_dag.py took 0.065 seconds
[2023-08-07T17:11:22.886+0000] {processor.py:157} INFO - Started process (PID=369) to work on /home/airflow/.local/lib/python3.7/site-packages/airflow/example_dags/tutorial_dag.py
[2023-08-07T17:11:22.887+0000] {processor.py:826} INFO - Processing file /home/airflow/.local/lib/python3.7/site-packages/airflow/example_dags/tutorial_dag.py for tasks to queue
[2023-08-07T17:11:22.887+0000] {logging_mixin.py:150} INFO - [2023-08-07T17:11:22.887+0000] {dagbag.py:541} INFO - Filling up the DagBag from /home/airflow/.local/lib/python3.7/site-packages/airflow/example_dags/tutorial_dag.py
[2023-08-07T17:11:22.891+0000] {processor.py:836} INFO - DAG(s) dict_keys(['tutorial_dag']) retrieved from /home/airflow/.local/lib/python3.7/site-packages/airflow/example_dags/tutorial_dag.py
[2023-08-07T17:11:22.909+0000] {logging_mixin.py:150} INFO - [2023-08-07T17:11:22.909+0000] {dag.py:2742} INFO - Sync 1 DAGs
[2023-08-07T17:11:22.930+0000] {logging_mixin.py:150} INFO - [2023-08-07T17:11:22.930+0000] {dag.py:3508} INFO - Setting next_dagrun for tutorial_dag to None, run_after=None
[2023-08-07T17:11:22.946+0000] {processor.py:179} INFO - Processing /home/airflow/.local/lib/python3.7/site-packages/airflow/example_dags/tutorial_dag.py took 0.062 seconds
[2023-08-07T17:11:53.565+0000] {processor.py:157} INFO - Started process (PID=431) to work on /home/airflow/.local/lib/python3.7/site-packages/airflow/example_dags/tutorial_dag.py
[2023-08-07T17:11:53.566+0000] {processor.py:826} INFO - Processing file /home/airflow/.local/lib/python3.7/site-packages/airflow/example_dags/tutorial_dag.py for tasks to queue
[2023-08-07T17:11:53.567+0000] {logging_mixin.py:150} INFO - [2023-08-07T17:11:53.567+0000] {dagbag.py:541} INFO - Filling up the DagBag from /home/airflow/.local/lib/python3.7/site-packages/airflow/example_dags/tutorial_dag.py
[2023-08-07T17:11:53.573+0000] {processor.py:836} INFO - DAG(s) dict_keys(['tutorial_dag']) retrieved from /home/airflow/.local/lib/python3.7/site-packages/airflow/example_dags/tutorial_dag.py
[2023-08-07T17:11:53.607+0000] {logging_mixin.py:150} INFO - [2023-08-07T17:11:53.607+0000] {dag.py:2742} INFO - Sync 1 DAGs
[2023-08-07T17:11:53.635+0000] {logging_mixin.py:150} INFO - [2023-08-07T17:11:53.635+0000] {dag.py:3508} INFO - Setting next_dagrun for tutorial_dag to None, run_after=None
[2023-08-07T17:11:53.653+0000] {processor.py:179} INFO - Processing /home/airflow/.local/lib/python3.7/site-packages/airflow/example_dags/tutorial_dag.py took 0.092 seconds
[2023-08-07T17:12:24.329+0000] {processor.py:157} INFO - Started process (PID=493) to work on /home/airflow/.local/lib/python3.7/site-packages/airflow/example_dags/tutorial_dag.py
[2023-08-07T17:12:24.330+0000] {processor.py:826} INFO - Processing file /home/airflow/.local/lib/python3.7/site-packages/airflow/example_dags/tutorial_dag.py for tasks to queue
[2023-08-07T17:12:24.330+0000] {logging_mixin.py:150} INFO - [2023-08-07T17:12:24.330+0000] {dagbag.py:541} INFO - Filling up the DagBag from /home/airflow/.local/lib/python3.7/site-packages/airflow/example_dags/tutorial_dag.py
[2023-08-07T17:12:24.334+0000] {processor.py:836} INFO - DAG(s) dict_keys(['tutorial_dag']) retrieved from /home/airflow/.local/lib/python3.7/site-packages/airflow/example_dags/tutorial_dag.py
[2023-08-07T17:12:24.355+0000] {logging_mixin.py:150} INFO - [2023-08-07T17:12:24.355+0000] {dag.py:2742} INFO - Sync 1 DAGs
[2023-08-07T17:12:24.379+0000] {logging_mixin.py:150} INFO - [2023-08-07T17:12:24.379+0000] {dag.py:3508} INFO - Setting next_dagrun for tutorial_dag to None, run_after=None
[2023-08-07T17:12:24.397+0000] {processor.py:179} INFO - Processing /home/airflow/.local/lib/python3.7/site-packages/airflow/example_dags/tutorial_dag.py took 0.070 seconds
[2023-08-07T17:12:55.163+0000] {processor.py:157} INFO - Started process (PID=555) to work on /home/airflow/.local/lib/python3.7/site-packages/airflow/example_dags/tutorial_dag.py
[2023-08-07T17:12:55.163+0000] {processor.py:826} INFO - Processing file /home/airflow/.local/lib/python3.7/site-packages/airflow/example_dags/tutorial_dag.py for tasks to queue
[2023-08-07T17:12:55.164+0000] {logging_mixin.py:150} INFO - [2023-08-07T17:12:55.164+0000] {dagbag.py:541} INFO - Filling up the DagBag from /home/airflow/.local/lib/python3.7/site-packages/airflow/example_dags/tutorial_dag.py
[2023-08-07T17:12:55.167+0000] {processor.py:836} INFO - DAG(s) dict_keys(['tutorial_dag']) retrieved from /home/airflow/.local/lib/python3.7/site-packages/airflow/example_dags/tutorial_dag.py
[2023-08-07T17:12:55.186+0000] {logging_mixin.py:150} INFO - [2023-08-07T17:12:55.186+0000] {dag.py:2742} INFO - Sync 1 DAGs
[2023-08-07T17:12:55.209+0000] {logging_mixin.py:150} INFO - [2023-08-07T17:12:55.208+0000] {dag.py:3508} INFO - Setting next_dagrun for tutorial_dag to None, run_after=None
[2023-08-07T17:12:55.225+0000] {processor.py:179} INFO - Processing /home/airflow/.local/lib/python3.7/site-packages/airflow/example_dags/tutorial_dag.py took 0.065 seconds
[2023-08-07T17:13:25.426+0000] {processor.py:157} INFO - Started process (PID=617) to work on /home/airflow/.local/lib/python3.7/site-packages/airflow/example_dags/tutorial_dag.py
[2023-08-07T17:13:25.427+0000] {processor.py:826} INFO - Processing file /home/airflow/.local/lib/python3.7/site-packages/airflow/example_dags/tutorial_dag.py for tasks to queue
[2023-08-07T17:13:25.427+0000] {logging_mixin.py:150} INFO - [2023-08-07T17:13:25.427+0000] {dagbag.py:541} INFO - Filling up the DagBag from /home/airflow/.local/lib/python3.7/site-packages/airflow/example_dags/tutorial_dag.py
[2023-08-07T17:13:25.431+0000] {processor.py:836} INFO - DAG(s) dict_keys(['tutorial_dag']) retrieved from /home/airflow/.local/lib/python3.7/site-packages/airflow/example_dags/tutorial_dag.py
[2023-08-07T17:13:25.451+0000] {logging_mixin.py:150} INFO - [2023-08-07T17:13:25.451+0000] {dag.py:2742} INFO - Sync 1 DAGs
[2023-08-07T17:13:25.474+0000] {logging_mixin.py:150} INFO - [2023-08-07T17:13:25.473+0000] {dag.py:3508} INFO - Setting next_dagrun for tutorial_dag to None, run_after=None
[2023-08-07T17:13:25.492+0000] {processor.py:179} INFO - Processing /home/airflow/.local/lib/python3.7/site-packages/airflow/example_dags/tutorial_dag.py took 0.068 seconds
[2023-08-07T17:13:56.280+0000] {processor.py:157} INFO - Started process (PID=679) to work on /home/airflow/.local/lib/python3.7/site-packages/airflow/example_dags/tutorial_dag.py
[2023-08-07T17:13:56.281+0000] {processor.py:826} INFO - Processing file /home/airflow/.local/lib/python3.7/site-packages/airflow/example_dags/tutorial_dag.py for tasks to queue
[2023-08-07T17:13:56.282+0000] {logging_mixin.py:150} INFO - [2023-08-07T17:13:56.281+0000] {dagbag.py:541} INFO - Filling up the DagBag from /home/airflow/.local/lib/python3.7/site-packages/airflow/example_dags/tutorial_dag.py
[2023-08-07T17:13:56.285+0000] {processor.py:836} INFO - DAG(s) dict_keys(['tutorial_dag']) retrieved from /home/airflow/.local/lib/python3.7/site-packages/airflow/example_dags/tutorial_dag.py
[2023-08-07T17:13:56.304+0000] {logging_mixin.py:150} INFO - [2023-08-07T17:13:56.304+0000] {dag.py:2742} INFO - Sync 1 DAGs
[2023-08-07T17:13:56.327+0000] {logging_mixin.py:150} INFO - [2023-08-07T17:13:56.327+0000] {dag.py:3508} INFO - Setting next_dagrun for tutorial_dag to None, run_after=None
[2023-08-07T17:13:56.343+0000] {processor.py:179} INFO - Processing /home/airflow/.local/lib/python3.7/site-packages/airflow/example_dags/tutorial_dag.py took 0.066 seconds
[2023-08-07T17:14:27.049+0000] {processor.py:157} INFO - Started process (PID=741) to work on /home/airflow/.local/lib/python3.7/site-packages/airflow/example_dags/tutorial_dag.py
[2023-08-07T17:14:27.050+0000] {processor.py:826} INFO - Processing file /home/airflow/.local/lib/python3.7/site-packages/airflow/example_dags/tutorial_dag.py for tasks to queue
[2023-08-07T17:14:27.051+0000] {logging_mixin.py:150} INFO - [2023-08-07T17:14:27.051+0000] {dagbag.py:541} INFO - Filling up the DagBag from /home/airflow/.local/lib/python3.7/site-packages/airflow/example_dags/tutorial_dag.py
[2023-08-07T17:14:27.057+0000] {processor.py:836} INFO - DAG(s) dict_keys(['tutorial_dag']) retrieved from /home/airflow/.local/lib/python3.7/site-packages/airflow/example_dags/tutorial_dag.py
[2023-08-07T17:14:27.076+0000] {logging_mixin.py:150} INFO - [2023-08-07T17:14:27.076+0000] {dag.py:2742} INFO - Sync 1 DAGs
[2023-08-07T17:14:27.099+0000] {logging_mixin.py:150} INFO - [2023-08-07T17:14:27.099+0000] {dag.py:3508} INFO - Setting next_dagrun for tutorial_dag to None, run_after=None
[2023-08-07T17:14:27.114+0000] {processor.py:179} INFO - Processing /home/airflow/.local/lib/python3.7/site-packages/airflow/example_dags/tutorial_dag.py took 0.069 seconds
[2023-08-07T17:14:57.497+0000] {processor.py:157} INFO - Started process (PID=803) to work on /home/airflow/.local/lib/python3.7/site-packages/airflow/example_dags/tutorial_dag.py
[2023-08-07T17:14:57.498+0000] {processor.py:826} INFO - Processing file /home/airflow/.local/lib/python3.7/site-packages/airflow/example_dags/tutorial_dag.py for tasks to queue
[2023-08-07T17:14:57.499+0000] {logging_mixin.py:150} INFO - [2023-08-07T17:14:57.498+0000] {dagbag.py:541} INFO - Filling up the DagBag from /home/airflow/.local/lib/python3.7/site-packages/airflow/example_dags/tutorial_dag.py
[2023-08-07T17:14:57.505+0000] {processor.py:836} INFO - DAG(s) dict_keys(['tutorial_dag']) retrieved from /home/airflow/.local/lib/python3.7/site-packages/airflow/example_dags/tutorial_dag.py
[2023-08-07T17:14:57.526+0000] {logging_mixin.py:150} INFO - [2023-08-07T17:14:57.526+0000] {dag.py:2742} INFO - Sync 1 DAGs
[2023-08-07T17:14:57.549+0000] {logging_mixin.py:150} INFO - [2023-08-07T17:14:57.549+0000] {dag.py:3508} INFO - Setting next_dagrun for tutorial_dag to None, run_after=None
[2023-08-07T17:14:57.567+0000] {processor.py:179} INFO - Processing /home/airflow/.local/lib/python3.7/site-packages/airflow/example_dags/tutorial_dag.py took 0.075 seconds
[2023-08-07T17:15:28.512+0000] {processor.py:157} INFO - Started process (PID=865) to work on /home/airflow/.local/lib/python3.7/site-packages/airflow/example_dags/tutorial_dag.py
[2023-08-07T17:15:28.513+0000] {processor.py:826} INFO - Processing file /home/airflow/.local/lib/python3.7/site-packages/airflow/example_dags/tutorial_dag.py for tasks to queue
[2023-08-07T17:15:28.513+0000] {logging_mixin.py:150} INFO - [2023-08-07T17:15:28.513+0000] {dagbag.py:541} INFO - Filling up the DagBag from /home/airflow/.local/lib/python3.7/site-packages/airflow/example_dags/tutorial_dag.py
[2023-08-07T17:15:28.516+0000] {processor.py:836} INFO - DAG(s) dict_keys(['tutorial_dag']) retrieved from /home/airflow/.local/lib/python3.7/site-packages/airflow/example_dags/tutorial_dag.py
[2023-08-07T17:15:28.534+0000] {logging_mixin.py:150} INFO - [2023-08-07T17:15:28.534+0000] {dag.py:2742} INFO - Sync 1 DAGs
[2023-08-07T17:15:28.557+0000] {logging_mixin.py:150} INFO - [2023-08-07T17:15:28.557+0000] {dag.py:3508} INFO - Setting next_dagrun for tutorial_dag to None, run_after=None
[2023-08-07T17:15:28.575+0000] {processor.py:179} INFO - Processing /home/airflow/.local/lib/python3.7/site-packages/airflow/example_dags/tutorial_dag.py took 0.065 seconds
[2023-08-07T17:15:58.863+0000] {processor.py:157} INFO - Started process (PID=927) to work on /home/airflow/.local/lib/python3.7/site-packages/airflow/example_dags/tutorial_dag.py
[2023-08-07T17:15:58.864+0000] {processor.py:826} INFO - Processing file /home/airflow/.local/lib/python3.7/site-packages/airflow/example_dags/tutorial_dag.py for tasks to queue
[2023-08-07T17:15:58.864+0000] {logging_mixin.py:150} INFO - [2023-08-07T17:15:58.864+0000] {dagbag.py:541} INFO - Filling up the DagBag from /home/airflow/.local/lib/python3.7/site-packages/airflow/example_dags/tutorial_dag.py
[2023-08-07T17:15:58.868+0000] {processor.py:836} INFO - DAG(s) dict_keys(['tutorial_dag']) retrieved from /home/airflow/.local/lib/python3.7/site-packages/airflow/example_dags/tutorial_dag.py
[2023-08-07T17:15:58.887+0000] {logging_mixin.py:150} INFO - [2023-08-07T17:15:58.886+0000] {dag.py:2742} INFO - Sync 1 DAGs
[2023-08-07T17:15:58.931+0000] {logging_mixin.py:150} INFO - [2023-08-07T17:15:58.931+0000] {dag.py:3508} INFO - Setting next_dagrun for tutorial_dag to None, run_after=None
[2023-08-07T17:15:58.949+0000] {processor.py:179} INFO - Processing /home/airflow/.local/lib/python3.7/site-packages/airflow/example_dags/tutorial_dag.py took 0.088 seconds
[2023-08-07T17:16:29.315+0000] {processor.py:157} INFO - Started process (PID=989) to work on /home/airflow/.local/lib/python3.7/site-packages/airflow/example_dags/tutorial_dag.py
[2023-08-07T17:16:29.315+0000] {processor.py:826} INFO - Processing file /home/airflow/.local/lib/python3.7/site-packages/airflow/example_dags/tutorial_dag.py for tasks to queue
[2023-08-07T17:16:29.316+0000] {logging_mixin.py:150} INFO - [2023-08-07T17:16:29.316+0000] {dagbag.py:541} INFO - Filling up the DagBag from /home/airflow/.local/lib/python3.7/site-packages/airflow/example_dags/tutorial_dag.py
[2023-08-07T17:16:29.319+0000] {processor.py:836} INFO - DAG(s) dict_keys(['tutorial_dag']) retrieved from /home/airflow/.local/lib/python3.7/site-packages/airflow/example_dags/tutorial_dag.py
[2023-08-07T17:16:29.338+0000] {logging_mixin.py:150} INFO - [2023-08-07T17:16:29.338+0000] {dag.py:2742} INFO - Sync 1 DAGs
[2023-08-07T17:16:29.359+0000] {logging_mixin.py:150} INFO - [2023-08-07T17:16:29.359+0000] {dag.py:3508} INFO - Setting next_dagrun for tutorial_dag to None, run_after=None
[2023-08-07T17:16:29.378+0000] {processor.py:179} INFO - Processing /home/airflow/.local/lib/python3.7/site-packages/airflow/example_dags/tutorial_dag.py took 0.065 seconds
[2023-08-07T17:41:16.124+0000] {processor.py:157} INFO - Started process (PID=58) to work on /home/airflow/.local/lib/python3.7/site-packages/airflow/example_dags/tutorial_dag.py
[2023-08-07T17:41:16.124+0000] {processor.py:826} INFO - Processing file /home/airflow/.local/lib/python3.7/site-packages/airflow/example_dags/tutorial_dag.py for tasks to queue
[2023-08-07T17:41:16.125+0000] {logging_mixin.py:150} INFO - [2023-08-07T17:41:16.125+0000] {dagbag.py:541} INFO - Filling up the DagBag from /home/airflow/.local/lib/python3.7/site-packages/airflow/example_dags/tutorial_dag.py
[2023-08-07T17:41:16.131+0000] {processor.py:836} INFO - DAG(s) dict_keys(['tutorial_dag']) retrieved from /home/airflow/.local/lib/python3.7/site-packages/airflow/example_dags/tutorial_dag.py
[2023-08-07T17:41:16.143+0000] {logging_mixin.py:150} INFO - [2023-08-07T17:41:16.143+0000] {dag.py:2742} INFO - Sync 1 DAGs
[2023-08-07T17:41:16.173+0000] {logging_mixin.py:150} INFO - [2023-08-07T17:41:16.173+0000] {dag.py:3508} INFO - Setting next_dagrun for tutorial_dag to None, run_after=None
[2023-08-07T17:41:16.196+0000] {processor.py:179} INFO - Processing /home/airflow/.local/lib/python3.7/site-packages/airflow/example_dags/tutorial_dag.py took 0.075 seconds
[2023-08-07T17:41:46.784+0000] {processor.py:157} INFO - Started process (PID=120) to work on /home/airflow/.local/lib/python3.7/site-packages/airflow/example_dags/tutorial_dag.py
[2023-08-07T17:41:46.785+0000] {processor.py:826} INFO - Processing file /home/airflow/.local/lib/python3.7/site-packages/airflow/example_dags/tutorial_dag.py for tasks to queue
[2023-08-07T17:41:46.785+0000] {logging_mixin.py:150} INFO - [2023-08-07T17:41:46.785+0000] {dagbag.py:541} INFO - Filling up the DagBag from /home/airflow/.local/lib/python3.7/site-packages/airflow/example_dags/tutorial_dag.py
[2023-08-07T17:41:46.788+0000] {processor.py:836} INFO - DAG(s) dict_keys(['tutorial_dag']) retrieved from /home/airflow/.local/lib/python3.7/site-packages/airflow/example_dags/tutorial_dag.py
[2023-08-07T17:41:46.813+0000] {logging_mixin.py:150} INFO - [2023-08-07T17:41:46.813+0000] {dag.py:2742} INFO - Sync 1 DAGs
[2023-08-07T17:41:46.835+0000] {logging_mixin.py:150} INFO - [2023-08-07T17:41:46.835+0000] {dag.py:3508} INFO - Setting next_dagrun for tutorial_dag to None, run_after=None
[2023-08-07T17:41:46.852+0000] {processor.py:179} INFO - Processing /home/airflow/.local/lib/python3.7/site-packages/airflow/example_dags/tutorial_dag.py took 0.071 seconds
[2023-08-07T17:42:17.522+0000] {processor.py:157} INFO - Started process (PID=182) to work on /home/airflow/.local/lib/python3.7/site-packages/airflow/example_dags/tutorial_dag.py
[2023-08-07T17:42:17.523+0000] {processor.py:826} INFO - Processing file /home/airflow/.local/lib/python3.7/site-packages/airflow/example_dags/tutorial_dag.py for tasks to queue
[2023-08-07T17:42:17.523+0000] {logging_mixin.py:150} INFO - [2023-08-07T17:42:17.523+0000] {dagbag.py:541} INFO - Filling up the DagBag from /home/airflow/.local/lib/python3.7/site-packages/airflow/example_dags/tutorial_dag.py
[2023-08-07T17:42:17.526+0000] {processor.py:836} INFO - DAG(s) dict_keys(['tutorial_dag']) retrieved from /home/airflow/.local/lib/python3.7/site-packages/airflow/example_dags/tutorial_dag.py
[2023-08-07T17:42:17.547+0000] {logging_mixin.py:150} INFO - [2023-08-07T17:42:17.547+0000] {dag.py:2742} INFO - Sync 1 DAGs
[2023-08-07T17:42:17.569+0000] {logging_mixin.py:150} INFO - [2023-08-07T17:42:17.569+0000] {dag.py:3508} INFO - Setting next_dagrun for tutorial_dag to None, run_after=None
[2023-08-07T17:42:17.587+0000] {processor.py:179} INFO - Processing /home/airflow/.local/lib/python3.7/site-packages/airflow/example_dags/tutorial_dag.py took 0.068 seconds
[2023-08-07T17:42:48.625+0000] {processor.py:157} INFO - Started process (PID=244) to work on /home/airflow/.local/lib/python3.7/site-packages/airflow/example_dags/tutorial_dag.py
[2023-08-07T17:42:48.626+0000] {processor.py:826} INFO - Processing file /home/airflow/.local/lib/python3.7/site-packages/airflow/example_dags/tutorial_dag.py for tasks to queue
[2023-08-07T17:42:48.626+0000] {logging_mixin.py:150} INFO - [2023-08-07T17:42:48.626+0000] {dagbag.py:541} INFO - Filling up the DagBag from /home/airflow/.local/lib/python3.7/site-packages/airflow/example_dags/tutorial_dag.py
[2023-08-07T17:42:48.630+0000] {processor.py:836} INFO - DAG(s) dict_keys(['tutorial_dag']) retrieved from /home/airflow/.local/lib/python3.7/site-packages/airflow/example_dags/tutorial_dag.py
[2023-08-07T17:42:48.649+0000] {logging_mixin.py:150} INFO - [2023-08-07T17:42:48.649+0000] {dag.py:2742} INFO - Sync 1 DAGs
[2023-08-07T17:42:48.672+0000] {logging_mixin.py:150} INFO - [2023-08-07T17:42:48.672+0000] {dag.py:3508} INFO - Setting next_dagrun for tutorial_dag to None, run_after=None
[2023-08-07T17:42:48.690+0000] {processor.py:179} INFO - Processing /home/airflow/.local/lib/python3.7/site-packages/airflow/example_dags/tutorial_dag.py took 0.067 seconds
[2023-08-07T17:43:19.541+0000] {processor.py:157} INFO - Started process (PID=307) to work on /home/airflow/.local/lib/python3.7/site-packages/airflow/example_dags/tutorial_dag.py
[2023-08-07T17:43:19.542+0000] {processor.py:826} INFO - Processing file /home/airflow/.local/lib/python3.7/site-packages/airflow/example_dags/tutorial_dag.py for tasks to queue
[2023-08-07T17:43:19.543+0000] {logging_mixin.py:150} INFO - [2023-08-07T17:43:19.543+0000] {dagbag.py:541} INFO - Filling up the DagBag from /home/airflow/.local/lib/python3.7/site-packages/airflow/example_dags/tutorial_dag.py
[2023-08-07T17:43:19.551+0000] {processor.py:836} INFO - DAG(s) dict_keys(['tutorial_dag']) retrieved from /home/airflow/.local/lib/python3.7/site-packages/airflow/example_dags/tutorial_dag.py
[2023-08-07T17:43:19.587+0000] {logging_mixin.py:150} INFO - [2023-08-07T17:43:19.587+0000] {dag.py:2742} INFO - Sync 1 DAGs
[2023-08-07T17:43:19.615+0000] {logging_mixin.py:150} INFO - [2023-08-07T17:43:19.615+0000] {dag.py:3508} INFO - Setting next_dagrun for tutorial_dag to None, run_after=None
[2023-08-07T17:43:19.632+0000] {processor.py:179} INFO - Processing /home/airflow/.local/lib/python3.7/site-packages/airflow/example_dags/tutorial_dag.py took 0.096 seconds
[2023-08-07T17:43:50.788+0000] {processor.py:157} INFO - Started process (PID=369) to work on /home/airflow/.local/lib/python3.7/site-packages/airflow/example_dags/tutorial_dag.py
[2023-08-07T17:43:50.788+0000] {processor.py:826} INFO - Processing file /home/airflow/.local/lib/python3.7/site-packages/airflow/example_dags/tutorial_dag.py for tasks to queue
[2023-08-07T17:43:50.789+0000] {logging_mixin.py:150} INFO - [2023-08-07T17:43:50.789+0000] {dagbag.py:541} INFO - Filling up the DagBag from /home/airflow/.local/lib/python3.7/site-packages/airflow/example_dags/tutorial_dag.py
[2023-08-07T17:43:50.795+0000] {processor.py:836} INFO - DAG(s) dict_keys(['tutorial_dag']) retrieved from /home/airflow/.local/lib/python3.7/site-packages/airflow/example_dags/tutorial_dag.py
[2023-08-07T17:43:50.818+0000] {logging_mixin.py:150} INFO - [2023-08-07T17:43:50.818+0000] {dag.py:2742} INFO - Sync 1 DAGs
[2023-08-07T17:43:50.840+0000] {logging_mixin.py:150} INFO - [2023-08-07T17:43:50.840+0000] {dag.py:3508} INFO - Setting next_dagrun for tutorial_dag to None, run_after=None
[2023-08-07T17:43:50.860+0000] {processor.py:179} INFO - Processing /home/airflow/.local/lib/python3.7/site-packages/airflow/example_dags/tutorial_dag.py took 0.075 seconds
[2023-08-07T18:11:02.666+0000] {processor.py:157} INFO - Started process (PID=59) to work on /home/airflow/.local/lib/python3.7/site-packages/airflow/example_dags/tutorial_dag.py
[2023-08-07T18:11:02.666+0000] {processor.py:826} INFO - Processing file /home/airflow/.local/lib/python3.7/site-packages/airflow/example_dags/tutorial_dag.py for tasks to queue
[2023-08-07T18:11:02.667+0000] {logging_mixin.py:150} INFO - [2023-08-07T18:11:02.667+0000] {dagbag.py:541} INFO - Filling up the DagBag from /home/airflow/.local/lib/python3.7/site-packages/airflow/example_dags/tutorial_dag.py
[2023-08-07T18:11:02.675+0000] {processor.py:836} INFO - DAG(s) dict_keys(['tutorial_dag']) retrieved from /home/airflow/.local/lib/python3.7/site-packages/airflow/example_dags/tutorial_dag.py
[2023-08-07T18:11:02.686+0000] {logging_mixin.py:150} INFO - [2023-08-07T18:11:02.686+0000] {dag.py:2742} INFO - Sync 1 DAGs
[2023-08-07T18:11:02.714+0000] {logging_mixin.py:150} INFO - [2023-08-07T18:11:02.714+0000] {dag.py:3508} INFO - Setting next_dagrun for tutorial_dag to None, run_after=None
[2023-08-07T18:11:02.737+0000] {processor.py:179} INFO - Processing /home/airflow/.local/lib/python3.7/site-packages/airflow/example_dags/tutorial_dag.py took 0.074 seconds
