[2023-08-07T17:08:50.362+0000] {processor.py:157} INFO - Started process (PID=68) to work on /home/airflow/.local/lib/python3.7/site-packages/airflow/example_dags/tutorial.py
[2023-08-07T17:08:50.362+0000] {processor.py:826} INFO - Processing file /home/airflow/.local/lib/python3.7/site-packages/airflow/example_dags/tutorial.py for tasks to queue
[2023-08-07T17:08:50.363+0000] {logging_mixin.py:150} INFO - [2023-08-07T17:08:50.362+0000] {dagbag.py:541} INFO - Filling up the DagBag from /home/airflow/.local/lib/python3.7/site-packages/airflow/example_dags/tutorial.py
[2023-08-07T17:08:50.371+0000] {processor.py:836} INFO - DAG(s) dict_keys(['tutorial']) retrieved from /home/airflow/.local/lib/python3.7/site-packages/airflow/example_dags/tutorial.py
[2023-08-07T17:08:50.385+0000] {logging_mixin.py:150} INFO - [2023-08-07T17:08:50.385+0000] {dag.py:2742} INFO - Sync 1 DAGs
[2023-08-07T17:08:50.424+0000] {logging_mixin.py:150} INFO - [2023-08-07T17:08:50.423+0000] {dag.py:3508} INFO - Setting next_dagrun for tutorial to 2023-08-06T17:08:50.423418+00:00, run_after=2023-08-07T17:08:50.423418+00:00
[2023-08-07T17:08:50.448+0000] {processor.py:179} INFO - Processing /home/airflow/.local/lib/python3.7/site-packages/airflow/example_dags/tutorial.py took 0.091 seconds
[2023-08-07T17:09:20.948+0000] {processor.py:157} INFO - Started process (PID=130) to work on /home/airflow/.local/lib/python3.7/site-packages/airflow/example_dags/tutorial.py
[2023-08-07T17:09:20.949+0000] {processor.py:826} INFO - Processing file /home/airflow/.local/lib/python3.7/site-packages/airflow/example_dags/tutorial.py for tasks to queue
[2023-08-07T17:09:20.949+0000] {logging_mixin.py:150} INFO - [2023-08-07T17:09:20.949+0000] {dagbag.py:541} INFO - Filling up the DagBag from /home/airflow/.local/lib/python3.7/site-packages/airflow/example_dags/tutorial.py
[2023-08-07T17:09:20.953+0000] {processor.py:836} INFO - DAG(s) dict_keys(['tutorial']) retrieved from /home/airflow/.local/lib/python3.7/site-packages/airflow/example_dags/tutorial.py
[2023-08-07T17:09:20.972+0000] {logging_mixin.py:150} INFO - [2023-08-07T17:09:20.972+0000] {dag.py:2742} INFO - Sync 1 DAGs
[2023-08-07T17:09:20.996+0000] {logging_mixin.py:150} INFO - [2023-08-07T17:09:20.995+0000] {dag.py:3508} INFO - Setting next_dagrun for tutorial to 2023-08-06T17:09:20.995647+00:00, run_after=2023-08-07T17:09:20.995647+00:00
[2023-08-07T17:09:21.013+0000] {processor.py:179} INFO - Processing /home/airflow/.local/lib/python3.7/site-packages/airflow/example_dags/tutorial.py took 0.067 seconds
[2023-08-07T17:09:51.752+0000] {processor.py:157} INFO - Started process (PID=192) to work on /home/airflow/.local/lib/python3.7/site-packages/airflow/example_dags/tutorial.py
[2023-08-07T17:09:51.753+0000] {processor.py:826} INFO - Processing file /home/airflow/.local/lib/python3.7/site-packages/airflow/example_dags/tutorial.py for tasks to queue
[2023-08-07T17:09:51.753+0000] {logging_mixin.py:150} INFO - [2023-08-07T17:09:51.753+0000] {dagbag.py:541} INFO - Filling up the DagBag from /home/airflow/.local/lib/python3.7/site-packages/airflow/example_dags/tutorial.py
[2023-08-07T17:09:51.758+0000] {processor.py:836} INFO - DAG(s) dict_keys(['tutorial']) retrieved from /home/airflow/.local/lib/python3.7/site-packages/airflow/example_dags/tutorial.py
[2023-08-07T17:09:51.777+0000] {logging_mixin.py:150} INFO - [2023-08-07T17:09:51.777+0000] {dag.py:2742} INFO - Sync 1 DAGs
[2023-08-07T17:09:51.800+0000] {logging_mixin.py:150} INFO - [2023-08-07T17:09:51.800+0000] {dag.py:3508} INFO - Setting next_dagrun for tutorial to 2023-08-06T17:09:51.800115+00:00, run_after=2023-08-07T17:09:51.800115+00:00
[2023-08-07T17:09:51.818+0000] {processor.py:179} INFO - Processing /home/airflow/.local/lib/python3.7/site-packages/airflow/example_dags/tutorial.py took 0.068 seconds
[2023-08-07T17:10:21.983+0000] {processor.py:157} INFO - Started process (PID=254) to work on /home/airflow/.local/lib/python3.7/site-packages/airflow/example_dags/tutorial.py
[2023-08-07T17:10:21.984+0000] {processor.py:826} INFO - Processing file /home/airflow/.local/lib/python3.7/site-packages/airflow/example_dags/tutorial.py for tasks to queue
[2023-08-07T17:10:21.984+0000] {logging_mixin.py:150} INFO - [2023-08-07T17:10:21.984+0000] {dagbag.py:541} INFO - Filling up the DagBag from /home/airflow/.local/lib/python3.7/site-packages/airflow/example_dags/tutorial.py
[2023-08-07T17:10:21.989+0000] {processor.py:836} INFO - DAG(s) dict_keys(['tutorial']) retrieved from /home/airflow/.local/lib/python3.7/site-packages/airflow/example_dags/tutorial.py
[2023-08-07T17:10:22.009+0000] {logging_mixin.py:150} INFO - [2023-08-07T17:10:22.009+0000] {dag.py:2742} INFO - Sync 1 DAGs
[2023-08-07T17:10:22.033+0000] {logging_mixin.py:150} INFO - [2023-08-07T17:10:22.032+0000] {dag.py:3508} INFO - Setting next_dagrun for tutorial to 2023-08-06T17:10:22.032665+00:00, run_after=2023-08-07T17:10:22.032665+00:00
[2023-08-07T17:10:22.054+0000] {processor.py:179} INFO - Processing /home/airflow/.local/lib/python3.7/site-packages/airflow/example_dags/tutorial.py took 0.072 seconds
[2023-08-07T17:10:52.320+0000] {processor.py:157} INFO - Started process (PID=316) to work on /home/airflow/.local/lib/python3.7/site-packages/airflow/example_dags/tutorial.py
[2023-08-07T17:10:52.320+0000] {processor.py:826} INFO - Processing file /home/airflow/.local/lib/python3.7/site-packages/airflow/example_dags/tutorial.py for tasks to queue
[2023-08-07T17:10:52.321+0000] {logging_mixin.py:150} INFO - [2023-08-07T17:10:52.321+0000] {dagbag.py:541} INFO - Filling up the DagBag from /home/airflow/.local/lib/python3.7/site-packages/airflow/example_dags/tutorial.py
[2023-08-07T17:10:52.325+0000] {processor.py:836} INFO - DAG(s) dict_keys(['tutorial']) retrieved from /home/airflow/.local/lib/python3.7/site-packages/airflow/example_dags/tutorial.py
[2023-08-07T17:10:52.346+0000] {logging_mixin.py:150} INFO - [2023-08-07T17:10:52.346+0000] {dag.py:2742} INFO - Sync 1 DAGs
[2023-08-07T17:10:52.370+0000] {logging_mixin.py:150} INFO - [2023-08-07T17:10:52.370+0000] {dag.py:3508} INFO - Setting next_dagrun for tutorial to 2023-08-06T17:10:52.370272+00:00, run_after=2023-08-07T17:10:52.370272+00:00
[2023-08-07T17:10:52.388+0000] {processor.py:179} INFO - Processing /home/airflow/.local/lib/python3.7/site-packages/airflow/example_dags/tutorial.py took 0.071 seconds
[2023-08-07T17:11:23.270+0000] {processor.py:157} INFO - Started process (PID=378) to work on /home/airflow/.local/lib/python3.7/site-packages/airflow/example_dags/tutorial.py
[2023-08-07T17:11:23.271+0000] {processor.py:826} INFO - Processing file /home/airflow/.local/lib/python3.7/site-packages/airflow/example_dags/tutorial.py for tasks to queue
[2023-08-07T17:11:23.271+0000] {logging_mixin.py:150} INFO - [2023-08-07T17:11:23.271+0000] {dagbag.py:541} INFO - Filling up the DagBag from /home/airflow/.local/lib/python3.7/site-packages/airflow/example_dags/tutorial.py
[2023-08-07T17:11:23.275+0000] {processor.py:836} INFO - DAG(s) dict_keys(['tutorial']) retrieved from /home/airflow/.local/lib/python3.7/site-packages/airflow/example_dags/tutorial.py
[2023-08-07T17:11:23.294+0000] {logging_mixin.py:150} INFO - [2023-08-07T17:11:23.294+0000] {dag.py:2742} INFO - Sync 1 DAGs
[2023-08-07T17:11:23.315+0000] {logging_mixin.py:150} INFO - [2023-08-07T17:11:23.315+0000] {dag.py:3508} INFO - Setting next_dagrun for tutorial to 2023-08-06T17:11:23.314979+00:00, run_after=2023-08-07T17:11:23.314979+00:00
[2023-08-07T17:11:23.332+0000] {processor.py:179} INFO - Processing /home/airflow/.local/lib/python3.7/site-packages/airflow/example_dags/tutorial.py took 0.065 seconds
[2023-08-07T17:11:53.949+0000] {processor.py:157} INFO - Started process (PID=440) to work on /home/airflow/.local/lib/python3.7/site-packages/airflow/example_dags/tutorial.py
[2023-08-07T17:11:53.949+0000] {processor.py:826} INFO - Processing file /home/airflow/.local/lib/python3.7/site-packages/airflow/example_dags/tutorial.py for tasks to queue
[2023-08-07T17:11:53.950+0000] {logging_mixin.py:150} INFO - [2023-08-07T17:11:53.950+0000] {dagbag.py:541} INFO - Filling up the DagBag from /home/airflow/.local/lib/python3.7/site-packages/airflow/example_dags/tutorial.py
[2023-08-07T17:11:53.954+0000] {processor.py:836} INFO - DAG(s) dict_keys(['tutorial']) retrieved from /home/airflow/.local/lib/python3.7/site-packages/airflow/example_dags/tutorial.py
[2023-08-07T17:11:53.973+0000] {logging_mixin.py:150} INFO - [2023-08-07T17:11:53.973+0000] {dag.py:2742} INFO - Sync 1 DAGs
[2023-08-07T17:11:53.995+0000] {logging_mixin.py:150} INFO - [2023-08-07T17:11:53.995+0000] {dag.py:3508} INFO - Setting next_dagrun for tutorial to 2023-08-06T17:11:53.995483+00:00, run_after=2023-08-07T17:11:53.995483+00:00
[2023-08-07T17:11:54.013+0000] {processor.py:179} INFO - Processing /home/airflow/.local/lib/python3.7/site-packages/airflow/example_dags/tutorial.py took 0.066 seconds
[2023-08-07T17:12:24.786+0000] {processor.py:157} INFO - Started process (PID=502) to work on /home/airflow/.local/lib/python3.7/site-packages/airflow/example_dags/tutorial.py
[2023-08-07T17:12:24.786+0000] {processor.py:826} INFO - Processing file /home/airflow/.local/lib/python3.7/site-packages/airflow/example_dags/tutorial.py for tasks to queue
[2023-08-07T17:12:24.787+0000] {logging_mixin.py:150} INFO - [2023-08-07T17:12:24.787+0000] {dagbag.py:541} INFO - Filling up the DagBag from /home/airflow/.local/lib/python3.7/site-packages/airflow/example_dags/tutorial.py
[2023-08-07T17:12:24.791+0000] {processor.py:836} INFO - DAG(s) dict_keys(['tutorial']) retrieved from /home/airflow/.local/lib/python3.7/site-packages/airflow/example_dags/tutorial.py
[2023-08-07T17:12:24.809+0000] {logging_mixin.py:150} INFO - [2023-08-07T17:12:24.809+0000] {dag.py:2742} INFO - Sync 1 DAGs
[2023-08-07T17:12:24.832+0000] {logging_mixin.py:150} INFO - [2023-08-07T17:12:24.832+0000] {dag.py:3508} INFO - Setting next_dagrun for tutorial to 2023-08-06T17:12:24.832263+00:00, run_after=2023-08-07T17:12:24.832263+00:00
[2023-08-07T17:12:24.848+0000] {processor.py:179} INFO - Processing /home/airflow/.local/lib/python3.7/site-packages/airflow/example_dags/tutorial.py took 0.065 seconds
[2023-08-07T17:12:55.665+0000] {processor.py:157} INFO - Started process (PID=564) to work on /home/airflow/.local/lib/python3.7/site-packages/airflow/example_dags/tutorial.py
[2023-08-07T17:12:55.665+0000] {processor.py:826} INFO - Processing file /home/airflow/.local/lib/python3.7/site-packages/airflow/example_dags/tutorial.py for tasks to queue
[2023-08-07T17:12:55.666+0000] {logging_mixin.py:150} INFO - [2023-08-07T17:12:55.666+0000] {dagbag.py:541} INFO - Filling up the DagBag from /home/airflow/.local/lib/python3.7/site-packages/airflow/example_dags/tutorial.py
[2023-08-07T17:12:55.670+0000] {processor.py:836} INFO - DAG(s) dict_keys(['tutorial']) retrieved from /home/airflow/.local/lib/python3.7/site-packages/airflow/example_dags/tutorial.py
[2023-08-07T17:12:55.689+0000] {logging_mixin.py:150} INFO - [2023-08-07T17:12:55.689+0000] {dag.py:2742} INFO - Sync 1 DAGs
[2023-08-07T17:12:55.712+0000] {logging_mixin.py:150} INFO - [2023-08-07T17:12:55.711+0000] {dag.py:3508} INFO - Setting next_dagrun for tutorial to 2023-08-06T17:12:55.711581+00:00, run_after=2023-08-07T17:12:55.711581+00:00
[2023-08-07T17:12:55.734+0000] {processor.py:179} INFO - Processing /home/airflow/.local/lib/python3.7/site-packages/airflow/example_dags/tutorial.py took 0.072 seconds
[2023-08-07T17:13:25.797+0000] {processor.py:157} INFO - Started process (PID=626) to work on /home/airflow/.local/lib/python3.7/site-packages/airflow/example_dags/tutorial.py
[2023-08-07T17:13:25.798+0000] {processor.py:826} INFO - Processing file /home/airflow/.local/lib/python3.7/site-packages/airflow/example_dags/tutorial.py for tasks to queue
[2023-08-07T17:13:25.798+0000] {logging_mixin.py:150} INFO - [2023-08-07T17:13:25.798+0000] {dagbag.py:541} INFO - Filling up the DagBag from /home/airflow/.local/lib/python3.7/site-packages/airflow/example_dags/tutorial.py
[2023-08-07T17:13:25.804+0000] {processor.py:836} INFO - DAG(s) dict_keys(['tutorial']) retrieved from /home/airflow/.local/lib/python3.7/site-packages/airflow/example_dags/tutorial.py
[2023-08-07T17:13:25.822+0000] {logging_mixin.py:150} INFO - [2023-08-07T17:13:25.822+0000] {dag.py:2742} INFO - Sync 1 DAGs
[2023-08-07T17:13:25.845+0000] {logging_mixin.py:150} INFO - [2023-08-07T17:13:25.845+0000] {dag.py:3508} INFO - Setting next_dagrun for tutorial to 2023-08-06T17:13:25.845574+00:00, run_after=2023-08-07T17:13:25.845574+00:00
[2023-08-07T17:13:25.862+0000] {processor.py:179} INFO - Processing /home/airflow/.local/lib/python3.7/site-packages/airflow/example_dags/tutorial.py took 0.067 seconds
[2023-08-07T17:13:56.654+0000] {processor.py:157} INFO - Started process (PID=688) to work on /home/airflow/.local/lib/python3.7/site-packages/airflow/example_dags/tutorial.py
[2023-08-07T17:13:56.655+0000] {processor.py:826} INFO - Processing file /home/airflow/.local/lib/python3.7/site-packages/airflow/example_dags/tutorial.py for tasks to queue
[2023-08-07T17:13:56.656+0000] {logging_mixin.py:150} INFO - [2023-08-07T17:13:56.656+0000] {dagbag.py:541} INFO - Filling up the DagBag from /home/airflow/.local/lib/python3.7/site-packages/airflow/example_dags/tutorial.py
[2023-08-07T17:13:56.661+0000] {processor.py:836} INFO - DAG(s) dict_keys(['tutorial']) retrieved from /home/airflow/.local/lib/python3.7/site-packages/airflow/example_dags/tutorial.py
[2023-08-07T17:13:56.680+0000] {logging_mixin.py:150} INFO - [2023-08-07T17:13:56.679+0000] {dag.py:2742} INFO - Sync 1 DAGs
[2023-08-07T17:13:56.704+0000] {logging_mixin.py:150} INFO - [2023-08-07T17:13:56.704+0000] {dag.py:3508} INFO - Setting next_dagrun for tutorial to 2023-08-06T17:13:56.704056+00:00, run_after=2023-08-07T17:13:56.704056+00:00
[2023-08-07T17:13:56.721+0000] {processor.py:179} INFO - Processing /home/airflow/.local/lib/python3.7/site-packages/airflow/example_dags/tutorial.py took 0.069 seconds
[2023-08-07T17:14:27.438+0000] {processor.py:157} INFO - Started process (PID=750) to work on /home/airflow/.local/lib/python3.7/site-packages/airflow/example_dags/tutorial.py
[2023-08-07T17:14:27.440+0000] {processor.py:826} INFO - Processing file /home/airflow/.local/lib/python3.7/site-packages/airflow/example_dags/tutorial.py for tasks to queue
[2023-08-07T17:14:27.440+0000] {logging_mixin.py:150} INFO - [2023-08-07T17:14:27.440+0000] {dagbag.py:541} INFO - Filling up the DagBag from /home/airflow/.local/lib/python3.7/site-packages/airflow/example_dags/tutorial.py
[2023-08-07T17:14:27.449+0000] {processor.py:836} INFO - DAG(s) dict_keys(['tutorial']) retrieved from /home/airflow/.local/lib/python3.7/site-packages/airflow/example_dags/tutorial.py
[2023-08-07T17:14:27.483+0000] {logging_mixin.py:150} INFO - [2023-08-07T17:14:27.483+0000] {dag.py:2742} INFO - Sync 1 DAGs
[2023-08-07T17:14:27.514+0000] {logging_mixin.py:150} INFO - [2023-08-07T17:14:27.514+0000] {dag.py:3508} INFO - Setting next_dagrun for tutorial to 2023-08-06T17:14:27.513938+00:00, run_after=2023-08-07T17:14:27.513938+00:00
[2023-08-07T17:14:27.534+0000] {processor.py:179} INFO - Processing /home/airflow/.local/lib/python3.7/site-packages/airflow/example_dags/tutorial.py took 0.101 seconds
[2023-08-07T17:14:58.028+0000] {processor.py:157} INFO - Started process (PID=812) to work on /home/airflow/.local/lib/python3.7/site-packages/airflow/example_dags/tutorial.py
[2023-08-07T17:14:58.029+0000] {processor.py:826} INFO - Processing file /home/airflow/.local/lib/python3.7/site-packages/airflow/example_dags/tutorial.py for tasks to queue
[2023-08-07T17:14:58.030+0000] {logging_mixin.py:150} INFO - [2023-08-07T17:14:58.030+0000] {dagbag.py:541} INFO - Filling up the DagBag from /home/airflow/.local/lib/python3.7/site-packages/airflow/example_dags/tutorial.py
[2023-08-07T17:14:58.034+0000] {processor.py:836} INFO - DAG(s) dict_keys(['tutorial']) retrieved from /home/airflow/.local/lib/python3.7/site-packages/airflow/example_dags/tutorial.py
[2023-08-07T17:14:58.054+0000] {logging_mixin.py:150} INFO - [2023-08-07T17:14:58.054+0000] {dag.py:2742} INFO - Sync 1 DAGs
[2023-08-07T17:14:58.079+0000] {logging_mixin.py:150} INFO - [2023-08-07T17:14:58.078+0000] {dag.py:3508} INFO - Setting next_dagrun for tutorial to 2023-08-06T17:14:58.078299+00:00, run_after=2023-08-07T17:14:58.078299+00:00
[2023-08-07T17:14:58.105+0000] {processor.py:179} INFO - Processing /home/airflow/.local/lib/python3.7/site-packages/airflow/example_dags/tutorial.py took 0.079 seconds
[2023-08-07T17:15:28.993+0000] {processor.py:157} INFO - Started process (PID=874) to work on /home/airflow/.local/lib/python3.7/site-packages/airflow/example_dags/tutorial.py
[2023-08-07T17:15:28.994+0000] {processor.py:826} INFO - Processing file /home/airflow/.local/lib/python3.7/site-packages/airflow/example_dags/tutorial.py for tasks to queue
[2023-08-07T17:15:28.995+0000] {logging_mixin.py:150} INFO - [2023-08-07T17:15:28.995+0000] {dagbag.py:541} INFO - Filling up the DagBag from /home/airflow/.local/lib/python3.7/site-packages/airflow/example_dags/tutorial.py
[2023-08-07T17:15:29.003+0000] {processor.py:836} INFO - DAG(s) dict_keys(['tutorial']) retrieved from /home/airflow/.local/lib/python3.7/site-packages/airflow/example_dags/tutorial.py
[2023-08-07T17:15:29.024+0000] {logging_mixin.py:150} INFO - [2023-08-07T17:15:29.024+0000] {dag.py:2742} INFO - Sync 1 DAGs
[2023-08-07T17:15:29.048+0000] {logging_mixin.py:150} INFO - [2023-08-07T17:15:29.048+0000] {dag.py:3508} INFO - Setting next_dagrun for tutorial to 2023-08-06T17:15:29.048513+00:00, run_after=2023-08-07T17:15:29.048513+00:00
[2023-08-07T17:15:29.067+0000] {processor.py:179} INFO - Processing /home/airflow/.local/lib/python3.7/site-packages/airflow/example_dags/tutorial.py took 0.078 seconds
[2023-08-07T17:15:59.260+0000] {processor.py:157} INFO - Started process (PID=936) to work on /home/airflow/.local/lib/python3.7/site-packages/airflow/example_dags/tutorial.py
[2023-08-07T17:15:59.261+0000] {processor.py:826} INFO - Processing file /home/airflow/.local/lib/python3.7/site-packages/airflow/example_dags/tutorial.py for tasks to queue
[2023-08-07T17:15:59.261+0000] {logging_mixin.py:150} INFO - [2023-08-07T17:15:59.261+0000] {dagbag.py:541} INFO - Filling up the DagBag from /home/airflow/.local/lib/python3.7/site-packages/airflow/example_dags/tutorial.py
[2023-08-07T17:15:59.265+0000] {processor.py:836} INFO - DAG(s) dict_keys(['tutorial']) retrieved from /home/airflow/.local/lib/python3.7/site-packages/airflow/example_dags/tutorial.py
[2023-08-07T17:15:59.296+0000] {logging_mixin.py:150} INFO - [2023-08-07T17:15:59.295+0000] {dag.py:2742} INFO - Sync 1 DAGs
[2023-08-07T17:15:59.331+0000] {logging_mixin.py:150} INFO - [2023-08-07T17:15:59.331+0000] {dag.py:3508} INFO - Setting next_dagrun for tutorial to 2023-08-06T17:15:59.331529+00:00, run_after=2023-08-07T17:15:59.331529+00:00
[2023-08-07T17:15:59.349+0000] {processor.py:179} INFO - Processing /home/airflow/.local/lib/python3.7/site-packages/airflow/example_dags/tutorial.py took 0.092 seconds
[2023-08-07T17:16:29.826+0000] {processor.py:157} INFO - Started process (PID=998) to work on /home/airflow/.local/lib/python3.7/site-packages/airflow/example_dags/tutorial.py
[2023-08-07T17:16:29.827+0000] {processor.py:826} INFO - Processing file /home/airflow/.local/lib/python3.7/site-packages/airflow/example_dags/tutorial.py for tasks to queue
[2023-08-07T17:16:29.827+0000] {logging_mixin.py:150} INFO - [2023-08-07T17:16:29.827+0000] {dagbag.py:541} INFO - Filling up the DagBag from /home/airflow/.local/lib/python3.7/site-packages/airflow/example_dags/tutorial.py
[2023-08-07T17:16:29.832+0000] {processor.py:836} INFO - DAG(s) dict_keys(['tutorial']) retrieved from /home/airflow/.local/lib/python3.7/site-packages/airflow/example_dags/tutorial.py
[2023-08-07T17:16:29.853+0000] {logging_mixin.py:150} INFO - [2023-08-07T17:16:29.853+0000] {dag.py:2742} INFO - Sync 1 DAGs
[2023-08-07T17:16:29.875+0000] {logging_mixin.py:150} INFO - [2023-08-07T17:16:29.875+0000] {dag.py:3508} INFO - Setting next_dagrun for tutorial to 2023-08-06T17:16:29.874976+00:00, run_after=2023-08-07T17:16:29.874976+00:00
[2023-08-07T17:16:29.894+0000] {processor.py:179} INFO - Processing /home/airflow/.local/lib/python3.7/site-packages/airflow/example_dags/tutorial.py took 0.070 seconds
[2023-08-07T17:41:16.653+0000] {processor.py:157} INFO - Started process (PID=67) to work on /home/airflow/.local/lib/python3.7/site-packages/airflow/example_dags/tutorial.py
[2023-08-07T17:41:16.654+0000] {processor.py:826} INFO - Processing file /home/airflow/.local/lib/python3.7/site-packages/airflow/example_dags/tutorial.py for tasks to queue
[2023-08-07T17:41:16.655+0000] {logging_mixin.py:150} INFO - [2023-08-07T17:41:16.655+0000] {dagbag.py:541} INFO - Filling up the DagBag from /home/airflow/.local/lib/python3.7/site-packages/airflow/example_dags/tutorial.py
[2023-08-07T17:41:16.664+0000] {processor.py:836} INFO - DAG(s) dict_keys(['tutorial']) retrieved from /home/airflow/.local/lib/python3.7/site-packages/airflow/example_dags/tutorial.py
[2023-08-07T17:41:16.679+0000] {logging_mixin.py:150} INFO - [2023-08-07T17:41:16.678+0000] {dag.py:2742} INFO - Sync 1 DAGs
[2023-08-07T17:41:16.709+0000] {logging_mixin.py:150} INFO - [2023-08-07T17:41:16.709+0000] {dag.py:3508} INFO - Setting next_dagrun for tutorial to 2023-08-06T17:41:16.708830+00:00, run_after=2023-08-07T17:41:16.708830+00:00
[2023-08-07T17:41:16.731+0000] {processor.py:179} INFO - Processing /home/airflow/.local/lib/python3.7/site-packages/airflow/example_dags/tutorial.py took 0.081 seconds
[2023-08-07T17:41:47.288+0000] {processor.py:157} INFO - Started process (PID=129) to work on /home/airflow/.local/lib/python3.7/site-packages/airflow/example_dags/tutorial.py
[2023-08-07T17:41:47.288+0000] {processor.py:826} INFO - Processing file /home/airflow/.local/lib/python3.7/site-packages/airflow/example_dags/tutorial.py for tasks to queue
[2023-08-07T17:41:47.289+0000] {logging_mixin.py:150} INFO - [2023-08-07T17:41:47.289+0000] {dagbag.py:541} INFO - Filling up the DagBag from /home/airflow/.local/lib/python3.7/site-packages/airflow/example_dags/tutorial.py
[2023-08-07T17:41:47.293+0000] {processor.py:836} INFO - DAG(s) dict_keys(['tutorial']) retrieved from /home/airflow/.local/lib/python3.7/site-packages/airflow/example_dags/tutorial.py
[2023-08-07T17:41:47.314+0000] {logging_mixin.py:150} INFO - [2023-08-07T17:41:47.314+0000] {dag.py:2742} INFO - Sync 1 DAGs
[2023-08-07T17:41:47.337+0000] {logging_mixin.py:150} INFO - [2023-08-07T17:41:47.337+0000] {dag.py:3508} INFO - Setting next_dagrun for tutorial to 2023-08-06T17:41:47.337513+00:00, run_after=2023-08-07T17:41:47.337513+00:00
[2023-08-07T17:41:47.355+0000] {processor.py:179} INFO - Processing /home/airflow/.local/lib/python3.7/site-packages/airflow/example_dags/tutorial.py took 0.069 seconds
[2023-08-07T17:42:18.106+0000] {processor.py:157} INFO - Started process (PID=191) to work on /home/airflow/.local/lib/python3.7/site-packages/airflow/example_dags/tutorial.py
[2023-08-07T17:42:18.106+0000] {processor.py:826} INFO - Processing file /home/airflow/.local/lib/python3.7/site-packages/airflow/example_dags/tutorial.py for tasks to queue
[2023-08-07T17:42:18.107+0000] {logging_mixin.py:150} INFO - [2023-08-07T17:42:18.107+0000] {dagbag.py:541} INFO - Filling up the DagBag from /home/airflow/.local/lib/python3.7/site-packages/airflow/example_dags/tutorial.py
[2023-08-07T17:42:18.111+0000] {processor.py:836} INFO - DAG(s) dict_keys(['tutorial']) retrieved from /home/airflow/.local/lib/python3.7/site-packages/airflow/example_dags/tutorial.py
[2023-08-07T17:42:18.132+0000] {logging_mixin.py:150} INFO - [2023-08-07T17:42:18.132+0000] {dag.py:2742} INFO - Sync 1 DAGs
[2023-08-07T17:42:18.156+0000] {logging_mixin.py:150} INFO - [2023-08-07T17:42:18.156+0000] {dag.py:3508} INFO - Setting next_dagrun for tutorial to 2023-08-06T17:42:18.155974+00:00, run_after=2023-08-07T17:42:18.155974+00:00
[2023-08-07T17:42:18.173+0000] {processor.py:179} INFO - Processing /home/airflow/.local/lib/python3.7/site-packages/airflow/example_dags/tutorial.py took 0.070 seconds
[2023-08-07T17:42:49.009+0000] {processor.py:157} INFO - Started process (PID=253) to work on /home/airflow/.local/lib/python3.7/site-packages/airflow/example_dags/tutorial.py
[2023-08-07T17:42:49.010+0000] {processor.py:826} INFO - Processing file /home/airflow/.local/lib/python3.7/site-packages/airflow/example_dags/tutorial.py for tasks to queue
[2023-08-07T17:42:49.010+0000] {logging_mixin.py:150} INFO - [2023-08-07T17:42:49.010+0000] {dagbag.py:541} INFO - Filling up the DagBag from /home/airflow/.local/lib/python3.7/site-packages/airflow/example_dags/tutorial.py
[2023-08-07T17:42:49.015+0000] {processor.py:836} INFO - DAG(s) dict_keys(['tutorial']) retrieved from /home/airflow/.local/lib/python3.7/site-packages/airflow/example_dags/tutorial.py
[2023-08-07T17:42:49.036+0000] {logging_mixin.py:150} INFO - [2023-08-07T17:42:49.036+0000] {dag.py:2742} INFO - Sync 1 DAGs
[2023-08-07T17:42:49.059+0000] {logging_mixin.py:150} INFO - [2023-08-07T17:42:49.059+0000] {dag.py:3508} INFO - Setting next_dagrun for tutorial to 2023-08-06T17:42:49.059423+00:00, run_after=2023-08-07T17:42:49.059423+00:00
[2023-08-07T17:42:49.076+0000] {processor.py:179} INFO - Processing /home/airflow/.local/lib/python3.7/site-packages/airflow/example_dags/tutorial.py took 0.070 seconds
[2023-08-07T17:43:20.137+0000] {processor.py:157} INFO - Started process (PID=316) to work on /home/airflow/.local/lib/python3.7/site-packages/airflow/example_dags/tutorial.py
[2023-08-07T17:43:20.138+0000] {processor.py:826} INFO - Processing file /home/airflow/.local/lib/python3.7/site-packages/airflow/example_dags/tutorial.py for tasks to queue
[2023-08-07T17:43:20.138+0000] {logging_mixin.py:150} INFO - [2023-08-07T17:43:20.138+0000] {dagbag.py:541} INFO - Filling up the DagBag from /home/airflow/.local/lib/python3.7/site-packages/airflow/example_dags/tutorial.py
[2023-08-07T17:43:20.143+0000] {processor.py:836} INFO - DAG(s) dict_keys(['tutorial']) retrieved from /home/airflow/.local/lib/python3.7/site-packages/airflow/example_dags/tutorial.py
[2023-08-07T17:43:20.161+0000] {logging_mixin.py:150} INFO - [2023-08-07T17:43:20.161+0000] {dag.py:2742} INFO - Sync 1 DAGs
[2023-08-07T17:43:20.183+0000] {logging_mixin.py:150} INFO - [2023-08-07T17:43:20.183+0000] {dag.py:3508} INFO - Setting next_dagrun for tutorial to 2023-08-06T17:43:20.183145+00:00, run_after=2023-08-07T17:43:20.183145+00:00
[2023-08-07T17:43:20.200+0000] {processor.py:179} INFO - Processing /home/airflow/.local/lib/python3.7/site-packages/airflow/example_dags/tutorial.py took 0.065 seconds
[2023-08-07T18:11:03.096+0000] {processor.py:157} INFO - Started process (PID=68) to work on /home/airflow/.local/lib/python3.7/site-packages/airflow/example_dags/tutorial.py
[2023-08-07T18:11:03.097+0000] {processor.py:826} INFO - Processing file /home/airflow/.local/lib/python3.7/site-packages/airflow/example_dags/tutorial.py for tasks to queue
[2023-08-07T18:11:03.098+0000] {logging_mixin.py:150} INFO - [2023-08-07T18:11:03.097+0000] {dagbag.py:541} INFO - Filling up the DagBag from /home/airflow/.local/lib/python3.7/site-packages/airflow/example_dags/tutorial.py
[2023-08-07T18:11:03.117+0000] {processor.py:836} INFO - DAG(s) dict_keys(['tutorial']) retrieved from /home/airflow/.local/lib/python3.7/site-packages/airflow/example_dags/tutorial.py
[2023-08-07T18:11:03.130+0000] {logging_mixin.py:150} INFO - [2023-08-07T18:11:03.130+0000] {dag.py:2742} INFO - Sync 1 DAGs
[2023-08-07T18:11:03.164+0000] {logging_mixin.py:150} INFO - [2023-08-07T18:11:03.164+0000] {dag.py:3508} INFO - Setting next_dagrun for tutorial to 2023-08-06T18:11:03.164297+00:00, run_after=2023-08-07T18:11:03.164297+00:00
[2023-08-07T18:11:03.188+0000] {processor.py:179} INFO - Processing /home/airflow/.local/lib/python3.7/site-packages/airflow/example_dags/tutorial.py took 0.095 seconds
