== cleanup 2023-07-31T16:04:29Z Removing all airflow local images and volumes
== cleanup 2023-07-31T16:04:30Z All airflow local images and volumes removed
== cleanup 2023-07-31T17:29:43Z Removing all airflow local images and volumes
== cleanup 2023-07-31T20:40:08Z Removing all airflow local images and volumes
== cleanup 2023-07-31T20:40:10Z All airflow local images and volumes removed
== cleanup 2023-08-07T17:05:07Z Removing all airflow local images and volumes
== cleanup 2023-08-07T17:05:07Z All airflow local images and volumes removed
== cleanup.sh 2023-08-07T17:39:29Z Removing all airflow local images and volumes
== cleanup.sh 2023-08-07T17:40:01Z Removing all airflow local images and volumes
== cleanup.sh 2023-08-07T17:47:55Z Removing all airflow local images and volumes
== cleanup.sh 2023-08-07T18:11:18Z Removing all airflow local images and volumes
== cleanup.sh 2023-08-07T18:19:45Z Removing all airflow local images and volumes
== cleanup.sh 2023-08-07T18:21:27Z Removing all airflow local images and volumes
== cleanup.sh 2023-08-07T18:23:37Z Removing all airflow local images and volumes
poc-airflow-local-postgres-1
poc-airflow-local-redis-1
== cleanup.sh 2023-08-07T18:23:52Z Removing all airflow local images and volumes
poc-airflow-local-postgres-1
poc-airflow-local-redis-1
poc-airflow-local-redis-1
poc-airflow-local-postgres-1
== cleanup.sh 2023-08-07T18:23:53Z All airflow local images and volumes removed
